[2025-01-01T21:48:41.556+0000] {processor.py:186} INFO - Started process (PID=90) to work on /home/airflow/.local/lib/python3.12/site-packages/airflow/example_dags/example_sla_dag.py
[2025-01-01T21:48:41.557+0000] {processor.py:914} INFO - Processing file /home/airflow/.local/lib/python3.12/site-packages/airflow/example_dags/example_sla_dag.py for tasks to queue
[2025-01-01T21:48:41.560+0000] {logging_mixin.py:190} INFO - [2025-01-01T21:48:41.559+0000] {dagbag.py:588} INFO - Filling up the DagBag from /home/airflow/.local/lib/python3.12/site-packages/airflow/example_dags/example_sla_dag.py
[2025-01-01T21:48:41.572+0000] {processor.py:925} INFO - DAG(s) 'example_sla_dag' retrieved from /home/airflow/.local/lib/python3.12/site-packages/airflow/example_dags/example_sla_dag.py
[2025-01-01T21:48:41.684+0000] {logging_mixin.py:190} INFO - [2025-01-01T21:48:41.683+0000] {override.py:1911} INFO - Created Permission View: can edit on DAG:example_sla_dag
[2025-01-01T21:48:41.695+0000] {logging_mixin.py:190} INFO - [2025-01-01T21:48:41.694+0000] {override.py:1911} INFO - Created Permission View: can delete on DAG:example_sla_dag
[2025-01-01T21:48:41.702+0000] {logging_mixin.py:190} INFO - [2025-01-01T21:48:41.702+0000] {override.py:1911} INFO - Created Permission View: can read on DAG:example_sla_dag
[2025-01-01T21:48:41.710+0000] {logging_mixin.py:190} INFO - [2025-01-01T21:48:41.710+0000] {override.py:1911} INFO - Created Permission View: can delete on DAG Run:example_sla_dag
[2025-01-01T21:48:41.718+0000] {logging_mixin.py:190} INFO - [2025-01-01T21:48:41.718+0000] {override.py:1911} INFO - Created Permission View: can read on DAG Run:example_sla_dag
[2025-01-01T21:48:41.725+0000] {logging_mixin.py:190} INFO - [2025-01-01T21:48:41.725+0000] {override.py:1911} INFO - Created Permission View: can create on DAG Run:example_sla_dag
[2025-01-01T21:48:41.733+0000] {logging_mixin.py:190} INFO - [2025-01-01T21:48:41.733+0000] {override.py:1911} INFO - Created Permission View: menu access on DAG Run:example_sla_dag
[2025-01-01T21:48:41.734+0000] {logging_mixin.py:190} INFO - [2025-01-01T21:48:41.734+0000] {dag.py:3239} INFO - Sync 1 DAGs
[2025-01-01T21:48:41.745+0000] {logging_mixin.py:190} INFO - [2025-01-01T21:48:41.745+0000] {dag.py:3262} INFO - Creating ORM DAG for example_sla_dag
[2025-01-01T21:48:41.756+0000] {logging_mixin.py:190} INFO - [2025-01-01T21:48:41.756+0000] {dag.py:4180} INFO - Setting next_dagrun for example_sla_dag to 2025-01-01 21:46:00+00:00, run_after=2025-01-01 21:48:00+00:00
[2025-01-01T21:48:41.773+0000] {processor.py:208} INFO - Processing /home/airflow/.local/lib/python3.12/site-packages/airflow/example_dags/example_sla_dag.py took 0.222 seconds
[2025-01-01T21:49:11.977+0000] {processor.py:186} INFO - Started process (PID=153) to work on /home/airflow/.local/lib/python3.12/site-packages/airflow/example_dags/example_sla_dag.py
[2025-01-01T21:49:11.978+0000] {processor.py:914} INFO - Processing file /home/airflow/.local/lib/python3.12/site-packages/airflow/example_dags/example_sla_dag.py for tasks to queue
[2025-01-01T21:49:11.980+0000] {logging_mixin.py:190} INFO - [2025-01-01T21:49:11.980+0000] {dagbag.py:588} INFO - Filling up the DagBag from /home/airflow/.local/lib/python3.12/site-packages/airflow/example_dags/example_sla_dag.py
[2025-01-01T21:49:11.989+0000] {processor.py:925} INFO - DAG(s) 'example_sla_dag' retrieved from /home/airflow/.local/lib/python3.12/site-packages/airflow/example_dags/example_sla_dag.py
[2025-01-01T21:49:12.006+0000] {logging_mixin.py:190} INFO - [2025-01-01T21:49:12.006+0000] {dag.py:3239} INFO - Sync 1 DAGs
[2025-01-01T21:49:12.028+0000] {logging_mixin.py:190} INFO - [2025-01-01T21:49:12.028+0000] {dag.py:4180} INFO - Setting next_dagrun for example_sla_dag to 2025-01-01 21:46:00+00:00, run_after=2025-01-01 21:48:00+00:00
[2025-01-01T21:49:12.047+0000] {processor.py:208} INFO - Processing /home/airflow/.local/lib/python3.12/site-packages/airflow/example_dags/example_sla_dag.py took 0.075 seconds
[2025-01-01T21:49:42.368+0000] {processor.py:186} INFO - Started process (PID=215) to work on /home/airflow/.local/lib/python3.12/site-packages/airflow/example_dags/example_sla_dag.py
[2025-01-01T21:49:42.369+0000] {processor.py:914} INFO - Processing file /home/airflow/.local/lib/python3.12/site-packages/airflow/example_dags/example_sla_dag.py for tasks to queue
[2025-01-01T21:49:42.370+0000] {logging_mixin.py:190} INFO - [2025-01-01T21:49:42.370+0000] {dagbag.py:588} INFO - Filling up the DagBag from /home/airflow/.local/lib/python3.12/site-packages/airflow/example_dags/example_sla_dag.py
[2025-01-01T21:49:42.379+0000] {processor.py:925} INFO - DAG(s) 'example_sla_dag' retrieved from /home/airflow/.local/lib/python3.12/site-packages/airflow/example_dags/example_sla_dag.py
[2025-01-01T21:49:42.395+0000] {logging_mixin.py:190} INFO - [2025-01-01T21:49:42.395+0000] {dag.py:3239} INFO - Sync 1 DAGs
[2025-01-01T21:49:42.416+0000] {logging_mixin.py:190} INFO - [2025-01-01T21:49:42.415+0000] {dag.py:4180} INFO - Setting next_dagrun for example_sla_dag to 2025-01-01 21:46:00+00:00, run_after=2025-01-01 21:48:00+00:00
[2025-01-01T21:49:42.430+0000] {processor.py:208} INFO - Processing /home/airflow/.local/lib/python3.12/site-packages/airflow/example_dags/example_sla_dag.py took 0.067 seconds
[2025-01-01T21:50:12.488+0000] {processor.py:186} INFO - Started process (PID=277) to work on /home/airflow/.local/lib/python3.12/site-packages/airflow/example_dags/example_sla_dag.py
[2025-01-01T21:50:12.489+0000] {processor.py:914} INFO - Processing file /home/airflow/.local/lib/python3.12/site-packages/airflow/example_dags/example_sla_dag.py for tasks to queue
[2025-01-01T21:50:12.491+0000] {logging_mixin.py:190} INFO - [2025-01-01T21:50:12.491+0000] {dagbag.py:588} INFO - Filling up the DagBag from /home/airflow/.local/lib/python3.12/site-packages/airflow/example_dags/example_sla_dag.py
[2025-01-01T21:50:12.501+0000] {processor.py:925} INFO - DAG(s) 'example_sla_dag' retrieved from /home/airflow/.local/lib/python3.12/site-packages/airflow/example_dags/example_sla_dag.py
[2025-01-01T21:50:12.529+0000] {logging_mixin.py:190} INFO - [2025-01-01T21:50:12.529+0000] {dag.py:3239} INFO - Sync 1 DAGs
[2025-01-01T21:50:12.550+0000] {logging_mixin.py:190} INFO - [2025-01-01T21:50:12.550+0000] {dag.py:4180} INFO - Setting next_dagrun for example_sla_dag to 2025-01-01 21:48:00+00:00, run_after=2025-01-01 21:50:00+00:00
[2025-01-01T21:50:12.564+0000] {processor.py:208} INFO - Processing /home/airflow/.local/lib/python3.12/site-packages/airflow/example_dags/example_sla_dag.py took 0.082 seconds
[2025-01-01T21:50:43.266+0000] {processor.py:186} INFO - Started process (PID=341) to work on /home/airflow/.local/lib/python3.12/site-packages/airflow/example_dags/example_sla_dag.py
[2025-01-01T21:50:43.267+0000] {processor.py:914} INFO - Processing file /home/airflow/.local/lib/python3.12/site-packages/airflow/example_dags/example_sla_dag.py for tasks to queue
[2025-01-01T21:50:43.269+0000] {logging_mixin.py:190} INFO - [2025-01-01T21:50:43.268+0000] {dagbag.py:588} INFO - Filling up the DagBag from /home/airflow/.local/lib/python3.12/site-packages/airflow/example_dags/example_sla_dag.py
[2025-01-01T21:50:43.277+0000] {processor.py:925} INFO - DAG(s) 'example_sla_dag' retrieved from /home/airflow/.local/lib/python3.12/site-packages/airflow/example_dags/example_sla_dag.py
[2025-01-01T21:50:43.295+0000] {logging_mixin.py:190} INFO - [2025-01-01T21:50:43.295+0000] {dag.py:3239} INFO - Sync 1 DAGs
[2025-01-01T21:50:43.318+0000] {logging_mixin.py:190} INFO - [2025-01-01T21:50:43.318+0000] {dag.py:4180} INFO - Setting next_dagrun for example_sla_dag to 2025-01-01 21:48:00+00:00, run_after=2025-01-01 21:50:00+00:00
[2025-01-01T21:50:43.335+0000] {processor.py:208} INFO - Processing /home/airflow/.local/lib/python3.12/site-packages/airflow/example_dags/example_sla_dag.py took 0.074 seconds
[2025-01-01T21:51:14.111+0000] {processor.py:186} INFO - Started process (PID=404) to work on /home/airflow/.local/lib/python3.12/site-packages/airflow/example_dags/example_sla_dag.py
[2025-01-01T21:51:14.112+0000] {processor.py:914} INFO - Processing file /home/airflow/.local/lib/python3.12/site-packages/airflow/example_dags/example_sla_dag.py for tasks to queue
[2025-01-01T21:51:14.114+0000] {logging_mixin.py:190} INFO - [2025-01-01T21:51:14.113+0000] {dagbag.py:588} INFO - Filling up the DagBag from /home/airflow/.local/lib/python3.12/site-packages/airflow/example_dags/example_sla_dag.py
[2025-01-01T21:51:14.122+0000] {processor.py:925} INFO - DAG(s) 'example_sla_dag' retrieved from /home/airflow/.local/lib/python3.12/site-packages/airflow/example_dags/example_sla_dag.py
[2025-01-01T21:51:14.139+0000] {logging_mixin.py:190} INFO - [2025-01-01T21:51:14.139+0000] {dag.py:3239} INFO - Sync 1 DAGs
[2025-01-01T21:51:14.160+0000] {logging_mixin.py:190} INFO - [2025-01-01T21:51:14.159+0000] {dag.py:4180} INFO - Setting next_dagrun for example_sla_dag to 2025-01-01 21:48:00+00:00, run_after=2025-01-01 21:50:00+00:00
[2025-01-01T21:51:14.175+0000] {processor.py:208} INFO - Processing /home/airflow/.local/lib/python3.12/site-packages/airflow/example_dags/example_sla_dag.py took 0.068 seconds
[2025-01-01T21:51:44.648+0000] {processor.py:186} INFO - Started process (PID=467) to work on /home/airflow/.local/lib/python3.12/site-packages/airflow/example_dags/example_sla_dag.py
[2025-01-01T21:51:44.648+0000] {processor.py:914} INFO - Processing file /home/airflow/.local/lib/python3.12/site-packages/airflow/example_dags/example_sla_dag.py for tasks to queue
[2025-01-01T21:51:44.650+0000] {logging_mixin.py:190} INFO - [2025-01-01T21:51:44.650+0000] {dagbag.py:588} INFO - Filling up the DagBag from /home/airflow/.local/lib/python3.12/site-packages/airflow/example_dags/example_sla_dag.py
[2025-01-01T21:51:44.660+0000] {processor.py:925} INFO - DAG(s) 'example_sla_dag' retrieved from /home/airflow/.local/lib/python3.12/site-packages/airflow/example_dags/example_sla_dag.py
[2025-01-01T21:51:44.677+0000] {logging_mixin.py:190} INFO - [2025-01-01T21:51:44.677+0000] {dag.py:3239} INFO - Sync 1 DAGs
[2025-01-01T21:51:44.698+0000] {logging_mixin.py:190} INFO - [2025-01-01T21:51:44.698+0000] {dag.py:4180} INFO - Setting next_dagrun for example_sla_dag to 2025-01-01 21:48:00+00:00, run_after=2025-01-01 21:50:00+00:00
[2025-01-01T21:51:44.714+0000] {processor.py:208} INFO - Processing /home/airflow/.local/lib/python3.12/site-packages/airflow/example_dags/example_sla_dag.py took 0.071 seconds
[2025-01-01T21:52:14.744+0000] {processor.py:186} INFO - Started process (PID=530) to work on /home/airflow/.local/lib/python3.12/site-packages/airflow/example_dags/example_sla_dag.py
[2025-01-01T21:52:14.744+0000] {processor.py:914} INFO - Processing file /home/airflow/.local/lib/python3.12/site-packages/airflow/example_dags/example_sla_dag.py for tasks to queue
[2025-01-01T21:52:14.746+0000] {logging_mixin.py:190} INFO - [2025-01-01T21:52:14.746+0000] {dagbag.py:588} INFO - Filling up the DagBag from /home/airflow/.local/lib/python3.12/site-packages/airflow/example_dags/example_sla_dag.py
[2025-01-01T21:52:14.755+0000] {processor.py:925} INFO - DAG(s) 'example_sla_dag' retrieved from /home/airflow/.local/lib/python3.12/site-packages/airflow/example_dags/example_sla_dag.py
[2025-01-01T21:52:14.772+0000] {logging_mixin.py:190} INFO - [2025-01-01T21:52:14.772+0000] {dag.py:3239} INFO - Sync 1 DAGs
[2025-01-01T21:52:14.792+0000] {logging_mixin.py:190} INFO - [2025-01-01T21:52:14.792+0000] {dag.py:4180} INFO - Setting next_dagrun for example_sla_dag to 2025-01-01 21:50:00+00:00, run_after=2025-01-01 21:52:00+00:00
[2025-01-01T21:52:14.807+0000] {processor.py:208} INFO - Processing /home/airflow/.local/lib/python3.12/site-packages/airflow/example_dags/example_sla_dag.py took 0.068 seconds
[2025-01-01T21:52:45.359+0000] {processor.py:186} INFO - Started process (PID=593) to work on /home/airflow/.local/lib/python3.12/site-packages/airflow/example_dags/example_sla_dag.py
[2025-01-01T21:52:45.359+0000] {processor.py:914} INFO - Processing file /home/airflow/.local/lib/python3.12/site-packages/airflow/example_dags/example_sla_dag.py for tasks to queue
[2025-01-01T21:52:45.361+0000] {logging_mixin.py:190} INFO - [2025-01-01T21:52:45.361+0000] {dagbag.py:588} INFO - Filling up the DagBag from /home/airflow/.local/lib/python3.12/site-packages/airflow/example_dags/example_sla_dag.py
[2025-01-01T21:52:45.370+0000] {processor.py:925} INFO - DAG(s) 'example_sla_dag' retrieved from /home/airflow/.local/lib/python3.12/site-packages/airflow/example_dags/example_sla_dag.py
[2025-01-01T21:52:45.388+0000] {logging_mixin.py:190} INFO - [2025-01-01T21:52:45.388+0000] {dag.py:3239} INFO - Sync 1 DAGs
[2025-01-01T21:52:45.411+0000] {logging_mixin.py:190} INFO - [2025-01-01T21:52:45.411+0000] {dag.py:4180} INFO - Setting next_dagrun for example_sla_dag to 2025-01-01 21:50:00+00:00, run_after=2025-01-01 21:52:00+00:00
[2025-01-01T21:52:45.429+0000] {processor.py:208} INFO - Processing /home/airflow/.local/lib/python3.12/site-packages/airflow/example_dags/example_sla_dag.py took 0.075 seconds
[2025-01-01T21:53:16.047+0000] {processor.py:186} INFO - Started process (PID=656) to work on /home/airflow/.local/lib/python3.12/site-packages/airflow/example_dags/example_sla_dag.py
[2025-01-01T21:53:16.048+0000] {processor.py:914} INFO - Processing file /home/airflow/.local/lib/python3.12/site-packages/airflow/example_dags/example_sla_dag.py for tasks to queue
[2025-01-01T21:53:16.050+0000] {logging_mixin.py:190} INFO - [2025-01-01T21:53:16.050+0000] {dagbag.py:588} INFO - Filling up the DagBag from /home/airflow/.local/lib/python3.12/site-packages/airflow/example_dags/example_sla_dag.py
[2025-01-01T21:53:16.058+0000] {processor.py:925} INFO - DAG(s) 'example_sla_dag' retrieved from /home/airflow/.local/lib/python3.12/site-packages/airflow/example_dags/example_sla_dag.py
[2025-01-01T21:53:16.074+0000] {logging_mixin.py:190} INFO - [2025-01-01T21:53:16.074+0000] {dag.py:3239} INFO - Sync 1 DAGs
[2025-01-01T21:53:16.093+0000] {logging_mixin.py:190} INFO - [2025-01-01T21:53:16.093+0000] {dag.py:4180} INFO - Setting next_dagrun for example_sla_dag to 2025-01-01 21:50:00+00:00, run_after=2025-01-01 21:52:00+00:00
[2025-01-01T21:53:16.107+0000] {processor.py:208} INFO - Processing /home/airflow/.local/lib/python3.12/site-packages/airflow/example_dags/example_sla_dag.py took 0.064 seconds
[2025-01-01T21:53:46.187+0000] {processor.py:186} INFO - Started process (PID=719) to work on /home/airflow/.local/lib/python3.12/site-packages/airflow/example_dags/example_sla_dag.py
[2025-01-01T21:53:46.188+0000] {processor.py:914} INFO - Processing file /home/airflow/.local/lib/python3.12/site-packages/airflow/example_dags/example_sla_dag.py for tasks to queue
[2025-01-01T21:53:46.189+0000] {logging_mixin.py:190} INFO - [2025-01-01T21:53:46.189+0000] {dagbag.py:588} INFO - Filling up the DagBag from /home/airflow/.local/lib/python3.12/site-packages/airflow/example_dags/example_sla_dag.py
[2025-01-01T21:53:46.198+0000] {processor.py:925} INFO - DAG(s) 'example_sla_dag' retrieved from /home/airflow/.local/lib/python3.12/site-packages/airflow/example_dags/example_sla_dag.py
[2025-01-01T21:53:46.213+0000] {logging_mixin.py:190} INFO - [2025-01-01T21:53:46.213+0000] {dag.py:3239} INFO - Sync 1 DAGs
[2025-01-01T21:53:46.233+0000] {logging_mixin.py:190} INFO - [2025-01-01T21:53:46.233+0000] {dag.py:4180} INFO - Setting next_dagrun for example_sla_dag to 2025-01-01 21:50:00+00:00, run_after=2025-01-01 21:52:00+00:00
[2025-01-01T21:53:46.247+0000] {processor.py:208} INFO - Processing /home/airflow/.local/lib/python3.12/site-packages/airflow/example_dags/example_sla_dag.py took 0.065 seconds
[2025-01-01T21:54:16.494+0000] {processor.py:186} INFO - Started process (PID=782) to work on /home/airflow/.local/lib/python3.12/site-packages/airflow/example_dags/example_sla_dag.py
[2025-01-01T21:54:16.495+0000] {processor.py:914} INFO - Processing file /home/airflow/.local/lib/python3.12/site-packages/airflow/example_dags/example_sla_dag.py for tasks to queue
[2025-01-01T21:54:16.497+0000] {logging_mixin.py:190} INFO - [2025-01-01T21:54:16.497+0000] {dagbag.py:588} INFO - Filling up the DagBag from /home/airflow/.local/lib/python3.12/site-packages/airflow/example_dags/example_sla_dag.py
[2025-01-01T21:54:16.506+0000] {processor.py:925} INFO - DAG(s) 'example_sla_dag' retrieved from /home/airflow/.local/lib/python3.12/site-packages/airflow/example_dags/example_sla_dag.py
[2025-01-01T21:54:16.523+0000] {logging_mixin.py:190} INFO - [2025-01-01T21:54:16.523+0000] {dag.py:3239} INFO - Sync 1 DAGs
[2025-01-01T21:54:16.545+0000] {logging_mixin.py:190} INFO - [2025-01-01T21:54:16.544+0000] {dag.py:4180} INFO - Setting next_dagrun for example_sla_dag to 2025-01-01 21:52:00+00:00, run_after=2025-01-01 21:54:00+00:00
[2025-01-01T21:54:16.575+0000] {processor.py:208} INFO - Processing /home/airflow/.local/lib/python3.12/site-packages/airflow/example_dags/example_sla_dag.py took 0.086 seconds
[2025-01-01T21:54:47.023+0000] {processor.py:186} INFO - Started process (PID=845) to work on /home/airflow/.local/lib/python3.12/site-packages/airflow/example_dags/example_sla_dag.py
[2025-01-01T21:54:47.024+0000] {processor.py:914} INFO - Processing file /home/airflow/.local/lib/python3.12/site-packages/airflow/example_dags/example_sla_dag.py for tasks to queue
[2025-01-01T21:54:47.026+0000] {logging_mixin.py:190} INFO - [2025-01-01T21:54:47.025+0000] {dagbag.py:588} INFO - Filling up the DagBag from /home/airflow/.local/lib/python3.12/site-packages/airflow/example_dags/example_sla_dag.py
[2025-01-01T21:54:47.034+0000] {processor.py:925} INFO - DAG(s) 'example_sla_dag' retrieved from /home/airflow/.local/lib/python3.12/site-packages/airflow/example_dags/example_sla_dag.py
[2025-01-01T21:54:47.052+0000] {logging_mixin.py:190} INFO - [2025-01-01T21:54:47.052+0000] {dag.py:3239} INFO - Sync 1 DAGs
[2025-01-01T21:54:47.072+0000] {logging_mixin.py:190} INFO - [2025-01-01T21:54:47.072+0000] {dag.py:4180} INFO - Setting next_dagrun for example_sla_dag to 2025-01-01 21:52:00+00:00, run_after=2025-01-01 21:54:00+00:00
[2025-01-01T21:54:47.086+0000] {processor.py:208} INFO - Processing /home/airflow/.local/lib/python3.12/site-packages/airflow/example_dags/example_sla_dag.py took 0.068 seconds
[2025-01-01T21:55:17.145+0000] {processor.py:186} INFO - Started process (PID=908) to work on /home/airflow/.local/lib/python3.12/site-packages/airflow/example_dags/example_sla_dag.py
[2025-01-01T21:55:17.146+0000] {processor.py:914} INFO - Processing file /home/airflow/.local/lib/python3.12/site-packages/airflow/example_dags/example_sla_dag.py for tasks to queue
[2025-01-01T21:55:17.148+0000] {logging_mixin.py:190} INFO - [2025-01-01T21:55:17.148+0000] {dagbag.py:588} INFO - Filling up the DagBag from /home/airflow/.local/lib/python3.12/site-packages/airflow/example_dags/example_sla_dag.py
[2025-01-01T21:55:17.157+0000] {processor.py:925} INFO - DAG(s) 'example_sla_dag' retrieved from /home/airflow/.local/lib/python3.12/site-packages/airflow/example_dags/example_sla_dag.py
[2025-01-01T21:55:17.174+0000] {logging_mixin.py:190} INFO - [2025-01-01T21:55:17.174+0000] {dag.py:3239} INFO - Sync 1 DAGs
[2025-01-01T21:55:17.197+0000] {logging_mixin.py:190} INFO - [2025-01-01T21:55:17.197+0000] {dag.py:4180} INFO - Setting next_dagrun for example_sla_dag to 2025-01-01 21:52:00+00:00, run_after=2025-01-01 21:54:00+00:00
[2025-01-01T21:55:17.215+0000] {processor.py:208} INFO - Processing /home/airflow/.local/lib/python3.12/site-packages/airflow/example_dags/example_sla_dag.py took 0.075 seconds
[2025-01-01T21:55:47.494+0000] {processor.py:186} INFO - Started process (PID=971) to work on /home/airflow/.local/lib/python3.12/site-packages/airflow/example_dags/example_sla_dag.py
[2025-01-01T21:55:47.495+0000] {processor.py:914} INFO - Processing file /home/airflow/.local/lib/python3.12/site-packages/airflow/example_dags/example_sla_dag.py for tasks to queue
[2025-01-01T21:55:47.497+0000] {logging_mixin.py:190} INFO - [2025-01-01T21:55:47.497+0000] {dagbag.py:588} INFO - Filling up the DagBag from /home/airflow/.local/lib/python3.12/site-packages/airflow/example_dags/example_sla_dag.py
[2025-01-01T21:55:47.505+0000] {processor.py:925} INFO - DAG(s) 'example_sla_dag' retrieved from /home/airflow/.local/lib/python3.12/site-packages/airflow/example_dags/example_sla_dag.py
[2025-01-01T21:55:47.523+0000] {logging_mixin.py:190} INFO - [2025-01-01T21:55:47.523+0000] {dag.py:3239} INFO - Sync 1 DAGs
[2025-01-01T21:55:47.544+0000] {logging_mixin.py:190} INFO - [2025-01-01T21:55:47.544+0000] {dag.py:4180} INFO - Setting next_dagrun for example_sla_dag to 2025-01-01 21:52:00+00:00, run_after=2025-01-01 21:54:00+00:00
[2025-01-01T21:55:47.559+0000] {processor.py:208} INFO - Processing /home/airflow/.local/lib/python3.12/site-packages/airflow/example_dags/example_sla_dag.py took 0.071 seconds
[2025-01-01T21:56:17.645+0000] {processor.py:186} INFO - Started process (PID=1034) to work on /home/airflow/.local/lib/python3.12/site-packages/airflow/example_dags/example_sla_dag.py
[2025-01-01T21:56:17.645+0000] {processor.py:914} INFO - Processing file /home/airflow/.local/lib/python3.12/site-packages/airflow/example_dags/example_sla_dag.py for tasks to queue
[2025-01-01T21:56:17.647+0000] {logging_mixin.py:190} INFO - [2025-01-01T21:56:17.647+0000] {dagbag.py:588} INFO - Filling up the DagBag from /home/airflow/.local/lib/python3.12/site-packages/airflow/example_dags/example_sla_dag.py
[2025-01-01T21:56:17.656+0000] {processor.py:925} INFO - DAG(s) 'example_sla_dag' retrieved from /home/airflow/.local/lib/python3.12/site-packages/airflow/example_dags/example_sla_dag.py
[2025-01-01T21:56:17.675+0000] {logging_mixin.py:190} INFO - [2025-01-01T21:56:17.674+0000] {dag.py:3239} INFO - Sync 1 DAGs
[2025-01-01T21:56:17.696+0000] {logging_mixin.py:190} INFO - [2025-01-01T21:56:17.696+0000] {dag.py:4180} INFO - Setting next_dagrun for example_sla_dag to 2025-01-01 21:54:00+00:00, run_after=2025-01-01 21:56:00+00:00
[2025-01-01T21:56:17.712+0000] {processor.py:208} INFO - Processing /home/airflow/.local/lib/python3.12/site-packages/airflow/example_dags/example_sla_dag.py took 0.073 seconds
[2025-01-01T21:56:48.497+0000] {processor.py:186} INFO - Started process (PID=1097) to work on /home/airflow/.local/lib/python3.12/site-packages/airflow/example_dags/example_sla_dag.py
[2025-01-01T21:56:48.498+0000] {processor.py:914} INFO - Processing file /home/airflow/.local/lib/python3.12/site-packages/airflow/example_dags/example_sla_dag.py for tasks to queue
[2025-01-01T21:56:48.500+0000] {logging_mixin.py:190} INFO - [2025-01-01T21:56:48.500+0000] {dagbag.py:588} INFO - Filling up the DagBag from /home/airflow/.local/lib/python3.12/site-packages/airflow/example_dags/example_sla_dag.py
[2025-01-01T21:56:48.509+0000] {processor.py:925} INFO - DAG(s) 'example_sla_dag' retrieved from /home/airflow/.local/lib/python3.12/site-packages/airflow/example_dags/example_sla_dag.py
[2025-01-01T21:56:48.527+0000] {logging_mixin.py:190} INFO - [2025-01-01T21:56:48.527+0000] {dag.py:3239} INFO - Sync 1 DAGs
[2025-01-01T21:56:48.553+0000] {logging_mixin.py:190} INFO - [2025-01-01T21:56:48.552+0000] {dag.py:4180} INFO - Setting next_dagrun for example_sla_dag to 2025-01-01 21:54:00+00:00, run_after=2025-01-01 21:56:00+00:00
[2025-01-01T21:56:48.570+0000] {processor.py:208} INFO - Processing /home/airflow/.local/lib/python3.12/site-packages/airflow/example_dags/example_sla_dag.py took 0.079 seconds
[2025-01-01T21:57:19.244+0000] {processor.py:186} INFO - Started process (PID=1160) to work on /home/airflow/.local/lib/python3.12/site-packages/airflow/example_dags/example_sla_dag.py
[2025-01-01T21:57:19.245+0000] {processor.py:914} INFO - Processing file /home/airflow/.local/lib/python3.12/site-packages/airflow/example_dags/example_sla_dag.py for tasks to queue
[2025-01-01T21:57:19.247+0000] {logging_mixin.py:190} INFO - [2025-01-01T21:57:19.246+0000] {dagbag.py:588} INFO - Filling up the DagBag from /home/airflow/.local/lib/python3.12/site-packages/airflow/example_dags/example_sla_dag.py
[2025-01-01T21:57:19.255+0000] {processor.py:925} INFO - DAG(s) 'example_sla_dag' retrieved from /home/airflow/.local/lib/python3.12/site-packages/airflow/example_dags/example_sla_dag.py
[2025-01-01T21:57:19.273+0000] {logging_mixin.py:190} INFO - [2025-01-01T21:57:19.272+0000] {dag.py:3239} INFO - Sync 1 DAGs
[2025-01-01T21:57:19.294+0000] {logging_mixin.py:190} INFO - [2025-01-01T21:57:19.293+0000] {dag.py:4180} INFO - Setting next_dagrun for example_sla_dag to 2025-01-01 21:54:00+00:00, run_after=2025-01-01 21:56:00+00:00
[2025-01-01T21:57:19.308+0000] {processor.py:208} INFO - Processing /home/airflow/.local/lib/python3.12/site-packages/airflow/example_dags/example_sla_dag.py took 0.070 seconds
[2025-01-01T21:57:50.024+0000] {processor.py:186} INFO - Started process (PID=1223) to work on /home/airflow/.local/lib/python3.12/site-packages/airflow/example_dags/example_sla_dag.py
[2025-01-01T21:57:50.024+0000] {processor.py:914} INFO - Processing file /home/airflow/.local/lib/python3.12/site-packages/airflow/example_dags/example_sla_dag.py for tasks to queue
[2025-01-01T21:57:50.027+0000] {logging_mixin.py:190} INFO - [2025-01-01T21:57:50.026+0000] {dagbag.py:588} INFO - Filling up the DagBag from /home/airflow/.local/lib/python3.12/site-packages/airflow/example_dags/example_sla_dag.py
[2025-01-01T21:57:50.035+0000] {processor.py:925} INFO - DAG(s) 'example_sla_dag' retrieved from /home/airflow/.local/lib/python3.12/site-packages/airflow/example_dags/example_sla_dag.py
[2025-01-01T21:57:50.052+0000] {logging_mixin.py:190} INFO - [2025-01-01T21:57:50.052+0000] {dag.py:3239} INFO - Sync 1 DAGs
[2025-01-01T21:57:50.073+0000] {logging_mixin.py:190} INFO - [2025-01-01T21:57:50.072+0000] {dag.py:4180} INFO - Setting next_dagrun for example_sla_dag to 2025-01-01 21:54:00+00:00, run_after=2025-01-01 21:56:00+00:00
[2025-01-01T21:57:50.089+0000] {processor.py:208} INFO - Processing /home/airflow/.local/lib/python3.12/site-packages/airflow/example_dags/example_sla_dag.py took 0.071 seconds
[2025-01-01T21:58:20.613+0000] {processor.py:186} INFO - Started process (PID=1286) to work on /home/airflow/.local/lib/python3.12/site-packages/airflow/example_dags/example_sla_dag.py
[2025-01-01T21:58:20.614+0000] {processor.py:914} INFO - Processing file /home/airflow/.local/lib/python3.12/site-packages/airflow/example_dags/example_sla_dag.py for tasks to queue
[2025-01-01T21:58:20.616+0000] {logging_mixin.py:190} INFO - [2025-01-01T21:58:20.616+0000] {dagbag.py:588} INFO - Filling up the DagBag from /home/airflow/.local/lib/python3.12/site-packages/airflow/example_dags/example_sla_dag.py
[2025-01-01T21:58:20.626+0000] {processor.py:925} INFO - DAG(s) 'example_sla_dag' retrieved from /home/airflow/.local/lib/python3.12/site-packages/airflow/example_dags/example_sla_dag.py
[2025-01-01T21:58:20.644+0000] {logging_mixin.py:190} INFO - [2025-01-01T21:58:20.644+0000] {dag.py:3239} INFO - Sync 1 DAGs
[2025-01-01T21:58:20.665+0000] {logging_mixin.py:190} INFO - [2025-01-01T21:58:20.665+0000] {dag.py:4180} INFO - Setting next_dagrun for example_sla_dag to 2025-01-01 21:56:00+00:00, run_after=2025-01-01 21:58:00+00:00
[2025-01-01T21:58:20.680+0000] {processor.py:208} INFO - Processing /home/airflow/.local/lib/python3.12/site-packages/airflow/example_dags/example_sla_dag.py took 0.073 seconds
[2025-01-01T21:58:51.419+0000] {processor.py:186} INFO - Started process (PID=1349) to work on /home/airflow/.local/lib/python3.12/site-packages/airflow/example_dags/example_sla_dag.py
[2025-01-01T21:58:51.420+0000] {processor.py:914} INFO - Processing file /home/airflow/.local/lib/python3.12/site-packages/airflow/example_dags/example_sla_dag.py for tasks to queue
[2025-01-01T21:58:51.422+0000] {logging_mixin.py:190} INFO - [2025-01-01T21:58:51.421+0000] {dagbag.py:588} INFO - Filling up the DagBag from /home/airflow/.local/lib/python3.12/site-packages/airflow/example_dags/example_sla_dag.py
[2025-01-01T21:58:51.430+0000] {processor.py:925} INFO - DAG(s) 'example_sla_dag' retrieved from /home/airflow/.local/lib/python3.12/site-packages/airflow/example_dags/example_sla_dag.py
[2025-01-01T21:58:51.447+0000] {logging_mixin.py:190} INFO - [2025-01-01T21:58:51.447+0000] {dag.py:3239} INFO - Sync 1 DAGs
[2025-01-01T21:58:51.468+0000] {logging_mixin.py:190} INFO - [2025-01-01T21:58:51.468+0000] {dag.py:4180} INFO - Setting next_dagrun for example_sla_dag to 2025-01-01 21:56:00+00:00, run_after=2025-01-01 21:58:00+00:00
[2025-01-01T21:58:51.484+0000] {processor.py:208} INFO - Processing /home/airflow/.local/lib/python3.12/site-packages/airflow/example_dags/example_sla_dag.py took 0.071 seconds
