[2025-01-01T21:48:41.811+0000] {processor.py:186} INFO - Started process (PID=92) to work on /home/airflow/.local/lib/python3.12/site-packages/airflow/example_dags/example_outlet_event_extra.py
[2025-01-01T21:48:41.812+0000] {processor.py:914} INFO - Processing file /home/airflow/.local/lib/python3.12/site-packages/airflow/example_dags/example_outlet_event_extra.py for tasks to queue
[2025-01-01T21:48:41.815+0000] {logging_mixin.py:190} INFO - [2025-01-01T21:48:41.815+0000] {dagbag.py:588} INFO - Filling up the DagBag from /home/airflow/.local/lib/python3.12/site-packages/airflow/example_dags/example_outlet_event_extra.py
[2025-01-01T21:48:42.435+0000] {processor.py:925} INFO - DAG(s) 'dataset_with_extra_from_classic_operator', 'dataset_with_extra_by_yield', 'dataset_with_extra_by_context' retrieved from /home/airflow/.local/lib/python3.12/site-packages/airflow/example_dags/example_outlet_event_extra.py
[2025-01-01T21:48:42.552+0000] {logging_mixin.py:190} INFO - [2025-01-01T21:48:42.552+0000] {override.py:1911} INFO - Created Permission View: can edit on DAG:dataset_with_extra_from_classic_operator
[2025-01-01T21:48:42.564+0000] {logging_mixin.py:190} INFO - [2025-01-01T21:48:42.563+0000] {override.py:1911} INFO - Created Permission View: can delete on DAG:dataset_with_extra_from_classic_operator
[2025-01-01T21:48:42.572+0000] {logging_mixin.py:190} INFO - [2025-01-01T21:48:42.572+0000] {override.py:1911} INFO - Created Permission View: can read on DAG:dataset_with_extra_from_classic_operator
[2025-01-01T21:48:42.583+0000] {logging_mixin.py:190} INFO - [2025-01-01T21:48:42.583+0000] {override.py:1911} INFO - Created Permission View: can delete on DAG Run:dataset_with_extra_from_classic_operator
[2025-01-01T21:48:42.591+0000] {logging_mixin.py:190} INFO - [2025-01-01T21:48:42.590+0000] {override.py:1911} INFO - Created Permission View: can read on DAG Run:dataset_with_extra_from_classic_operator
[2025-01-01T21:48:42.599+0000] {logging_mixin.py:190} INFO - [2025-01-01T21:48:42.599+0000] {override.py:1911} INFO - Created Permission View: can create on DAG Run:dataset_with_extra_from_classic_operator
[2025-01-01T21:48:42.607+0000] {logging_mixin.py:190} INFO - [2025-01-01T21:48:42.607+0000] {override.py:1911} INFO - Created Permission View: menu access on DAG Run:dataset_with_extra_from_classic_operator
[2025-01-01T21:48:42.622+0000] {logging_mixin.py:190} INFO - [2025-01-01T21:48:42.621+0000] {override.py:1911} INFO - Created Permission View: can edit on DAG:dataset_with_extra_by_yield
[2025-01-01T21:48:42.632+0000] {logging_mixin.py:190} INFO - [2025-01-01T21:48:42.631+0000] {override.py:1911} INFO - Created Permission View: can delete on DAG:dataset_with_extra_by_yield
[2025-01-01T21:48:42.640+0000] {logging_mixin.py:190} INFO - [2025-01-01T21:48:42.640+0000] {override.py:1911} INFO - Created Permission View: can read on DAG:dataset_with_extra_by_yield
[2025-01-01T21:48:42.650+0000] {logging_mixin.py:190} INFO - [2025-01-01T21:48:42.649+0000] {override.py:1911} INFO - Created Permission View: can delete on DAG Run:dataset_with_extra_by_yield
[2025-01-01T21:48:42.657+0000] {logging_mixin.py:190} INFO - [2025-01-01T21:48:42.657+0000] {override.py:1911} INFO - Created Permission View: can read on DAG Run:dataset_with_extra_by_yield
[2025-01-01T21:48:42.665+0000] {logging_mixin.py:190} INFO - [2025-01-01T21:48:42.665+0000] {override.py:1911} INFO - Created Permission View: can create on DAG Run:dataset_with_extra_by_yield
[2025-01-01T21:48:42.674+0000] {logging_mixin.py:190} INFO - [2025-01-01T21:48:42.674+0000] {override.py:1911} INFO - Created Permission View: menu access on DAG Run:dataset_with_extra_by_yield
[2025-01-01T21:48:42.690+0000] {logging_mixin.py:190} INFO - [2025-01-01T21:48:42.690+0000] {override.py:1911} INFO - Created Permission View: can edit on DAG:dataset_with_extra_by_context
[2025-01-01T21:48:42.699+0000] {logging_mixin.py:190} INFO - [2025-01-01T21:48:42.699+0000] {override.py:1911} INFO - Created Permission View: can delete on DAG:dataset_with_extra_by_context
[2025-01-01T21:48:42.707+0000] {logging_mixin.py:190} INFO - [2025-01-01T21:48:42.707+0000] {override.py:1911} INFO - Created Permission View: can read on DAG:dataset_with_extra_by_context
[2025-01-01T21:48:42.717+0000] {logging_mixin.py:190} INFO - [2025-01-01T21:48:42.717+0000] {override.py:1911} INFO - Created Permission View: can delete on DAG Run:dataset_with_extra_by_context
[2025-01-01T21:48:42.725+0000] {logging_mixin.py:190} INFO - [2025-01-01T21:48:42.724+0000] {override.py:1911} INFO - Created Permission View: can read on DAG Run:dataset_with_extra_by_context
[2025-01-01T21:48:42.732+0000] {logging_mixin.py:190} INFO - [2025-01-01T21:48:42.732+0000] {override.py:1911} INFO - Created Permission View: can create on DAG Run:dataset_with_extra_by_context
[2025-01-01T21:48:42.739+0000] {logging_mixin.py:190} INFO - [2025-01-01T21:48:42.739+0000] {override.py:1911} INFO - Created Permission View: menu access on DAG Run:dataset_with_extra_by_context
[2025-01-01T21:48:42.740+0000] {logging_mixin.py:190} INFO - [2025-01-01T21:48:42.739+0000] {dag.py:3239} INFO - Sync 3 DAGs
[2025-01-01T21:48:42.751+0000] {logging_mixin.py:190} INFO - [2025-01-01T21:48:42.751+0000] {dag.py:3262} INFO - Creating ORM DAG for dataset_with_extra_from_classic_operator
[2025-01-01T21:48:42.752+0000] {logging_mixin.py:190} INFO - [2025-01-01T21:48:42.752+0000] {dag.py:3262} INFO - Creating ORM DAG for dataset_with_extra_by_context
[2025-01-01T21:48:42.753+0000] {logging_mixin.py:190} INFO - [2025-01-01T21:48:42.753+0000] {dag.py:3262} INFO - Creating ORM DAG for dataset_with_extra_by_yield
[2025-01-01T21:48:42.764+0000] {logging_mixin.py:190} INFO - [2025-01-01T21:48:42.763+0000] {dag.py:4180} INFO - Setting next_dagrun for dataset_with_extra_by_context to 2024-12-31 00:00:00+00:00, run_after=2025-01-01 00:00:00+00:00
[2025-01-01T21:48:42.765+0000] {logging_mixin.py:190} INFO - [2025-01-01T21:48:42.765+0000] {dag.py:4180} INFO - Setting next_dagrun for dataset_with_extra_by_yield to 2024-12-31 00:00:00+00:00, run_after=2025-01-01 00:00:00+00:00
[2025-01-01T21:48:42.767+0000] {logging_mixin.py:190} INFO - [2025-01-01T21:48:42.767+0000] {dag.py:4180} INFO - Setting next_dagrun for dataset_with_extra_from_classic_operator to 2024-12-31 00:00:00+00:00, run_after=2025-01-01 00:00:00+00:00
[2025-01-01T21:48:42.791+0000] {processor.py:208} INFO - Processing /home/airflow/.local/lib/python3.12/site-packages/airflow/example_dags/example_outlet_event_extra.py took 0.985 seconds
[2025-01-01T21:49:13.488+0000] {processor.py:186} INFO - Started process (PID=157) to work on /home/airflow/.local/lib/python3.12/site-packages/airflow/example_dags/example_outlet_event_extra.py
[2025-01-01T21:49:13.489+0000] {processor.py:914} INFO - Processing file /home/airflow/.local/lib/python3.12/site-packages/airflow/example_dags/example_outlet_event_extra.py for tasks to queue
[2025-01-01T21:49:13.491+0000] {logging_mixin.py:190} INFO - [2025-01-01T21:49:13.491+0000] {dagbag.py:588} INFO - Filling up the DagBag from /home/airflow/.local/lib/python3.12/site-packages/airflow/example_dags/example_outlet_event_extra.py
[2025-01-01T21:49:14.071+0000] {processor.py:925} INFO - DAG(s) 'dataset_with_extra_from_classic_operator', 'dataset_with_extra_by_yield', 'dataset_with_extra_by_context' retrieved from /home/airflow/.local/lib/python3.12/site-packages/airflow/example_dags/example_outlet_event_extra.py
[2025-01-01T21:49:14.108+0000] {logging_mixin.py:190} INFO - [2025-01-01T21:49:14.107+0000] {dag.py:3239} INFO - Sync 3 DAGs
[2025-01-01T21:49:14.143+0000] {logging_mixin.py:190} INFO - [2025-01-01T21:49:14.143+0000] {dag.py:4180} INFO - Setting next_dagrun for dataset_with_extra_by_context to 2024-12-31 00:00:00+00:00, run_after=2025-01-01 00:00:00+00:00
[2025-01-01T21:49:14.150+0000] {logging_mixin.py:190} INFO - [2025-01-01T21:49:14.150+0000] {dag.py:4180} INFO - Setting next_dagrun for dataset_with_extra_by_yield to 2024-12-31 00:00:00+00:00, run_after=2025-01-01 00:00:00+00:00
[2025-01-01T21:49:14.152+0000] {logging_mixin.py:190} INFO - [2025-01-01T21:49:14.152+0000] {dag.py:4180} INFO - Setting next_dagrun for dataset_with_extra_from_classic_operator to 2024-12-31 00:00:00+00:00, run_after=2025-01-01 00:00:00+00:00
[2025-01-01T21:49:14.171+0000] {processor.py:208} INFO - Processing /home/airflow/.local/lib/python3.12/site-packages/airflow/example_dags/example_outlet_event_extra.py took 0.688 seconds
[2025-01-01T21:49:44.277+0000] {processor.py:186} INFO - Started process (PID=224) to work on /home/airflow/.local/lib/python3.12/site-packages/airflow/example_dags/example_outlet_event_extra.py
[2025-01-01T21:49:44.278+0000] {processor.py:914} INFO - Processing file /home/airflow/.local/lib/python3.12/site-packages/airflow/example_dags/example_outlet_event_extra.py for tasks to queue
[2025-01-01T21:49:44.280+0000] {logging_mixin.py:190} INFO - [2025-01-01T21:49:44.280+0000] {dagbag.py:588} INFO - Filling up the DagBag from /home/airflow/.local/lib/python3.12/site-packages/airflow/example_dags/example_outlet_event_extra.py
[2025-01-01T21:49:44.823+0000] {processor.py:925} INFO - DAG(s) 'dataset_with_extra_by_yield', 'dataset_with_extra_by_context', 'dataset_with_extra_from_classic_operator' retrieved from /home/airflow/.local/lib/python3.12/site-packages/airflow/example_dags/example_outlet_event_extra.py
[2025-01-01T21:49:44.845+0000] {logging_mixin.py:190} INFO - [2025-01-01T21:49:44.845+0000] {dag.py:3239} INFO - Sync 3 DAGs
[2025-01-01T21:49:44.866+0000] {logging_mixin.py:190} INFO - [2025-01-01T21:49:44.866+0000] {dag.py:4180} INFO - Setting next_dagrun for dataset_with_extra_by_context to 2024-12-31 00:00:00+00:00, run_after=2025-01-01 00:00:00+00:00
[2025-01-01T21:49:44.871+0000] {logging_mixin.py:190} INFO - [2025-01-01T21:49:44.870+0000] {dag.py:4180} INFO - Setting next_dagrun for dataset_with_extra_by_yield to 2024-12-31 00:00:00+00:00, run_after=2025-01-01 00:00:00+00:00
[2025-01-01T21:49:44.873+0000] {logging_mixin.py:190} INFO - [2025-01-01T21:49:44.873+0000] {dag.py:4180} INFO - Setting next_dagrun for dataset_with_extra_from_classic_operator to 2024-12-31 00:00:00+00:00, run_after=2025-01-01 00:00:00+00:00
[2025-01-01T21:49:44.890+0000] {processor.py:208} INFO - Processing /home/airflow/.local/lib/python3.12/site-packages/airflow/example_dags/example_outlet_event_extra.py took 0.618 seconds
[2025-01-01T21:50:14.935+0000] {processor.py:186} INFO - Started process (PID=292) to work on /home/airflow/.local/lib/python3.12/site-packages/airflow/example_dags/example_outlet_event_extra.py
[2025-01-01T21:50:14.936+0000] {processor.py:914} INFO - Processing file /home/airflow/.local/lib/python3.12/site-packages/airflow/example_dags/example_outlet_event_extra.py for tasks to queue
[2025-01-01T21:50:14.938+0000] {logging_mixin.py:190} INFO - [2025-01-01T21:50:14.937+0000] {dagbag.py:588} INFO - Filling up the DagBag from /home/airflow/.local/lib/python3.12/site-packages/airflow/example_dags/example_outlet_event_extra.py
[2025-01-01T21:50:15.414+0000] {processor.py:925} INFO - DAG(s) 'dataset_with_extra_from_classic_operator', 'dataset_with_extra_by_context', 'dataset_with_extra_by_yield' retrieved from /home/airflow/.local/lib/python3.12/site-packages/airflow/example_dags/example_outlet_event_extra.py
[2025-01-01T21:50:15.437+0000] {logging_mixin.py:190} INFO - [2025-01-01T21:50:15.437+0000] {dag.py:3239} INFO - Sync 3 DAGs
[2025-01-01T21:50:15.460+0000] {logging_mixin.py:190} INFO - [2025-01-01T21:50:15.460+0000] {dag.py:4180} INFO - Setting next_dagrun for dataset_with_extra_by_context to 2024-12-31 00:00:00+00:00, run_after=2025-01-01 00:00:00+00:00
[2025-01-01T21:50:15.466+0000] {logging_mixin.py:190} INFO - [2025-01-01T21:50:15.466+0000] {dag.py:4180} INFO - Setting next_dagrun for dataset_with_extra_by_yield to 2024-12-31 00:00:00+00:00, run_after=2025-01-01 00:00:00+00:00
[2025-01-01T21:50:15.470+0000] {logging_mixin.py:190} INFO - [2025-01-01T21:50:15.469+0000] {dag.py:4180} INFO - Setting next_dagrun for dataset_with_extra_from_classic_operator to 2024-12-31 00:00:00+00:00, run_after=2025-01-01 00:00:00+00:00
[2025-01-01T21:50:15.495+0000] {processor.py:208} INFO - Processing /home/airflow/.local/lib/python3.12/site-packages/airflow/example_dags/example_outlet_event_extra.py took 0.565 seconds
[2025-01-01T21:50:45.635+0000] {processor.py:186} INFO - Started process (PID=356) to work on /home/airflow/.local/lib/python3.12/site-packages/airflow/example_dags/example_outlet_event_extra.py
[2025-01-01T21:50:45.636+0000] {processor.py:914} INFO - Processing file /home/airflow/.local/lib/python3.12/site-packages/airflow/example_dags/example_outlet_event_extra.py for tasks to queue
[2025-01-01T21:50:45.639+0000] {logging_mixin.py:190} INFO - [2025-01-01T21:50:45.638+0000] {dagbag.py:588} INFO - Filling up the DagBag from /home/airflow/.local/lib/python3.12/site-packages/airflow/example_dags/example_outlet_event_extra.py
[2025-01-01T21:50:46.129+0000] {processor.py:925} INFO - DAG(s) 'dataset_with_extra_from_classic_operator', 'dataset_with_extra_by_context', 'dataset_with_extra_by_yield' retrieved from /home/airflow/.local/lib/python3.12/site-packages/airflow/example_dags/example_outlet_event_extra.py
[2025-01-01T21:50:46.150+0000] {logging_mixin.py:190} INFO - [2025-01-01T21:50:46.150+0000] {dag.py:3239} INFO - Sync 3 DAGs
[2025-01-01T21:50:46.171+0000] {logging_mixin.py:190} INFO - [2025-01-01T21:50:46.170+0000] {dag.py:4180} INFO - Setting next_dagrun for dataset_with_extra_by_context to 2024-12-31 00:00:00+00:00, run_after=2025-01-01 00:00:00+00:00
[2025-01-01T21:50:46.176+0000] {logging_mixin.py:190} INFO - [2025-01-01T21:50:46.175+0000] {dag.py:4180} INFO - Setting next_dagrun for dataset_with_extra_by_yield to 2024-12-31 00:00:00+00:00, run_after=2025-01-01 00:00:00+00:00
[2025-01-01T21:50:46.178+0000] {logging_mixin.py:190} INFO - [2025-01-01T21:50:46.178+0000] {dag.py:4180} INFO - Setting next_dagrun for dataset_with_extra_from_classic_operator to 2024-12-31 00:00:00+00:00, run_after=2025-01-01 00:00:00+00:00
[2025-01-01T21:50:46.196+0000] {processor.py:208} INFO - Processing /home/airflow/.local/lib/python3.12/site-packages/airflow/example_dags/example_outlet_event_extra.py took 0.566 seconds
[2025-01-01T21:51:16.411+0000] {processor.py:186} INFO - Started process (PID=419) to work on /home/airflow/.local/lib/python3.12/site-packages/airflow/example_dags/example_outlet_event_extra.py
[2025-01-01T21:51:16.412+0000] {processor.py:914} INFO - Processing file /home/airflow/.local/lib/python3.12/site-packages/airflow/example_dags/example_outlet_event_extra.py for tasks to queue
[2025-01-01T21:51:16.414+0000] {logging_mixin.py:190} INFO - [2025-01-01T21:51:16.414+0000] {dagbag.py:588} INFO - Filling up the DagBag from /home/airflow/.local/lib/python3.12/site-packages/airflow/example_dags/example_outlet_event_extra.py
[2025-01-01T21:51:16.917+0000] {processor.py:925} INFO - DAG(s) 'dataset_with_extra_by_context', 'dataset_with_extra_from_classic_operator', 'dataset_with_extra_by_yield' retrieved from /home/airflow/.local/lib/python3.12/site-packages/airflow/example_dags/example_outlet_event_extra.py
[2025-01-01T21:51:16.941+0000] {logging_mixin.py:190} INFO - [2025-01-01T21:51:16.941+0000] {dag.py:3239} INFO - Sync 3 DAGs
[2025-01-01T21:51:16.963+0000] {logging_mixin.py:190} INFO - [2025-01-01T21:51:16.962+0000] {dag.py:4180} INFO - Setting next_dagrun for dataset_with_extra_by_context to 2024-12-31 00:00:00+00:00, run_after=2025-01-01 00:00:00+00:00
[2025-01-01T21:51:16.968+0000] {logging_mixin.py:190} INFO - [2025-01-01T21:51:16.968+0000] {dag.py:4180} INFO - Setting next_dagrun for dataset_with_extra_by_yield to 2024-12-31 00:00:00+00:00, run_after=2025-01-01 00:00:00+00:00
[2025-01-01T21:51:16.973+0000] {logging_mixin.py:190} INFO - [2025-01-01T21:51:16.972+0000] {dag.py:4180} INFO - Setting next_dagrun for dataset_with_extra_from_classic_operator to 2024-12-31 00:00:00+00:00, run_after=2025-01-01 00:00:00+00:00
[2025-01-01T21:51:17.000+0000] {processor.py:208} INFO - Processing /home/airflow/.local/lib/python3.12/site-packages/airflow/example_dags/example_outlet_event_extra.py took 0.595 seconds
[2025-01-01T21:51:47.429+0000] {processor.py:186} INFO - Started process (PID=482) to work on /home/airflow/.local/lib/python3.12/site-packages/airflow/example_dags/example_outlet_event_extra.py
[2025-01-01T21:51:47.430+0000] {processor.py:914} INFO - Processing file /home/airflow/.local/lib/python3.12/site-packages/airflow/example_dags/example_outlet_event_extra.py for tasks to queue
[2025-01-01T21:51:47.432+0000] {logging_mixin.py:190} INFO - [2025-01-01T21:51:47.432+0000] {dagbag.py:588} INFO - Filling up the DagBag from /home/airflow/.local/lib/python3.12/site-packages/airflow/example_dags/example_outlet_event_extra.py
[2025-01-01T21:51:48.047+0000] {processor.py:925} INFO - DAG(s) 'dataset_with_extra_by_context', 'dataset_with_extra_from_classic_operator', 'dataset_with_extra_by_yield' retrieved from /home/airflow/.local/lib/python3.12/site-packages/airflow/example_dags/example_outlet_event_extra.py
[2025-01-01T21:51:48.079+0000] {logging_mixin.py:190} INFO - [2025-01-01T21:51:48.079+0000] {dag.py:3239} INFO - Sync 3 DAGs
[2025-01-01T21:51:48.103+0000] {logging_mixin.py:190} INFO - [2025-01-01T21:51:48.103+0000] {dag.py:4180} INFO - Setting next_dagrun for dataset_with_extra_by_context to 2024-12-31 00:00:00+00:00, run_after=2025-01-01 00:00:00+00:00
[2025-01-01T21:51:48.107+0000] {logging_mixin.py:190} INFO - [2025-01-01T21:51:48.107+0000] {dag.py:4180} INFO - Setting next_dagrun for dataset_with_extra_by_yield to 2024-12-31 00:00:00+00:00, run_after=2025-01-01 00:00:00+00:00
[2025-01-01T21:51:48.110+0000] {logging_mixin.py:190} INFO - [2025-01-01T21:51:48.110+0000] {dag.py:4180} INFO - Setting next_dagrun for dataset_with_extra_from_classic_operator to 2024-12-31 00:00:00+00:00, run_after=2025-01-01 00:00:00+00:00
[2025-01-01T21:51:48.126+0000] {processor.py:208} INFO - Processing /home/airflow/.local/lib/python3.12/site-packages/airflow/example_dags/example_outlet_event_extra.py took 0.702 seconds
[2025-01-01T21:52:18.244+0000] {processor.py:186} INFO - Started process (PID=545) to work on /home/airflow/.local/lib/python3.12/site-packages/airflow/example_dags/example_outlet_event_extra.py
[2025-01-01T21:52:18.245+0000] {processor.py:914} INFO - Processing file /home/airflow/.local/lib/python3.12/site-packages/airflow/example_dags/example_outlet_event_extra.py for tasks to queue
[2025-01-01T21:52:18.248+0000] {logging_mixin.py:190} INFO - [2025-01-01T21:52:18.248+0000] {dagbag.py:588} INFO - Filling up the DagBag from /home/airflow/.local/lib/python3.12/site-packages/airflow/example_dags/example_outlet_event_extra.py
[2025-01-01T21:52:18.760+0000] {processor.py:925} INFO - DAG(s) 'dataset_with_extra_by_yield', 'dataset_with_extra_from_classic_operator', 'dataset_with_extra_by_context' retrieved from /home/airflow/.local/lib/python3.12/site-packages/airflow/example_dags/example_outlet_event_extra.py
[2025-01-01T21:52:18.784+0000] {logging_mixin.py:190} INFO - [2025-01-01T21:52:18.783+0000] {dag.py:3239} INFO - Sync 3 DAGs
[2025-01-01T21:52:18.805+0000] {logging_mixin.py:190} INFO - [2025-01-01T21:52:18.804+0000] {dag.py:4180} INFO - Setting next_dagrun for dataset_with_extra_by_context to 2024-12-31 00:00:00+00:00, run_after=2025-01-01 00:00:00+00:00
[2025-01-01T21:52:18.809+0000] {logging_mixin.py:190} INFO - [2025-01-01T21:52:18.809+0000] {dag.py:4180} INFO - Setting next_dagrun for dataset_with_extra_by_yield to 2024-12-31 00:00:00+00:00, run_after=2025-01-01 00:00:00+00:00
[2025-01-01T21:52:18.811+0000] {logging_mixin.py:190} INFO - [2025-01-01T21:52:18.811+0000] {dag.py:4180} INFO - Setting next_dagrun for dataset_with_extra_from_classic_operator to 2024-12-31 00:00:00+00:00, run_after=2025-01-01 00:00:00+00:00
[2025-01-01T21:52:18.829+0000] {processor.py:208} INFO - Processing /home/airflow/.local/lib/python3.12/site-packages/airflow/example_dags/example_outlet_event_extra.py took 0.590 seconds
[2025-01-01T21:52:48.932+0000] {processor.py:186} INFO - Started process (PID=608) to work on /home/airflow/.local/lib/python3.12/site-packages/airflow/example_dags/example_outlet_event_extra.py
[2025-01-01T21:52:48.933+0000] {processor.py:914} INFO - Processing file /home/airflow/.local/lib/python3.12/site-packages/airflow/example_dags/example_outlet_event_extra.py for tasks to queue
[2025-01-01T21:52:48.936+0000] {logging_mixin.py:190} INFO - [2025-01-01T21:52:48.935+0000] {dagbag.py:588} INFO - Filling up the DagBag from /home/airflow/.local/lib/python3.12/site-packages/airflow/example_dags/example_outlet_event_extra.py
[2025-01-01T21:52:49.409+0000] {processor.py:925} INFO - DAG(s) 'dataset_with_extra_by_yield', 'dataset_with_extra_by_context', 'dataset_with_extra_from_classic_operator' retrieved from /home/airflow/.local/lib/python3.12/site-packages/airflow/example_dags/example_outlet_event_extra.py
[2025-01-01T21:52:49.429+0000] {logging_mixin.py:190} INFO - [2025-01-01T21:52:49.429+0000] {dag.py:3239} INFO - Sync 3 DAGs
[2025-01-01T21:52:49.450+0000] {logging_mixin.py:190} INFO - [2025-01-01T21:52:49.450+0000] {dag.py:4180} INFO - Setting next_dagrun for dataset_with_extra_by_context to 2024-12-31 00:00:00+00:00, run_after=2025-01-01 00:00:00+00:00
[2025-01-01T21:52:49.455+0000] {logging_mixin.py:190} INFO - [2025-01-01T21:52:49.455+0000] {dag.py:4180} INFO - Setting next_dagrun for dataset_with_extra_by_yield to 2024-12-31 00:00:00+00:00, run_after=2025-01-01 00:00:00+00:00
[2025-01-01T21:52:49.457+0000] {logging_mixin.py:190} INFO - [2025-01-01T21:52:49.457+0000] {dag.py:4180} INFO - Setting next_dagrun for dataset_with_extra_from_classic_operator to 2024-12-31 00:00:00+00:00, run_after=2025-01-01 00:00:00+00:00
[2025-01-01T21:52:49.474+0000] {processor.py:208} INFO - Processing /home/airflow/.local/lib/python3.12/site-packages/airflow/example_dags/example_outlet_event_extra.py took 0.548 seconds
[2025-01-01T21:53:19.890+0000] {processor.py:186} INFO - Started process (PID=671) to work on /home/airflow/.local/lib/python3.12/site-packages/airflow/example_dags/example_outlet_event_extra.py
[2025-01-01T21:53:19.890+0000] {processor.py:914} INFO - Processing file /home/airflow/.local/lib/python3.12/site-packages/airflow/example_dags/example_outlet_event_extra.py for tasks to queue
[2025-01-01T21:53:19.892+0000] {logging_mixin.py:190} INFO - [2025-01-01T21:53:19.892+0000] {dagbag.py:588} INFO - Filling up the DagBag from /home/airflow/.local/lib/python3.12/site-packages/airflow/example_dags/example_outlet_event_extra.py
[2025-01-01T21:53:20.362+0000] {processor.py:925} INFO - DAG(s) 'dataset_with_extra_by_yield', 'dataset_with_extra_by_context', 'dataset_with_extra_from_classic_operator' retrieved from /home/airflow/.local/lib/python3.12/site-packages/airflow/example_dags/example_outlet_event_extra.py
[2025-01-01T21:53:20.382+0000] {logging_mixin.py:190} INFO - [2025-01-01T21:53:20.382+0000] {dag.py:3239} INFO - Sync 3 DAGs
[2025-01-01T21:53:20.403+0000] {logging_mixin.py:190} INFO - [2025-01-01T21:53:20.403+0000] {dag.py:4180} INFO - Setting next_dagrun for dataset_with_extra_by_context to 2024-12-31 00:00:00+00:00, run_after=2025-01-01 00:00:00+00:00
[2025-01-01T21:53:20.407+0000] {logging_mixin.py:190} INFO - [2025-01-01T21:53:20.407+0000] {dag.py:4180} INFO - Setting next_dagrun for dataset_with_extra_by_yield to 2024-12-31 00:00:00+00:00, run_after=2025-01-01 00:00:00+00:00
[2025-01-01T21:53:20.409+0000] {logging_mixin.py:190} INFO - [2025-01-01T21:53:20.409+0000] {dag.py:4180} INFO - Setting next_dagrun for dataset_with_extra_from_classic_operator to 2024-12-31 00:00:00+00:00, run_after=2025-01-01 00:00:00+00:00
[2025-01-01T21:53:20.425+0000] {processor.py:208} INFO - Processing /home/airflow/.local/lib/python3.12/site-packages/airflow/example_dags/example_outlet_event_extra.py took 0.540 seconds
[2025-01-01T21:53:50.624+0000] {processor.py:186} INFO - Started process (PID=734) to work on /home/airflow/.local/lib/python3.12/site-packages/airflow/example_dags/example_outlet_event_extra.py
[2025-01-01T21:53:50.625+0000] {processor.py:914} INFO - Processing file /home/airflow/.local/lib/python3.12/site-packages/airflow/example_dags/example_outlet_event_extra.py for tasks to queue
[2025-01-01T21:53:50.627+0000] {logging_mixin.py:190} INFO - [2025-01-01T21:53:50.627+0000] {dagbag.py:588} INFO - Filling up the DagBag from /home/airflow/.local/lib/python3.12/site-packages/airflow/example_dags/example_outlet_event_extra.py
[2025-01-01T21:53:51.120+0000] {processor.py:925} INFO - DAG(s) 'dataset_with_extra_by_yield', 'dataset_with_extra_by_context', 'dataset_with_extra_from_classic_operator' retrieved from /home/airflow/.local/lib/python3.12/site-packages/airflow/example_dags/example_outlet_event_extra.py
[2025-01-01T21:53:51.140+0000] {logging_mixin.py:190} INFO - [2025-01-01T21:53:51.140+0000] {dag.py:3239} INFO - Sync 3 DAGs
[2025-01-01T21:53:51.160+0000] {logging_mixin.py:190} INFO - [2025-01-01T21:53:51.160+0000] {dag.py:4180} INFO - Setting next_dagrun for dataset_with_extra_by_context to 2024-12-31 00:00:00+00:00, run_after=2025-01-01 00:00:00+00:00
[2025-01-01T21:53:51.164+0000] {logging_mixin.py:190} INFO - [2025-01-01T21:53:51.164+0000] {dag.py:4180} INFO - Setting next_dagrun for dataset_with_extra_by_yield to 2024-12-31 00:00:00+00:00, run_after=2025-01-01 00:00:00+00:00
[2025-01-01T21:53:51.167+0000] {logging_mixin.py:190} INFO - [2025-01-01T21:53:51.167+0000] {dag.py:4180} INFO - Setting next_dagrun for dataset_with_extra_from_classic_operator to 2024-12-31 00:00:00+00:00, run_after=2025-01-01 00:00:00+00:00
[2025-01-01T21:53:51.182+0000] {processor.py:208} INFO - Processing /home/airflow/.local/lib/python3.12/site-packages/airflow/example_dags/example_outlet_event_extra.py took 0.564 seconds
[2025-01-01T21:54:21.758+0000] {processor.py:186} INFO - Started process (PID=797) to work on /home/airflow/.local/lib/python3.12/site-packages/airflow/example_dags/example_outlet_event_extra.py
[2025-01-01T21:54:21.759+0000] {processor.py:914} INFO - Processing file /home/airflow/.local/lib/python3.12/site-packages/airflow/example_dags/example_outlet_event_extra.py for tasks to queue
[2025-01-01T21:54:21.761+0000] {logging_mixin.py:190} INFO - [2025-01-01T21:54:21.761+0000] {dagbag.py:588} INFO - Filling up the DagBag from /home/airflow/.local/lib/python3.12/site-packages/airflow/example_dags/example_outlet_event_extra.py
[2025-01-01T21:54:22.341+0000] {processor.py:925} INFO - DAG(s) 'dataset_with_extra_by_yield', 'dataset_with_extra_by_context', 'dataset_with_extra_from_classic_operator' retrieved from /home/airflow/.local/lib/python3.12/site-packages/airflow/example_dags/example_outlet_event_extra.py
[2025-01-01T21:54:22.363+0000] {logging_mixin.py:190} INFO - [2025-01-01T21:54:22.363+0000] {dag.py:3239} INFO - Sync 3 DAGs
[2025-01-01T21:54:22.387+0000] {logging_mixin.py:190} INFO - [2025-01-01T21:54:22.387+0000] {dag.py:4180} INFO - Setting next_dagrun for dataset_with_extra_by_context to 2024-12-31 00:00:00+00:00, run_after=2025-01-01 00:00:00+00:00
[2025-01-01T21:54:22.392+0000] {logging_mixin.py:190} INFO - [2025-01-01T21:54:22.392+0000] {dag.py:4180} INFO - Setting next_dagrun for dataset_with_extra_by_yield to 2024-12-31 00:00:00+00:00, run_after=2025-01-01 00:00:00+00:00
[2025-01-01T21:54:22.395+0000] {logging_mixin.py:190} INFO - [2025-01-01T21:54:22.394+0000] {dag.py:4180} INFO - Setting next_dagrun for dataset_with_extra_from_classic_operator to 2024-12-31 00:00:00+00:00, run_after=2025-01-01 00:00:00+00:00
[2025-01-01T21:54:22.421+0000] {processor.py:208} INFO - Processing /home/airflow/.local/lib/python3.12/site-packages/airflow/example_dags/example_outlet_event_extra.py took 0.669 seconds
[2025-01-01T21:54:53.274+0000] {processor.py:186} INFO - Started process (PID=859) to work on /home/airflow/.local/lib/python3.12/site-packages/airflow/example_dags/example_outlet_event_extra.py
[2025-01-01T21:54:53.275+0000] {processor.py:914} INFO - Processing file /home/airflow/.local/lib/python3.12/site-packages/airflow/example_dags/example_outlet_event_extra.py for tasks to queue
[2025-01-01T21:54:53.277+0000] {logging_mixin.py:190} INFO - [2025-01-01T21:54:53.276+0000] {dagbag.py:588} INFO - Filling up the DagBag from /home/airflow/.local/lib/python3.12/site-packages/airflow/example_dags/example_outlet_event_extra.py
[2025-01-01T21:54:53.801+0000] {processor.py:925} INFO - DAG(s) 'dataset_with_extra_by_context', 'dataset_with_extra_from_classic_operator', 'dataset_with_extra_by_yield' retrieved from /home/airflow/.local/lib/python3.12/site-packages/airflow/example_dags/example_outlet_event_extra.py
[2025-01-01T21:54:53.821+0000] {logging_mixin.py:190} INFO - [2025-01-01T21:54:53.821+0000] {dag.py:3239} INFO - Sync 3 DAGs
[2025-01-01T21:54:53.842+0000] {logging_mixin.py:190} INFO - [2025-01-01T21:54:53.841+0000] {dag.py:4180} INFO - Setting next_dagrun for dataset_with_extra_by_context to 2024-12-31 00:00:00+00:00, run_after=2025-01-01 00:00:00+00:00
[2025-01-01T21:54:53.847+0000] {logging_mixin.py:190} INFO - [2025-01-01T21:54:53.846+0000] {dag.py:4180} INFO - Setting next_dagrun for dataset_with_extra_by_yield to 2024-12-31 00:00:00+00:00, run_after=2025-01-01 00:00:00+00:00
[2025-01-01T21:54:53.849+0000] {logging_mixin.py:190} INFO - [2025-01-01T21:54:53.849+0000] {dag.py:4180} INFO - Setting next_dagrun for dataset_with_extra_from_classic_operator to 2024-12-31 00:00:00+00:00, run_after=2025-01-01 00:00:00+00:00
[2025-01-01T21:54:53.866+0000] {processor.py:208} INFO - Processing /home/airflow/.local/lib/python3.12/site-packages/airflow/example_dags/example_outlet_event_extra.py took 0.597 seconds
[2025-01-01T21:55:24.584+0000] {processor.py:186} INFO - Started process (PID=922) to work on /home/airflow/.local/lib/python3.12/site-packages/airflow/example_dags/example_outlet_event_extra.py
[2025-01-01T21:55:24.585+0000] {processor.py:914} INFO - Processing file /home/airflow/.local/lib/python3.12/site-packages/airflow/example_dags/example_outlet_event_extra.py for tasks to queue
[2025-01-01T21:55:24.587+0000] {logging_mixin.py:190} INFO - [2025-01-01T21:55:24.587+0000] {dagbag.py:588} INFO - Filling up the DagBag from /home/airflow/.local/lib/python3.12/site-packages/airflow/example_dags/example_outlet_event_extra.py
[2025-01-01T21:55:25.116+0000] {processor.py:925} INFO - DAG(s) 'dataset_with_extra_from_classic_operator', 'dataset_with_extra_by_yield', 'dataset_with_extra_by_context' retrieved from /home/airflow/.local/lib/python3.12/site-packages/airflow/example_dags/example_outlet_event_extra.py
[2025-01-01T21:55:25.135+0000] {logging_mixin.py:190} INFO - [2025-01-01T21:55:25.135+0000] {dag.py:3239} INFO - Sync 3 DAGs
[2025-01-01T21:55:25.155+0000] {logging_mixin.py:190} INFO - [2025-01-01T21:55:25.155+0000] {dag.py:4180} INFO - Setting next_dagrun for dataset_with_extra_by_context to 2024-12-31 00:00:00+00:00, run_after=2025-01-01 00:00:00+00:00
[2025-01-01T21:55:25.159+0000] {logging_mixin.py:190} INFO - [2025-01-01T21:55:25.159+0000] {dag.py:4180} INFO - Setting next_dagrun for dataset_with_extra_by_yield to 2024-12-31 00:00:00+00:00, run_after=2025-01-01 00:00:00+00:00
[2025-01-01T21:55:25.162+0000] {logging_mixin.py:190} INFO - [2025-01-01T21:55:25.162+0000] {dag.py:4180} INFO - Setting next_dagrun for dataset_with_extra_from_classic_operator to 2024-12-31 00:00:00+00:00, run_after=2025-01-01 00:00:00+00:00
[2025-01-01T21:55:25.178+0000] {processor.py:208} INFO - Processing /home/airflow/.local/lib/python3.12/site-packages/airflow/example_dags/example_outlet_event_extra.py took 0.600 seconds
[2025-01-01T21:55:55.985+0000] {processor.py:186} INFO - Started process (PID=989) to work on /home/airflow/.local/lib/python3.12/site-packages/airflow/example_dags/example_outlet_event_extra.py
[2025-01-01T21:55:55.986+0000] {processor.py:914} INFO - Processing file /home/airflow/.local/lib/python3.12/site-packages/airflow/example_dags/example_outlet_event_extra.py for tasks to queue
[2025-01-01T21:55:55.988+0000] {logging_mixin.py:190} INFO - [2025-01-01T21:55:55.988+0000] {dagbag.py:588} INFO - Filling up the DagBag from /home/airflow/.local/lib/python3.12/site-packages/airflow/example_dags/example_outlet_event_extra.py
[2025-01-01T21:55:56.488+0000] {processor.py:925} INFO - DAG(s) 'dataset_with_extra_from_classic_operator', 'dataset_with_extra_by_context', 'dataset_with_extra_by_yield' retrieved from /home/airflow/.local/lib/python3.12/site-packages/airflow/example_dags/example_outlet_event_extra.py
[2025-01-01T21:55:56.510+0000] {logging_mixin.py:190} INFO - [2025-01-01T21:55:56.509+0000] {dag.py:3239} INFO - Sync 3 DAGs
[2025-01-01T21:55:56.530+0000] {logging_mixin.py:190} INFO - [2025-01-01T21:55:56.530+0000] {dag.py:4180} INFO - Setting next_dagrun for dataset_with_extra_by_context to 2024-12-31 00:00:00+00:00, run_after=2025-01-01 00:00:00+00:00
[2025-01-01T21:55:56.535+0000] {logging_mixin.py:190} INFO - [2025-01-01T21:55:56.535+0000] {dag.py:4180} INFO - Setting next_dagrun for dataset_with_extra_by_yield to 2024-12-31 00:00:00+00:00, run_after=2025-01-01 00:00:00+00:00
[2025-01-01T21:55:56.537+0000] {logging_mixin.py:190} INFO - [2025-01-01T21:55:56.537+0000] {dag.py:4180} INFO - Setting next_dagrun for dataset_with_extra_from_classic_operator to 2024-12-31 00:00:00+00:00, run_after=2025-01-01 00:00:00+00:00
[2025-01-01T21:55:56.556+0000] {processor.py:208} INFO - Processing /home/airflow/.local/lib/python3.12/site-packages/airflow/example_dags/example_outlet_event_extra.py took 0.575 seconds
[2025-01-01T21:56:27.344+0000] {processor.py:186} INFO - Started process (PID=1053) to work on /home/airflow/.local/lib/python3.12/site-packages/airflow/example_dags/example_outlet_event_extra.py
[2025-01-01T21:56:27.345+0000] {processor.py:914} INFO - Processing file /home/airflow/.local/lib/python3.12/site-packages/airflow/example_dags/example_outlet_event_extra.py for tasks to queue
[2025-01-01T21:56:27.347+0000] {logging_mixin.py:190} INFO - [2025-01-01T21:56:27.347+0000] {dagbag.py:588} INFO - Filling up the DagBag from /home/airflow/.local/lib/python3.12/site-packages/airflow/example_dags/example_outlet_event_extra.py
[2025-01-01T21:56:27.861+0000] {processor.py:925} INFO - DAG(s) 'dataset_with_extra_by_yield', 'dataset_with_extra_from_classic_operator', 'dataset_with_extra_by_context' retrieved from /home/airflow/.local/lib/python3.12/site-packages/airflow/example_dags/example_outlet_event_extra.py
[2025-01-01T21:56:27.883+0000] {logging_mixin.py:190} INFO - [2025-01-01T21:56:27.883+0000] {dag.py:3239} INFO - Sync 3 DAGs
[2025-01-01T21:56:27.903+0000] {logging_mixin.py:190} INFO - [2025-01-01T21:56:27.903+0000] {dag.py:4180} INFO - Setting next_dagrun for dataset_with_extra_by_context to 2024-12-31 00:00:00+00:00, run_after=2025-01-01 00:00:00+00:00
[2025-01-01T21:56:27.908+0000] {logging_mixin.py:190} INFO - [2025-01-01T21:56:27.908+0000] {dag.py:4180} INFO - Setting next_dagrun for dataset_with_extra_by_yield to 2024-12-31 00:00:00+00:00, run_after=2025-01-01 00:00:00+00:00
[2025-01-01T21:56:27.911+0000] {logging_mixin.py:190} INFO - [2025-01-01T21:56:27.911+0000] {dag.py:4180} INFO - Setting next_dagrun for dataset_with_extra_from_classic_operator to 2024-12-31 00:00:00+00:00, run_after=2025-01-01 00:00:00+00:00
[2025-01-01T21:56:27.930+0000] {processor.py:208} INFO - Processing /home/airflow/.local/lib/python3.12/site-packages/airflow/example_dags/example_outlet_event_extra.py took 0.592 seconds
[2025-01-01T21:56:58.139+0000] {processor.py:186} INFO - Started process (PID=1116) to work on /home/airflow/.local/lib/python3.12/site-packages/airflow/example_dags/example_outlet_event_extra.py
[2025-01-01T21:56:58.140+0000] {processor.py:914} INFO - Processing file /home/airflow/.local/lib/python3.12/site-packages/airflow/example_dags/example_outlet_event_extra.py for tasks to queue
[2025-01-01T21:56:58.142+0000] {logging_mixin.py:190} INFO - [2025-01-01T21:56:58.141+0000] {dagbag.py:588} INFO - Filling up the DagBag from /home/airflow/.local/lib/python3.12/site-packages/airflow/example_dags/example_outlet_event_extra.py
[2025-01-01T21:56:58.644+0000] {processor.py:925} INFO - DAG(s) 'dataset_with_extra_by_context', 'dataset_with_extra_by_yield', 'dataset_with_extra_from_classic_operator' retrieved from /home/airflow/.local/lib/python3.12/site-packages/airflow/example_dags/example_outlet_event_extra.py
[2025-01-01T21:56:58.664+0000] {logging_mixin.py:190} INFO - [2025-01-01T21:56:58.664+0000] {dag.py:3239} INFO - Sync 3 DAGs
[2025-01-01T21:56:58.684+0000] {logging_mixin.py:190} INFO - [2025-01-01T21:56:58.684+0000] {dag.py:4180} INFO - Setting next_dagrun for dataset_with_extra_by_context to 2024-12-31 00:00:00+00:00, run_after=2025-01-01 00:00:00+00:00
[2025-01-01T21:56:58.688+0000] {logging_mixin.py:190} INFO - [2025-01-01T21:56:58.688+0000] {dag.py:4180} INFO - Setting next_dagrun for dataset_with_extra_by_yield to 2024-12-31 00:00:00+00:00, run_after=2025-01-01 00:00:00+00:00
[2025-01-01T21:56:58.690+0000] {logging_mixin.py:190} INFO - [2025-01-01T21:56:58.690+0000] {dag.py:4180} INFO - Setting next_dagrun for dataset_with_extra_from_classic_operator to 2024-12-31 00:00:00+00:00, run_after=2025-01-01 00:00:00+00:00
[2025-01-01T21:56:58.707+0000] {processor.py:208} INFO - Processing /home/airflow/.local/lib/python3.12/site-packages/airflow/example_dags/example_outlet_event_extra.py took 0.574 seconds
[2025-01-01T21:57:28.881+0000] {processor.py:186} INFO - Started process (PID=1177) to work on /home/airflow/.local/lib/python3.12/site-packages/airflow/example_dags/example_outlet_event_extra.py
[2025-01-01T21:57:28.882+0000] {processor.py:914} INFO - Processing file /home/airflow/.local/lib/python3.12/site-packages/airflow/example_dags/example_outlet_event_extra.py for tasks to queue
[2025-01-01T21:57:28.885+0000] {logging_mixin.py:190} INFO - [2025-01-01T21:57:28.884+0000] {dagbag.py:588} INFO - Filling up the DagBag from /home/airflow/.local/lib/python3.12/site-packages/airflow/example_dags/example_outlet_event_extra.py
[2025-01-01T21:57:29.414+0000] {processor.py:925} INFO - DAG(s) 'dataset_with_extra_from_classic_operator', 'dataset_with_extra_by_yield', 'dataset_with_extra_by_context' retrieved from /home/airflow/.local/lib/python3.12/site-packages/airflow/example_dags/example_outlet_event_extra.py
[2025-01-01T21:57:29.435+0000] {logging_mixin.py:190} INFO - [2025-01-01T21:57:29.434+0000] {dag.py:3239} INFO - Sync 3 DAGs
[2025-01-01T21:57:29.455+0000] {logging_mixin.py:190} INFO - [2025-01-01T21:57:29.455+0000] {dag.py:4180} INFO - Setting next_dagrun for dataset_with_extra_by_context to 2024-12-31 00:00:00+00:00, run_after=2025-01-01 00:00:00+00:00
[2025-01-01T21:57:29.460+0000] {logging_mixin.py:190} INFO - [2025-01-01T21:57:29.459+0000] {dag.py:4180} INFO - Setting next_dagrun for dataset_with_extra_by_yield to 2024-12-31 00:00:00+00:00, run_after=2025-01-01 00:00:00+00:00
[2025-01-01T21:57:29.462+0000] {logging_mixin.py:190} INFO - [2025-01-01T21:57:29.462+0000] {dag.py:4180} INFO - Setting next_dagrun for dataset_with_extra_from_classic_operator to 2024-12-31 00:00:00+00:00, run_after=2025-01-01 00:00:00+00:00
[2025-01-01T21:57:29.479+0000] {processor.py:208} INFO - Processing /home/airflow/.local/lib/python3.12/site-packages/airflow/example_dags/example_outlet_event_extra.py took 0.603 seconds
[2025-01-01T21:57:59.781+0000] {processor.py:186} INFO - Started process (PID=1242) to work on /home/airflow/.local/lib/python3.12/site-packages/airflow/example_dags/example_outlet_event_extra.py
[2025-01-01T21:57:59.782+0000] {processor.py:914} INFO - Processing file /home/airflow/.local/lib/python3.12/site-packages/airflow/example_dags/example_outlet_event_extra.py for tasks to queue
[2025-01-01T21:57:59.784+0000] {logging_mixin.py:190} INFO - [2025-01-01T21:57:59.784+0000] {dagbag.py:588} INFO - Filling up the DagBag from /home/airflow/.local/lib/python3.12/site-packages/airflow/example_dags/example_outlet_event_extra.py
[2025-01-01T21:58:00.271+0000] {processor.py:925} INFO - DAG(s) 'dataset_with_extra_from_classic_operator', 'dataset_with_extra_by_yield', 'dataset_with_extra_by_context' retrieved from /home/airflow/.local/lib/python3.12/site-packages/airflow/example_dags/example_outlet_event_extra.py
[2025-01-01T21:58:00.292+0000] {logging_mixin.py:190} INFO - [2025-01-01T21:58:00.292+0000] {dag.py:3239} INFO - Sync 3 DAGs
[2025-01-01T21:58:00.312+0000] {logging_mixin.py:190} INFO - [2025-01-01T21:58:00.312+0000] {dag.py:4180} INFO - Setting next_dagrun for dataset_with_extra_by_context to 2024-12-31 00:00:00+00:00, run_after=2025-01-01 00:00:00+00:00
[2025-01-01T21:58:00.316+0000] {logging_mixin.py:190} INFO - [2025-01-01T21:58:00.316+0000] {dag.py:4180} INFO - Setting next_dagrun for dataset_with_extra_by_yield to 2024-12-31 00:00:00+00:00, run_after=2025-01-01 00:00:00+00:00
[2025-01-01T21:58:00.318+0000] {logging_mixin.py:190} INFO - [2025-01-01T21:58:00.318+0000] {dag.py:4180} INFO - Setting next_dagrun for dataset_with_extra_from_classic_operator to 2024-12-31 00:00:00+00:00, run_after=2025-01-01 00:00:00+00:00
[2025-01-01T21:58:00.334+0000] {processor.py:208} INFO - Processing /home/airflow/.local/lib/python3.12/site-packages/airflow/example_dags/example_outlet_event_extra.py took 0.559 seconds
[2025-01-01T21:58:31.139+0000] {processor.py:186} INFO - Started process (PID=1305) to work on /home/airflow/.local/lib/python3.12/site-packages/airflow/example_dags/example_outlet_event_extra.py
[2025-01-01T21:58:31.140+0000] {processor.py:914} INFO - Processing file /home/airflow/.local/lib/python3.12/site-packages/airflow/example_dags/example_outlet_event_extra.py for tasks to queue
[2025-01-01T21:58:31.142+0000] {logging_mixin.py:190} INFO - [2025-01-01T21:58:31.142+0000] {dagbag.py:588} INFO - Filling up the DagBag from /home/airflow/.local/lib/python3.12/site-packages/airflow/example_dags/example_outlet_event_extra.py
[2025-01-01T21:58:31.607+0000] {processor.py:925} INFO - DAG(s) 'dataset_with_extra_by_yield', 'dataset_with_extra_from_classic_operator', 'dataset_with_extra_by_context' retrieved from /home/airflow/.local/lib/python3.12/site-packages/airflow/example_dags/example_outlet_event_extra.py
[2025-01-01T21:58:31.628+0000] {logging_mixin.py:190} INFO - [2025-01-01T21:58:31.628+0000] {dag.py:3239} INFO - Sync 3 DAGs
[2025-01-01T21:58:31.649+0000] {logging_mixin.py:190} INFO - [2025-01-01T21:58:31.649+0000] {dag.py:4180} INFO - Setting next_dagrun for dataset_with_extra_by_context to 2024-12-31 00:00:00+00:00, run_after=2025-01-01 00:00:00+00:00
[2025-01-01T21:58:31.653+0000] {logging_mixin.py:190} INFO - [2025-01-01T21:58:31.653+0000] {dag.py:4180} INFO - Setting next_dagrun for dataset_with_extra_by_yield to 2024-12-31 00:00:00+00:00, run_after=2025-01-01 00:00:00+00:00
[2025-01-01T21:58:31.655+0000] {logging_mixin.py:190} INFO - [2025-01-01T21:58:31.655+0000] {dag.py:4180} INFO - Setting next_dagrun for dataset_with_extra_from_classic_operator to 2024-12-31 00:00:00+00:00, run_after=2025-01-01 00:00:00+00:00
[2025-01-01T21:58:31.671+0000] {processor.py:208} INFO - Processing /home/airflow/.local/lib/python3.12/site-packages/airflow/example_dags/example_outlet_event_extra.py took 0.537 seconds
[2025-01-01T21:59:01.969+0000] {processor.py:186} INFO - Started process (PID=1367) to work on /home/airflow/.local/lib/python3.12/site-packages/airflow/example_dags/example_outlet_event_extra.py
[2025-01-01T21:59:01.969+0000] {processor.py:914} INFO - Processing file /home/airflow/.local/lib/python3.12/site-packages/airflow/example_dags/example_outlet_event_extra.py for tasks to queue
[2025-01-01T21:59:01.971+0000] {logging_mixin.py:190} INFO - [2025-01-01T21:59:01.971+0000] {dagbag.py:588} INFO - Filling up the DagBag from /home/airflow/.local/lib/python3.12/site-packages/airflow/example_dags/example_outlet_event_extra.py
[2025-01-01T21:59:02.437+0000] {processor.py:925} INFO - DAG(s) 'dataset_with_extra_by_context', 'dataset_with_extra_from_classic_operator', 'dataset_with_extra_by_yield' retrieved from /home/airflow/.local/lib/python3.12/site-packages/airflow/example_dags/example_outlet_event_extra.py
[2025-01-01T21:59:02.456+0000] {logging_mixin.py:190} INFO - [2025-01-01T21:59:02.455+0000] {dag.py:3239} INFO - Sync 3 DAGs
[2025-01-01T21:59:02.475+0000] {logging_mixin.py:190} INFO - [2025-01-01T21:59:02.475+0000] {dag.py:4180} INFO - Setting next_dagrun for dataset_with_extra_by_context to 2024-12-31 00:00:00+00:00, run_after=2025-01-01 00:00:00+00:00
[2025-01-01T21:59:02.479+0000] {logging_mixin.py:190} INFO - [2025-01-01T21:59:02.479+0000] {dag.py:4180} INFO - Setting next_dagrun for dataset_with_extra_by_yield to 2024-12-31 00:00:00+00:00, run_after=2025-01-01 00:00:00+00:00
[2025-01-01T21:59:02.481+0000] {logging_mixin.py:190} INFO - [2025-01-01T21:59:02.481+0000] {dag.py:4180} INFO - Setting next_dagrun for dataset_with_extra_from_classic_operator to 2024-12-31 00:00:00+00:00, run_after=2025-01-01 00:00:00+00:00
[2025-01-01T21:59:02.497+0000] {processor.py:208} INFO - Processing /home/airflow/.local/lib/python3.12/site-packages/airflow/example_dags/example_outlet_event_extra.py took 0.533 seconds
