[2025-01-01T21:48:42.701+0000] {processor.py:186} INFO - Started process (PID=96) to work on /home/airflow/.local/lib/python3.12/site-packages/airflow/example_dags/example_external_task_marker_dag.py
[2025-01-01T21:48:42.702+0000] {processor.py:914} INFO - Processing file /home/airflow/.local/lib/python3.12/site-packages/airflow/example_dags/example_external_task_marker_dag.py for tasks to queue
[2025-01-01T21:48:42.705+0000] {logging_mixin.py:190} INFO - [2025-01-01T21:48:42.704+0000] {dagbag.py:588} INFO - Filling up the DagBag from /home/airflow/.local/lib/python3.12/site-packages/airflow/example_dags/example_external_task_marker_dag.py
[2025-01-01T21:48:42.714+0000] {processor.py:925} INFO - DAG(s) 'example_external_task_marker_child', 'example_external_task_marker_parent' retrieved from /home/airflow/.local/lib/python3.12/site-packages/airflow/example_dags/example_external_task_marker_dag.py
[2025-01-01T21:48:42.810+0000] {logging_mixin.py:190} INFO - [2025-01-01T21:48:42.809+0000] {override.py:1911} INFO - Created Permission View: can edit on DAG:example_external_task_marker_child
[2025-01-01T21:48:42.821+0000] {logging_mixin.py:190} INFO - [2025-01-01T21:48:42.820+0000] {override.py:1911} INFO - Created Permission View: can delete on DAG:example_external_task_marker_child
[2025-01-01T21:48:42.830+0000] {logging_mixin.py:190} INFO - [2025-01-01T21:48:42.829+0000] {override.py:1911} INFO - Created Permission View: can read on DAG:example_external_task_marker_child
[2025-01-01T21:48:42.839+0000] {logging_mixin.py:190} INFO - [2025-01-01T21:48:42.838+0000] {override.py:1911} INFO - Created Permission View: can delete on DAG Run:example_external_task_marker_child
[2025-01-01T21:48:42.846+0000] {logging_mixin.py:190} INFO - [2025-01-01T21:48:42.846+0000] {override.py:1911} INFO - Created Permission View: can read on DAG Run:example_external_task_marker_child
[2025-01-01T21:48:42.852+0000] {logging_mixin.py:190} INFO - [2025-01-01T21:48:42.852+0000] {override.py:1911} INFO - Created Permission View: can create on DAG Run:example_external_task_marker_child
[2025-01-01T21:48:42.860+0000] {logging_mixin.py:190} INFO - [2025-01-01T21:48:42.859+0000] {override.py:1911} INFO - Created Permission View: menu access on DAG Run:example_external_task_marker_child
[2025-01-01T21:48:42.872+0000] {logging_mixin.py:190} INFO - [2025-01-01T21:48:42.872+0000] {override.py:1911} INFO - Created Permission View: can edit on DAG:example_external_task_marker_parent
[2025-01-01T21:48:42.880+0000] {logging_mixin.py:190} INFO - [2025-01-01T21:48:42.879+0000] {override.py:1911} INFO - Created Permission View: can delete on DAG:example_external_task_marker_parent
[2025-01-01T21:48:42.886+0000] {logging_mixin.py:190} INFO - [2025-01-01T21:48:42.886+0000] {override.py:1911} INFO - Created Permission View: can read on DAG:example_external_task_marker_parent
[2025-01-01T21:48:42.893+0000] {logging_mixin.py:190} INFO - [2025-01-01T21:48:42.893+0000] {override.py:1911} INFO - Created Permission View: can delete on DAG Run:example_external_task_marker_parent
[2025-01-01T21:48:42.900+0000] {logging_mixin.py:190} INFO - [2025-01-01T21:48:42.900+0000] {override.py:1911} INFO - Created Permission View: can read on DAG Run:example_external_task_marker_parent
[2025-01-01T21:48:42.906+0000] {logging_mixin.py:190} INFO - [2025-01-01T21:48:42.906+0000] {override.py:1911} INFO - Created Permission View: can create on DAG Run:example_external_task_marker_parent
[2025-01-01T21:48:42.912+0000] {logging_mixin.py:190} INFO - [2025-01-01T21:48:42.912+0000] {override.py:1911} INFO - Created Permission View: menu access on DAG Run:example_external_task_marker_parent
[2025-01-01T21:48:42.913+0000] {logging_mixin.py:190} INFO - [2025-01-01T21:48:42.913+0000] {dag.py:3239} INFO - Sync 2 DAGs
[2025-01-01T21:48:42.929+0000] {logging_mixin.py:190} INFO - [2025-01-01T21:48:42.929+0000] {dag.py:3262} INFO - Creating ORM DAG for example_external_task_marker_child
[2025-01-01T21:48:42.930+0000] {logging_mixin.py:190} INFO - [2025-01-01T21:48:42.930+0000] {dag.py:3262} INFO - Creating ORM DAG for example_external_task_marker_parent
[2025-01-01T21:48:42.931+0000] {logging_mixin.py:190} INFO - [2025-01-01T21:48:42.931+0000] {dag.py:4180} INFO - Setting next_dagrun for example_external_task_marker_child to None, run_after=None
[2025-01-01T21:48:42.932+0000] {logging_mixin.py:190} INFO - [2025-01-01T21:48:42.932+0000] {dag.py:4180} INFO - Setting next_dagrun for example_external_task_marker_parent to None, run_after=None
[2025-01-01T21:48:42.951+0000] {processor.py:208} INFO - Processing /home/airflow/.local/lib/python3.12/site-packages/airflow/example_dags/example_external_task_marker_dag.py took 0.256 seconds
[2025-01-01T21:49:13.586+0000] {processor.py:186} INFO - Started process (PID=159) to work on /home/airflow/.local/lib/python3.12/site-packages/airflow/example_dags/example_external_task_marker_dag.py
[2025-01-01T21:49:13.587+0000] {processor.py:914} INFO - Processing file /home/airflow/.local/lib/python3.12/site-packages/airflow/example_dags/example_external_task_marker_dag.py for tasks to queue
[2025-01-01T21:49:13.589+0000] {logging_mixin.py:190} INFO - [2025-01-01T21:49:13.589+0000] {dagbag.py:588} INFO - Filling up the DagBag from /home/airflow/.local/lib/python3.12/site-packages/airflow/example_dags/example_external_task_marker_dag.py
[2025-01-01T21:49:13.596+0000] {processor.py:925} INFO - DAG(s) 'example_external_task_marker_parent', 'example_external_task_marker_child' retrieved from /home/airflow/.local/lib/python3.12/site-packages/airflow/example_dags/example_external_task_marker_dag.py
[2025-01-01T21:49:13.618+0000] {logging_mixin.py:190} INFO - [2025-01-01T21:49:13.618+0000] {dag.py:3239} INFO - Sync 2 DAGs
[2025-01-01T21:49:13.632+0000] {logging_mixin.py:190} INFO - [2025-01-01T21:49:13.632+0000] {dag.py:4180} INFO - Setting next_dagrun for example_external_task_marker_child to None, run_after=None
[2025-01-01T21:49:13.636+0000] {logging_mixin.py:190} INFO - [2025-01-01T21:49:13.636+0000] {dag.py:4180} INFO - Setting next_dagrun for example_external_task_marker_parent to None, run_after=None
[2025-01-01T21:49:13.651+0000] {processor.py:208} INFO - Processing /home/airflow/.local/lib/python3.12/site-packages/airflow/example_dags/example_external_task_marker_dag.py took 0.072 seconds
[2025-01-01T21:49:43.951+0000] {processor.py:186} INFO - Started process (PID=221) to work on /home/airflow/.local/lib/python3.12/site-packages/airflow/example_dags/example_external_task_marker_dag.py
[2025-01-01T21:49:43.952+0000] {processor.py:914} INFO - Processing file /home/airflow/.local/lib/python3.12/site-packages/airflow/example_dags/example_external_task_marker_dag.py for tasks to queue
[2025-01-01T21:49:43.954+0000] {logging_mixin.py:190} INFO - [2025-01-01T21:49:43.954+0000] {dagbag.py:588} INFO - Filling up the DagBag from /home/airflow/.local/lib/python3.12/site-packages/airflow/example_dags/example_external_task_marker_dag.py
[2025-01-01T21:49:43.960+0000] {processor.py:925} INFO - DAG(s) 'example_external_task_marker_parent', 'example_external_task_marker_child' retrieved from /home/airflow/.local/lib/python3.12/site-packages/airflow/example_dags/example_external_task_marker_dag.py
[2025-01-01T21:49:43.981+0000] {logging_mixin.py:190} INFO - [2025-01-01T21:49:43.981+0000] {dag.py:3239} INFO - Sync 2 DAGs
[2025-01-01T21:49:43.994+0000] {logging_mixin.py:190} INFO - [2025-01-01T21:49:43.994+0000] {dag.py:4180} INFO - Setting next_dagrun for example_external_task_marker_child to None, run_after=None
[2025-01-01T21:49:43.997+0000] {logging_mixin.py:190} INFO - [2025-01-01T21:49:43.997+0000] {dag.py:4180} INFO - Setting next_dagrun for example_external_task_marker_parent to None, run_after=None
[2025-01-01T21:49:44.013+0000] {processor.py:208} INFO - Processing /home/airflow/.local/lib/python3.12/site-packages/airflow/example_dags/example_external_task_marker_dag.py took 0.066 seconds
[2025-01-01T21:50:14.445+0000] {processor.py:186} INFO - Started process (PID=284) to work on /home/airflow/.local/lib/python3.12/site-packages/airflow/example_dags/example_external_task_marker_dag.py
[2025-01-01T21:50:14.446+0000] {processor.py:914} INFO - Processing file /home/airflow/.local/lib/python3.12/site-packages/airflow/example_dags/example_external_task_marker_dag.py for tasks to queue
[2025-01-01T21:50:14.448+0000] {logging_mixin.py:190} INFO - [2025-01-01T21:50:14.448+0000] {dagbag.py:588} INFO - Filling up the DagBag from /home/airflow/.local/lib/python3.12/site-packages/airflow/example_dags/example_external_task_marker_dag.py
[2025-01-01T21:50:14.455+0000] {processor.py:925} INFO - DAG(s) 'example_external_task_marker_child', 'example_external_task_marker_parent' retrieved from /home/airflow/.local/lib/python3.12/site-packages/airflow/example_dags/example_external_task_marker_dag.py
[2025-01-01T21:50:14.475+0000] {logging_mixin.py:190} INFO - [2025-01-01T21:50:14.474+0000] {dag.py:3239} INFO - Sync 2 DAGs
[2025-01-01T21:50:14.489+0000] {logging_mixin.py:190} INFO - [2025-01-01T21:50:14.489+0000] {dag.py:4180} INFO - Setting next_dagrun for example_external_task_marker_child to None, run_after=None
[2025-01-01T21:50:14.492+0000] {logging_mixin.py:190} INFO - [2025-01-01T21:50:14.492+0000] {dag.py:4180} INFO - Setting next_dagrun for example_external_task_marker_parent to None, run_after=None
[2025-01-01T21:50:14.506+0000] {processor.py:208} INFO - Processing /home/airflow/.local/lib/python3.12/site-packages/airflow/example_dags/example_external_task_marker_dag.py took 0.065 seconds
[2025-01-01T21:50:45.237+0000] {processor.py:186} INFO - Started process (PID=348) to work on /home/airflow/.local/lib/python3.12/site-packages/airflow/example_dags/example_external_task_marker_dag.py
[2025-01-01T21:50:45.238+0000] {processor.py:914} INFO - Processing file /home/airflow/.local/lib/python3.12/site-packages/airflow/example_dags/example_external_task_marker_dag.py for tasks to queue
[2025-01-01T21:50:45.240+0000] {logging_mixin.py:190} INFO - [2025-01-01T21:50:45.240+0000] {dagbag.py:588} INFO - Filling up the DagBag from /home/airflow/.local/lib/python3.12/site-packages/airflow/example_dags/example_external_task_marker_dag.py
[2025-01-01T21:50:45.247+0000] {processor.py:925} INFO - DAG(s) 'example_external_task_marker_child', 'example_external_task_marker_parent' retrieved from /home/airflow/.local/lib/python3.12/site-packages/airflow/example_dags/example_external_task_marker_dag.py
[2025-01-01T21:50:45.266+0000] {logging_mixin.py:190} INFO - [2025-01-01T21:50:45.266+0000] {dag.py:3239} INFO - Sync 2 DAGs
[2025-01-01T21:50:45.278+0000] {logging_mixin.py:190} INFO - [2025-01-01T21:50:45.278+0000] {dag.py:4180} INFO - Setting next_dagrun for example_external_task_marker_child to None, run_after=None
[2025-01-01T21:50:45.282+0000] {logging_mixin.py:190} INFO - [2025-01-01T21:50:45.282+0000] {dag.py:4180} INFO - Setting next_dagrun for example_external_task_marker_parent to None, run_after=None
[2025-01-01T21:50:45.296+0000] {processor.py:208} INFO - Processing /home/airflow/.local/lib/python3.12/site-packages/airflow/example_dags/example_external_task_marker_dag.py took 0.064 seconds
[2025-01-01T21:51:15.982+0000] {processor.py:186} INFO - Started process (PID=411) to work on /home/airflow/.local/lib/python3.12/site-packages/airflow/example_dags/example_external_task_marker_dag.py
[2025-01-01T21:51:15.983+0000] {processor.py:914} INFO - Processing file /home/airflow/.local/lib/python3.12/site-packages/airflow/example_dags/example_external_task_marker_dag.py for tasks to queue
[2025-01-01T21:51:15.985+0000] {logging_mixin.py:190} INFO - [2025-01-01T21:51:15.985+0000] {dagbag.py:588} INFO - Filling up the DagBag from /home/airflow/.local/lib/python3.12/site-packages/airflow/example_dags/example_external_task_marker_dag.py
[2025-01-01T21:51:15.992+0000] {processor.py:925} INFO - DAG(s) 'example_external_task_marker_parent', 'example_external_task_marker_child' retrieved from /home/airflow/.local/lib/python3.12/site-packages/airflow/example_dags/example_external_task_marker_dag.py
[2025-01-01T21:51:16.015+0000] {logging_mixin.py:190} INFO - [2025-01-01T21:51:16.015+0000] {dag.py:3239} INFO - Sync 2 DAGs
[2025-01-01T21:51:16.028+0000] {logging_mixin.py:190} INFO - [2025-01-01T21:51:16.028+0000] {dag.py:4180} INFO - Setting next_dagrun for example_external_task_marker_child to None, run_after=None
[2025-01-01T21:51:16.032+0000] {logging_mixin.py:190} INFO - [2025-01-01T21:51:16.032+0000] {dag.py:4180} INFO - Setting next_dagrun for example_external_task_marker_parent to None, run_after=None
[2025-01-01T21:51:16.047+0000] {processor.py:208} INFO - Processing /home/airflow/.local/lib/python3.12/site-packages/airflow/example_dags/example_external_task_marker_dag.py took 0.070 seconds
[2025-01-01T21:51:46.824+0000] {processor.py:186} INFO - Started process (PID=474) to work on /home/airflow/.local/lib/python3.12/site-packages/airflow/example_dags/example_external_task_marker_dag.py
[2025-01-01T21:51:46.825+0000] {processor.py:914} INFO - Processing file /home/airflow/.local/lib/python3.12/site-packages/airflow/example_dags/example_external_task_marker_dag.py for tasks to queue
[2025-01-01T21:51:46.827+0000] {logging_mixin.py:190} INFO - [2025-01-01T21:51:46.827+0000] {dagbag.py:588} INFO - Filling up the DagBag from /home/airflow/.local/lib/python3.12/site-packages/airflow/example_dags/example_external_task_marker_dag.py
[2025-01-01T21:51:46.834+0000] {processor.py:925} INFO - DAG(s) 'example_external_task_marker_child', 'example_external_task_marker_parent' retrieved from /home/airflow/.local/lib/python3.12/site-packages/airflow/example_dags/example_external_task_marker_dag.py
[2025-01-01T21:51:46.857+0000] {logging_mixin.py:190} INFO - [2025-01-01T21:51:46.856+0000] {dag.py:3239} INFO - Sync 2 DAGs
[2025-01-01T21:51:46.873+0000] {logging_mixin.py:190} INFO - [2025-01-01T21:51:46.872+0000] {dag.py:4180} INFO - Setting next_dagrun for example_external_task_marker_child to None, run_after=None
[2025-01-01T21:51:46.877+0000] {logging_mixin.py:190} INFO - [2025-01-01T21:51:46.877+0000] {dag.py:4180} INFO - Setting next_dagrun for example_external_task_marker_parent to None, run_after=None
[2025-01-01T21:51:46.895+0000] {processor.py:208} INFO - Processing /home/airflow/.local/lib/python3.12/site-packages/airflow/example_dags/example_external_task_marker_dag.py took 0.077 seconds
[2025-01-01T21:52:17.137+0000] {processor.py:186} INFO - Started process (PID=536) to work on /home/airflow/.local/lib/python3.12/site-packages/airflow/example_dags/example_external_task_marker_dag.py
[2025-01-01T21:52:17.138+0000] {processor.py:914} INFO - Processing file /home/airflow/.local/lib/python3.12/site-packages/airflow/example_dags/example_external_task_marker_dag.py for tasks to queue
[2025-01-01T21:52:17.141+0000] {logging_mixin.py:190} INFO - [2025-01-01T21:52:17.140+0000] {dagbag.py:588} INFO - Filling up the DagBag from /home/airflow/.local/lib/python3.12/site-packages/airflow/example_dags/example_external_task_marker_dag.py
[2025-01-01T21:52:17.148+0000] {processor.py:925} INFO - DAG(s) 'example_external_task_marker_child', 'example_external_task_marker_parent' retrieved from /home/airflow/.local/lib/python3.12/site-packages/airflow/example_dags/example_external_task_marker_dag.py
[2025-01-01T21:52:17.167+0000] {logging_mixin.py:190} INFO - [2025-01-01T21:52:17.167+0000] {dag.py:3239} INFO - Sync 2 DAGs
[2025-01-01T21:52:17.180+0000] {logging_mixin.py:190} INFO - [2025-01-01T21:52:17.179+0000] {dag.py:4180} INFO - Setting next_dagrun for example_external_task_marker_child to None, run_after=None
[2025-01-01T21:52:17.183+0000] {logging_mixin.py:190} INFO - [2025-01-01T21:52:17.182+0000] {dag.py:4180} INFO - Setting next_dagrun for example_external_task_marker_parent to None, run_after=None
[2025-01-01T21:52:17.195+0000] {processor.py:208} INFO - Processing /home/airflow/.local/lib/python3.12/site-packages/airflow/example_dags/example_external_task_marker_dag.py took 0.063 seconds
[2025-01-01T21:52:47.666+0000] {processor.py:186} INFO - Started process (PID=598) to work on /home/airflow/.local/lib/python3.12/site-packages/airflow/example_dags/example_external_task_marker_dag.py
[2025-01-01T21:52:47.667+0000] {processor.py:914} INFO - Processing file /home/airflow/.local/lib/python3.12/site-packages/airflow/example_dags/example_external_task_marker_dag.py for tasks to queue
[2025-01-01T21:52:47.669+0000] {logging_mixin.py:190} INFO - [2025-01-01T21:52:47.669+0000] {dagbag.py:588} INFO - Filling up the DagBag from /home/airflow/.local/lib/python3.12/site-packages/airflow/example_dags/example_external_task_marker_dag.py
[2025-01-01T21:52:47.676+0000] {processor.py:925} INFO - DAG(s) 'example_external_task_marker_child', 'example_external_task_marker_parent' retrieved from /home/airflow/.local/lib/python3.12/site-packages/airflow/example_dags/example_external_task_marker_dag.py
[2025-01-01T21:52:47.695+0000] {logging_mixin.py:190} INFO - [2025-01-01T21:52:47.695+0000] {dag.py:3239} INFO - Sync 2 DAGs
[2025-01-01T21:52:47.707+0000] {logging_mixin.py:190} INFO - [2025-01-01T21:52:47.707+0000] {dag.py:4180} INFO - Setting next_dagrun for example_external_task_marker_child to None, run_after=None
[2025-01-01T21:52:47.710+0000] {logging_mixin.py:190} INFO - [2025-01-01T21:52:47.710+0000] {dag.py:4180} INFO - Setting next_dagrun for example_external_task_marker_parent to None, run_after=None
[2025-01-01T21:52:47.723+0000] {processor.py:208} INFO - Processing /home/airflow/.local/lib/python3.12/site-packages/airflow/example_dags/example_external_task_marker_dag.py took 0.062 seconds
[2025-01-01T21:53:18.261+0000] {processor.py:186} INFO - Started process (PID=661) to work on /home/airflow/.local/lib/python3.12/site-packages/airflow/example_dags/example_external_task_marker_dag.py
[2025-01-01T21:53:18.261+0000] {processor.py:914} INFO - Processing file /home/airflow/.local/lib/python3.12/site-packages/airflow/example_dags/example_external_task_marker_dag.py for tasks to queue
[2025-01-01T21:53:18.264+0000] {logging_mixin.py:190} INFO - [2025-01-01T21:53:18.263+0000] {dagbag.py:588} INFO - Filling up the DagBag from /home/airflow/.local/lib/python3.12/site-packages/airflow/example_dags/example_external_task_marker_dag.py
[2025-01-01T21:53:18.271+0000] {processor.py:925} INFO - DAG(s) 'example_external_task_marker_parent', 'example_external_task_marker_child' retrieved from /home/airflow/.local/lib/python3.12/site-packages/airflow/example_dags/example_external_task_marker_dag.py
[2025-01-01T21:53:18.295+0000] {logging_mixin.py:190} INFO - [2025-01-01T21:53:18.295+0000] {dag.py:3239} INFO - Sync 2 DAGs
[2025-01-01T21:53:18.307+0000] {logging_mixin.py:190} INFO - [2025-01-01T21:53:18.307+0000] {dag.py:4180} INFO - Setting next_dagrun for example_external_task_marker_child to None, run_after=None
[2025-01-01T21:53:18.310+0000] {logging_mixin.py:190} INFO - [2025-01-01T21:53:18.310+0000] {dag.py:4180} INFO - Setting next_dagrun for example_external_task_marker_parent to None, run_after=None
[2025-01-01T21:53:18.324+0000] {processor.py:208} INFO - Processing /home/airflow/.local/lib/python3.12/site-packages/airflow/example_dags/example_external_task_marker_dag.py took 0.068 seconds
[2025-01-01T21:53:48.576+0000] {processor.py:186} INFO - Started process (PID=724) to work on /home/airflow/.local/lib/python3.12/site-packages/airflow/example_dags/example_external_task_marker_dag.py
[2025-01-01T21:53:48.576+0000] {processor.py:914} INFO - Processing file /home/airflow/.local/lib/python3.12/site-packages/airflow/example_dags/example_external_task_marker_dag.py for tasks to queue
[2025-01-01T21:53:48.578+0000] {logging_mixin.py:190} INFO - [2025-01-01T21:53:48.578+0000] {dagbag.py:588} INFO - Filling up the DagBag from /home/airflow/.local/lib/python3.12/site-packages/airflow/example_dags/example_external_task_marker_dag.py
[2025-01-01T21:53:48.585+0000] {processor.py:925} INFO - DAG(s) 'example_external_task_marker_child', 'example_external_task_marker_parent' retrieved from /home/airflow/.local/lib/python3.12/site-packages/airflow/example_dags/example_external_task_marker_dag.py
[2025-01-01T21:53:48.604+0000] {logging_mixin.py:190} INFO - [2025-01-01T21:53:48.604+0000] {dag.py:3239} INFO - Sync 2 DAGs
[2025-01-01T21:53:48.617+0000] {logging_mixin.py:190} INFO - [2025-01-01T21:53:48.616+0000] {dag.py:4180} INFO - Setting next_dagrun for example_external_task_marker_child to None, run_after=None
[2025-01-01T21:53:48.620+0000] {logging_mixin.py:190} INFO - [2025-01-01T21:53:48.620+0000] {dag.py:4180} INFO - Setting next_dagrun for example_external_task_marker_parent to None, run_after=None
[2025-01-01T21:53:48.632+0000] {processor.py:208} INFO - Processing /home/airflow/.local/lib/python3.12/site-packages/airflow/example_dags/example_external_task_marker_dag.py took 0.062 seconds
[2025-01-01T21:54:18.732+0000] {processor.py:186} INFO - Started process (PID=787) to work on /home/airflow/.local/lib/python3.12/site-packages/airflow/example_dags/example_external_task_marker_dag.py
[2025-01-01T21:54:18.733+0000] {processor.py:914} INFO - Processing file /home/airflow/.local/lib/python3.12/site-packages/airflow/example_dags/example_external_task_marker_dag.py for tasks to queue
[2025-01-01T21:54:18.735+0000] {logging_mixin.py:190} INFO - [2025-01-01T21:54:18.734+0000] {dagbag.py:588} INFO - Filling up the DagBag from /home/airflow/.local/lib/python3.12/site-packages/airflow/example_dags/example_external_task_marker_dag.py
[2025-01-01T21:54:18.741+0000] {processor.py:925} INFO - DAG(s) 'example_external_task_marker_parent', 'example_external_task_marker_child' retrieved from /home/airflow/.local/lib/python3.12/site-packages/airflow/example_dags/example_external_task_marker_dag.py
[2025-01-01T21:54:18.760+0000] {logging_mixin.py:190} INFO - [2025-01-01T21:54:18.760+0000] {dag.py:3239} INFO - Sync 2 DAGs
[2025-01-01T21:54:18.772+0000] {logging_mixin.py:190} INFO - [2025-01-01T21:54:18.772+0000] {dag.py:4180} INFO - Setting next_dagrun for example_external_task_marker_child to None, run_after=None
[2025-01-01T21:54:18.776+0000] {logging_mixin.py:190} INFO - [2025-01-01T21:54:18.775+0000] {dag.py:4180} INFO - Setting next_dagrun for example_external_task_marker_parent to None, run_after=None
[2025-01-01T21:54:18.789+0000] {processor.py:208} INFO - Processing /home/airflow/.local/lib/python3.12/site-packages/airflow/example_dags/example_external_task_marker_dag.py took 0.062 seconds
[2025-01-01T21:54:49.240+0000] {processor.py:186} INFO - Started process (PID=850) to work on /home/airflow/.local/lib/python3.12/site-packages/airflow/example_dags/example_external_task_marker_dag.py
[2025-01-01T21:54:49.241+0000] {processor.py:914} INFO - Processing file /home/airflow/.local/lib/python3.12/site-packages/airflow/example_dags/example_external_task_marker_dag.py for tasks to queue
[2025-01-01T21:54:49.243+0000] {logging_mixin.py:190} INFO - [2025-01-01T21:54:49.243+0000] {dagbag.py:588} INFO - Filling up the DagBag from /home/airflow/.local/lib/python3.12/site-packages/airflow/example_dags/example_external_task_marker_dag.py
[2025-01-01T21:54:49.252+0000] {processor.py:925} INFO - DAG(s) 'example_external_task_marker_child', 'example_external_task_marker_parent' retrieved from /home/airflow/.local/lib/python3.12/site-packages/airflow/example_dags/example_external_task_marker_dag.py
[2025-01-01T21:54:49.271+0000] {logging_mixin.py:190} INFO - [2025-01-01T21:54:49.271+0000] {dag.py:3239} INFO - Sync 2 DAGs
[2025-01-01T21:54:49.285+0000] {logging_mixin.py:190} INFO - [2025-01-01T21:54:49.285+0000] {dag.py:4180} INFO - Setting next_dagrun for example_external_task_marker_child to None, run_after=None
[2025-01-01T21:54:49.288+0000] {logging_mixin.py:190} INFO - [2025-01-01T21:54:49.288+0000] {dag.py:4180} INFO - Setting next_dagrun for example_external_task_marker_parent to None, run_after=None
[2025-01-01T21:54:49.302+0000] {processor.py:208} INFO - Processing /home/airflow/.local/lib/python3.12/site-packages/airflow/example_dags/example_external_task_marker_dag.py took 0.067 seconds
[2025-01-01T21:55:19.382+0000] {processor.py:186} INFO - Started process (PID=913) to work on /home/airflow/.local/lib/python3.12/site-packages/airflow/example_dags/example_external_task_marker_dag.py
[2025-01-01T21:55:19.383+0000] {processor.py:914} INFO - Processing file /home/airflow/.local/lib/python3.12/site-packages/airflow/example_dags/example_external_task_marker_dag.py for tasks to queue
[2025-01-01T21:55:19.385+0000] {logging_mixin.py:190} INFO - [2025-01-01T21:55:19.385+0000] {dagbag.py:588} INFO - Filling up the DagBag from /home/airflow/.local/lib/python3.12/site-packages/airflow/example_dags/example_external_task_marker_dag.py
[2025-01-01T21:55:19.393+0000] {processor.py:925} INFO - DAG(s) 'example_external_task_marker_child', 'example_external_task_marker_parent' retrieved from /home/airflow/.local/lib/python3.12/site-packages/airflow/example_dags/example_external_task_marker_dag.py
[2025-01-01T21:55:19.419+0000] {logging_mixin.py:190} INFO - [2025-01-01T21:55:19.419+0000] {dag.py:3239} INFO - Sync 2 DAGs
[2025-01-01T21:55:19.436+0000] {logging_mixin.py:190} INFO - [2025-01-01T21:55:19.435+0000] {dag.py:4180} INFO - Setting next_dagrun for example_external_task_marker_child to None, run_after=None
[2025-01-01T21:55:19.440+0000] {logging_mixin.py:190} INFO - [2025-01-01T21:55:19.439+0000] {dag.py:4180} INFO - Setting next_dagrun for example_external_task_marker_parent to None, run_after=None
[2025-01-01T21:55:19.462+0000] {processor.py:208} INFO - Processing /home/airflow/.local/lib/python3.12/site-packages/airflow/example_dags/example_external_task_marker_dag.py took 0.086 seconds
[2025-01-01T21:55:49.706+0000] {processor.py:186} INFO - Started process (PID=976) to work on /home/airflow/.local/lib/python3.12/site-packages/airflow/example_dags/example_external_task_marker_dag.py
[2025-01-01T21:55:49.707+0000] {processor.py:914} INFO - Processing file /home/airflow/.local/lib/python3.12/site-packages/airflow/example_dags/example_external_task_marker_dag.py for tasks to queue
[2025-01-01T21:55:49.709+0000] {logging_mixin.py:190} INFO - [2025-01-01T21:55:49.708+0000] {dagbag.py:588} INFO - Filling up the DagBag from /home/airflow/.local/lib/python3.12/site-packages/airflow/example_dags/example_external_task_marker_dag.py
[2025-01-01T21:55:49.715+0000] {processor.py:925} INFO - DAG(s) 'example_external_task_marker_parent', 'example_external_task_marker_child' retrieved from /home/airflow/.local/lib/python3.12/site-packages/airflow/example_dags/example_external_task_marker_dag.py
[2025-01-01T21:55:49.735+0000] {logging_mixin.py:190} INFO - [2025-01-01T21:55:49.734+0000] {dag.py:3239} INFO - Sync 2 DAGs
[2025-01-01T21:55:49.747+0000] {logging_mixin.py:190} INFO - [2025-01-01T21:55:49.747+0000] {dag.py:4180} INFO - Setting next_dagrun for example_external_task_marker_child to None, run_after=None
[2025-01-01T21:55:49.750+0000] {logging_mixin.py:190} INFO - [2025-01-01T21:55:49.750+0000] {dag.py:4180} INFO - Setting next_dagrun for example_external_task_marker_parent to None, run_after=None
[2025-01-01T21:55:49.764+0000] {processor.py:208} INFO - Processing /home/airflow/.local/lib/python3.12/site-packages/airflow/example_dags/example_external_task_marker_dag.py took 0.062 seconds
[2025-01-01T21:56:19.992+0000] {processor.py:186} INFO - Started process (PID=1039) to work on /home/airflow/.local/lib/python3.12/site-packages/airflow/example_dags/example_external_task_marker_dag.py
[2025-01-01T21:56:19.994+0000] {processor.py:914} INFO - Processing file /home/airflow/.local/lib/python3.12/site-packages/airflow/example_dags/example_external_task_marker_dag.py for tasks to queue
[2025-01-01T21:56:19.996+0000] {logging_mixin.py:190} INFO - [2025-01-01T21:56:19.996+0000] {dagbag.py:588} INFO - Filling up the DagBag from /home/airflow/.local/lib/python3.12/site-packages/airflow/example_dags/example_external_task_marker_dag.py
[2025-01-01T21:56:20.006+0000] {processor.py:925} INFO - DAG(s) 'example_external_task_marker_child', 'example_external_task_marker_parent' retrieved from /home/airflow/.local/lib/python3.12/site-packages/airflow/example_dags/example_external_task_marker_dag.py
[2025-01-01T21:56:20.033+0000] {logging_mixin.py:190} INFO - [2025-01-01T21:56:20.033+0000] {dag.py:3239} INFO - Sync 2 DAGs
[2025-01-01T21:56:20.049+0000] {logging_mixin.py:190} INFO - [2025-01-01T21:56:20.049+0000] {dag.py:4180} INFO - Setting next_dagrun for example_external_task_marker_child to None, run_after=None
[2025-01-01T21:56:20.052+0000] {logging_mixin.py:190} INFO - [2025-01-01T21:56:20.052+0000] {dag.py:4180} INFO - Setting next_dagrun for example_external_task_marker_parent to None, run_after=None
[2025-01-01T21:56:20.069+0000] {processor.py:208} INFO - Processing /home/airflow/.local/lib/python3.12/site-packages/airflow/example_dags/example_external_task_marker_dag.py took 0.084 seconds
[2025-01-01T21:56:50.741+0000] {processor.py:186} INFO - Started process (PID=1102) to work on /home/airflow/.local/lib/python3.12/site-packages/airflow/example_dags/example_external_task_marker_dag.py
[2025-01-01T21:56:50.742+0000] {processor.py:914} INFO - Processing file /home/airflow/.local/lib/python3.12/site-packages/airflow/example_dags/example_external_task_marker_dag.py for tasks to queue
[2025-01-01T21:56:50.745+0000] {logging_mixin.py:190} INFO - [2025-01-01T21:56:50.744+0000] {dagbag.py:588} INFO - Filling up the DagBag from /home/airflow/.local/lib/python3.12/site-packages/airflow/example_dags/example_external_task_marker_dag.py
[2025-01-01T21:56:50.752+0000] {processor.py:925} INFO - DAG(s) 'example_external_task_marker_child', 'example_external_task_marker_parent' retrieved from /home/airflow/.local/lib/python3.12/site-packages/airflow/example_dags/example_external_task_marker_dag.py
[2025-01-01T21:56:50.781+0000] {logging_mixin.py:190} INFO - [2025-01-01T21:56:50.781+0000] {dag.py:3239} INFO - Sync 2 DAGs
[2025-01-01T21:56:50.810+0000] {logging_mixin.py:190} INFO - [2025-01-01T21:56:50.809+0000] {dag.py:4180} INFO - Setting next_dagrun for example_external_task_marker_child to None, run_after=None
[2025-01-01T21:56:50.821+0000] {logging_mixin.py:190} INFO - [2025-01-01T21:56:50.820+0000] {dag.py:4180} INFO - Setting next_dagrun for example_external_task_marker_parent to None, run_after=None
[2025-01-01T21:56:50.853+0000] {processor.py:208} INFO - Processing /home/airflow/.local/lib/python3.12/site-packages/airflow/example_dags/example_external_task_marker_dag.py took 0.120 seconds
[2025-01-01T21:57:21.658+0000] {processor.py:186} INFO - Started process (PID=1165) to work on /home/airflow/.local/lib/python3.12/site-packages/airflow/example_dags/example_external_task_marker_dag.py
[2025-01-01T21:57:21.659+0000] {processor.py:914} INFO - Processing file /home/airflow/.local/lib/python3.12/site-packages/airflow/example_dags/example_external_task_marker_dag.py for tasks to queue
[2025-01-01T21:57:21.661+0000] {logging_mixin.py:190} INFO - [2025-01-01T21:57:21.661+0000] {dagbag.py:588} INFO - Filling up the DagBag from /home/airflow/.local/lib/python3.12/site-packages/airflow/example_dags/example_external_task_marker_dag.py
[2025-01-01T21:57:21.669+0000] {processor.py:925} INFO - DAG(s) 'example_external_task_marker_parent', 'example_external_task_marker_child' retrieved from /home/airflow/.local/lib/python3.12/site-packages/airflow/example_dags/example_external_task_marker_dag.py
[2025-01-01T21:57:21.692+0000] {logging_mixin.py:190} INFO - [2025-01-01T21:57:21.692+0000] {dag.py:3239} INFO - Sync 2 DAGs
[2025-01-01T21:57:21.705+0000] {logging_mixin.py:190} INFO - [2025-01-01T21:57:21.704+0000] {dag.py:4180} INFO - Setting next_dagrun for example_external_task_marker_child to None, run_after=None
[2025-01-01T21:57:21.708+0000] {logging_mixin.py:190} INFO - [2025-01-01T21:57:21.708+0000] {dag.py:4180} INFO - Setting next_dagrun for example_external_task_marker_parent to None, run_after=None
[2025-01-01T21:57:21.723+0000] {processor.py:208} INFO - Processing /home/airflow/.local/lib/python3.12/site-packages/airflow/example_dags/example_external_task_marker_dag.py took 0.071 seconds
[2025-01-01T21:57:52.322+0000] {processor.py:186} INFO - Started process (PID=1228) to work on /home/airflow/.local/lib/python3.12/site-packages/airflow/example_dags/example_external_task_marker_dag.py
[2025-01-01T21:57:52.323+0000] {processor.py:914} INFO - Processing file /home/airflow/.local/lib/python3.12/site-packages/airflow/example_dags/example_external_task_marker_dag.py for tasks to queue
[2025-01-01T21:57:52.325+0000] {logging_mixin.py:190} INFO - [2025-01-01T21:57:52.324+0000] {dagbag.py:588} INFO - Filling up the DagBag from /home/airflow/.local/lib/python3.12/site-packages/airflow/example_dags/example_external_task_marker_dag.py
[2025-01-01T21:57:52.331+0000] {processor.py:925} INFO - DAG(s) 'example_external_task_marker_child', 'example_external_task_marker_parent' retrieved from /home/airflow/.local/lib/python3.12/site-packages/airflow/example_dags/example_external_task_marker_dag.py
[2025-01-01T21:57:52.352+0000] {logging_mixin.py:190} INFO - [2025-01-01T21:57:52.351+0000] {dag.py:3239} INFO - Sync 2 DAGs
[2025-01-01T21:57:52.364+0000] {logging_mixin.py:190} INFO - [2025-01-01T21:57:52.364+0000] {dag.py:4180} INFO - Setting next_dagrun for example_external_task_marker_child to None, run_after=None
[2025-01-01T21:57:52.367+0000] {logging_mixin.py:190} INFO - [2025-01-01T21:57:52.367+0000] {dag.py:4180} INFO - Setting next_dagrun for example_external_task_marker_parent to None, run_after=None
[2025-01-01T21:57:52.381+0000] {processor.py:208} INFO - Processing /home/airflow/.local/lib/python3.12/site-packages/airflow/example_dags/example_external_task_marker_dag.py took 0.064 seconds
[2025-01-01T21:58:22.820+0000] {processor.py:186} INFO - Started process (PID=1291) to work on /home/airflow/.local/lib/python3.12/site-packages/airflow/example_dags/example_external_task_marker_dag.py
[2025-01-01T21:58:22.821+0000] {processor.py:914} INFO - Processing file /home/airflow/.local/lib/python3.12/site-packages/airflow/example_dags/example_external_task_marker_dag.py for tasks to queue
[2025-01-01T21:58:22.823+0000] {logging_mixin.py:190} INFO - [2025-01-01T21:58:22.823+0000] {dagbag.py:588} INFO - Filling up the DagBag from /home/airflow/.local/lib/python3.12/site-packages/airflow/example_dags/example_external_task_marker_dag.py
[2025-01-01T21:58:22.829+0000] {processor.py:925} INFO - DAG(s) 'example_external_task_marker_parent', 'example_external_task_marker_child' retrieved from /home/airflow/.local/lib/python3.12/site-packages/airflow/example_dags/example_external_task_marker_dag.py
[2025-01-01T21:58:22.848+0000] {logging_mixin.py:190} INFO - [2025-01-01T21:58:22.848+0000] {dag.py:3239} INFO - Sync 2 DAGs
[2025-01-01T21:58:22.860+0000] {logging_mixin.py:190} INFO - [2025-01-01T21:58:22.860+0000] {dag.py:4180} INFO - Setting next_dagrun for example_external_task_marker_child to None, run_after=None
[2025-01-01T21:58:22.863+0000] {logging_mixin.py:190} INFO - [2025-01-01T21:58:22.863+0000] {dag.py:4180} INFO - Setting next_dagrun for example_external_task_marker_parent to None, run_after=None
[2025-01-01T21:58:22.877+0000] {processor.py:208} INFO - Processing /home/airflow/.local/lib/python3.12/site-packages/airflow/example_dags/example_external_task_marker_dag.py took 0.062 seconds
[2025-01-01T21:58:53.723+0000] {processor.py:186} INFO - Started process (PID=1354) to work on /home/airflow/.local/lib/python3.12/site-packages/airflow/example_dags/example_external_task_marker_dag.py
[2025-01-01T21:58:53.724+0000] {processor.py:914} INFO - Processing file /home/airflow/.local/lib/python3.12/site-packages/airflow/example_dags/example_external_task_marker_dag.py for tasks to queue
[2025-01-01T21:58:53.726+0000] {logging_mixin.py:190} INFO - [2025-01-01T21:58:53.726+0000] {dagbag.py:588} INFO - Filling up the DagBag from /home/airflow/.local/lib/python3.12/site-packages/airflow/example_dags/example_external_task_marker_dag.py
[2025-01-01T21:58:53.733+0000] {processor.py:925} INFO - DAG(s) 'example_external_task_marker_child', 'example_external_task_marker_parent' retrieved from /home/airflow/.local/lib/python3.12/site-packages/airflow/example_dags/example_external_task_marker_dag.py
[2025-01-01T21:58:53.754+0000] {logging_mixin.py:190} INFO - [2025-01-01T21:58:53.753+0000] {dag.py:3239} INFO - Sync 2 DAGs
[2025-01-01T21:58:53.767+0000] {logging_mixin.py:190} INFO - [2025-01-01T21:58:53.767+0000] {dag.py:4180} INFO - Setting next_dagrun for example_external_task_marker_child to None, run_after=None
[2025-01-01T21:58:53.771+0000] {logging_mixin.py:190} INFO - [2025-01-01T21:58:53.770+0000] {dag.py:4180} INFO - Setting next_dagrun for example_external_task_marker_parent to None, run_after=None
[2025-01-01T21:58:53.787+0000] {processor.py:208} INFO - Processing /home/airflow/.local/lib/python3.12/site-packages/airflow/example_dags/example_external_task_marker_dag.py took 0.069 seconds
