[2025-01-01T21:48:44.712+0000] {processor.py:186} INFO - Started process (PID=107) to work on /home/airflow/.local/lib/python3.12/site-packages/airflow/example_dags/example_sensor_decorator.py
[2025-01-01T21:48:44.713+0000] {processor.py:914} INFO - Processing file /home/airflow/.local/lib/python3.12/site-packages/airflow/example_dags/example_sensor_decorator.py for tasks to queue
[2025-01-01T21:48:44.715+0000] {logging_mixin.py:190} INFO - [2025-01-01T21:48:44.715+0000] {dagbag.py:588} INFO - Filling up the DagBag from /home/airflow/.local/lib/python3.12/site-packages/airflow/example_dags/example_sensor_decorator.py
[2025-01-01T21:48:44.723+0000] {processor.py:925} INFO - DAG(s) 'example_sensor_decorator' retrieved from /home/airflow/.local/lib/python3.12/site-packages/airflow/example_dags/example_sensor_decorator.py
[2025-01-01T21:48:44.814+0000] {logging_mixin.py:190} INFO - [2025-01-01T21:48:44.813+0000] {override.py:1911} INFO - Created Permission View: can edit on DAG:example_sensor_decorator
[2025-01-01T21:48:44.824+0000] {logging_mixin.py:190} INFO - [2025-01-01T21:48:44.823+0000] {override.py:1911} INFO - Created Permission View: can delete on DAG:example_sensor_decorator
[2025-01-01T21:48:44.830+0000] {logging_mixin.py:190} INFO - [2025-01-01T21:48:44.830+0000] {override.py:1911} INFO - Created Permission View: can read on DAG:example_sensor_decorator
[2025-01-01T21:48:44.839+0000] {logging_mixin.py:190} INFO - [2025-01-01T21:48:44.838+0000] {override.py:1911} INFO - Created Permission View: can delete on DAG Run:example_sensor_decorator
[2025-01-01T21:48:44.845+0000] {logging_mixin.py:190} INFO - [2025-01-01T21:48:44.845+0000] {override.py:1911} INFO - Created Permission View: can read on DAG Run:example_sensor_decorator
[2025-01-01T21:48:44.852+0000] {logging_mixin.py:190} INFO - [2025-01-01T21:48:44.851+0000] {override.py:1911} INFO - Created Permission View: can create on DAG Run:example_sensor_decorator
[2025-01-01T21:48:44.859+0000] {logging_mixin.py:190} INFO - [2025-01-01T21:48:44.858+0000] {override.py:1911} INFO - Created Permission View: menu access on DAG Run:example_sensor_decorator
[2025-01-01T21:48:44.859+0000] {logging_mixin.py:190} INFO - [2025-01-01T21:48:44.859+0000] {dag.py:3239} INFO - Sync 1 DAGs
[2025-01-01T21:48:44.872+0000] {logging_mixin.py:190} INFO - [2025-01-01T21:48:44.872+0000] {dag.py:3262} INFO - Creating ORM DAG for example_sensor_decorator
[2025-01-01T21:48:44.873+0000] {logging_mixin.py:190} INFO - [2025-01-01T21:48:44.873+0000] {dag.py:4180} INFO - Setting next_dagrun for example_sensor_decorator to None, run_after=None
[2025-01-01T21:48:44.891+0000] {processor.py:208} INFO - Processing /home/airflow/.local/lib/python3.12/site-packages/airflow/example_dags/example_sensor_decorator.py took 0.185 seconds
[2025-01-01T21:49:15.970+0000] {processor.py:186} INFO - Started process (PID=170) to work on /home/airflow/.local/lib/python3.12/site-packages/airflow/example_dags/example_sensor_decorator.py
[2025-01-01T21:49:15.972+0000] {processor.py:914} INFO - Processing file /home/airflow/.local/lib/python3.12/site-packages/airflow/example_dags/example_sensor_decorator.py for tasks to queue
[2025-01-01T21:49:15.975+0000] {logging_mixin.py:190} INFO - [2025-01-01T21:49:15.975+0000] {dagbag.py:588} INFO - Filling up the DagBag from /home/airflow/.local/lib/python3.12/site-packages/airflow/example_dags/example_sensor_decorator.py
[2025-01-01T21:49:15.984+0000] {processor.py:925} INFO - DAG(s) 'example_sensor_decorator' retrieved from /home/airflow/.local/lib/python3.12/site-packages/airflow/example_dags/example_sensor_decorator.py
[2025-01-01T21:49:16.008+0000] {logging_mixin.py:190} INFO - [2025-01-01T21:49:16.008+0000] {dag.py:3239} INFO - Sync 1 DAGs
[2025-01-01T21:49:16.021+0000] {logging_mixin.py:190} INFO - [2025-01-01T21:49:16.021+0000] {dag.py:4180} INFO - Setting next_dagrun for example_sensor_decorator to None, run_after=None
[2025-01-01T21:49:16.037+0000] {processor.py:208} INFO - Processing /home/airflow/.local/lib/python3.12/site-packages/airflow/example_dags/example_sensor_decorator.py took 0.074 seconds
[2025-01-01T21:49:47.424+0000] {processor.py:186} INFO - Started process (PID=233) to work on /home/airflow/.local/lib/python3.12/site-packages/airflow/example_dags/example_sensor_decorator.py
[2025-01-01T21:49:47.425+0000] {processor.py:914} INFO - Processing file /home/airflow/.local/lib/python3.12/site-packages/airflow/example_dags/example_sensor_decorator.py for tasks to queue
[2025-01-01T21:49:47.427+0000] {logging_mixin.py:190} INFO - [2025-01-01T21:49:47.427+0000] {dagbag.py:588} INFO - Filling up the DagBag from /home/airflow/.local/lib/python3.12/site-packages/airflow/example_dags/example_sensor_decorator.py
[2025-01-01T21:49:47.434+0000] {processor.py:925} INFO - DAG(s) 'example_sensor_decorator' retrieved from /home/airflow/.local/lib/python3.12/site-packages/airflow/example_dags/example_sensor_decorator.py
[2025-01-01T21:49:47.452+0000] {logging_mixin.py:190} INFO - [2025-01-01T21:49:47.452+0000] {dag.py:3239} INFO - Sync 1 DAGs
[2025-01-01T21:49:47.470+0000] {logging_mixin.py:190} INFO - [2025-01-01T21:49:47.470+0000] {dag.py:4180} INFO - Setting next_dagrun for example_sensor_decorator to None, run_after=None
[2025-01-01T21:49:47.492+0000] {processor.py:208} INFO - Processing /home/airflow/.local/lib/python3.12/site-packages/airflow/example_dags/example_sensor_decorator.py took 0.073 seconds
[2025-01-01T21:50:18.284+0000] {processor.py:186} INFO - Started process (PID=296) to work on /home/airflow/.local/lib/python3.12/site-packages/airflow/example_dags/example_sensor_decorator.py
[2025-01-01T21:50:18.285+0000] {processor.py:914} INFO - Processing file /home/airflow/.local/lib/python3.12/site-packages/airflow/example_dags/example_sensor_decorator.py for tasks to queue
[2025-01-01T21:50:18.288+0000] {logging_mixin.py:190} INFO - [2025-01-01T21:50:18.287+0000] {dagbag.py:588} INFO - Filling up the DagBag from /home/airflow/.local/lib/python3.12/site-packages/airflow/example_dags/example_sensor_decorator.py
[2025-01-01T21:50:18.294+0000] {processor.py:925} INFO - DAG(s) 'example_sensor_decorator' retrieved from /home/airflow/.local/lib/python3.12/site-packages/airflow/example_dags/example_sensor_decorator.py
[2025-01-01T21:50:18.315+0000] {logging_mixin.py:190} INFO - [2025-01-01T21:50:18.315+0000] {dag.py:3239} INFO - Sync 1 DAGs
[2025-01-01T21:50:18.328+0000] {logging_mixin.py:190} INFO - [2025-01-01T21:50:18.327+0000] {dag.py:4180} INFO - Setting next_dagrun for example_sensor_decorator to None, run_after=None
[2025-01-01T21:50:18.346+0000] {processor.py:208} INFO - Processing /home/airflow/.local/lib/python3.12/site-packages/airflow/example_dags/example_sensor_decorator.py took 0.067 seconds
[2025-01-01T21:50:48.944+0000] {processor.py:186} INFO - Started process (PID=360) to work on /home/airflow/.local/lib/python3.12/site-packages/airflow/example_dags/example_sensor_decorator.py
[2025-01-01T21:50:48.945+0000] {processor.py:914} INFO - Processing file /home/airflow/.local/lib/python3.12/site-packages/airflow/example_dags/example_sensor_decorator.py for tasks to queue
[2025-01-01T21:50:48.947+0000] {logging_mixin.py:190} INFO - [2025-01-01T21:50:48.947+0000] {dagbag.py:588} INFO - Filling up the DagBag from /home/airflow/.local/lib/python3.12/site-packages/airflow/example_dags/example_sensor_decorator.py
[2025-01-01T21:50:48.953+0000] {processor.py:925} INFO - DAG(s) 'example_sensor_decorator' retrieved from /home/airflow/.local/lib/python3.12/site-packages/airflow/example_dags/example_sensor_decorator.py
[2025-01-01T21:50:48.971+0000] {logging_mixin.py:190} INFO - [2025-01-01T21:50:48.970+0000] {dag.py:3239} INFO - Sync 1 DAGs
[2025-01-01T21:50:48.982+0000] {logging_mixin.py:190} INFO - [2025-01-01T21:50:48.982+0000] {dag.py:4180} INFO - Setting next_dagrun for example_sensor_decorator to None, run_after=None
[2025-01-01T21:50:48.998+0000] {processor.py:208} INFO - Processing /home/airflow/.local/lib/python3.12/site-packages/airflow/example_dags/example_sensor_decorator.py took 0.058 seconds
[2025-01-01T21:51:19.168+0000] {processor.py:186} INFO - Started process (PID=422) to work on /home/airflow/.local/lib/python3.12/site-packages/airflow/example_dags/example_sensor_decorator.py
[2025-01-01T21:51:19.169+0000] {processor.py:914} INFO - Processing file /home/airflow/.local/lib/python3.12/site-packages/airflow/example_dags/example_sensor_decorator.py for tasks to queue
[2025-01-01T21:51:19.171+0000] {logging_mixin.py:190} INFO - [2025-01-01T21:51:19.171+0000] {dagbag.py:588} INFO - Filling up the DagBag from /home/airflow/.local/lib/python3.12/site-packages/airflow/example_dags/example_sensor_decorator.py
[2025-01-01T21:51:19.178+0000] {processor.py:925} INFO - DAG(s) 'example_sensor_decorator' retrieved from /home/airflow/.local/lib/python3.12/site-packages/airflow/example_dags/example_sensor_decorator.py
[2025-01-01T21:51:19.195+0000] {logging_mixin.py:190} INFO - [2025-01-01T21:51:19.195+0000] {dag.py:3239} INFO - Sync 1 DAGs
[2025-01-01T21:51:19.207+0000] {logging_mixin.py:190} INFO - [2025-01-01T21:51:19.207+0000] {dag.py:4180} INFO - Setting next_dagrun for example_sensor_decorator to None, run_after=None
[2025-01-01T21:51:19.222+0000] {processor.py:208} INFO - Processing /home/airflow/.local/lib/python3.12/site-packages/airflow/example_dags/example_sensor_decorator.py took 0.059 seconds
[2025-01-01T21:51:49.283+0000] {processor.py:186} INFO - Started process (PID=484) to work on /home/airflow/.local/lib/python3.12/site-packages/airflow/example_dags/example_sensor_decorator.py
[2025-01-01T21:51:49.283+0000] {processor.py:914} INFO - Processing file /home/airflow/.local/lib/python3.12/site-packages/airflow/example_dags/example_sensor_decorator.py for tasks to queue
[2025-01-01T21:51:49.285+0000] {logging_mixin.py:190} INFO - [2025-01-01T21:51:49.285+0000] {dagbag.py:588} INFO - Filling up the DagBag from /home/airflow/.local/lib/python3.12/site-packages/airflow/example_dags/example_sensor_decorator.py
[2025-01-01T21:51:49.292+0000] {processor.py:925} INFO - DAG(s) 'example_sensor_decorator' retrieved from /home/airflow/.local/lib/python3.12/site-packages/airflow/example_dags/example_sensor_decorator.py
[2025-01-01T21:51:49.308+0000] {logging_mixin.py:190} INFO - [2025-01-01T21:51:49.308+0000] {dag.py:3239} INFO - Sync 1 DAGs
[2025-01-01T21:51:49.320+0000] {logging_mixin.py:190} INFO - [2025-01-01T21:51:49.319+0000] {dag.py:4180} INFO - Setting next_dagrun for example_sensor_decorator to None, run_after=None
[2025-01-01T21:51:49.335+0000] {processor.py:208} INFO - Processing /home/airflow/.local/lib/python3.12/site-packages/airflow/example_dags/example_sensor_decorator.py took 0.057 seconds
[2025-01-01T21:52:19.883+0000] {processor.py:186} INFO - Started process (PID=547) to work on /home/airflow/.local/lib/python3.12/site-packages/airflow/example_dags/example_sensor_decorator.py
[2025-01-01T21:52:19.884+0000] {processor.py:914} INFO - Processing file /home/airflow/.local/lib/python3.12/site-packages/airflow/example_dags/example_sensor_decorator.py for tasks to queue
[2025-01-01T21:52:19.886+0000] {logging_mixin.py:190} INFO - [2025-01-01T21:52:19.886+0000] {dagbag.py:588} INFO - Filling up the DagBag from /home/airflow/.local/lib/python3.12/site-packages/airflow/example_dags/example_sensor_decorator.py
[2025-01-01T21:52:19.893+0000] {processor.py:925} INFO - DAG(s) 'example_sensor_decorator' retrieved from /home/airflow/.local/lib/python3.12/site-packages/airflow/example_dags/example_sensor_decorator.py
[2025-01-01T21:52:19.913+0000] {logging_mixin.py:190} INFO - [2025-01-01T21:52:19.913+0000] {dag.py:3239} INFO - Sync 1 DAGs
[2025-01-01T21:52:19.926+0000] {logging_mixin.py:190} INFO - [2025-01-01T21:52:19.926+0000] {dag.py:4180} INFO - Setting next_dagrun for example_sensor_decorator to None, run_after=None
[2025-01-01T21:52:19.943+0000] {processor.py:208} INFO - Processing /home/airflow/.local/lib/python3.12/site-packages/airflow/example_dags/example_sensor_decorator.py took 0.064 seconds
[2025-01-01T21:52:50.532+0000] {processor.py:186} INFO - Started process (PID=610) to work on /home/airflow/.local/lib/python3.12/site-packages/airflow/example_dags/example_sensor_decorator.py
[2025-01-01T21:52:50.533+0000] {processor.py:914} INFO - Processing file /home/airflow/.local/lib/python3.12/site-packages/airflow/example_dags/example_sensor_decorator.py for tasks to queue
[2025-01-01T21:52:50.536+0000] {logging_mixin.py:190} INFO - [2025-01-01T21:52:50.536+0000] {dagbag.py:588} INFO - Filling up the DagBag from /home/airflow/.local/lib/python3.12/site-packages/airflow/example_dags/example_sensor_decorator.py
[2025-01-01T21:52:50.544+0000] {processor.py:925} INFO - DAG(s) 'example_sensor_decorator' retrieved from /home/airflow/.local/lib/python3.12/site-packages/airflow/example_dags/example_sensor_decorator.py
[2025-01-01T21:52:50.565+0000] {logging_mixin.py:190} INFO - [2025-01-01T21:52:50.565+0000] {dag.py:3239} INFO - Sync 1 DAGs
[2025-01-01T21:52:50.580+0000] {logging_mixin.py:190} INFO - [2025-01-01T21:52:50.580+0000] {dag.py:4180} INFO - Setting next_dagrun for example_sensor_decorator to None, run_after=None
[2025-01-01T21:52:50.601+0000] {processor.py:208} INFO - Processing /home/airflow/.local/lib/python3.12/site-packages/airflow/example_dags/example_sensor_decorator.py took 0.074 seconds
[2025-01-01T21:53:21.371+0000] {processor.py:186} INFO - Started process (PID=673) to work on /home/airflow/.local/lib/python3.12/site-packages/airflow/example_dags/example_sensor_decorator.py
[2025-01-01T21:53:21.371+0000] {processor.py:914} INFO - Processing file /home/airflow/.local/lib/python3.12/site-packages/airflow/example_dags/example_sensor_decorator.py for tasks to queue
[2025-01-01T21:53:21.373+0000] {logging_mixin.py:190} INFO - [2025-01-01T21:53:21.373+0000] {dagbag.py:588} INFO - Filling up the DagBag from /home/airflow/.local/lib/python3.12/site-packages/airflow/example_dags/example_sensor_decorator.py
[2025-01-01T21:53:21.379+0000] {processor.py:925} INFO - DAG(s) 'example_sensor_decorator' retrieved from /home/airflow/.local/lib/python3.12/site-packages/airflow/example_dags/example_sensor_decorator.py
[2025-01-01T21:53:21.396+0000] {logging_mixin.py:190} INFO - [2025-01-01T21:53:21.396+0000] {dag.py:3239} INFO - Sync 1 DAGs
[2025-01-01T21:53:21.407+0000] {logging_mixin.py:190} INFO - [2025-01-01T21:53:21.407+0000] {dag.py:4180} INFO - Setting next_dagrun for example_sensor_decorator to None, run_after=None
[2025-01-01T21:53:21.422+0000] {processor.py:208} INFO - Processing /home/airflow/.local/lib/python3.12/site-packages/airflow/example_dags/example_sensor_decorator.py took 0.056 seconds
[2025-01-01T21:53:51.673+0000] {processor.py:186} INFO - Started process (PID=736) to work on /home/airflow/.local/lib/python3.12/site-packages/airflow/example_dags/example_sensor_decorator.py
[2025-01-01T21:53:51.673+0000] {processor.py:914} INFO - Processing file /home/airflow/.local/lib/python3.12/site-packages/airflow/example_dags/example_sensor_decorator.py for tasks to queue
[2025-01-01T21:53:51.675+0000] {logging_mixin.py:190} INFO - [2025-01-01T21:53:51.675+0000] {dagbag.py:588} INFO - Filling up the DagBag from /home/airflow/.local/lib/python3.12/site-packages/airflow/example_dags/example_sensor_decorator.py
[2025-01-01T21:53:51.681+0000] {processor.py:925} INFO - DAG(s) 'example_sensor_decorator' retrieved from /home/airflow/.local/lib/python3.12/site-packages/airflow/example_dags/example_sensor_decorator.py
[2025-01-01T21:53:51.702+0000] {logging_mixin.py:190} INFO - [2025-01-01T21:53:51.702+0000] {dag.py:3239} INFO - Sync 1 DAGs
[2025-01-01T21:53:51.715+0000] {logging_mixin.py:190} INFO - [2025-01-01T21:53:51.715+0000] {dag.py:4180} INFO - Setting next_dagrun for example_sensor_decorator to None, run_after=None
[2025-01-01T21:53:51.731+0000] {processor.py:208} INFO - Processing /home/airflow/.local/lib/python3.12/site-packages/airflow/example_dags/example_sensor_decorator.py took 0.062 seconds
[2025-01-01T21:54:21.965+0000] {processor.py:186} INFO - Started process (PID=799) to work on /home/airflow/.local/lib/python3.12/site-packages/airflow/example_dags/example_sensor_decorator.py
[2025-01-01T21:54:21.966+0000] {processor.py:914} INFO - Processing file /home/airflow/.local/lib/python3.12/site-packages/airflow/example_dags/example_sensor_decorator.py for tasks to queue
[2025-01-01T21:54:21.968+0000] {logging_mixin.py:190} INFO - [2025-01-01T21:54:21.967+0000] {dagbag.py:588} INFO - Filling up the DagBag from /home/airflow/.local/lib/python3.12/site-packages/airflow/example_dags/example_sensor_decorator.py
[2025-01-01T21:54:21.974+0000] {processor.py:925} INFO - DAG(s) 'example_sensor_decorator' retrieved from /home/airflow/.local/lib/python3.12/site-packages/airflow/example_dags/example_sensor_decorator.py
[2025-01-01T21:54:21.992+0000] {logging_mixin.py:190} INFO - [2025-01-01T21:54:21.991+0000] {dag.py:3239} INFO - Sync 1 DAGs
[2025-01-01T21:54:22.004+0000] {logging_mixin.py:190} INFO - [2025-01-01T21:54:22.004+0000] {dag.py:4180} INFO - Setting next_dagrun for example_sensor_decorator to None, run_after=None
[2025-01-01T21:54:22.019+0000] {processor.py:208} INFO - Processing /home/airflow/.local/lib/python3.12/site-packages/airflow/example_dags/example_sensor_decorator.py took 0.059 seconds
[2025-01-01T21:54:53.492+0000] {processor.py:186} INFO - Started process (PID=862) to work on /home/airflow/.local/lib/python3.12/site-packages/airflow/example_dags/example_sensor_decorator.py
[2025-01-01T21:54:53.493+0000] {processor.py:914} INFO - Processing file /home/airflow/.local/lib/python3.12/site-packages/airflow/example_dags/example_sensor_decorator.py for tasks to queue
[2025-01-01T21:54:53.495+0000] {logging_mixin.py:190} INFO - [2025-01-01T21:54:53.495+0000] {dagbag.py:588} INFO - Filling up the DagBag from /home/airflow/.local/lib/python3.12/site-packages/airflow/example_dags/example_sensor_decorator.py
[2025-01-01T21:54:53.502+0000] {processor.py:925} INFO - DAG(s) 'example_sensor_decorator' retrieved from /home/airflow/.local/lib/python3.12/site-packages/airflow/example_dags/example_sensor_decorator.py
[2025-01-01T21:54:53.523+0000] {logging_mixin.py:190} INFO - [2025-01-01T21:54:53.523+0000] {dag.py:3239} INFO - Sync 1 DAGs
[2025-01-01T21:54:53.536+0000] {logging_mixin.py:190} INFO - [2025-01-01T21:54:53.536+0000] {dag.py:4180} INFO - Setting next_dagrun for example_sensor_decorator to None, run_after=None
[2025-01-01T21:54:53.553+0000] {processor.py:208} INFO - Processing /home/airflow/.local/lib/python3.12/site-packages/airflow/example_dags/example_sensor_decorator.py took 0.066 seconds
[2025-01-01T21:55:24.834+0000] {processor.py:186} INFO - Started process (PID=925) to work on /home/airflow/.local/lib/python3.12/site-packages/airflow/example_dags/example_sensor_decorator.py
[2025-01-01T21:55:24.835+0000] {processor.py:914} INFO - Processing file /home/airflow/.local/lib/python3.12/site-packages/airflow/example_dags/example_sensor_decorator.py for tasks to queue
[2025-01-01T21:55:24.837+0000] {logging_mixin.py:190} INFO - [2025-01-01T21:55:24.836+0000] {dagbag.py:588} INFO - Filling up the DagBag from /home/airflow/.local/lib/python3.12/site-packages/airflow/example_dags/example_sensor_decorator.py
[2025-01-01T21:55:24.850+0000] {processor.py:925} INFO - DAG(s) 'example_sensor_decorator' retrieved from /home/airflow/.local/lib/python3.12/site-packages/airflow/example_dags/example_sensor_decorator.py
[2025-01-01T21:55:24.868+0000] {logging_mixin.py:190} INFO - [2025-01-01T21:55:24.868+0000] {dag.py:3239} INFO - Sync 1 DAGs
[2025-01-01T21:55:24.881+0000] {logging_mixin.py:190} INFO - [2025-01-01T21:55:24.881+0000] {dag.py:4180} INFO - Setting next_dagrun for example_sensor_decorator to None, run_after=None
[2025-01-01T21:55:24.898+0000] {processor.py:208} INFO - Processing /home/airflow/.local/lib/python3.12/site-packages/airflow/example_dags/example_sensor_decorator.py took 0.069 seconds
[2025-01-01T21:55:55.894+0000] {processor.py:186} INFO - Started process (PID=987) to work on /home/airflow/.local/lib/python3.12/site-packages/airflow/example_dags/example_sensor_decorator.py
[2025-01-01T21:55:55.895+0000] {processor.py:914} INFO - Processing file /home/airflow/.local/lib/python3.12/site-packages/airflow/example_dags/example_sensor_decorator.py for tasks to queue
[2025-01-01T21:55:55.897+0000] {logging_mixin.py:190} INFO - [2025-01-01T21:55:55.897+0000] {dagbag.py:588} INFO - Filling up the DagBag from /home/airflow/.local/lib/python3.12/site-packages/airflow/example_dags/example_sensor_decorator.py
[2025-01-01T21:55:55.904+0000] {processor.py:925} INFO - DAG(s) 'example_sensor_decorator' retrieved from /home/airflow/.local/lib/python3.12/site-packages/airflow/example_dags/example_sensor_decorator.py
[2025-01-01T21:55:55.922+0000] {logging_mixin.py:190} INFO - [2025-01-01T21:55:55.921+0000] {dag.py:3239} INFO - Sync 1 DAGs
[2025-01-01T21:55:55.935+0000] {logging_mixin.py:190} INFO - [2025-01-01T21:55:55.935+0000] {dag.py:4180} INFO - Setting next_dagrun for example_sensor_decorator to None, run_after=None
[2025-01-01T21:55:55.952+0000] {processor.py:208} INFO - Processing /home/airflow/.local/lib/python3.12/site-packages/airflow/example_dags/example_sensor_decorator.py took 0.063 seconds
[2025-01-01T21:56:27.149+0000] {processor.py:186} INFO - Started process (PID=1050) to work on /home/airflow/.local/lib/python3.12/site-packages/airflow/example_dags/example_sensor_decorator.py
[2025-01-01T21:56:27.150+0000] {processor.py:914} INFO - Processing file /home/airflow/.local/lib/python3.12/site-packages/airflow/example_dags/example_sensor_decorator.py for tasks to queue
[2025-01-01T21:56:27.152+0000] {logging_mixin.py:190} INFO - [2025-01-01T21:56:27.151+0000] {dagbag.py:588} INFO - Filling up the DagBag from /home/airflow/.local/lib/python3.12/site-packages/airflow/example_dags/example_sensor_decorator.py
[2025-01-01T21:56:27.159+0000] {processor.py:925} INFO - DAG(s) 'example_sensor_decorator' retrieved from /home/airflow/.local/lib/python3.12/site-packages/airflow/example_dags/example_sensor_decorator.py
[2025-01-01T21:56:27.176+0000] {logging_mixin.py:190} INFO - [2025-01-01T21:56:27.176+0000] {dag.py:3239} INFO - Sync 1 DAGs
[2025-01-01T21:56:27.189+0000] {logging_mixin.py:190} INFO - [2025-01-01T21:56:27.189+0000] {dag.py:4180} INFO - Setting next_dagrun for example_sensor_decorator to None, run_after=None
[2025-01-01T21:56:27.207+0000] {processor.py:208} INFO - Processing /home/airflow/.local/lib/python3.12/site-packages/airflow/example_dags/example_sensor_decorator.py took 0.065 seconds
[2025-01-01T21:56:57.948+0000] {processor.py:186} INFO - Started process (PID=1113) to work on /home/airflow/.local/lib/python3.12/site-packages/airflow/example_dags/example_sensor_decorator.py
[2025-01-01T21:56:57.949+0000] {processor.py:914} INFO - Processing file /home/airflow/.local/lib/python3.12/site-packages/airflow/example_dags/example_sensor_decorator.py for tasks to queue
[2025-01-01T21:56:57.951+0000] {logging_mixin.py:190} INFO - [2025-01-01T21:56:57.951+0000] {dagbag.py:588} INFO - Filling up the DagBag from /home/airflow/.local/lib/python3.12/site-packages/airflow/example_dags/example_sensor_decorator.py
[2025-01-01T21:56:57.958+0000] {processor.py:925} INFO - DAG(s) 'example_sensor_decorator' retrieved from /home/airflow/.local/lib/python3.12/site-packages/airflow/example_dags/example_sensor_decorator.py
[2025-01-01T21:56:57.975+0000] {logging_mixin.py:190} INFO - [2025-01-01T21:56:57.975+0000] {dag.py:3239} INFO - Sync 1 DAGs
[2025-01-01T21:56:57.987+0000] {logging_mixin.py:190} INFO - [2025-01-01T21:56:57.987+0000] {dag.py:4180} INFO - Setting next_dagrun for example_sensor_decorator to None, run_after=None
[2025-01-01T21:56:58.004+0000] {processor.py:208} INFO - Processing /home/airflow/.local/lib/python3.12/site-packages/airflow/example_dags/example_sensor_decorator.py took 0.061 seconds
[2025-01-01T21:57:28.814+0000] {processor.py:186} INFO - Started process (PID=1176) to work on /home/airflow/.local/lib/python3.12/site-packages/airflow/example_dags/example_sensor_decorator.py
[2025-01-01T21:57:28.815+0000] {processor.py:914} INFO - Processing file /home/airflow/.local/lib/python3.12/site-packages/airflow/example_dags/example_sensor_decorator.py for tasks to queue
[2025-01-01T21:57:28.818+0000] {logging_mixin.py:190} INFO - [2025-01-01T21:57:28.817+0000] {dagbag.py:588} INFO - Filling up the DagBag from /home/airflow/.local/lib/python3.12/site-packages/airflow/example_dags/example_sensor_decorator.py
[2025-01-01T21:57:28.827+0000] {processor.py:925} INFO - DAG(s) 'example_sensor_decorator' retrieved from /home/airflow/.local/lib/python3.12/site-packages/airflow/example_dags/example_sensor_decorator.py
[2025-01-01T21:57:28.846+0000] {logging_mixin.py:190} INFO - [2025-01-01T21:57:28.846+0000] {dag.py:3239} INFO - Sync 1 DAGs
[2025-01-01T21:57:28.860+0000] {logging_mixin.py:190} INFO - [2025-01-01T21:57:28.860+0000] {dag.py:4180} INFO - Setting next_dagrun for example_sensor_decorator to None, run_after=None
[2025-01-01T21:57:28.880+0000] {processor.py:208} INFO - Processing /home/airflow/.local/lib/python3.12/site-packages/airflow/example_dags/example_sensor_decorator.py took 0.071 seconds
[2025-01-01T21:57:59.492+0000] {processor.py:186} INFO - Started process (PID=1239) to work on /home/airflow/.local/lib/python3.12/site-packages/airflow/example_dags/example_sensor_decorator.py
[2025-01-01T21:57:59.493+0000] {processor.py:914} INFO - Processing file /home/airflow/.local/lib/python3.12/site-packages/airflow/example_dags/example_sensor_decorator.py for tasks to queue
[2025-01-01T21:57:59.495+0000] {logging_mixin.py:190} INFO - [2025-01-01T21:57:59.495+0000] {dagbag.py:588} INFO - Filling up the DagBag from /home/airflow/.local/lib/python3.12/site-packages/airflow/example_dags/example_sensor_decorator.py
[2025-01-01T21:57:59.502+0000] {processor.py:925} INFO - DAG(s) 'example_sensor_decorator' retrieved from /home/airflow/.local/lib/python3.12/site-packages/airflow/example_dags/example_sensor_decorator.py
[2025-01-01T21:57:59.517+0000] {logging_mixin.py:190} INFO - [2025-01-01T21:57:59.517+0000] {dag.py:3239} INFO - Sync 1 DAGs
[2025-01-01T21:57:59.529+0000] {logging_mixin.py:190} INFO - [2025-01-01T21:57:59.529+0000] {dag.py:4180} INFO - Setting next_dagrun for example_sensor_decorator to None, run_after=None
[2025-01-01T21:57:59.543+0000] {processor.py:208} INFO - Processing /home/airflow/.local/lib/python3.12/site-packages/airflow/example_dags/example_sensor_decorator.py took 0.056 seconds
[2025-01-01T21:58:30.959+0000] {processor.py:186} INFO - Started process (PID=1302) to work on /home/airflow/.local/lib/python3.12/site-packages/airflow/example_dags/example_sensor_decorator.py
[2025-01-01T21:58:30.960+0000] {processor.py:914} INFO - Processing file /home/airflow/.local/lib/python3.12/site-packages/airflow/example_dags/example_sensor_decorator.py for tasks to queue
[2025-01-01T21:58:30.962+0000] {logging_mixin.py:190} INFO - [2025-01-01T21:58:30.961+0000] {dagbag.py:588} INFO - Filling up the DagBag from /home/airflow/.local/lib/python3.12/site-packages/airflow/example_dags/example_sensor_decorator.py
[2025-01-01T21:58:30.968+0000] {processor.py:925} INFO - DAG(s) 'example_sensor_decorator' retrieved from /home/airflow/.local/lib/python3.12/site-packages/airflow/example_dags/example_sensor_decorator.py
[2025-01-01T21:58:30.985+0000] {logging_mixin.py:190} INFO - [2025-01-01T21:58:30.984+0000] {dag.py:3239} INFO - Sync 1 DAGs
[2025-01-01T21:58:30.996+0000] {logging_mixin.py:190} INFO - [2025-01-01T21:58:30.996+0000] {dag.py:4180} INFO - Setting next_dagrun for example_sensor_decorator to None, run_after=None
[2025-01-01T21:58:31.011+0000] {processor.py:208} INFO - Processing /home/airflow/.local/lib/python3.12/site-packages/airflow/example_dags/example_sensor_decorator.py took 0.057 seconds
[2025-01-01T21:59:01.876+0000] {processor.py:186} INFO - Started process (PID=1365) to work on /home/airflow/.local/lib/python3.12/site-packages/airflow/example_dags/example_sensor_decorator.py
[2025-01-01T21:59:01.877+0000] {processor.py:914} INFO - Processing file /home/airflow/.local/lib/python3.12/site-packages/airflow/example_dags/example_sensor_decorator.py for tasks to queue
[2025-01-01T21:59:01.879+0000] {logging_mixin.py:190} INFO - [2025-01-01T21:59:01.879+0000] {dagbag.py:588} INFO - Filling up the DagBag from /home/airflow/.local/lib/python3.12/site-packages/airflow/example_dags/example_sensor_decorator.py
[2025-01-01T21:59:01.888+0000] {processor.py:925} INFO - DAG(s) 'example_sensor_decorator' retrieved from /home/airflow/.local/lib/python3.12/site-packages/airflow/example_dags/example_sensor_decorator.py
[2025-01-01T21:59:01.907+0000] {logging_mixin.py:190} INFO - [2025-01-01T21:59:01.907+0000] {dag.py:3239} INFO - Sync 1 DAGs
[2025-01-01T21:59:01.920+0000] {logging_mixin.py:190} INFO - [2025-01-01T21:59:01.920+0000] {dag.py:4180} INFO - Setting next_dagrun for example_sensor_decorator to None, run_after=None
[2025-01-01T21:59:01.937+0000] {processor.py:208} INFO - Processing /home/airflow/.local/lib/python3.12/site-packages/airflow/example_dags/example_sensor_decorator.py took 0.066 seconds
