[2025-01-01T21:48:37.870+0000] {processor.py:186} INFO - Started process (PID=70) to work on /home/airflow/.local/lib/python3.12/site-packages/airflow/example_dags/example_params_ui_tutorial.py
[2025-01-01T21:48:37.871+0000] {processor.py:914} INFO - Processing file /home/airflow/.local/lib/python3.12/site-packages/airflow/example_dags/example_params_ui_tutorial.py for tasks to queue
[2025-01-01T21:48:37.873+0000] {logging_mixin.py:190} INFO - [2025-01-01T21:48:37.872+0000] {dagbag.py:588} INFO - Filling up the DagBag from /home/airflow/.local/lib/python3.12/site-packages/airflow/example_dags/example_params_ui_tutorial.py
[2025-01-01T21:48:37.884+0000] {processor.py:925} INFO - DAG(s) 'example_params_ui_tutorial' retrieved from /home/airflow/.local/lib/python3.12/site-packages/airflow/example_dags/example_params_ui_tutorial.py
[2025-01-01T21:48:38.022+0000] {logging_mixin.py:190} INFO - [2025-01-01T21:48:38.021+0000] {override.py:1911} INFO - Created Permission View: can edit on DAG:example_params_ui_tutorial
[2025-01-01T21:48:38.033+0000] {logging_mixin.py:190} INFO - [2025-01-01T21:48:38.033+0000] {override.py:1911} INFO - Created Permission View: can delete on DAG:example_params_ui_tutorial
[2025-01-01T21:48:38.048+0000] {logging_mixin.py:190} INFO - [2025-01-01T21:48:38.048+0000] {override.py:1911} INFO - Created Permission View: can read on DAG:example_params_ui_tutorial
[2025-01-01T21:48:38.059+0000] {logging_mixin.py:190} INFO - [2025-01-01T21:48:38.058+0000] {override.py:1911} INFO - Created Permission View: can delete on DAG Run:example_params_ui_tutorial
[2025-01-01T21:48:38.067+0000] {logging_mixin.py:190} INFO - [2025-01-01T21:48:38.067+0000] {override.py:1911} INFO - Created Permission View: can read on DAG Run:example_params_ui_tutorial
[2025-01-01T21:48:38.076+0000] {logging_mixin.py:190} INFO - [2025-01-01T21:48:38.076+0000] {override.py:1911} INFO - Created Permission View: can create on DAG Run:example_params_ui_tutorial
[2025-01-01T21:48:38.087+0000] {logging_mixin.py:190} INFO - [2025-01-01T21:48:38.086+0000] {override.py:1911} INFO - Created Permission View: menu access on DAG Run:example_params_ui_tutorial
[2025-01-01T21:48:38.088+0000] {logging_mixin.py:190} INFO - [2025-01-01T21:48:38.087+0000] {dag.py:3239} INFO - Sync 1 DAGs
[2025-01-01T21:48:38.105+0000] {logging_mixin.py:190} INFO - [2025-01-01T21:48:38.105+0000] {dag.py:3262} INFO - Creating ORM DAG for example_params_ui_tutorial
[2025-01-01T21:48:38.106+0000] {logging_mixin.py:190} INFO - [2025-01-01T21:48:38.106+0000] {dag.py:4180} INFO - Setting next_dagrun for example_params_ui_tutorial to None, run_after=None
[2025-01-01T21:48:38.129+0000] {processor.py:208} INFO - Processing /home/airflow/.local/lib/python3.12/site-packages/airflow/example_dags/example_params_ui_tutorial.py took 0.265 seconds
[2025-01-01T21:49:08.589+0000] {processor.py:186} INFO - Started process (PID=134) to work on /home/airflow/.local/lib/python3.12/site-packages/airflow/example_dags/example_params_ui_tutorial.py
[2025-01-01T21:49:08.590+0000] {processor.py:914} INFO - Processing file /home/airflow/.local/lib/python3.12/site-packages/airflow/example_dags/example_params_ui_tutorial.py for tasks to queue
[2025-01-01T21:49:08.592+0000] {logging_mixin.py:190} INFO - [2025-01-01T21:49:08.592+0000] {dagbag.py:588} INFO - Filling up the DagBag from /home/airflow/.local/lib/python3.12/site-packages/airflow/example_dags/example_params_ui_tutorial.py
[2025-01-01T21:49:08.600+0000] {processor.py:925} INFO - DAG(s) 'example_params_ui_tutorial' retrieved from /home/airflow/.local/lib/python3.12/site-packages/airflow/example_dags/example_params_ui_tutorial.py
[2025-01-01T21:49:08.642+0000] {logging_mixin.py:190} INFO - [2025-01-01T21:49:08.641+0000] {dag.py:3239} INFO - Sync 1 DAGs
[2025-01-01T21:49:08.654+0000] {logging_mixin.py:190} INFO - [2025-01-01T21:49:08.654+0000] {dag.py:4180} INFO - Setting next_dagrun for example_params_ui_tutorial to None, run_after=None
[2025-01-01T21:49:08.670+0000] {processor.py:208} INFO - Processing /home/airflow/.local/lib/python3.12/site-packages/airflow/example_dags/example_params_ui_tutorial.py took 0.086 seconds
[2025-01-01T21:49:38.705+0000] {processor.py:186} INFO - Started process (PID=197) to work on /home/airflow/.local/lib/python3.12/site-packages/airflow/example_dags/example_params_ui_tutorial.py
[2025-01-01T21:49:38.706+0000] {processor.py:914} INFO - Processing file /home/airflow/.local/lib/python3.12/site-packages/airflow/example_dags/example_params_ui_tutorial.py for tasks to queue
[2025-01-01T21:49:38.708+0000] {logging_mixin.py:190} INFO - [2025-01-01T21:49:38.708+0000] {dagbag.py:588} INFO - Filling up the DagBag from /home/airflow/.local/lib/python3.12/site-packages/airflow/example_dags/example_params_ui_tutorial.py
[2025-01-01T21:49:38.716+0000] {processor.py:925} INFO - DAG(s) 'example_params_ui_tutorial' retrieved from /home/airflow/.local/lib/python3.12/site-packages/airflow/example_dags/example_params_ui_tutorial.py
[2025-01-01T21:49:38.754+0000] {logging_mixin.py:190} INFO - [2025-01-01T21:49:38.753+0000] {dag.py:3239} INFO - Sync 1 DAGs
[2025-01-01T21:49:38.766+0000] {logging_mixin.py:190} INFO - [2025-01-01T21:49:38.766+0000] {dag.py:4180} INFO - Setting next_dagrun for example_params_ui_tutorial to None, run_after=None
[2025-01-01T21:49:38.782+0000] {processor.py:208} INFO - Processing /home/airflow/.local/lib/python3.12/site-packages/airflow/example_dags/example_params_ui_tutorial.py took 0.082 seconds
[2025-01-01T21:50:08.906+0000] {processor.py:186} INFO - Started process (PID=260) to work on /home/airflow/.local/lib/python3.12/site-packages/airflow/example_dags/example_params_ui_tutorial.py
[2025-01-01T21:50:08.907+0000] {processor.py:914} INFO - Processing file /home/airflow/.local/lib/python3.12/site-packages/airflow/example_dags/example_params_ui_tutorial.py for tasks to queue
[2025-01-01T21:50:08.909+0000] {logging_mixin.py:190} INFO - [2025-01-01T21:50:08.909+0000] {dagbag.py:588} INFO - Filling up the DagBag from /home/airflow/.local/lib/python3.12/site-packages/airflow/example_dags/example_params_ui_tutorial.py
[2025-01-01T21:50:08.917+0000] {processor.py:925} INFO - DAG(s) 'example_params_ui_tutorial' retrieved from /home/airflow/.local/lib/python3.12/site-packages/airflow/example_dags/example_params_ui_tutorial.py
[2025-01-01T21:50:08.959+0000] {logging_mixin.py:190} INFO - [2025-01-01T21:50:08.959+0000] {dag.py:3239} INFO - Sync 1 DAGs
[2025-01-01T21:50:08.974+0000] {logging_mixin.py:190} INFO - [2025-01-01T21:50:08.973+0000] {dag.py:4180} INFO - Setting next_dagrun for example_params_ui_tutorial to None, run_after=None
[2025-01-01T21:50:08.991+0000] {processor.py:208} INFO - Processing /home/airflow/.local/lib/python3.12/site-packages/airflow/example_dags/example_params_ui_tutorial.py took 0.090 seconds
[2025-01-01T21:50:39.678+0000] {processor.py:186} INFO - Started process (PID=330) to work on /home/airflow/.local/lib/python3.12/site-packages/airflow/example_dags/example_params_ui_tutorial.py
[2025-01-01T21:50:39.679+0000] {processor.py:914} INFO - Processing file /home/airflow/.local/lib/python3.12/site-packages/airflow/example_dags/example_params_ui_tutorial.py for tasks to queue
[2025-01-01T21:50:39.682+0000] {logging_mixin.py:190} INFO - [2025-01-01T21:50:39.681+0000] {dagbag.py:588} INFO - Filling up the DagBag from /home/airflow/.local/lib/python3.12/site-packages/airflow/example_dags/example_params_ui_tutorial.py
[2025-01-01T21:50:39.690+0000] {processor.py:925} INFO - DAG(s) 'example_params_ui_tutorial' retrieved from /home/airflow/.local/lib/python3.12/site-packages/airflow/example_dags/example_params_ui_tutorial.py
[2025-01-01T21:50:39.730+0000] {logging_mixin.py:190} INFO - [2025-01-01T21:50:39.730+0000] {dag.py:3239} INFO - Sync 1 DAGs
[2025-01-01T21:50:39.744+0000] {logging_mixin.py:190} INFO - [2025-01-01T21:50:39.744+0000] {dag.py:4180} INFO - Setting next_dagrun for example_params_ui_tutorial to None, run_after=None
[2025-01-01T21:50:39.762+0000] {processor.py:208} INFO - Processing /home/airflow/.local/lib/python3.12/site-packages/airflow/example_dags/example_params_ui_tutorial.py took 0.089 seconds
[2025-01-01T21:51:10.619+0000] {processor.py:186} INFO - Started process (PID=393) to work on /home/airflow/.local/lib/python3.12/site-packages/airflow/example_dags/example_params_ui_tutorial.py
[2025-01-01T21:51:10.620+0000] {processor.py:914} INFO - Processing file /home/airflow/.local/lib/python3.12/site-packages/airflow/example_dags/example_params_ui_tutorial.py for tasks to queue
[2025-01-01T21:51:10.622+0000] {logging_mixin.py:190} INFO - [2025-01-01T21:51:10.622+0000] {dagbag.py:588} INFO - Filling up the DagBag from /home/airflow/.local/lib/python3.12/site-packages/airflow/example_dags/example_params_ui_tutorial.py
[2025-01-01T21:51:10.630+0000] {processor.py:925} INFO - DAG(s) 'example_params_ui_tutorial' retrieved from /home/airflow/.local/lib/python3.12/site-packages/airflow/example_dags/example_params_ui_tutorial.py
[2025-01-01T21:51:10.670+0000] {logging_mixin.py:190} INFO - [2025-01-01T21:51:10.670+0000] {dag.py:3239} INFO - Sync 1 DAGs
[2025-01-01T21:51:10.683+0000] {logging_mixin.py:190} INFO - [2025-01-01T21:51:10.683+0000] {dag.py:4180} INFO - Setting next_dagrun for example_params_ui_tutorial to None, run_after=None
[2025-01-01T21:51:10.699+0000] {processor.py:208} INFO - Processing /home/airflow/.local/lib/python3.12/site-packages/airflow/example_dags/example_params_ui_tutorial.py took 0.085 seconds
[2025-01-01T21:51:41.068+0000] {processor.py:186} INFO - Started process (PID=456) to work on /home/airflow/.local/lib/python3.12/site-packages/airflow/example_dags/example_params_ui_tutorial.py
[2025-01-01T21:51:41.069+0000] {processor.py:914} INFO - Processing file /home/airflow/.local/lib/python3.12/site-packages/airflow/example_dags/example_params_ui_tutorial.py for tasks to queue
[2025-01-01T21:51:41.072+0000] {logging_mixin.py:190} INFO - [2025-01-01T21:51:41.071+0000] {dagbag.py:588} INFO - Filling up the DagBag from /home/airflow/.local/lib/python3.12/site-packages/airflow/example_dags/example_params_ui_tutorial.py
[2025-01-01T21:51:41.082+0000] {processor.py:925} INFO - DAG(s) 'example_params_ui_tutorial' retrieved from /home/airflow/.local/lib/python3.12/site-packages/airflow/example_dags/example_params_ui_tutorial.py
[2025-01-01T21:51:41.132+0000] {logging_mixin.py:190} INFO - [2025-01-01T21:51:41.132+0000] {dag.py:3239} INFO - Sync 1 DAGs
[2025-01-01T21:51:41.146+0000] {logging_mixin.py:190} INFO - [2025-01-01T21:51:41.146+0000] {dag.py:4180} INFO - Setting next_dagrun for example_params_ui_tutorial to None, run_after=None
[2025-01-01T21:51:41.169+0000] {processor.py:208} INFO - Processing /home/airflow/.local/lib/python3.12/site-packages/airflow/example_dags/example_params_ui_tutorial.py took 0.106 seconds
[2025-01-01T21:52:11.262+0000] {processor.py:186} INFO - Started process (PID=519) to work on /home/airflow/.local/lib/python3.12/site-packages/airflow/example_dags/example_params_ui_tutorial.py
[2025-01-01T21:52:11.263+0000] {processor.py:914} INFO - Processing file /home/airflow/.local/lib/python3.12/site-packages/airflow/example_dags/example_params_ui_tutorial.py for tasks to queue
[2025-01-01T21:52:11.265+0000] {logging_mixin.py:190} INFO - [2025-01-01T21:52:11.264+0000] {dagbag.py:588} INFO - Filling up the DagBag from /home/airflow/.local/lib/python3.12/site-packages/airflow/example_dags/example_params_ui_tutorial.py
[2025-01-01T21:52:11.273+0000] {processor.py:925} INFO - DAG(s) 'example_params_ui_tutorial' retrieved from /home/airflow/.local/lib/python3.12/site-packages/airflow/example_dags/example_params_ui_tutorial.py
[2025-01-01T21:52:11.313+0000] {logging_mixin.py:190} INFO - [2025-01-01T21:52:11.313+0000] {dag.py:3239} INFO - Sync 1 DAGs
[2025-01-01T21:52:11.325+0000] {logging_mixin.py:190} INFO - [2025-01-01T21:52:11.325+0000] {dag.py:4180} INFO - Setting next_dagrun for example_params_ui_tutorial to None, run_after=None
[2025-01-01T21:52:11.342+0000] {processor.py:208} INFO - Processing /home/airflow/.local/lib/python3.12/site-packages/airflow/example_dags/example_params_ui_tutorial.py took 0.085 seconds
[2025-01-01T21:52:41.805+0000] {processor.py:186} INFO - Started process (PID=582) to work on /home/airflow/.local/lib/python3.12/site-packages/airflow/example_dags/example_params_ui_tutorial.py
[2025-01-01T21:52:41.806+0000] {processor.py:914} INFO - Processing file /home/airflow/.local/lib/python3.12/site-packages/airflow/example_dags/example_params_ui_tutorial.py for tasks to queue
[2025-01-01T21:52:41.808+0000] {logging_mixin.py:190} INFO - [2025-01-01T21:52:41.808+0000] {dagbag.py:588} INFO - Filling up the DagBag from /home/airflow/.local/lib/python3.12/site-packages/airflow/example_dags/example_params_ui_tutorial.py
[2025-01-01T21:52:41.816+0000] {processor.py:925} INFO - DAG(s) 'example_params_ui_tutorial' retrieved from /home/airflow/.local/lib/python3.12/site-packages/airflow/example_dags/example_params_ui_tutorial.py
[2025-01-01T21:52:41.855+0000] {logging_mixin.py:190} INFO - [2025-01-01T21:52:41.854+0000] {dag.py:3239} INFO - Sync 1 DAGs
[2025-01-01T21:52:41.867+0000] {logging_mixin.py:190} INFO - [2025-01-01T21:52:41.867+0000] {dag.py:4180} INFO - Setting next_dagrun for example_params_ui_tutorial to None, run_after=None
[2025-01-01T21:52:41.882+0000] {processor.py:208} INFO - Processing /home/airflow/.local/lib/python3.12/site-packages/airflow/example_dags/example_params_ui_tutorial.py took 0.083 seconds
[2025-01-01T21:53:12.479+0000] {processor.py:186} INFO - Started process (PID=645) to work on /home/airflow/.local/lib/python3.12/site-packages/airflow/example_dags/example_params_ui_tutorial.py
[2025-01-01T21:53:12.480+0000] {processor.py:914} INFO - Processing file /home/airflow/.local/lib/python3.12/site-packages/airflow/example_dags/example_params_ui_tutorial.py for tasks to queue
[2025-01-01T21:53:12.483+0000] {logging_mixin.py:190} INFO - [2025-01-01T21:53:12.482+0000] {dagbag.py:588} INFO - Filling up the DagBag from /home/airflow/.local/lib/python3.12/site-packages/airflow/example_dags/example_params_ui_tutorial.py
[2025-01-01T21:53:12.490+0000] {processor.py:925} INFO - DAG(s) 'example_params_ui_tutorial' retrieved from /home/airflow/.local/lib/python3.12/site-packages/airflow/example_dags/example_params_ui_tutorial.py
[2025-01-01T21:53:12.529+0000] {logging_mixin.py:190} INFO - [2025-01-01T21:53:12.529+0000] {dag.py:3239} INFO - Sync 1 DAGs
[2025-01-01T21:53:12.541+0000] {logging_mixin.py:190} INFO - [2025-01-01T21:53:12.541+0000] {dag.py:4180} INFO - Setting next_dagrun for example_params_ui_tutorial to None, run_after=None
[2025-01-01T21:53:12.560+0000] {processor.py:208} INFO - Processing /home/airflow/.local/lib/python3.12/site-packages/airflow/example_dags/example_params_ui_tutorial.py took 0.085 seconds
[2025-01-01T21:53:43.563+0000] {processor.py:186} INFO - Started process (PID=708) to work on /home/airflow/.local/lib/python3.12/site-packages/airflow/example_dags/example_params_ui_tutorial.py
[2025-01-01T21:53:43.564+0000] {processor.py:914} INFO - Processing file /home/airflow/.local/lib/python3.12/site-packages/airflow/example_dags/example_params_ui_tutorial.py for tasks to queue
[2025-01-01T21:53:43.566+0000] {logging_mixin.py:190} INFO - [2025-01-01T21:53:43.566+0000] {dagbag.py:588} INFO - Filling up the DagBag from /home/airflow/.local/lib/python3.12/site-packages/airflow/example_dags/example_params_ui_tutorial.py
[2025-01-01T21:53:43.574+0000] {processor.py:925} INFO - DAG(s) 'example_params_ui_tutorial' retrieved from /home/airflow/.local/lib/python3.12/site-packages/airflow/example_dags/example_params_ui_tutorial.py
[2025-01-01T21:53:43.612+0000] {logging_mixin.py:190} INFO - [2025-01-01T21:53:43.611+0000] {dag.py:3239} INFO - Sync 1 DAGs
[2025-01-01T21:53:43.624+0000] {logging_mixin.py:190} INFO - [2025-01-01T21:53:43.624+0000] {dag.py:4180} INFO - Setting next_dagrun for example_params_ui_tutorial to None, run_after=None
[2025-01-01T21:53:43.639+0000] {processor.py:208} INFO - Processing /home/airflow/.local/lib/python3.12/site-packages/airflow/example_dags/example_params_ui_tutorial.py took 0.080 seconds
[2025-01-01T21:54:13.887+0000] {processor.py:186} INFO - Started process (PID=771) to work on /home/airflow/.local/lib/python3.12/site-packages/airflow/example_dags/example_params_ui_tutorial.py
[2025-01-01T21:54:13.888+0000] {processor.py:914} INFO - Processing file /home/airflow/.local/lib/python3.12/site-packages/airflow/example_dags/example_params_ui_tutorial.py for tasks to queue
[2025-01-01T21:54:13.890+0000] {logging_mixin.py:190} INFO - [2025-01-01T21:54:13.889+0000] {dagbag.py:588} INFO - Filling up the DagBag from /home/airflow/.local/lib/python3.12/site-packages/airflow/example_dags/example_params_ui_tutorial.py
[2025-01-01T21:54:13.897+0000] {processor.py:925} INFO - DAG(s) 'example_params_ui_tutorial' retrieved from /home/airflow/.local/lib/python3.12/site-packages/airflow/example_dags/example_params_ui_tutorial.py
[2025-01-01T21:54:13.934+0000] {logging_mixin.py:190} INFO - [2025-01-01T21:54:13.933+0000] {dag.py:3239} INFO - Sync 1 DAGs
[2025-01-01T21:54:13.946+0000] {logging_mixin.py:190} INFO - [2025-01-01T21:54:13.945+0000] {dag.py:4180} INFO - Setting next_dagrun for example_params_ui_tutorial to None, run_after=None
[2025-01-01T21:54:13.962+0000] {processor.py:208} INFO - Processing /home/airflow/.local/lib/python3.12/site-packages/airflow/example_dags/example_params_ui_tutorial.py took 0.079 seconds
[2025-01-01T21:54:44.419+0000] {processor.py:186} INFO - Started process (PID=834) to work on /home/airflow/.local/lib/python3.12/site-packages/airflow/example_dags/example_params_ui_tutorial.py
[2025-01-01T21:54:44.420+0000] {processor.py:914} INFO - Processing file /home/airflow/.local/lib/python3.12/site-packages/airflow/example_dags/example_params_ui_tutorial.py for tasks to queue
[2025-01-01T21:54:44.421+0000] {logging_mixin.py:190} INFO - [2025-01-01T21:54:44.421+0000] {dagbag.py:588} INFO - Filling up the DagBag from /home/airflow/.local/lib/python3.12/site-packages/airflow/example_dags/example_params_ui_tutorial.py
[2025-01-01T21:54:44.429+0000] {processor.py:925} INFO - DAG(s) 'example_params_ui_tutorial' retrieved from /home/airflow/.local/lib/python3.12/site-packages/airflow/example_dags/example_params_ui_tutorial.py
[2025-01-01T21:54:44.470+0000] {logging_mixin.py:190} INFO - [2025-01-01T21:54:44.470+0000] {dag.py:3239} INFO - Sync 1 DAGs
[2025-01-01T21:54:44.483+0000] {logging_mixin.py:190} INFO - [2025-01-01T21:54:44.482+0000] {dag.py:4180} INFO - Setting next_dagrun for example_params_ui_tutorial to None, run_after=None
[2025-01-01T21:54:44.498+0000] {processor.py:208} INFO - Processing /home/airflow/.local/lib/python3.12/site-packages/airflow/example_dags/example_params_ui_tutorial.py took 0.084 seconds
[2025-01-01T21:55:14.621+0000] {processor.py:186} INFO - Started process (PID=897) to work on /home/airflow/.local/lib/python3.12/site-packages/airflow/example_dags/example_params_ui_tutorial.py
[2025-01-01T21:55:14.622+0000] {processor.py:914} INFO - Processing file /home/airflow/.local/lib/python3.12/site-packages/airflow/example_dags/example_params_ui_tutorial.py for tasks to queue
[2025-01-01T21:55:14.624+0000] {logging_mixin.py:190} INFO - [2025-01-01T21:55:14.624+0000] {dagbag.py:588} INFO - Filling up the DagBag from /home/airflow/.local/lib/python3.12/site-packages/airflow/example_dags/example_params_ui_tutorial.py
[2025-01-01T21:55:14.633+0000] {processor.py:925} INFO - DAG(s) 'example_params_ui_tutorial' retrieved from /home/airflow/.local/lib/python3.12/site-packages/airflow/example_dags/example_params_ui_tutorial.py
[2025-01-01T21:55:14.681+0000] {logging_mixin.py:190} INFO - [2025-01-01T21:55:14.681+0000] {dag.py:3239} INFO - Sync 1 DAGs
[2025-01-01T21:55:14.694+0000] {logging_mixin.py:190} INFO - [2025-01-01T21:55:14.694+0000] {dag.py:4180} INFO - Setting next_dagrun for example_params_ui_tutorial to None, run_after=None
[2025-01-01T21:55:14.715+0000] {processor.py:208} INFO - Processing /home/airflow/.local/lib/python3.12/site-packages/airflow/example_dags/example_params_ui_tutorial.py took 0.102 seconds
[2025-01-01T21:55:44.934+0000] {processor.py:186} INFO - Started process (PID=960) to work on /home/airflow/.local/lib/python3.12/site-packages/airflow/example_dags/example_params_ui_tutorial.py
[2025-01-01T21:55:44.935+0000] {processor.py:914} INFO - Processing file /home/airflow/.local/lib/python3.12/site-packages/airflow/example_dags/example_params_ui_tutorial.py for tasks to queue
[2025-01-01T21:55:44.937+0000] {logging_mixin.py:190} INFO - [2025-01-01T21:55:44.936+0000] {dagbag.py:588} INFO - Filling up the DagBag from /home/airflow/.local/lib/python3.12/site-packages/airflow/example_dags/example_params_ui_tutorial.py
[2025-01-01T21:55:44.944+0000] {processor.py:925} INFO - DAG(s) 'example_params_ui_tutorial' retrieved from /home/airflow/.local/lib/python3.12/site-packages/airflow/example_dags/example_params_ui_tutorial.py
[2025-01-01T21:55:44.982+0000] {logging_mixin.py:190} INFO - [2025-01-01T21:55:44.982+0000] {dag.py:3239} INFO - Sync 1 DAGs
[2025-01-01T21:55:44.994+0000] {logging_mixin.py:190} INFO - [2025-01-01T21:55:44.994+0000] {dag.py:4180} INFO - Setting next_dagrun for example_params_ui_tutorial to None, run_after=None
[2025-01-01T21:55:45.010+0000] {processor.py:208} INFO - Processing /home/airflow/.local/lib/python3.12/site-packages/airflow/example_dags/example_params_ui_tutorial.py took 0.081 seconds
[2025-01-01T21:56:15.949+0000] {processor.py:186} INFO - Started process (PID=1023) to work on /home/airflow/.local/lib/python3.12/site-packages/airflow/example_dags/example_params_ui_tutorial.py
[2025-01-01T21:56:15.950+0000] {processor.py:914} INFO - Processing file /home/airflow/.local/lib/python3.12/site-packages/airflow/example_dags/example_params_ui_tutorial.py for tasks to queue
[2025-01-01T21:56:15.952+0000] {logging_mixin.py:190} INFO - [2025-01-01T21:56:15.952+0000] {dagbag.py:588} INFO - Filling up the DagBag from /home/airflow/.local/lib/python3.12/site-packages/airflow/example_dags/example_params_ui_tutorial.py
[2025-01-01T21:56:15.960+0000] {processor.py:925} INFO - DAG(s) 'example_params_ui_tutorial' retrieved from /home/airflow/.local/lib/python3.12/site-packages/airflow/example_dags/example_params_ui_tutorial.py
[2025-01-01T21:56:16.002+0000] {logging_mixin.py:190} INFO - [2025-01-01T21:56:16.002+0000] {dag.py:3239} INFO - Sync 1 DAGs
[2025-01-01T21:56:16.019+0000] {logging_mixin.py:190} INFO - [2025-01-01T21:56:16.019+0000] {dag.py:4180} INFO - Setting next_dagrun for example_params_ui_tutorial to None, run_after=None
[2025-01-01T21:56:16.038+0000] {processor.py:208} INFO - Processing /home/airflow/.local/lib/python3.12/site-packages/airflow/example_dags/example_params_ui_tutorial.py took 0.094 seconds
[2025-01-01T21:56:46.872+0000] {processor.py:186} INFO - Started process (PID=1086) to work on /home/airflow/.local/lib/python3.12/site-packages/airflow/example_dags/example_params_ui_tutorial.py
[2025-01-01T21:56:46.873+0000] {processor.py:914} INFO - Processing file /home/airflow/.local/lib/python3.12/site-packages/airflow/example_dags/example_params_ui_tutorial.py for tasks to queue
[2025-01-01T21:56:46.875+0000] {logging_mixin.py:190} INFO - [2025-01-01T21:56:46.875+0000] {dagbag.py:588} INFO - Filling up the DagBag from /home/airflow/.local/lib/python3.12/site-packages/airflow/example_dags/example_params_ui_tutorial.py
[2025-01-01T21:56:46.883+0000] {processor.py:925} INFO - DAG(s) 'example_params_ui_tutorial' retrieved from /home/airflow/.local/lib/python3.12/site-packages/airflow/example_dags/example_params_ui_tutorial.py
[2025-01-01T21:56:46.925+0000] {logging_mixin.py:190} INFO - [2025-01-01T21:56:46.925+0000] {dag.py:3239} INFO - Sync 1 DAGs
[2025-01-01T21:56:46.938+0000] {logging_mixin.py:190} INFO - [2025-01-01T21:56:46.938+0000] {dag.py:4180} INFO - Setting next_dagrun for example_params_ui_tutorial to None, run_after=None
[2025-01-01T21:56:46.956+0000] {processor.py:208} INFO - Processing /home/airflow/.local/lib/python3.12/site-packages/airflow/example_dags/example_params_ui_tutorial.py took 0.089 seconds
[2025-01-01T21:57:17.677+0000] {processor.py:186} INFO - Started process (PID=1149) to work on /home/airflow/.local/lib/python3.12/site-packages/airflow/example_dags/example_params_ui_tutorial.py
[2025-01-01T21:57:17.678+0000] {processor.py:914} INFO - Processing file /home/airflow/.local/lib/python3.12/site-packages/airflow/example_dags/example_params_ui_tutorial.py for tasks to queue
[2025-01-01T21:57:17.680+0000] {logging_mixin.py:190} INFO - [2025-01-01T21:57:17.680+0000] {dagbag.py:588} INFO - Filling up the DagBag from /home/airflow/.local/lib/python3.12/site-packages/airflow/example_dags/example_params_ui_tutorial.py
[2025-01-01T21:57:17.688+0000] {processor.py:925} INFO - DAG(s) 'example_params_ui_tutorial' retrieved from /home/airflow/.local/lib/python3.12/site-packages/airflow/example_dags/example_params_ui_tutorial.py
[2025-01-01T21:57:17.730+0000] {logging_mixin.py:190} INFO - [2025-01-01T21:57:17.729+0000] {dag.py:3239} INFO - Sync 1 DAGs
[2025-01-01T21:57:17.742+0000] {logging_mixin.py:190} INFO - [2025-01-01T21:57:17.742+0000] {dag.py:4180} INFO - Setting next_dagrun for example_params_ui_tutorial to None, run_after=None
[2025-01-01T21:57:17.759+0000] {processor.py:208} INFO - Processing /home/airflow/.local/lib/python3.12/site-packages/airflow/example_dags/example_params_ui_tutorial.py took 0.087 seconds
[2025-01-01T21:57:48.527+0000] {processor.py:186} INFO - Started process (PID=1212) to work on /home/airflow/.local/lib/python3.12/site-packages/airflow/example_dags/example_params_ui_tutorial.py
[2025-01-01T21:57:48.528+0000] {processor.py:914} INFO - Processing file /home/airflow/.local/lib/python3.12/site-packages/airflow/example_dags/example_params_ui_tutorial.py for tasks to queue
[2025-01-01T21:57:48.530+0000] {logging_mixin.py:190} INFO - [2025-01-01T21:57:48.530+0000] {dagbag.py:588} INFO - Filling up the DagBag from /home/airflow/.local/lib/python3.12/site-packages/airflow/example_dags/example_params_ui_tutorial.py
[2025-01-01T21:57:48.538+0000] {processor.py:925} INFO - DAG(s) 'example_params_ui_tutorial' retrieved from /home/airflow/.local/lib/python3.12/site-packages/airflow/example_dags/example_params_ui_tutorial.py
[2025-01-01T21:57:48.583+0000] {logging_mixin.py:190} INFO - [2025-01-01T21:57:48.582+0000] {dag.py:3239} INFO - Sync 1 DAGs
[2025-01-01T21:57:48.598+0000] {logging_mixin.py:190} INFO - [2025-01-01T21:57:48.598+0000] {dag.py:4180} INFO - Setting next_dagrun for example_params_ui_tutorial to None, run_after=None
[2025-01-01T21:57:48.614+0000] {processor.py:208} INFO - Processing /home/airflow/.local/lib/python3.12/site-packages/airflow/example_dags/example_params_ui_tutorial.py took 0.091 seconds
[2025-01-01T21:58:19.029+0000] {processor.py:186} INFO - Started process (PID=1275) to work on /home/airflow/.local/lib/python3.12/site-packages/airflow/example_dags/example_params_ui_tutorial.py
[2025-01-01T21:58:19.030+0000] {processor.py:914} INFO - Processing file /home/airflow/.local/lib/python3.12/site-packages/airflow/example_dags/example_params_ui_tutorial.py for tasks to queue
[2025-01-01T21:58:19.033+0000] {logging_mixin.py:190} INFO - [2025-01-01T21:58:19.033+0000] {dagbag.py:588} INFO - Filling up the DagBag from /home/airflow/.local/lib/python3.12/site-packages/airflow/example_dags/example_params_ui_tutorial.py
[2025-01-01T21:58:19.043+0000] {processor.py:925} INFO - DAG(s) 'example_params_ui_tutorial' retrieved from /home/airflow/.local/lib/python3.12/site-packages/airflow/example_dags/example_params_ui_tutorial.py
[2025-01-01T21:58:19.082+0000] {logging_mixin.py:190} INFO - [2025-01-01T21:58:19.081+0000] {dag.py:3239} INFO - Sync 1 DAGs
[2025-01-01T21:58:19.094+0000] {logging_mixin.py:190} INFO - [2025-01-01T21:58:19.094+0000] {dag.py:4180} INFO - Setting next_dagrun for example_params_ui_tutorial to None, run_after=None
[2025-01-01T21:58:19.112+0000] {processor.py:208} INFO - Processing /home/airflow/.local/lib/python3.12/site-packages/airflow/example_dags/example_params_ui_tutorial.py took 0.088 seconds
[2025-01-01T21:58:49.923+0000] {processor.py:186} INFO - Started process (PID=1338) to work on /home/airflow/.local/lib/python3.12/site-packages/airflow/example_dags/example_params_ui_tutorial.py
[2025-01-01T21:58:49.924+0000] {processor.py:914} INFO - Processing file /home/airflow/.local/lib/python3.12/site-packages/airflow/example_dags/example_params_ui_tutorial.py for tasks to queue
[2025-01-01T21:58:49.925+0000] {logging_mixin.py:190} INFO - [2025-01-01T21:58:49.925+0000] {dagbag.py:588} INFO - Filling up the DagBag from /home/airflow/.local/lib/python3.12/site-packages/airflow/example_dags/example_params_ui_tutorial.py
[2025-01-01T21:58:49.933+0000] {processor.py:925} INFO - DAG(s) 'example_params_ui_tutorial' retrieved from /home/airflow/.local/lib/python3.12/site-packages/airflow/example_dags/example_params_ui_tutorial.py
[2025-01-01T21:58:49.972+0000] {logging_mixin.py:190} INFO - [2025-01-01T21:58:49.971+0000] {dag.py:3239} INFO - Sync 1 DAGs
[2025-01-01T21:58:49.985+0000] {logging_mixin.py:190} INFO - [2025-01-01T21:58:49.985+0000] {dag.py:4180} INFO - Setting next_dagrun for example_params_ui_tutorial to None, run_after=None
[2025-01-01T21:58:50.001+0000] {processor.py:208} INFO - Processing /home/airflow/.local/lib/python3.12/site-packages/airflow/example_dags/example_params_ui_tutorial.py took 0.083 seconds
