[2025-01-01T21:48:39.127+0000] {processor.py:186} INFO - Started process (PID=85) to work on /home/airflow/.local/lib/python3.12/site-packages/airflow/example_dags/example_task_group_decorator.py
[2025-01-01T21:48:39.128+0000] {processor.py:914} INFO - Processing file /home/airflow/.local/lib/python3.12/site-packages/airflow/example_dags/example_task_group_decorator.py for tasks to queue
[2025-01-01T21:48:39.131+0000] {logging_mixin.py:190} INFO - [2025-01-01T21:48:39.130+0000] {dagbag.py:588} INFO - Filling up the DagBag from /home/airflow/.local/lib/python3.12/site-packages/airflow/example_dags/example_task_group_decorator.py
[2025-01-01T21:48:39.150+0000] {processor.py:925} INFO - DAG(s) 'example_task_group_decorator' retrieved from /home/airflow/.local/lib/python3.12/site-packages/airflow/example_dags/example_task_group_decorator.py
[2025-01-01T21:48:39.265+0000] {logging_mixin.py:190} INFO - [2025-01-01T21:48:39.264+0000] {override.py:1911} INFO - Created Permission View: can edit on DAG:example_task_group_decorator
[2025-01-01T21:48:39.273+0000] {logging_mixin.py:190} INFO - [2025-01-01T21:48:39.273+0000] {override.py:1911} INFO - Created Permission View: can delete on DAG:example_task_group_decorator
[2025-01-01T21:48:39.280+0000] {logging_mixin.py:190} INFO - [2025-01-01T21:48:39.280+0000] {override.py:1911} INFO - Created Permission View: can read on DAG:example_task_group_decorator
[2025-01-01T21:48:39.287+0000] {logging_mixin.py:190} INFO - [2025-01-01T21:48:39.287+0000] {override.py:1911} INFO - Created Permission View: can delete on DAG Run:example_task_group_decorator
[2025-01-01T21:48:39.293+0000] {logging_mixin.py:190} INFO - [2025-01-01T21:48:39.293+0000] {override.py:1911} INFO - Created Permission View: can read on DAG Run:example_task_group_decorator
[2025-01-01T21:48:39.300+0000] {logging_mixin.py:190} INFO - [2025-01-01T21:48:39.300+0000] {override.py:1911} INFO - Created Permission View: can create on DAG Run:example_task_group_decorator
[2025-01-01T21:48:39.306+0000] {logging_mixin.py:190} INFO - [2025-01-01T21:48:39.306+0000] {override.py:1911} INFO - Created Permission View: menu access on DAG Run:example_task_group_decorator
[2025-01-01T21:48:39.306+0000] {logging_mixin.py:190} INFO - [2025-01-01T21:48:39.306+0000] {dag.py:3239} INFO - Sync 1 DAGs
[2025-01-01T21:48:39.319+0000] {logging_mixin.py:190} INFO - [2025-01-01T21:48:39.318+0000] {dag.py:3262} INFO - Creating ORM DAG for example_task_group_decorator
[2025-01-01T21:48:39.319+0000] {logging_mixin.py:190} INFO - [2025-01-01T21:48:39.319+0000] {dag.py:4180} INFO - Setting next_dagrun for example_task_group_decorator to None, run_after=None
[2025-01-01T21:48:39.335+0000] {processor.py:208} INFO - Processing /home/airflow/.local/lib/python3.12/site-packages/airflow/example_dags/example_task_group_decorator.py took 0.214 seconds
[2025-01-01T21:49:09.929+0000] {processor.py:186} INFO - Started process (PID=147) to work on /home/airflow/.local/lib/python3.12/site-packages/airflow/example_dags/example_task_group_decorator.py
[2025-01-01T21:49:09.930+0000] {processor.py:914} INFO - Processing file /home/airflow/.local/lib/python3.12/site-packages/airflow/example_dags/example_task_group_decorator.py for tasks to queue
[2025-01-01T21:49:09.931+0000] {logging_mixin.py:190} INFO - [2025-01-01T21:49:09.931+0000] {dagbag.py:588} INFO - Filling up the DagBag from /home/airflow/.local/lib/python3.12/site-packages/airflow/example_dags/example_task_group_decorator.py
[2025-01-01T21:49:09.945+0000] {processor.py:925} INFO - DAG(s) 'example_task_group_decorator' retrieved from /home/airflow/.local/lib/python3.12/site-packages/airflow/example_dags/example_task_group_decorator.py
[2025-01-01T21:49:09.967+0000] {logging_mixin.py:190} INFO - [2025-01-01T21:49:09.967+0000] {dag.py:3239} INFO - Sync 1 DAGs
[2025-01-01T21:49:09.980+0000] {logging_mixin.py:190} INFO - [2025-01-01T21:49:09.980+0000] {dag.py:4180} INFO - Setting next_dagrun for example_task_group_decorator to None, run_after=None
[2025-01-01T21:49:09.998+0000] {processor.py:208} INFO - Processing /home/airflow/.local/lib/python3.12/site-packages/airflow/example_dags/example_task_group_decorator.py took 0.073 seconds
[2025-01-01T21:49:40.069+0000] {processor.py:186} INFO - Started process (PID=210) to work on /home/airflow/.local/lib/python3.12/site-packages/airflow/example_dags/example_task_group_decorator.py
[2025-01-01T21:49:40.070+0000] {processor.py:914} INFO - Processing file /home/airflow/.local/lib/python3.12/site-packages/airflow/example_dags/example_task_group_decorator.py for tasks to queue
[2025-01-01T21:49:40.072+0000] {logging_mixin.py:190} INFO - [2025-01-01T21:49:40.072+0000] {dagbag.py:588} INFO - Filling up the DagBag from /home/airflow/.local/lib/python3.12/site-packages/airflow/example_dags/example_task_group_decorator.py
[2025-01-01T21:49:40.085+0000] {processor.py:925} INFO - DAG(s) 'example_task_group_decorator' retrieved from /home/airflow/.local/lib/python3.12/site-packages/airflow/example_dags/example_task_group_decorator.py
[2025-01-01T21:49:40.106+0000] {logging_mixin.py:190} INFO - [2025-01-01T21:49:40.106+0000] {dag.py:3239} INFO - Sync 1 DAGs
[2025-01-01T21:49:40.118+0000] {logging_mixin.py:190} INFO - [2025-01-01T21:49:40.118+0000] {dag.py:4180} INFO - Setting next_dagrun for example_task_group_decorator to None, run_after=None
[2025-01-01T21:49:40.133+0000] {processor.py:208} INFO - Processing /home/airflow/.local/lib/python3.12/site-packages/airflow/example_dags/example_task_group_decorator.py took 0.068 seconds
[2025-01-01T21:50:10.271+0000] {processor.py:186} INFO - Started process (PID=273) to work on /home/airflow/.local/lib/python3.12/site-packages/airflow/example_dags/example_task_group_decorator.py
[2025-01-01T21:50:10.272+0000] {processor.py:914} INFO - Processing file /home/airflow/.local/lib/python3.12/site-packages/airflow/example_dags/example_task_group_decorator.py for tasks to queue
[2025-01-01T21:50:10.274+0000] {logging_mixin.py:190} INFO - [2025-01-01T21:50:10.274+0000] {dagbag.py:588} INFO - Filling up the DagBag from /home/airflow/.local/lib/python3.12/site-packages/airflow/example_dags/example_task_group_decorator.py
[2025-01-01T21:50:10.286+0000] {processor.py:925} INFO - DAG(s) 'example_task_group_decorator' retrieved from /home/airflow/.local/lib/python3.12/site-packages/airflow/example_dags/example_task_group_decorator.py
[2025-01-01T21:50:10.308+0000] {logging_mixin.py:190} INFO - [2025-01-01T21:50:10.307+0000] {dag.py:3239} INFO - Sync 1 DAGs
[2025-01-01T21:50:10.320+0000] {logging_mixin.py:190} INFO - [2025-01-01T21:50:10.320+0000] {dag.py:4180} INFO - Setting next_dagrun for example_task_group_decorator to None, run_after=None
[2025-01-01T21:50:10.337+0000] {processor.py:208} INFO - Processing /home/airflow/.local/lib/python3.12/site-packages/airflow/example_dags/example_task_group_decorator.py took 0.070 seconds
[2025-01-01T21:50:41.033+0000] {processor.py:186} INFO - Started process (PID=337) to work on /home/airflow/.local/lib/python3.12/site-packages/airflow/example_dags/example_task_group_decorator.py
[2025-01-01T21:50:41.034+0000] {processor.py:914} INFO - Processing file /home/airflow/.local/lib/python3.12/site-packages/airflow/example_dags/example_task_group_decorator.py for tasks to queue
[2025-01-01T21:50:41.037+0000] {logging_mixin.py:190} INFO - [2025-01-01T21:50:41.036+0000] {dagbag.py:588} INFO - Filling up the DagBag from /home/airflow/.local/lib/python3.12/site-packages/airflow/example_dags/example_task_group_decorator.py
[2025-01-01T21:50:41.051+0000] {processor.py:925} INFO - DAG(s) 'example_task_group_decorator' retrieved from /home/airflow/.local/lib/python3.12/site-packages/airflow/example_dags/example_task_group_decorator.py
[2025-01-01T21:50:41.079+0000] {logging_mixin.py:190} INFO - [2025-01-01T21:50:41.079+0000] {dag.py:3239} INFO - Sync 1 DAGs
[2025-01-01T21:50:41.097+0000] {logging_mixin.py:190} INFO - [2025-01-01T21:50:41.097+0000] {dag.py:4180} INFO - Setting next_dagrun for example_task_group_decorator to None, run_after=None
[2025-01-01T21:50:41.120+0000] {processor.py:208} INFO - Processing /home/airflow/.local/lib/python3.12/site-packages/airflow/example_dags/example_task_group_decorator.py took 0.093 seconds
[2025-01-01T21:51:11.891+0000] {processor.py:186} INFO - Started process (PID=400) to work on /home/airflow/.local/lib/python3.12/site-packages/airflow/example_dags/example_task_group_decorator.py
[2025-01-01T21:51:11.892+0000] {processor.py:914} INFO - Processing file /home/airflow/.local/lib/python3.12/site-packages/airflow/example_dags/example_task_group_decorator.py for tasks to queue
[2025-01-01T21:51:11.893+0000] {logging_mixin.py:190} INFO - [2025-01-01T21:51:11.893+0000] {dagbag.py:588} INFO - Filling up the DagBag from /home/airflow/.local/lib/python3.12/site-packages/airflow/example_dags/example_task_group_decorator.py
[2025-01-01T21:51:11.906+0000] {processor.py:925} INFO - DAG(s) 'example_task_group_decorator' retrieved from /home/airflow/.local/lib/python3.12/site-packages/airflow/example_dags/example_task_group_decorator.py
[2025-01-01T21:51:11.927+0000] {logging_mixin.py:190} INFO - [2025-01-01T21:51:11.927+0000] {dag.py:3239} INFO - Sync 1 DAGs
[2025-01-01T21:51:11.940+0000] {logging_mixin.py:190} INFO - [2025-01-01T21:51:11.940+0000] {dag.py:4180} INFO - Setting next_dagrun for example_task_group_decorator to None, run_after=None
[2025-01-01T21:51:11.955+0000] {processor.py:208} INFO - Processing /home/airflow/.local/lib/python3.12/site-packages/airflow/example_dags/example_task_group_decorator.py took 0.068 seconds
[2025-01-01T21:51:42.412+0000] {processor.py:186} INFO - Started process (PID=463) to work on /home/airflow/.local/lib/python3.12/site-packages/airflow/example_dags/example_task_group_decorator.py
[2025-01-01T21:51:42.413+0000] {processor.py:914} INFO - Processing file /home/airflow/.local/lib/python3.12/site-packages/airflow/example_dags/example_task_group_decorator.py for tasks to queue
[2025-01-01T21:51:42.414+0000] {logging_mixin.py:190} INFO - [2025-01-01T21:51:42.414+0000] {dagbag.py:588} INFO - Filling up the DagBag from /home/airflow/.local/lib/python3.12/site-packages/airflow/example_dags/example_task_group_decorator.py
[2025-01-01T21:51:42.428+0000] {processor.py:925} INFO - DAG(s) 'example_task_group_decorator' retrieved from /home/airflow/.local/lib/python3.12/site-packages/airflow/example_dags/example_task_group_decorator.py
[2025-01-01T21:51:42.450+0000] {logging_mixin.py:190} INFO - [2025-01-01T21:51:42.450+0000] {dag.py:3239} INFO - Sync 1 DAGs
[2025-01-01T21:51:42.461+0000] {logging_mixin.py:190} INFO - [2025-01-01T21:51:42.461+0000] {dag.py:4180} INFO - Setting next_dagrun for example_task_group_decorator to None, run_after=None
[2025-01-01T21:51:42.476+0000] {processor.py:208} INFO - Processing /home/airflow/.local/lib/python3.12/site-packages/airflow/example_dags/example_task_group_decorator.py took 0.069 seconds
[2025-01-01T21:52:12.531+0000] {processor.py:186} INFO - Started process (PID=526) to work on /home/airflow/.local/lib/python3.12/site-packages/airflow/example_dags/example_task_group_decorator.py
[2025-01-01T21:52:12.532+0000] {processor.py:914} INFO - Processing file /home/airflow/.local/lib/python3.12/site-packages/airflow/example_dags/example_task_group_decorator.py for tasks to queue
[2025-01-01T21:52:12.535+0000] {logging_mixin.py:190} INFO - [2025-01-01T21:52:12.534+0000] {dagbag.py:588} INFO - Filling up the DagBag from /home/airflow/.local/lib/python3.12/site-packages/airflow/example_dags/example_task_group_decorator.py
[2025-01-01T21:52:12.548+0000] {processor.py:925} INFO - DAG(s) 'example_task_group_decorator' retrieved from /home/airflow/.local/lib/python3.12/site-packages/airflow/example_dags/example_task_group_decorator.py
[2025-01-01T21:52:12.569+0000] {logging_mixin.py:190} INFO - [2025-01-01T21:52:12.569+0000] {dag.py:3239} INFO - Sync 1 DAGs
[2025-01-01T21:52:12.581+0000] {logging_mixin.py:190} INFO - [2025-01-01T21:52:12.580+0000] {dag.py:4180} INFO - Setting next_dagrun for example_task_group_decorator to None, run_after=None
[2025-01-01T21:52:12.603+0000] {processor.py:208} INFO - Processing /home/airflow/.local/lib/python3.12/site-packages/airflow/example_dags/example_task_group_decorator.py took 0.076 seconds
[2025-01-01T21:52:43.148+0000] {processor.py:186} INFO - Started process (PID=589) to work on /home/airflow/.local/lib/python3.12/site-packages/airflow/example_dags/example_task_group_decorator.py
[2025-01-01T21:52:43.149+0000] {processor.py:914} INFO - Processing file /home/airflow/.local/lib/python3.12/site-packages/airflow/example_dags/example_task_group_decorator.py for tasks to queue
[2025-01-01T21:52:43.151+0000] {logging_mixin.py:190} INFO - [2025-01-01T21:52:43.151+0000] {dagbag.py:588} INFO - Filling up the DagBag from /home/airflow/.local/lib/python3.12/site-packages/airflow/example_dags/example_task_group_decorator.py
[2025-01-01T21:52:43.164+0000] {processor.py:925} INFO - DAG(s) 'example_task_group_decorator' retrieved from /home/airflow/.local/lib/python3.12/site-packages/airflow/example_dags/example_task_group_decorator.py
[2025-01-01T21:52:43.186+0000] {logging_mixin.py:190} INFO - [2025-01-01T21:52:43.186+0000] {dag.py:3239} INFO - Sync 1 DAGs
[2025-01-01T21:52:43.198+0000] {logging_mixin.py:190} INFO - [2025-01-01T21:52:43.197+0000] {dag.py:4180} INFO - Setting next_dagrun for example_task_group_decorator to None, run_after=None
[2025-01-01T21:52:43.213+0000] {processor.py:208} INFO - Processing /home/airflow/.local/lib/python3.12/site-packages/airflow/example_dags/example_task_group_decorator.py took 0.070 seconds
[2025-01-01T21:53:13.839+0000] {processor.py:186} INFO - Started process (PID=652) to work on /home/airflow/.local/lib/python3.12/site-packages/airflow/example_dags/example_task_group_decorator.py
[2025-01-01T21:53:13.840+0000] {processor.py:914} INFO - Processing file /home/airflow/.local/lib/python3.12/site-packages/airflow/example_dags/example_task_group_decorator.py for tasks to queue
[2025-01-01T21:53:13.841+0000] {logging_mixin.py:190} INFO - [2025-01-01T21:53:13.841+0000] {dagbag.py:588} INFO - Filling up the DagBag from /home/airflow/.local/lib/python3.12/site-packages/airflow/example_dags/example_task_group_decorator.py
[2025-01-01T21:53:13.853+0000] {processor.py:925} INFO - DAG(s) 'example_task_group_decorator' retrieved from /home/airflow/.local/lib/python3.12/site-packages/airflow/example_dags/example_task_group_decorator.py
[2025-01-01T21:53:13.874+0000] {logging_mixin.py:190} INFO - [2025-01-01T21:53:13.874+0000] {dag.py:3239} INFO - Sync 1 DAGs
[2025-01-01T21:53:13.887+0000] {logging_mixin.py:190} INFO - [2025-01-01T21:53:13.887+0000] {dag.py:4180} INFO - Setting next_dagrun for example_task_group_decorator to None, run_after=None
[2025-01-01T21:53:13.903+0000] {processor.py:208} INFO - Processing /home/airflow/.local/lib/python3.12/site-packages/airflow/example_dags/example_task_group_decorator.py took 0.068 seconds
[2025-01-01T21:53:44.900+0000] {processor.py:186} INFO - Started process (PID=715) to work on /home/airflow/.local/lib/python3.12/site-packages/airflow/example_dags/example_task_group_decorator.py
[2025-01-01T21:53:44.901+0000] {processor.py:914} INFO - Processing file /home/airflow/.local/lib/python3.12/site-packages/airflow/example_dags/example_task_group_decorator.py for tasks to queue
[2025-01-01T21:53:44.903+0000] {logging_mixin.py:190} INFO - [2025-01-01T21:53:44.903+0000] {dagbag.py:588} INFO - Filling up the DagBag from /home/airflow/.local/lib/python3.12/site-packages/airflow/example_dags/example_task_group_decorator.py
[2025-01-01T21:53:44.915+0000] {processor.py:925} INFO - DAG(s) 'example_task_group_decorator' retrieved from /home/airflow/.local/lib/python3.12/site-packages/airflow/example_dags/example_task_group_decorator.py
[2025-01-01T21:53:44.936+0000] {logging_mixin.py:190} INFO - [2025-01-01T21:53:44.936+0000] {dag.py:3239} INFO - Sync 1 DAGs
[2025-01-01T21:53:44.948+0000] {logging_mixin.py:190} INFO - [2025-01-01T21:53:44.948+0000] {dag.py:4180} INFO - Setting next_dagrun for example_task_group_decorator to None, run_after=None
[2025-01-01T21:53:44.963+0000] {processor.py:208} INFO - Processing /home/airflow/.local/lib/python3.12/site-packages/airflow/example_dags/example_task_group_decorator.py took 0.066 seconds
[2025-01-01T21:54:15.260+0000] {processor.py:186} INFO - Started process (PID=778) to work on /home/airflow/.local/lib/python3.12/site-packages/airflow/example_dags/example_task_group_decorator.py
[2025-01-01T21:54:15.261+0000] {processor.py:914} INFO - Processing file /home/airflow/.local/lib/python3.12/site-packages/airflow/example_dags/example_task_group_decorator.py for tasks to queue
[2025-01-01T21:54:15.262+0000] {logging_mixin.py:190} INFO - [2025-01-01T21:54:15.262+0000] {dagbag.py:588} INFO - Filling up the DagBag from /home/airflow/.local/lib/python3.12/site-packages/airflow/example_dags/example_task_group_decorator.py
[2025-01-01T21:54:15.275+0000] {processor.py:925} INFO - DAG(s) 'example_task_group_decorator' retrieved from /home/airflow/.local/lib/python3.12/site-packages/airflow/example_dags/example_task_group_decorator.py
[2025-01-01T21:54:15.295+0000] {logging_mixin.py:190} INFO - [2025-01-01T21:54:15.295+0000] {dag.py:3239} INFO - Sync 1 DAGs
[2025-01-01T21:54:15.308+0000] {logging_mixin.py:190} INFO - [2025-01-01T21:54:15.307+0000] {dag.py:4180} INFO - Setting next_dagrun for example_task_group_decorator to None, run_after=None
[2025-01-01T21:54:15.322+0000] {processor.py:208} INFO - Processing /home/airflow/.local/lib/python3.12/site-packages/airflow/example_dags/example_task_group_decorator.py took 0.067 seconds
[2025-01-01T21:54:45.797+0000] {processor.py:186} INFO - Started process (PID=841) to work on /home/airflow/.local/lib/python3.12/site-packages/airflow/example_dags/example_task_group_decorator.py
[2025-01-01T21:54:45.798+0000] {processor.py:914} INFO - Processing file /home/airflow/.local/lib/python3.12/site-packages/airflow/example_dags/example_task_group_decorator.py for tasks to queue
[2025-01-01T21:54:45.800+0000] {logging_mixin.py:190} INFO - [2025-01-01T21:54:45.800+0000] {dagbag.py:588} INFO - Filling up the DagBag from /home/airflow/.local/lib/python3.12/site-packages/airflow/example_dags/example_task_group_decorator.py
[2025-01-01T21:54:45.813+0000] {processor.py:925} INFO - DAG(s) 'example_task_group_decorator' retrieved from /home/airflow/.local/lib/python3.12/site-packages/airflow/example_dags/example_task_group_decorator.py
[2025-01-01T21:54:45.834+0000] {logging_mixin.py:190} INFO - [2025-01-01T21:54:45.833+0000] {dag.py:3239} INFO - Sync 1 DAGs
[2025-01-01T21:54:45.847+0000] {logging_mixin.py:190} INFO - [2025-01-01T21:54:45.847+0000] {dag.py:4180} INFO - Setting next_dagrun for example_task_group_decorator to None, run_after=None
[2025-01-01T21:54:45.864+0000] {processor.py:208} INFO - Processing /home/airflow/.local/lib/python3.12/site-packages/airflow/example_dags/example_task_group_decorator.py took 0.071 seconds
[2025-01-01T21:55:15.918+0000] {processor.py:186} INFO - Started process (PID=904) to work on /home/airflow/.local/lib/python3.12/site-packages/airflow/example_dags/example_task_group_decorator.py
[2025-01-01T21:55:15.919+0000] {processor.py:914} INFO - Processing file /home/airflow/.local/lib/python3.12/site-packages/airflow/example_dags/example_task_group_decorator.py for tasks to queue
[2025-01-01T21:55:15.921+0000] {logging_mixin.py:190} INFO - [2025-01-01T21:55:15.920+0000] {dagbag.py:588} INFO - Filling up the DagBag from /home/airflow/.local/lib/python3.12/site-packages/airflow/example_dags/example_task_group_decorator.py
[2025-01-01T21:55:15.934+0000] {processor.py:925} INFO - DAG(s) 'example_task_group_decorator' retrieved from /home/airflow/.local/lib/python3.12/site-packages/airflow/example_dags/example_task_group_decorator.py
[2025-01-01T21:55:15.955+0000] {logging_mixin.py:190} INFO - [2025-01-01T21:55:15.955+0000] {dag.py:3239} INFO - Sync 1 DAGs
[2025-01-01T21:55:15.967+0000] {logging_mixin.py:190} INFO - [2025-01-01T21:55:15.967+0000] {dag.py:4180} INFO - Setting next_dagrun for example_task_group_decorator to None, run_after=None
[2025-01-01T21:55:15.984+0000] {processor.py:208} INFO - Processing /home/airflow/.local/lib/python3.12/site-packages/airflow/example_dags/example_task_group_decorator.py took 0.071 seconds
[2025-01-01T21:55:46.266+0000] {processor.py:186} INFO - Started process (PID=967) to work on /home/airflow/.local/lib/python3.12/site-packages/airflow/example_dags/example_task_group_decorator.py
[2025-01-01T21:55:46.267+0000] {processor.py:914} INFO - Processing file /home/airflow/.local/lib/python3.12/site-packages/airflow/example_dags/example_task_group_decorator.py for tasks to queue
[2025-01-01T21:55:46.269+0000] {logging_mixin.py:190} INFO - [2025-01-01T21:55:46.269+0000] {dagbag.py:588} INFO - Filling up the DagBag from /home/airflow/.local/lib/python3.12/site-packages/airflow/example_dags/example_task_group_decorator.py
[2025-01-01T21:55:46.282+0000] {processor.py:925} INFO - DAG(s) 'example_task_group_decorator' retrieved from /home/airflow/.local/lib/python3.12/site-packages/airflow/example_dags/example_task_group_decorator.py
[2025-01-01T21:55:46.304+0000] {logging_mixin.py:190} INFO - [2025-01-01T21:55:46.303+0000] {dag.py:3239} INFO - Sync 1 DAGs
[2025-01-01T21:55:46.318+0000] {logging_mixin.py:190} INFO - [2025-01-01T21:55:46.318+0000] {dag.py:4180} INFO - Setting next_dagrun for example_task_group_decorator to None, run_after=None
[2025-01-01T21:55:46.336+0000] {processor.py:208} INFO - Processing /home/airflow/.local/lib/python3.12/site-packages/airflow/example_dags/example_task_group_decorator.py took 0.075 seconds
[2025-01-01T21:56:17.329+0000] {processor.py:186} INFO - Started process (PID=1030) to work on /home/airflow/.local/lib/python3.12/site-packages/airflow/example_dags/example_task_group_decorator.py
[2025-01-01T21:56:17.330+0000] {processor.py:914} INFO - Processing file /home/airflow/.local/lib/python3.12/site-packages/airflow/example_dags/example_task_group_decorator.py for tasks to queue
[2025-01-01T21:56:17.332+0000] {logging_mixin.py:190} INFO - [2025-01-01T21:56:17.332+0000] {dagbag.py:588} INFO - Filling up the DagBag from /home/airflow/.local/lib/python3.12/site-packages/airflow/example_dags/example_task_group_decorator.py
[2025-01-01T21:56:17.345+0000] {processor.py:925} INFO - DAG(s) 'example_task_group_decorator' retrieved from /home/airflow/.local/lib/python3.12/site-packages/airflow/example_dags/example_task_group_decorator.py
[2025-01-01T21:56:17.366+0000] {logging_mixin.py:190} INFO - [2025-01-01T21:56:17.366+0000] {dag.py:3239} INFO - Sync 1 DAGs
[2025-01-01T21:56:17.378+0000] {logging_mixin.py:190} INFO - [2025-01-01T21:56:17.378+0000] {dag.py:4180} INFO - Setting next_dagrun for example_task_group_decorator to None, run_after=None
[2025-01-01T21:56:17.395+0000] {processor.py:208} INFO - Processing /home/airflow/.local/lib/python3.12/site-packages/airflow/example_dags/example_task_group_decorator.py took 0.070 seconds
[2025-01-01T21:56:48.184+0000] {processor.py:186} INFO - Started process (PID=1093) to work on /home/airflow/.local/lib/python3.12/site-packages/airflow/example_dags/example_task_group_decorator.py
[2025-01-01T21:56:48.185+0000] {processor.py:914} INFO - Processing file /home/airflow/.local/lib/python3.12/site-packages/airflow/example_dags/example_task_group_decorator.py for tasks to queue
[2025-01-01T21:56:48.187+0000] {logging_mixin.py:190} INFO - [2025-01-01T21:56:48.187+0000] {dagbag.py:588} INFO - Filling up the DagBag from /home/airflow/.local/lib/python3.12/site-packages/airflow/example_dags/example_task_group_decorator.py
[2025-01-01T21:56:48.201+0000] {processor.py:925} INFO - DAG(s) 'example_task_group_decorator' retrieved from /home/airflow/.local/lib/python3.12/site-packages/airflow/example_dags/example_task_group_decorator.py
[2025-01-01T21:56:48.225+0000] {logging_mixin.py:190} INFO - [2025-01-01T21:56:48.224+0000] {dag.py:3239} INFO - Sync 1 DAGs
[2025-01-01T21:56:48.237+0000] {logging_mixin.py:190} INFO - [2025-01-01T21:56:48.237+0000] {dag.py:4180} INFO - Setting next_dagrun for example_task_group_decorator to None, run_after=None
[2025-01-01T21:56:48.254+0000] {processor.py:208} INFO - Processing /home/airflow/.local/lib/python3.12/site-packages/airflow/example_dags/example_task_group_decorator.py took 0.075 seconds
[2025-01-01T21:57:19.046+0000] {processor.py:186} INFO - Started process (PID=1156) to work on /home/airflow/.local/lib/python3.12/site-packages/airflow/example_dags/example_task_group_decorator.py
[2025-01-01T21:57:19.047+0000] {processor.py:914} INFO - Processing file /home/airflow/.local/lib/python3.12/site-packages/airflow/example_dags/example_task_group_decorator.py for tasks to queue
[2025-01-01T21:57:19.049+0000] {logging_mixin.py:190} INFO - [2025-01-01T21:57:19.048+0000] {dagbag.py:588} INFO - Filling up the DagBag from /home/airflow/.local/lib/python3.12/site-packages/airflow/example_dags/example_task_group_decorator.py
[2025-01-01T21:57:19.063+0000] {processor.py:925} INFO - DAG(s) 'example_task_group_decorator' retrieved from /home/airflow/.local/lib/python3.12/site-packages/airflow/example_dags/example_task_group_decorator.py
[2025-01-01T21:57:19.085+0000] {logging_mixin.py:190} INFO - [2025-01-01T21:57:19.084+0000] {dag.py:3239} INFO - Sync 1 DAGs
[2025-01-01T21:57:19.097+0000] {logging_mixin.py:190} INFO - [2025-01-01T21:57:19.096+0000] {dag.py:4180} INFO - Setting next_dagrun for example_task_group_decorator to None, run_after=None
[2025-01-01T21:57:19.112+0000] {processor.py:208} INFO - Processing /home/airflow/.local/lib/python3.12/site-packages/airflow/example_dags/example_task_group_decorator.py took 0.071 seconds
[2025-01-01T21:57:49.797+0000] {processor.py:186} INFO - Started process (PID=1219) to work on /home/airflow/.local/lib/python3.12/site-packages/airflow/example_dags/example_task_group_decorator.py
[2025-01-01T21:57:49.798+0000] {processor.py:914} INFO - Processing file /home/airflow/.local/lib/python3.12/site-packages/airflow/example_dags/example_task_group_decorator.py for tasks to queue
[2025-01-01T21:57:49.802+0000] {logging_mixin.py:190} INFO - [2025-01-01T21:57:49.801+0000] {dagbag.py:588} INFO - Filling up the DagBag from /home/airflow/.local/lib/python3.12/site-packages/airflow/example_dags/example_task_group_decorator.py
[2025-01-01T21:57:49.819+0000] {processor.py:925} INFO - DAG(s) 'example_task_group_decorator' retrieved from /home/airflow/.local/lib/python3.12/site-packages/airflow/example_dags/example_task_group_decorator.py
[2025-01-01T21:57:49.841+0000] {logging_mixin.py:190} INFO - [2025-01-01T21:57:49.841+0000] {dag.py:3239} INFO - Sync 1 DAGs
[2025-01-01T21:57:49.853+0000] {logging_mixin.py:190} INFO - [2025-01-01T21:57:49.853+0000] {dag.py:4180} INFO - Setting next_dagrun for example_task_group_decorator to None, run_after=None
[2025-01-01T21:57:49.869+0000] {processor.py:208} INFO - Processing /home/airflow/.local/lib/python3.12/site-packages/airflow/example_dags/example_task_group_decorator.py took 0.077 seconds
[2025-01-01T21:58:20.309+0000] {processor.py:186} INFO - Started process (PID=1282) to work on /home/airflow/.local/lib/python3.12/site-packages/airflow/example_dags/example_task_group_decorator.py
[2025-01-01T21:58:20.309+0000] {processor.py:914} INFO - Processing file /home/airflow/.local/lib/python3.12/site-packages/airflow/example_dags/example_task_group_decorator.py for tasks to queue
[2025-01-01T21:58:20.311+0000] {logging_mixin.py:190} INFO - [2025-01-01T21:58:20.311+0000] {dagbag.py:588} INFO - Filling up the DagBag from /home/airflow/.local/lib/python3.12/site-packages/airflow/example_dags/example_task_group_decorator.py
[2025-01-01T21:58:20.324+0000] {processor.py:925} INFO - DAG(s) 'example_task_group_decorator' retrieved from /home/airflow/.local/lib/python3.12/site-packages/airflow/example_dags/example_task_group_decorator.py
[2025-01-01T21:58:20.345+0000] {logging_mixin.py:190} INFO - [2025-01-01T21:58:20.345+0000] {dag.py:3239} INFO - Sync 1 DAGs
[2025-01-01T21:58:20.357+0000] {logging_mixin.py:190} INFO - [2025-01-01T21:58:20.356+0000] {dag.py:4180} INFO - Setting next_dagrun for example_task_group_decorator to None, run_after=None
[2025-01-01T21:58:20.374+0000] {processor.py:208} INFO - Processing /home/airflow/.local/lib/python3.12/site-packages/airflow/example_dags/example_task_group_decorator.py took 0.070 seconds
[2025-01-01T21:58:51.206+0000] {processor.py:186} INFO - Started process (PID=1345) to work on /home/airflow/.local/lib/python3.12/site-packages/airflow/example_dags/example_task_group_decorator.py
[2025-01-01T21:58:51.207+0000] {processor.py:914} INFO - Processing file /home/airflow/.local/lib/python3.12/site-packages/airflow/example_dags/example_task_group_decorator.py for tasks to queue
[2025-01-01T21:58:51.209+0000] {logging_mixin.py:190} INFO - [2025-01-01T21:58:51.208+0000] {dagbag.py:588} INFO - Filling up the DagBag from /home/airflow/.local/lib/python3.12/site-packages/airflow/example_dags/example_task_group_decorator.py
[2025-01-01T21:58:51.221+0000] {processor.py:925} INFO - DAG(s) 'example_task_group_decorator' retrieved from /home/airflow/.local/lib/python3.12/site-packages/airflow/example_dags/example_task_group_decorator.py
[2025-01-01T21:58:51.249+0000] {logging_mixin.py:190} INFO - [2025-01-01T21:58:51.248+0000] {dag.py:3239} INFO - Sync 1 DAGs
[2025-01-01T21:58:51.266+0000] {logging_mixin.py:190} INFO - [2025-01-01T21:58:51.266+0000] {dag.py:4180} INFO - Setting next_dagrun for example_task_group_decorator to None, run_after=None
[2025-01-01T21:58:51.284+0000] {processor.py:208} INFO - Processing /home/airflow/.local/lib/python3.12/site-packages/airflow/example_dags/example_task_group_decorator.py took 0.083 seconds
