[2025-01-01T21:48:38.779+0000] {processor.py:186} INFO - Started process (PID=77) to work on /home/airflow/.local/lib/python3.12/site-packages/airflow/example_dags/example_local_kubernetes_executor.py
[2025-01-01T21:48:38.780+0000] {processor.py:914} INFO - Processing file /home/airflow/.local/lib/python3.12/site-packages/airflow/example_dags/example_local_kubernetes_executor.py for tasks to queue
[2025-01-01T21:48:38.782+0000] {logging_mixin.py:190} INFO - [2025-01-01T21:48:38.782+0000] {dagbag.py:588} INFO - Filling up the DagBag from /home/airflow/.local/lib/python3.12/site-packages/airflow/example_dags/example_local_kubernetes_executor.py
[2025-01-01T21:48:38.791+0000] {processor.py:925} INFO - DAG(s) 'example_local_kubernetes_executor' retrieved from /home/airflow/.local/lib/python3.12/site-packages/airflow/example_dags/example_local_kubernetes_executor.py
[2025-01-01T21:48:38.961+0000] {logging_mixin.py:190} INFO - [2025-01-01T21:48:38.959+0000] {override.py:1911} INFO - Created Permission View: can edit on DAG:example_local_kubernetes_executor
[2025-01-01T21:48:38.977+0000] {logging_mixin.py:190} INFO - [2025-01-01T21:48:38.976+0000] {override.py:1911} INFO - Created Permission View: can delete on DAG:example_local_kubernetes_executor
[2025-01-01T21:48:38.998+0000] {logging_mixin.py:190} INFO - [2025-01-01T21:48:38.998+0000] {override.py:1911} INFO - Created Permission View: can read on DAG:example_local_kubernetes_executor
[2025-01-01T21:48:39.014+0000] {logging_mixin.py:190} INFO - [2025-01-01T21:48:39.013+0000] {override.py:1911} INFO - Created Permission View: can delete on DAG Run:example_local_kubernetes_executor
[2025-01-01T21:48:39.024+0000] {logging_mixin.py:190} INFO - [2025-01-01T21:48:39.024+0000] {override.py:1911} INFO - Created Permission View: can read on DAG Run:example_local_kubernetes_executor
[2025-01-01T21:48:39.033+0000] {logging_mixin.py:190} INFO - [2025-01-01T21:48:39.033+0000] {override.py:1911} INFO - Created Permission View: can create on DAG Run:example_local_kubernetes_executor
[2025-01-01T21:48:39.042+0000] {logging_mixin.py:190} INFO - [2025-01-01T21:48:39.041+0000] {override.py:1911} INFO - Created Permission View: menu access on DAG Run:example_local_kubernetes_executor
[2025-01-01T21:48:39.043+0000] {logging_mixin.py:190} INFO - [2025-01-01T21:48:39.042+0000] {dag.py:3239} INFO - Sync 1 DAGs
[2025-01-01T21:48:39.057+0000] {logging_mixin.py:190} INFO - [2025-01-01T21:48:39.056+0000] {dag.py:3262} INFO - Creating ORM DAG for example_local_kubernetes_executor
[2025-01-01T21:48:39.058+0000] {logging_mixin.py:190} INFO - [2025-01-01T21:48:39.058+0000] {dag.py:4180} INFO - Setting next_dagrun for example_local_kubernetes_executor to None, run_after=None
[2025-01-01T21:48:39.084+0000] {processor.py:208} INFO - Processing /home/airflow/.local/lib/python3.12/site-packages/airflow/example_dags/example_local_kubernetes_executor.py took 0.309 seconds
[2025-01-01T21:49:09.929+0000] {processor.py:186} INFO - Started process (PID=146) to work on /home/airflow/.local/lib/python3.12/site-packages/airflow/example_dags/example_local_kubernetes_executor.py
[2025-01-01T21:49:09.929+0000] {processor.py:914} INFO - Processing file /home/airflow/.local/lib/python3.12/site-packages/airflow/example_dags/example_local_kubernetes_executor.py for tasks to queue
[2025-01-01T21:49:09.931+0000] {logging_mixin.py:190} INFO - [2025-01-01T21:49:09.931+0000] {dagbag.py:588} INFO - Filling up the DagBag from /home/airflow/.local/lib/python3.12/site-packages/airflow/example_dags/example_local_kubernetes_executor.py
[2025-01-01T21:49:09.938+0000] {processor.py:925} INFO - DAG(s) 'example_local_kubernetes_executor' retrieved from /home/airflow/.local/lib/python3.12/site-packages/airflow/example_dags/example_local_kubernetes_executor.py
[2025-01-01T21:49:09.956+0000] {logging_mixin.py:190} INFO - [2025-01-01T21:49:09.956+0000] {dag.py:3239} INFO - Sync 1 DAGs
[2025-01-01T21:49:09.968+0000] {logging_mixin.py:190} INFO - [2025-01-01T21:49:09.967+0000] {dag.py:4180} INFO - Setting next_dagrun for example_local_kubernetes_executor to None, run_after=None
[2025-01-01T21:49:09.983+0000] {processor.py:208} INFO - Processing /home/airflow/.local/lib/python3.12/site-packages/airflow/example_dags/example_local_kubernetes_executor.py took 0.059 seconds
[2025-01-01T21:49:40.068+0000] {processor.py:186} INFO - Started process (PID=209) to work on /home/airflow/.local/lib/python3.12/site-packages/airflow/example_dags/example_local_kubernetes_executor.py
[2025-01-01T21:49:40.069+0000] {processor.py:914} INFO - Processing file /home/airflow/.local/lib/python3.12/site-packages/airflow/example_dags/example_local_kubernetes_executor.py for tasks to queue
[2025-01-01T21:49:40.071+0000] {logging_mixin.py:190} INFO - [2025-01-01T21:49:40.071+0000] {dagbag.py:588} INFO - Filling up the DagBag from /home/airflow/.local/lib/python3.12/site-packages/airflow/example_dags/example_local_kubernetes_executor.py
[2025-01-01T21:49:40.079+0000] {processor.py:925} INFO - DAG(s) 'example_local_kubernetes_executor' retrieved from /home/airflow/.local/lib/python3.12/site-packages/airflow/example_dags/example_local_kubernetes_executor.py
[2025-01-01T21:49:40.099+0000] {logging_mixin.py:190} INFO - [2025-01-01T21:49:40.098+0000] {dag.py:3239} INFO - Sync 1 DAGs
[2025-01-01T21:49:40.111+0000] {logging_mixin.py:190} INFO - [2025-01-01T21:49:40.110+0000] {dag.py:4180} INFO - Setting next_dagrun for example_local_kubernetes_executor to None, run_after=None
[2025-01-01T21:49:40.126+0000] {processor.py:208} INFO - Processing /home/airflow/.local/lib/python3.12/site-packages/airflow/example_dags/example_local_kubernetes_executor.py took 0.062 seconds
[2025-01-01T21:50:10.270+0000] {processor.py:186} INFO - Started process (PID=272) to work on /home/airflow/.local/lib/python3.12/site-packages/airflow/example_dags/example_local_kubernetes_executor.py
[2025-01-01T21:50:10.271+0000] {processor.py:914} INFO - Processing file /home/airflow/.local/lib/python3.12/site-packages/airflow/example_dags/example_local_kubernetes_executor.py for tasks to queue
[2025-01-01T21:50:10.273+0000] {logging_mixin.py:190} INFO - [2025-01-01T21:50:10.273+0000] {dagbag.py:588} INFO - Filling up the DagBag from /home/airflow/.local/lib/python3.12/site-packages/airflow/example_dags/example_local_kubernetes_executor.py
[2025-01-01T21:50:10.281+0000] {processor.py:925} INFO - DAG(s) 'example_local_kubernetes_executor' retrieved from /home/airflow/.local/lib/python3.12/site-packages/airflow/example_dags/example_local_kubernetes_executor.py
[2025-01-01T21:50:10.298+0000] {logging_mixin.py:190} INFO - [2025-01-01T21:50:10.298+0000] {dag.py:3239} INFO - Sync 1 DAGs
[2025-01-01T21:50:10.310+0000] {logging_mixin.py:190} INFO - [2025-01-01T21:50:10.310+0000] {dag.py:4180} INFO - Setting next_dagrun for example_local_kubernetes_executor to None, run_after=None
[2025-01-01T21:50:10.328+0000] {processor.py:208} INFO - Processing /home/airflow/.local/lib/python3.12/site-packages/airflow/example_dags/example_local_kubernetes_executor.py took 0.062 seconds
[2025-01-01T21:50:41.033+0000] {processor.py:186} INFO - Started process (PID=336) to work on /home/airflow/.local/lib/python3.12/site-packages/airflow/example_dags/example_local_kubernetes_executor.py
[2025-01-01T21:50:41.034+0000] {processor.py:914} INFO - Processing file /home/airflow/.local/lib/python3.12/site-packages/airflow/example_dags/example_local_kubernetes_executor.py for tasks to queue
[2025-01-01T21:50:41.037+0000] {logging_mixin.py:190} INFO - [2025-01-01T21:50:41.037+0000] {dagbag.py:588} INFO - Filling up the DagBag from /home/airflow/.local/lib/python3.12/site-packages/airflow/example_dags/example_local_kubernetes_executor.py
[2025-01-01T21:50:41.045+0000] {processor.py:925} INFO - DAG(s) 'example_local_kubernetes_executor' retrieved from /home/airflow/.local/lib/python3.12/site-packages/airflow/example_dags/example_local_kubernetes_executor.py
[2025-01-01T21:50:41.068+0000] {logging_mixin.py:190} INFO - [2025-01-01T21:50:41.068+0000] {dag.py:3239} INFO - Sync 1 DAGs
[2025-01-01T21:50:41.087+0000] {logging_mixin.py:190} INFO - [2025-01-01T21:50:41.087+0000] {dag.py:4180} INFO - Setting next_dagrun for example_local_kubernetes_executor to None, run_after=None
[2025-01-01T21:50:41.112+0000] {processor.py:208} INFO - Processing /home/airflow/.local/lib/python3.12/site-packages/airflow/example_dags/example_local_kubernetes_executor.py took 0.085 seconds
[2025-01-01T21:51:11.890+0000] {processor.py:186} INFO - Started process (PID=399) to work on /home/airflow/.local/lib/python3.12/site-packages/airflow/example_dags/example_local_kubernetes_executor.py
[2025-01-01T21:51:11.891+0000] {processor.py:914} INFO - Processing file /home/airflow/.local/lib/python3.12/site-packages/airflow/example_dags/example_local_kubernetes_executor.py for tasks to queue
[2025-01-01T21:51:11.892+0000] {logging_mixin.py:190} INFO - [2025-01-01T21:51:11.892+0000] {dagbag.py:588} INFO - Filling up the DagBag from /home/airflow/.local/lib/python3.12/site-packages/airflow/example_dags/example_local_kubernetes_executor.py
[2025-01-01T21:51:11.900+0000] {processor.py:925} INFO - DAG(s) 'example_local_kubernetes_executor' retrieved from /home/airflow/.local/lib/python3.12/site-packages/airflow/example_dags/example_local_kubernetes_executor.py
[2025-01-01T21:51:11.917+0000] {logging_mixin.py:190} INFO - [2025-01-01T21:51:11.917+0000] {dag.py:3239} INFO - Sync 1 DAGs
[2025-01-01T21:51:11.930+0000] {logging_mixin.py:190} INFO - [2025-01-01T21:51:11.930+0000] {dag.py:4180} INFO - Setting next_dagrun for example_local_kubernetes_executor to None, run_after=None
[2025-01-01T21:51:11.946+0000] {processor.py:208} INFO - Processing /home/airflow/.local/lib/python3.12/site-packages/airflow/example_dags/example_local_kubernetes_executor.py took 0.061 seconds
[2025-01-01T21:51:42.411+0000] {processor.py:186} INFO - Started process (PID=462) to work on /home/airflow/.local/lib/python3.12/site-packages/airflow/example_dags/example_local_kubernetes_executor.py
[2025-01-01T21:51:42.412+0000] {processor.py:914} INFO - Processing file /home/airflow/.local/lib/python3.12/site-packages/airflow/example_dags/example_local_kubernetes_executor.py for tasks to queue
[2025-01-01T21:51:42.414+0000] {logging_mixin.py:190} INFO - [2025-01-01T21:51:42.413+0000] {dagbag.py:588} INFO - Filling up the DagBag from /home/airflow/.local/lib/python3.12/site-packages/airflow/example_dags/example_local_kubernetes_executor.py
[2025-01-01T21:51:42.421+0000] {processor.py:925} INFO - DAG(s) 'example_local_kubernetes_executor' retrieved from /home/airflow/.local/lib/python3.12/site-packages/airflow/example_dags/example_local_kubernetes_executor.py
[2025-01-01T21:51:42.439+0000] {logging_mixin.py:190} INFO - [2025-01-01T21:51:42.439+0000] {dag.py:3239} INFO - Sync 1 DAGs
[2025-01-01T21:51:42.451+0000] {logging_mixin.py:190} INFO - [2025-01-01T21:51:42.451+0000] {dag.py:4180} INFO - Setting next_dagrun for example_local_kubernetes_executor to None, run_after=None
[2025-01-01T21:51:42.467+0000] {processor.py:208} INFO - Processing /home/airflow/.local/lib/python3.12/site-packages/airflow/example_dags/example_local_kubernetes_executor.py took 0.061 seconds
[2025-01-01T21:52:12.531+0000] {processor.py:186} INFO - Started process (PID=525) to work on /home/airflow/.local/lib/python3.12/site-packages/airflow/example_dags/example_local_kubernetes_executor.py
[2025-01-01T21:52:12.532+0000] {processor.py:914} INFO - Processing file /home/airflow/.local/lib/python3.12/site-packages/airflow/example_dags/example_local_kubernetes_executor.py for tasks to queue
[2025-01-01T21:52:12.534+0000] {logging_mixin.py:190} INFO - [2025-01-01T21:52:12.533+0000] {dagbag.py:588} INFO - Filling up the DagBag from /home/airflow/.local/lib/python3.12/site-packages/airflow/example_dags/example_local_kubernetes_executor.py
[2025-01-01T21:52:12.541+0000] {processor.py:925} INFO - DAG(s) 'example_local_kubernetes_executor' retrieved from /home/airflow/.local/lib/python3.12/site-packages/airflow/example_dags/example_local_kubernetes_executor.py
[2025-01-01T21:52:12.560+0000] {logging_mixin.py:190} INFO - [2025-01-01T21:52:12.559+0000] {dag.py:3239} INFO - Sync 1 DAGs
[2025-01-01T21:52:12.571+0000] {logging_mixin.py:190} INFO - [2025-01-01T21:52:12.571+0000] {dag.py:4180} INFO - Setting next_dagrun for example_local_kubernetes_executor to None, run_after=None
[2025-01-01T21:52:12.590+0000] {processor.py:208} INFO - Processing /home/airflow/.local/lib/python3.12/site-packages/airflow/example_dags/example_local_kubernetes_executor.py took 0.064 seconds
[2025-01-01T21:52:43.147+0000] {processor.py:186} INFO - Started process (PID=588) to work on /home/airflow/.local/lib/python3.12/site-packages/airflow/example_dags/example_local_kubernetes_executor.py
[2025-01-01T21:52:43.148+0000] {processor.py:914} INFO - Processing file /home/airflow/.local/lib/python3.12/site-packages/airflow/example_dags/example_local_kubernetes_executor.py for tasks to queue
[2025-01-01T21:52:43.151+0000] {logging_mixin.py:190} INFO - [2025-01-01T21:52:43.151+0000] {dagbag.py:588} INFO - Filling up the DagBag from /home/airflow/.local/lib/python3.12/site-packages/airflow/example_dags/example_local_kubernetes_executor.py
[2025-01-01T21:52:43.159+0000] {processor.py:925} INFO - DAG(s) 'example_local_kubernetes_executor' retrieved from /home/airflow/.local/lib/python3.12/site-packages/airflow/example_dags/example_local_kubernetes_executor.py
[2025-01-01T21:52:43.178+0000] {logging_mixin.py:190} INFO - [2025-01-01T21:52:43.177+0000] {dag.py:3239} INFO - Sync 1 DAGs
[2025-01-01T21:52:43.190+0000] {logging_mixin.py:190} INFO - [2025-01-01T21:52:43.189+0000] {dag.py:4180} INFO - Setting next_dagrun for example_local_kubernetes_executor to None, run_after=None
[2025-01-01T21:52:43.204+0000] {processor.py:208} INFO - Processing /home/airflow/.local/lib/python3.12/site-packages/airflow/example_dags/example_local_kubernetes_executor.py took 0.062 seconds
[2025-01-01T21:53:13.836+0000] {processor.py:186} INFO - Started process (PID=651) to work on /home/airflow/.local/lib/python3.12/site-packages/airflow/example_dags/example_local_kubernetes_executor.py
[2025-01-01T21:53:13.837+0000] {processor.py:914} INFO - Processing file /home/airflow/.local/lib/python3.12/site-packages/airflow/example_dags/example_local_kubernetes_executor.py for tasks to queue
[2025-01-01T21:53:13.839+0000] {logging_mixin.py:190} INFO - [2025-01-01T21:53:13.839+0000] {dagbag.py:588} INFO - Filling up the DagBag from /home/airflow/.local/lib/python3.12/site-packages/airflow/example_dags/example_local_kubernetes_executor.py
[2025-01-01T21:53:13.847+0000] {processor.py:925} INFO - DAG(s) 'example_local_kubernetes_executor' retrieved from /home/airflow/.local/lib/python3.12/site-packages/airflow/example_dags/example_local_kubernetes_executor.py
[2025-01-01T21:53:13.865+0000] {logging_mixin.py:190} INFO - [2025-01-01T21:53:13.865+0000] {dag.py:3239} INFO - Sync 1 DAGs
[2025-01-01T21:53:13.876+0000] {logging_mixin.py:190} INFO - [2025-01-01T21:53:13.876+0000] {dag.py:4180} INFO - Setting next_dagrun for example_local_kubernetes_executor to None, run_after=None
[2025-01-01T21:53:13.891+0000] {processor.py:208} INFO - Processing /home/airflow/.local/lib/python3.12/site-packages/airflow/example_dags/example_local_kubernetes_executor.py took 0.060 seconds
[2025-01-01T21:53:44.900+0000] {processor.py:186} INFO - Started process (PID=714) to work on /home/airflow/.local/lib/python3.12/site-packages/airflow/example_dags/example_local_kubernetes_executor.py
[2025-01-01T21:53:44.901+0000] {processor.py:914} INFO - Processing file /home/airflow/.local/lib/python3.12/site-packages/airflow/example_dags/example_local_kubernetes_executor.py for tasks to queue
[2025-01-01T21:53:44.903+0000] {logging_mixin.py:190} INFO - [2025-01-01T21:53:44.903+0000] {dagbag.py:588} INFO - Filling up the DagBag from /home/airflow/.local/lib/python3.12/site-packages/airflow/example_dags/example_local_kubernetes_executor.py
[2025-01-01T21:53:44.910+0000] {processor.py:925} INFO - DAG(s) 'example_local_kubernetes_executor' retrieved from /home/airflow/.local/lib/python3.12/site-packages/airflow/example_dags/example_local_kubernetes_executor.py
[2025-01-01T21:53:44.928+0000] {logging_mixin.py:190} INFO - [2025-01-01T21:53:44.928+0000] {dag.py:3239} INFO - Sync 1 DAGs
[2025-01-01T21:53:44.940+0000] {logging_mixin.py:190} INFO - [2025-01-01T21:53:44.939+0000] {dag.py:4180} INFO - Setting next_dagrun for example_local_kubernetes_executor to None, run_after=None
[2025-01-01T21:53:44.954+0000] {processor.py:208} INFO - Processing /home/airflow/.local/lib/python3.12/site-packages/airflow/example_dags/example_local_kubernetes_executor.py took 0.060 seconds
[2025-01-01T21:54:15.259+0000] {processor.py:186} INFO - Started process (PID=777) to work on /home/airflow/.local/lib/python3.12/site-packages/airflow/example_dags/example_local_kubernetes_executor.py
[2025-01-01T21:54:15.260+0000] {processor.py:914} INFO - Processing file /home/airflow/.local/lib/python3.12/site-packages/airflow/example_dags/example_local_kubernetes_executor.py for tasks to queue
[2025-01-01T21:54:15.262+0000] {logging_mixin.py:190} INFO - [2025-01-01T21:54:15.261+0000] {dagbag.py:588} INFO - Filling up the DagBag from /home/airflow/.local/lib/python3.12/site-packages/airflow/example_dags/example_local_kubernetes_executor.py
[2025-01-01T21:54:15.269+0000] {processor.py:925} INFO - DAG(s) 'example_local_kubernetes_executor' retrieved from /home/airflow/.local/lib/python3.12/site-packages/airflow/example_dags/example_local_kubernetes_executor.py
[2025-01-01T21:54:15.287+0000] {logging_mixin.py:190} INFO - [2025-01-01T21:54:15.287+0000] {dag.py:3239} INFO - Sync 1 DAGs
[2025-01-01T21:54:15.299+0000] {logging_mixin.py:190} INFO - [2025-01-01T21:54:15.298+0000] {dag.py:4180} INFO - Setting next_dagrun for example_local_kubernetes_executor to None, run_after=None
[2025-01-01T21:54:15.314+0000] {processor.py:208} INFO - Processing /home/airflow/.local/lib/python3.12/site-packages/airflow/example_dags/example_local_kubernetes_executor.py took 0.060 seconds
[2025-01-01T21:54:45.797+0000] {processor.py:186} INFO - Started process (PID=840) to work on /home/airflow/.local/lib/python3.12/site-packages/airflow/example_dags/example_local_kubernetes_executor.py
[2025-01-01T21:54:45.798+0000] {processor.py:914} INFO - Processing file /home/airflow/.local/lib/python3.12/site-packages/airflow/example_dags/example_local_kubernetes_executor.py for tasks to queue
[2025-01-01T21:54:45.800+0000] {logging_mixin.py:190} INFO - [2025-01-01T21:54:45.799+0000] {dagbag.py:588} INFO - Filling up the DagBag from /home/airflow/.local/lib/python3.12/site-packages/airflow/example_dags/example_local_kubernetes_executor.py
[2025-01-01T21:54:45.807+0000] {processor.py:925} INFO - DAG(s) 'example_local_kubernetes_executor' retrieved from /home/airflow/.local/lib/python3.12/site-packages/airflow/example_dags/example_local_kubernetes_executor.py
[2025-01-01T21:54:45.825+0000] {logging_mixin.py:190} INFO - [2025-01-01T21:54:45.825+0000] {dag.py:3239} INFO - Sync 1 DAGs
[2025-01-01T21:54:45.836+0000] {logging_mixin.py:190} INFO - [2025-01-01T21:54:45.836+0000] {dag.py:4180} INFO - Setting next_dagrun for example_local_kubernetes_executor to None, run_after=None
[2025-01-01T21:54:45.853+0000] {processor.py:208} INFO - Processing /home/airflow/.local/lib/python3.12/site-packages/airflow/example_dags/example_local_kubernetes_executor.py took 0.062 seconds
[2025-01-01T21:55:15.916+0000] {processor.py:186} INFO - Started process (PID=903) to work on /home/airflow/.local/lib/python3.12/site-packages/airflow/example_dags/example_local_kubernetes_executor.py
[2025-01-01T21:55:15.917+0000] {processor.py:914} INFO - Processing file /home/airflow/.local/lib/python3.12/site-packages/airflow/example_dags/example_local_kubernetes_executor.py for tasks to queue
[2025-01-01T21:55:15.919+0000] {logging_mixin.py:190} INFO - [2025-01-01T21:55:15.919+0000] {dagbag.py:588} INFO - Filling up the DagBag from /home/airflow/.local/lib/python3.12/site-packages/airflow/example_dags/example_local_kubernetes_executor.py
[2025-01-01T21:55:15.927+0000] {processor.py:925} INFO - DAG(s) 'example_local_kubernetes_executor' retrieved from /home/airflow/.local/lib/python3.12/site-packages/airflow/example_dags/example_local_kubernetes_executor.py
[2025-01-01T21:55:15.946+0000] {logging_mixin.py:190} INFO - [2025-01-01T21:55:15.945+0000] {dag.py:3239} INFO - Sync 1 DAGs
[2025-01-01T21:55:15.958+0000] {logging_mixin.py:190} INFO - [2025-01-01T21:55:15.958+0000] {dag.py:4180} INFO - Setting next_dagrun for example_local_kubernetes_executor to None, run_after=None
[2025-01-01T21:55:15.974+0000] {processor.py:208} INFO - Processing /home/airflow/.local/lib/python3.12/site-packages/airflow/example_dags/example_local_kubernetes_executor.py took 0.065 seconds
[2025-01-01T21:55:46.265+0000] {processor.py:186} INFO - Started process (PID=966) to work on /home/airflow/.local/lib/python3.12/site-packages/airflow/example_dags/example_local_kubernetes_executor.py
[2025-01-01T21:55:46.266+0000] {processor.py:914} INFO - Processing file /home/airflow/.local/lib/python3.12/site-packages/airflow/example_dags/example_local_kubernetes_executor.py for tasks to queue
[2025-01-01T21:55:46.268+0000] {logging_mixin.py:190} INFO - [2025-01-01T21:55:46.268+0000] {dagbag.py:588} INFO - Filling up the DagBag from /home/airflow/.local/lib/python3.12/site-packages/airflow/example_dags/example_local_kubernetes_executor.py
[2025-01-01T21:55:46.276+0000] {processor.py:925} INFO - DAG(s) 'example_local_kubernetes_executor' retrieved from /home/airflow/.local/lib/python3.12/site-packages/airflow/example_dags/example_local_kubernetes_executor.py
[2025-01-01T21:55:46.295+0000] {logging_mixin.py:190} INFO - [2025-01-01T21:55:46.295+0000] {dag.py:3239} INFO - Sync 1 DAGs
[2025-01-01T21:55:46.308+0000] {logging_mixin.py:190} INFO - [2025-01-01T21:55:46.307+0000] {dag.py:4180} INFO - Setting next_dagrun for example_local_kubernetes_executor to None, run_after=None
[2025-01-01T21:55:46.327+0000] {processor.py:208} INFO - Processing /home/airflow/.local/lib/python3.12/site-packages/airflow/example_dags/example_local_kubernetes_executor.py took 0.067 seconds
[2025-01-01T21:56:17.328+0000] {processor.py:186} INFO - Started process (PID=1029) to work on /home/airflow/.local/lib/python3.12/site-packages/airflow/example_dags/example_local_kubernetes_executor.py
[2025-01-01T21:56:17.329+0000] {processor.py:914} INFO - Processing file /home/airflow/.local/lib/python3.12/site-packages/airflow/example_dags/example_local_kubernetes_executor.py for tasks to queue
[2025-01-01T21:56:17.331+0000] {logging_mixin.py:190} INFO - [2025-01-01T21:56:17.331+0000] {dagbag.py:588} INFO - Filling up the DagBag from /home/airflow/.local/lib/python3.12/site-packages/airflow/example_dags/example_local_kubernetes_executor.py
[2025-01-01T21:56:17.339+0000] {processor.py:925} INFO - DAG(s) 'example_local_kubernetes_executor' retrieved from /home/airflow/.local/lib/python3.12/site-packages/airflow/example_dags/example_local_kubernetes_executor.py
[2025-01-01T21:56:17.359+0000] {logging_mixin.py:190} INFO - [2025-01-01T21:56:17.359+0000] {dag.py:3239} INFO - Sync 1 DAGs
[2025-01-01T21:56:17.372+0000] {logging_mixin.py:190} INFO - [2025-01-01T21:56:17.372+0000] {dag.py:4180} INFO - Setting next_dagrun for example_local_kubernetes_executor to None, run_after=None
[2025-01-01T21:56:17.389+0000] {processor.py:208} INFO - Processing /home/airflow/.local/lib/python3.12/site-packages/airflow/example_dags/example_local_kubernetes_executor.py took 0.066 seconds
[2025-01-01T21:56:48.182+0000] {processor.py:186} INFO - Started process (PID=1092) to work on /home/airflow/.local/lib/python3.12/site-packages/airflow/example_dags/example_local_kubernetes_executor.py
[2025-01-01T21:56:48.183+0000] {processor.py:914} INFO - Processing file /home/airflow/.local/lib/python3.12/site-packages/airflow/example_dags/example_local_kubernetes_executor.py for tasks to queue
[2025-01-01T21:56:48.185+0000] {logging_mixin.py:190} INFO - [2025-01-01T21:56:48.185+0000] {dagbag.py:588} INFO - Filling up the DagBag from /home/airflow/.local/lib/python3.12/site-packages/airflow/example_dags/example_local_kubernetes_executor.py
[2025-01-01T21:56:48.194+0000] {processor.py:925} INFO - DAG(s) 'example_local_kubernetes_executor' retrieved from /home/airflow/.local/lib/python3.12/site-packages/airflow/example_dags/example_local_kubernetes_executor.py
[2025-01-01T21:56:48.214+0000] {logging_mixin.py:190} INFO - [2025-01-01T21:56:48.214+0000] {dag.py:3239} INFO - Sync 1 DAGs
[2025-01-01T21:56:48.226+0000] {logging_mixin.py:190} INFO - [2025-01-01T21:56:48.226+0000] {dag.py:4180} INFO - Setting next_dagrun for example_local_kubernetes_executor to None, run_after=None
[2025-01-01T21:56:48.243+0000] {processor.py:208} INFO - Processing /home/airflow/.local/lib/python3.12/site-packages/airflow/example_dags/example_local_kubernetes_executor.py took 0.067 seconds
[2025-01-01T21:57:19.045+0000] {processor.py:186} INFO - Started process (PID=1155) to work on /home/airflow/.local/lib/python3.12/site-packages/airflow/example_dags/example_local_kubernetes_executor.py
[2025-01-01T21:57:19.046+0000] {processor.py:914} INFO - Processing file /home/airflow/.local/lib/python3.12/site-packages/airflow/example_dags/example_local_kubernetes_executor.py for tasks to queue
[2025-01-01T21:57:19.048+0000] {logging_mixin.py:190} INFO - [2025-01-01T21:57:19.048+0000] {dagbag.py:588} INFO - Filling up the DagBag from /home/airflow/.local/lib/python3.12/site-packages/airflow/example_dags/example_local_kubernetes_executor.py
[2025-01-01T21:57:19.056+0000] {processor.py:925} INFO - DAG(s) 'example_local_kubernetes_executor' retrieved from /home/airflow/.local/lib/python3.12/site-packages/airflow/example_dags/example_local_kubernetes_executor.py
[2025-01-01T21:57:19.074+0000] {logging_mixin.py:190} INFO - [2025-01-01T21:57:19.074+0000] {dag.py:3239} INFO - Sync 1 DAGs
[2025-01-01T21:57:19.086+0000] {logging_mixin.py:190} INFO - [2025-01-01T21:57:19.086+0000] {dag.py:4180} INFO - Setting next_dagrun for example_local_kubernetes_executor to None, run_after=None
[2025-01-01T21:57:19.102+0000] {processor.py:208} INFO - Processing /home/airflow/.local/lib/python3.12/site-packages/airflow/example_dags/example_local_kubernetes_executor.py took 0.062 seconds
[2025-01-01T21:57:49.796+0000] {processor.py:186} INFO - Started process (PID=1218) to work on /home/airflow/.local/lib/python3.12/site-packages/airflow/example_dags/example_local_kubernetes_executor.py
[2025-01-01T21:57:49.797+0000] {processor.py:914} INFO - Processing file /home/airflow/.local/lib/python3.12/site-packages/airflow/example_dags/example_local_kubernetes_executor.py for tasks to queue
[2025-01-01T21:57:49.799+0000] {logging_mixin.py:190} INFO - [2025-01-01T21:57:49.799+0000] {dagbag.py:588} INFO - Filling up the DagBag from /home/airflow/.local/lib/python3.12/site-packages/airflow/example_dags/example_local_kubernetes_executor.py
[2025-01-01T21:57:49.810+0000] {processor.py:925} INFO - DAG(s) 'example_local_kubernetes_executor' retrieved from /home/airflow/.local/lib/python3.12/site-packages/airflow/example_dags/example_local_kubernetes_executor.py
[2025-01-01T21:57:49.829+0000] {logging_mixin.py:190} INFO - [2025-01-01T21:57:49.828+0000] {dag.py:3239} INFO - Sync 1 DAGs
[2025-01-01T21:57:49.841+0000] {logging_mixin.py:190} INFO - [2025-01-01T21:57:49.840+0000] {dag.py:4180} INFO - Setting next_dagrun for example_local_kubernetes_executor to None, run_after=None
[2025-01-01T21:57:49.856+0000] {processor.py:208} INFO - Processing /home/airflow/.local/lib/python3.12/site-packages/airflow/example_dags/example_local_kubernetes_executor.py took 0.065 seconds
[2025-01-01T21:58:20.308+0000] {processor.py:186} INFO - Started process (PID=1281) to work on /home/airflow/.local/lib/python3.12/site-packages/airflow/example_dags/example_local_kubernetes_executor.py
[2025-01-01T21:58:20.309+0000] {processor.py:914} INFO - Processing file /home/airflow/.local/lib/python3.12/site-packages/airflow/example_dags/example_local_kubernetes_executor.py for tasks to queue
[2025-01-01T21:58:20.311+0000] {logging_mixin.py:190} INFO - [2025-01-01T21:58:20.311+0000] {dagbag.py:588} INFO - Filling up the DagBag from /home/airflow/.local/lib/python3.12/site-packages/airflow/example_dags/example_local_kubernetes_executor.py
[2025-01-01T21:58:20.319+0000] {processor.py:925} INFO - DAG(s) 'example_local_kubernetes_executor' retrieved from /home/airflow/.local/lib/python3.12/site-packages/airflow/example_dags/example_local_kubernetes_executor.py
[2025-01-01T21:58:20.337+0000] {logging_mixin.py:190} INFO - [2025-01-01T21:58:20.337+0000] {dag.py:3239} INFO - Sync 1 DAGs
[2025-01-01T21:58:20.349+0000] {logging_mixin.py:190} INFO - [2025-01-01T21:58:20.349+0000] {dag.py:4180} INFO - Setting next_dagrun for example_local_kubernetes_executor to None, run_after=None
[2025-01-01T21:58:20.365+0000] {processor.py:208} INFO - Processing /home/airflow/.local/lib/python3.12/site-packages/airflow/example_dags/example_local_kubernetes_executor.py took 0.062 seconds
[2025-01-01T21:58:51.199+0000] {processor.py:186} INFO - Started process (PID=1344) to work on /home/airflow/.local/lib/python3.12/site-packages/airflow/example_dags/example_local_kubernetes_executor.py
[2025-01-01T21:58:51.200+0000] {processor.py:914} INFO - Processing file /home/airflow/.local/lib/python3.12/site-packages/airflow/example_dags/example_local_kubernetes_executor.py for tasks to queue
[2025-01-01T21:58:51.202+0000] {logging_mixin.py:190} INFO - [2025-01-01T21:58:51.202+0000] {dagbag.py:588} INFO - Filling up the DagBag from /home/airflow/.local/lib/python3.12/site-packages/airflow/example_dags/example_local_kubernetes_executor.py
[2025-01-01T21:58:51.212+0000] {processor.py:925} INFO - DAG(s) 'example_local_kubernetes_executor' retrieved from /home/airflow/.local/lib/python3.12/site-packages/airflow/example_dags/example_local_kubernetes_executor.py
[2025-01-01T21:58:51.230+0000] {logging_mixin.py:190} INFO - [2025-01-01T21:58:51.230+0000] {dag.py:3239} INFO - Sync 1 DAGs
[2025-01-01T21:58:51.247+0000] {logging_mixin.py:190} INFO - [2025-01-01T21:58:51.247+0000] {dag.py:4180} INFO - Setting next_dagrun for example_local_kubernetes_executor to None, run_after=None
[2025-01-01T21:58:51.271+0000] {processor.py:208} INFO - Processing /home/airflow/.local/lib/python3.12/site-packages/airflow/example_dags/example_local_kubernetes_executor.py took 0.076 seconds
