[2025-01-01T21:48:43.585+0000] {processor.py:186} INFO - Started process (PID=103) to work on /home/airflow/.local/lib/python3.12/site-packages/airflow/example_dags/example_branch_python_dop_operator_3.py
[2025-01-01T21:48:43.586+0000] {processor.py:914} INFO - Processing file /home/airflow/.local/lib/python3.12/site-packages/airflow/example_dags/example_branch_python_dop_operator_3.py for tasks to queue
[2025-01-01T21:48:43.588+0000] {logging_mixin.py:190} INFO - [2025-01-01T21:48:43.588+0000] {dagbag.py:588} INFO - Filling up the DagBag from /home/airflow/.local/lib/python3.12/site-packages/airflow/example_dags/example_branch_python_dop_operator_3.py
[2025-01-01T21:48:43.599+0000] {processor.py:925} INFO - DAG(s) 'example_branch_dop_operator_v3' retrieved from /home/airflow/.local/lib/python3.12/site-packages/airflow/example_dags/example_branch_python_dop_operator_3.py
[2025-01-01T21:48:43.694+0000] {logging_mixin.py:190} INFO - [2025-01-01T21:48:43.694+0000] {override.py:1911} INFO - Created Permission View: can edit on DAG:example_branch_dop_operator_v3
[2025-01-01T21:48:43.704+0000] {logging_mixin.py:190} INFO - [2025-01-01T21:48:43.704+0000] {override.py:1911} INFO - Created Permission View: can delete on DAG:example_branch_dop_operator_v3
[2025-01-01T21:48:43.711+0000] {logging_mixin.py:190} INFO - [2025-01-01T21:48:43.711+0000] {override.py:1911} INFO - Created Permission View: can read on DAG:example_branch_dop_operator_v3
[2025-01-01T21:48:43.721+0000] {logging_mixin.py:190} INFO - [2025-01-01T21:48:43.721+0000] {override.py:1911} INFO - Created Permission View: can delete on DAG Run:example_branch_dop_operator_v3
[2025-01-01T21:48:43.728+0000] {logging_mixin.py:190} INFO - [2025-01-01T21:48:43.728+0000] {override.py:1911} INFO - Created Permission View: can read on DAG Run:example_branch_dop_operator_v3
[2025-01-01T21:48:43.735+0000] {logging_mixin.py:190} INFO - [2025-01-01T21:48:43.735+0000] {override.py:1911} INFO - Created Permission View: can create on DAG Run:example_branch_dop_operator_v3
[2025-01-01T21:48:43.741+0000] {logging_mixin.py:190} INFO - [2025-01-01T21:48:43.741+0000] {override.py:1911} INFO - Created Permission View: menu access on DAG Run:example_branch_dop_operator_v3
[2025-01-01T21:48:43.741+0000] {logging_mixin.py:190} INFO - [2025-01-01T21:48:43.741+0000] {dag.py:3239} INFO - Sync 1 DAGs
[2025-01-01T21:48:43.756+0000] {logging_mixin.py:190} INFO - [2025-01-01T21:48:43.756+0000] {dag.py:3262} INFO - Creating ORM DAG for example_branch_dop_operator_v3
[2025-01-01T21:48:43.769+0000] {logging_mixin.py:190} INFO - [2025-01-01T21:48:43.769+0000] {dag.py:4180} INFO - Setting next_dagrun for example_branch_dop_operator_v3 to 2025-01-01 21:47:00+00:00, run_after=2025-01-01 21:48:00+00:00
[2025-01-01T21:48:43.788+0000] {processor.py:208} INFO - Processing /home/airflow/.local/lib/python3.12/site-packages/airflow/example_dags/example_branch_python_dop_operator_3.py took 0.208 seconds
[2025-01-01T21:49:14.213+0000] {processor.py:186} INFO - Started process (PID=165) to work on /home/airflow/.local/lib/python3.12/site-packages/airflow/example_dags/example_branch_python_dop_operator_3.py
[2025-01-01T21:49:14.214+0000] {processor.py:914} INFO - Processing file /home/airflow/.local/lib/python3.12/site-packages/airflow/example_dags/example_branch_python_dop_operator_3.py for tasks to queue
[2025-01-01T21:49:14.216+0000] {logging_mixin.py:190} INFO - [2025-01-01T21:49:14.216+0000] {dagbag.py:588} INFO - Filling up the DagBag from /home/airflow/.local/lib/python3.12/site-packages/airflow/example_dags/example_branch_python_dop_operator_3.py
[2025-01-01T21:49:14.226+0000] {processor.py:925} INFO - DAG(s) 'example_branch_dop_operator_v3' retrieved from /home/airflow/.local/lib/python3.12/site-packages/airflow/example_dags/example_branch_python_dop_operator_3.py
[2025-01-01T21:49:14.243+0000] {logging_mixin.py:190} INFO - [2025-01-01T21:49:14.243+0000] {dag.py:3239} INFO - Sync 1 DAGs
[2025-01-01T21:49:14.265+0000] {logging_mixin.py:190} INFO - [2025-01-01T21:49:14.265+0000] {dag.py:4180} INFO - Setting next_dagrun for example_branch_dop_operator_v3 to 2025-01-01 21:48:00+00:00, run_after=2025-01-01 21:49:00+00:00
[2025-01-01T21:49:14.280+0000] {processor.py:208} INFO - Processing /home/airflow/.local/lib/python3.12/site-packages/airflow/example_dags/example_branch_python_dop_operator_3.py took 0.072 seconds
[2025-01-01T21:49:44.562+0000] {processor.py:186} INFO - Started process (PID=228) to work on /home/airflow/.local/lib/python3.12/site-packages/airflow/example_dags/example_branch_python_dop_operator_3.py
[2025-01-01T21:49:44.563+0000] {processor.py:914} INFO - Processing file /home/airflow/.local/lib/python3.12/site-packages/airflow/example_dags/example_branch_python_dop_operator_3.py for tasks to queue
[2025-01-01T21:49:44.565+0000] {logging_mixin.py:190} INFO - [2025-01-01T21:49:44.565+0000] {dagbag.py:588} INFO - Filling up the DagBag from /home/airflow/.local/lib/python3.12/site-packages/airflow/example_dags/example_branch_python_dop_operator_3.py
[2025-01-01T21:49:44.574+0000] {processor.py:925} INFO - DAG(s) 'example_branch_dop_operator_v3' retrieved from /home/airflow/.local/lib/python3.12/site-packages/airflow/example_dags/example_branch_python_dop_operator_3.py
[2025-01-01T21:49:44.592+0000] {logging_mixin.py:190} INFO - [2025-01-01T21:49:44.592+0000] {dag.py:3239} INFO - Sync 1 DAGs
[2025-01-01T21:49:44.614+0000] {logging_mixin.py:190} INFO - [2025-01-01T21:49:44.614+0000] {dag.py:4180} INFO - Setting next_dagrun for example_branch_dop_operator_v3 to 2025-01-01 21:48:00+00:00, run_after=2025-01-01 21:49:00+00:00
[2025-01-01T21:49:44.632+0000] {processor.py:208} INFO - Processing /home/airflow/.local/lib/python3.12/site-packages/airflow/example_dags/example_branch_python_dop_operator_3.py took 0.075 seconds
[2025-01-01T21:50:14.834+0000] {processor.py:186} INFO - Started process (PID=290) to work on /home/airflow/.local/lib/python3.12/site-packages/airflow/example_dags/example_branch_python_dop_operator_3.py
[2025-01-01T21:50:14.835+0000] {processor.py:914} INFO - Processing file /home/airflow/.local/lib/python3.12/site-packages/airflow/example_dags/example_branch_python_dop_operator_3.py for tasks to queue
[2025-01-01T21:50:14.837+0000] {logging_mixin.py:190} INFO - [2025-01-01T21:50:14.837+0000] {dagbag.py:588} INFO - Filling up the DagBag from /home/airflow/.local/lib/python3.12/site-packages/airflow/example_dags/example_branch_python_dop_operator_3.py
[2025-01-01T21:50:14.845+0000] {processor.py:925} INFO - DAG(s) 'example_branch_dop_operator_v3' retrieved from /home/airflow/.local/lib/python3.12/site-packages/airflow/example_dags/example_branch_python_dop_operator_3.py
[2025-01-01T21:50:14.862+0000] {logging_mixin.py:190} INFO - [2025-01-01T21:50:14.861+0000] {dag.py:3239} INFO - Sync 1 DAGs
[2025-01-01T21:50:14.882+0000] {logging_mixin.py:190} INFO - [2025-01-01T21:50:14.882+0000] {dag.py:4180} INFO - Setting next_dagrun for example_branch_dop_operator_v3 to 2025-01-01 21:49:00+00:00, run_after=2025-01-01 21:50:00+00:00
[2025-01-01T21:50:14.898+0000] {processor.py:208} INFO - Processing /home/airflow/.local/lib/python3.12/site-packages/airflow/example_dags/example_branch_python_dop_operator_3.py took 0.069 seconds
[2025-01-01T21:50:45.537+0000] {processor.py:186} INFO - Started process (PID=354) to work on /home/airflow/.local/lib/python3.12/site-packages/airflow/example_dags/example_branch_python_dop_operator_3.py
[2025-01-01T21:50:45.538+0000] {processor.py:914} INFO - Processing file /home/airflow/.local/lib/python3.12/site-packages/airflow/example_dags/example_branch_python_dop_operator_3.py for tasks to queue
[2025-01-01T21:50:45.540+0000] {logging_mixin.py:190} INFO - [2025-01-01T21:50:45.540+0000] {dagbag.py:588} INFO - Filling up the DagBag from /home/airflow/.local/lib/python3.12/site-packages/airflow/example_dags/example_branch_python_dop_operator_3.py
[2025-01-01T21:50:45.548+0000] {processor.py:925} INFO - DAG(s) 'example_branch_dop_operator_v3' retrieved from /home/airflow/.local/lib/python3.12/site-packages/airflow/example_dags/example_branch_python_dop_operator_3.py
[2025-01-01T21:50:45.564+0000] {logging_mixin.py:190} INFO - [2025-01-01T21:50:45.563+0000] {dag.py:3239} INFO - Sync 1 DAGs
[2025-01-01T21:50:45.585+0000] {logging_mixin.py:190} INFO - [2025-01-01T21:50:45.584+0000] {dag.py:4180} INFO - Setting next_dagrun for example_branch_dop_operator_v3 to 2025-01-01 21:49:00+00:00, run_after=2025-01-01 21:50:00+00:00
[2025-01-01T21:50:45.600+0000] {processor.py:208} INFO - Processing /home/airflow/.local/lib/python3.12/site-packages/airflow/example_dags/example_branch_python_dop_operator_3.py took 0.067 seconds
[2025-01-01T21:51:16.289+0000] {processor.py:186} INFO - Started process (PID=417) to work on /home/airflow/.local/lib/python3.12/site-packages/airflow/example_dags/example_branch_python_dop_operator_3.py
[2025-01-01T21:51:16.290+0000] {processor.py:914} INFO - Processing file /home/airflow/.local/lib/python3.12/site-packages/airflow/example_dags/example_branch_python_dop_operator_3.py for tasks to queue
[2025-01-01T21:51:16.292+0000] {logging_mixin.py:190} INFO - [2025-01-01T21:51:16.291+0000] {dagbag.py:588} INFO - Filling up the DagBag from /home/airflow/.local/lib/python3.12/site-packages/airflow/example_dags/example_branch_python_dop_operator_3.py
[2025-01-01T21:51:16.300+0000] {processor.py:925} INFO - DAG(s) 'example_branch_dop_operator_v3' retrieved from /home/airflow/.local/lib/python3.12/site-packages/airflow/example_dags/example_branch_python_dop_operator_3.py
[2025-01-01T21:51:16.317+0000] {logging_mixin.py:190} INFO - [2025-01-01T21:51:16.317+0000] {dag.py:3239} INFO - Sync 1 DAGs
[2025-01-01T21:51:16.339+0000] {logging_mixin.py:190} INFO - [2025-01-01T21:51:16.339+0000] {dag.py:4180} INFO - Setting next_dagrun for example_branch_dop_operator_v3 to 2025-01-01 21:50:00+00:00, run_after=2025-01-01 21:51:00+00:00
[2025-01-01T21:51:16.361+0000] {processor.py:208} INFO - Processing /home/airflow/.local/lib/python3.12/site-packages/airflow/example_dags/example_branch_python_dop_operator_3.py took 0.077 seconds
[2025-01-01T21:51:47.322+0000] {processor.py:186} INFO - Started process (PID=480) to work on /home/airflow/.local/lib/python3.12/site-packages/airflow/example_dags/example_branch_python_dop_operator_3.py
[2025-01-01T21:51:47.323+0000] {processor.py:914} INFO - Processing file /home/airflow/.local/lib/python3.12/site-packages/airflow/example_dags/example_branch_python_dop_operator_3.py for tasks to queue
[2025-01-01T21:51:47.325+0000] {logging_mixin.py:190} INFO - [2025-01-01T21:51:47.325+0000] {dagbag.py:588} INFO - Filling up the DagBag from /home/airflow/.local/lib/python3.12/site-packages/airflow/example_dags/example_branch_python_dop_operator_3.py
[2025-01-01T21:51:47.334+0000] {processor.py:925} INFO - DAG(s) 'example_branch_dop_operator_v3' retrieved from /home/airflow/.local/lib/python3.12/site-packages/airflow/example_dags/example_branch_python_dop_operator_3.py
[2025-01-01T21:51:47.353+0000] {logging_mixin.py:190} INFO - [2025-01-01T21:51:47.352+0000] {dag.py:3239} INFO - Sync 1 DAGs
[2025-01-01T21:51:47.377+0000] {logging_mixin.py:190} INFO - [2025-01-01T21:51:47.377+0000] {dag.py:4180} INFO - Setting next_dagrun for example_branch_dop_operator_v3 to 2025-01-01 21:50:00+00:00, run_after=2025-01-01 21:51:00+00:00
[2025-01-01T21:51:47.395+0000] {processor.py:208} INFO - Processing /home/airflow/.local/lib/python3.12/site-packages/airflow/example_dags/example_branch_python_dop_operator_3.py took 0.077 seconds
[2025-01-01T21:52:17.768+0000] {processor.py:186} INFO - Started process (PID=543) to work on /home/airflow/.local/lib/python3.12/site-packages/airflow/example_dags/example_branch_python_dop_operator_3.py
[2025-01-01T21:52:17.769+0000] {processor.py:914} INFO - Processing file /home/airflow/.local/lib/python3.12/site-packages/airflow/example_dags/example_branch_python_dop_operator_3.py for tasks to queue
[2025-01-01T21:52:17.771+0000] {logging_mixin.py:190} INFO - [2025-01-01T21:52:17.771+0000] {dagbag.py:588} INFO - Filling up the DagBag from /home/airflow/.local/lib/python3.12/site-packages/airflow/example_dags/example_branch_python_dop_operator_3.py
[2025-01-01T21:52:17.780+0000] {processor.py:925} INFO - DAG(s) 'example_branch_dop_operator_v3' retrieved from /home/airflow/.local/lib/python3.12/site-packages/airflow/example_dags/example_branch_python_dop_operator_3.py
[2025-01-01T21:52:17.798+0000] {logging_mixin.py:190} INFO - [2025-01-01T21:52:17.798+0000] {dag.py:3239} INFO - Sync 1 DAGs
[2025-01-01T21:52:17.821+0000] {logging_mixin.py:190} INFO - [2025-01-01T21:52:17.821+0000] {dag.py:4180} INFO - Setting next_dagrun for example_branch_dop_operator_v3 to 2025-01-01 21:51:00+00:00, run_after=2025-01-01 21:52:00+00:00
[2025-01-01T21:52:17.838+0000] {processor.py:208} INFO - Processing /home/airflow/.local/lib/python3.12/site-packages/airflow/example_dags/example_branch_python_dop_operator_3.py took 0.075 seconds
[2025-01-01T21:52:48.166+0000] {processor.py:186} INFO - Started process (PID=605) to work on /home/airflow/.local/lib/python3.12/site-packages/airflow/example_dags/example_branch_python_dop_operator_3.py
[2025-01-01T21:52:48.167+0000] {processor.py:914} INFO - Processing file /home/airflow/.local/lib/python3.12/site-packages/airflow/example_dags/example_branch_python_dop_operator_3.py for tasks to queue
[2025-01-01T21:52:48.169+0000] {logging_mixin.py:190} INFO - [2025-01-01T21:52:48.169+0000] {dagbag.py:588} INFO - Filling up the DagBag from /home/airflow/.local/lib/python3.12/site-packages/airflow/example_dags/example_branch_python_dop_operator_3.py
[2025-01-01T21:52:48.178+0000] {processor.py:925} INFO - DAG(s) 'example_branch_dop_operator_v3' retrieved from /home/airflow/.local/lib/python3.12/site-packages/airflow/example_dags/example_branch_python_dop_operator_3.py
[2025-01-01T21:52:48.195+0000] {logging_mixin.py:190} INFO - [2025-01-01T21:52:48.195+0000] {dag.py:3239} INFO - Sync 1 DAGs
[2025-01-01T21:52:48.218+0000] {logging_mixin.py:190} INFO - [2025-01-01T21:52:48.217+0000] {dag.py:4180} INFO - Setting next_dagrun for example_branch_dop_operator_v3 to 2025-01-01 21:51:00+00:00, run_after=2025-01-01 21:52:00+00:00
[2025-01-01T21:52:48.232+0000] {processor.py:208} INFO - Processing /home/airflow/.local/lib/python3.12/site-packages/airflow/example_dags/example_branch_python_dop_operator_3.py took 0.071 seconds
[2025-01-01T21:53:18.564+0000] {processor.py:186} INFO - Started process (PID=667) to work on /home/airflow/.local/lib/python3.12/site-packages/airflow/example_dags/example_branch_python_dop_operator_3.py
[2025-01-01T21:53:18.565+0000] {processor.py:914} INFO - Processing file /home/airflow/.local/lib/python3.12/site-packages/airflow/example_dags/example_branch_python_dop_operator_3.py for tasks to queue
[2025-01-01T21:53:18.567+0000] {logging_mixin.py:190} INFO - [2025-01-01T21:53:18.567+0000] {dagbag.py:588} INFO - Filling up the DagBag from /home/airflow/.local/lib/python3.12/site-packages/airflow/example_dags/example_branch_python_dop_operator_3.py
[2025-01-01T21:53:18.576+0000] {processor.py:925} INFO - DAG(s) 'example_branch_dop_operator_v3' retrieved from /home/airflow/.local/lib/python3.12/site-packages/airflow/example_dags/example_branch_python_dop_operator_3.py
[2025-01-01T21:53:18.593+0000] {logging_mixin.py:190} INFO - [2025-01-01T21:53:18.592+0000] {dag.py:3239} INFO - Sync 1 DAGs
[2025-01-01T21:53:18.614+0000] {logging_mixin.py:190} INFO - [2025-01-01T21:53:18.613+0000] {dag.py:4180} INFO - Setting next_dagrun for example_branch_dop_operator_v3 to 2025-01-01 21:52:00+00:00, run_after=2025-01-01 21:53:00+00:00
[2025-01-01T21:53:18.629+0000] {processor.py:208} INFO - Processing /home/airflow/.local/lib/python3.12/site-packages/airflow/example_dags/example_branch_python_dop_operator_3.py took 0.070 seconds
[2025-01-01T21:53:48.873+0000] {processor.py:186} INFO - Started process (PID=730) to work on /home/airflow/.local/lib/python3.12/site-packages/airflow/example_dags/example_branch_python_dop_operator_3.py
[2025-01-01T21:53:48.874+0000] {processor.py:914} INFO - Processing file /home/airflow/.local/lib/python3.12/site-packages/airflow/example_dags/example_branch_python_dop_operator_3.py for tasks to queue
[2025-01-01T21:53:48.876+0000] {logging_mixin.py:190} INFO - [2025-01-01T21:53:48.876+0000] {dagbag.py:588} INFO - Filling up the DagBag from /home/airflow/.local/lib/python3.12/site-packages/airflow/example_dags/example_branch_python_dop_operator_3.py
[2025-01-01T21:53:48.885+0000] {processor.py:925} INFO - DAG(s) 'example_branch_dop_operator_v3' retrieved from /home/airflow/.local/lib/python3.12/site-packages/airflow/example_dags/example_branch_python_dop_operator_3.py
[2025-01-01T21:53:48.901+0000] {logging_mixin.py:190} INFO - [2025-01-01T21:53:48.901+0000] {dag.py:3239} INFO - Sync 1 DAGs
[2025-01-01T21:53:48.923+0000] {logging_mixin.py:190} INFO - [2025-01-01T21:53:48.922+0000] {dag.py:4180} INFO - Setting next_dagrun for example_branch_dop_operator_v3 to 2025-01-01 21:52:00+00:00, run_after=2025-01-01 21:53:00+00:00
[2025-01-01T21:53:48.937+0000] {processor.py:208} INFO - Processing /home/airflow/.local/lib/python3.12/site-packages/airflow/example_dags/example_branch_python_dop_operator_3.py took 0.068 seconds
[2025-01-01T21:54:19.035+0000] {processor.py:186} INFO - Started process (PID=793) to work on /home/airflow/.local/lib/python3.12/site-packages/airflow/example_dags/example_branch_python_dop_operator_3.py
[2025-01-01T21:54:19.036+0000] {processor.py:914} INFO - Processing file /home/airflow/.local/lib/python3.12/site-packages/airflow/example_dags/example_branch_python_dop_operator_3.py for tasks to queue
[2025-01-01T21:54:19.038+0000] {logging_mixin.py:190} INFO - [2025-01-01T21:54:19.038+0000] {dagbag.py:588} INFO - Filling up the DagBag from /home/airflow/.local/lib/python3.12/site-packages/airflow/example_dags/example_branch_python_dop_operator_3.py
[2025-01-01T21:54:19.047+0000] {processor.py:925} INFO - DAG(s) 'example_branch_dop_operator_v3' retrieved from /home/airflow/.local/lib/python3.12/site-packages/airflow/example_dags/example_branch_python_dop_operator_3.py
[2025-01-01T21:54:19.064+0000] {logging_mixin.py:190} INFO - [2025-01-01T21:54:19.063+0000] {dag.py:3239} INFO - Sync 1 DAGs
[2025-01-01T21:54:19.085+0000] {logging_mixin.py:190} INFO - [2025-01-01T21:54:19.085+0000] {dag.py:4180} INFO - Setting next_dagrun for example_branch_dop_operator_v3 to 2025-01-01 21:53:00+00:00, run_after=2025-01-01 21:54:00+00:00
[2025-01-01T21:54:19.099+0000] {processor.py:208} INFO - Processing /home/airflow/.local/lib/python3.12/site-packages/airflow/example_dags/example_branch_python_dop_operator_3.py took 0.070 seconds
[2025-01-01T21:54:49.555+0000] {processor.py:186} INFO - Started process (PID=856) to work on /home/airflow/.local/lib/python3.12/site-packages/airflow/example_dags/example_branch_python_dop_operator_3.py
[2025-01-01T21:54:49.555+0000] {processor.py:914} INFO - Processing file /home/airflow/.local/lib/python3.12/site-packages/airflow/example_dags/example_branch_python_dop_operator_3.py for tasks to queue
[2025-01-01T21:54:49.557+0000] {logging_mixin.py:190} INFO - [2025-01-01T21:54:49.557+0000] {dagbag.py:588} INFO - Filling up the DagBag from /home/airflow/.local/lib/python3.12/site-packages/airflow/example_dags/example_branch_python_dop_operator_3.py
[2025-01-01T21:54:49.566+0000] {processor.py:925} INFO - DAG(s) 'example_branch_dop_operator_v3' retrieved from /home/airflow/.local/lib/python3.12/site-packages/airflow/example_dags/example_branch_python_dop_operator_3.py
[2025-01-01T21:54:49.585+0000] {logging_mixin.py:190} INFO - [2025-01-01T21:54:49.585+0000] {dag.py:3239} INFO - Sync 1 DAGs
[2025-01-01T21:54:49.606+0000] {logging_mixin.py:190} INFO - [2025-01-01T21:54:49.606+0000] {dag.py:4180} INFO - Setting next_dagrun for example_branch_dop_operator_v3 to 2025-01-01 21:53:00+00:00, run_after=2025-01-01 21:54:00+00:00
[2025-01-01T21:54:49.621+0000] {processor.py:208} INFO - Processing /home/airflow/.local/lib/python3.12/site-packages/airflow/example_dags/example_branch_python_dop_operator_3.py took 0.072 seconds
[2025-01-01T21:55:19.797+0000] {processor.py:186} INFO - Started process (PID=919) to work on /home/airflow/.local/lib/python3.12/site-packages/airflow/example_dags/example_branch_python_dop_operator_3.py
[2025-01-01T21:55:19.798+0000] {processor.py:914} INFO - Processing file /home/airflow/.local/lib/python3.12/site-packages/airflow/example_dags/example_branch_python_dop_operator_3.py for tasks to queue
[2025-01-01T21:55:19.800+0000] {logging_mixin.py:190} INFO - [2025-01-01T21:55:19.800+0000] {dagbag.py:588} INFO - Filling up the DagBag from /home/airflow/.local/lib/python3.12/site-packages/airflow/example_dags/example_branch_python_dop_operator_3.py
[2025-01-01T21:55:19.808+0000] {processor.py:925} INFO - DAG(s) 'example_branch_dop_operator_v3' retrieved from /home/airflow/.local/lib/python3.12/site-packages/airflow/example_dags/example_branch_python_dop_operator_3.py
[2025-01-01T21:55:19.830+0000] {logging_mixin.py:190} INFO - [2025-01-01T21:55:19.829+0000] {dag.py:3239} INFO - Sync 1 DAGs
[2025-01-01T21:55:19.855+0000] {logging_mixin.py:190} INFO - [2025-01-01T21:55:19.855+0000] {dag.py:4180} INFO - Setting next_dagrun for example_branch_dop_operator_v3 to 2025-01-01 21:54:00+00:00, run_after=2025-01-01 21:55:00+00:00
[2025-01-01T21:55:19.873+0000] {processor.py:208} INFO - Processing /home/airflow/.local/lib/python3.12/site-packages/airflow/example_dags/example_branch_python_dop_operator_3.py took 0.081 seconds
[2025-01-01T21:55:49.998+0000] {processor.py:186} INFO - Started process (PID=982) to work on /home/airflow/.local/lib/python3.12/site-packages/airflow/example_dags/example_branch_python_dop_operator_3.py
[2025-01-01T21:55:49.999+0000] {processor.py:914} INFO - Processing file /home/airflow/.local/lib/python3.12/site-packages/airflow/example_dags/example_branch_python_dop_operator_3.py for tasks to queue
[2025-01-01T21:55:50.001+0000] {logging_mixin.py:190} INFO - [2025-01-01T21:55:50.001+0000] {dagbag.py:588} INFO - Filling up the DagBag from /home/airflow/.local/lib/python3.12/site-packages/airflow/example_dags/example_branch_python_dop_operator_3.py
[2025-01-01T21:55:50.010+0000] {processor.py:925} INFO - DAG(s) 'example_branch_dop_operator_v3' retrieved from /home/airflow/.local/lib/python3.12/site-packages/airflow/example_dags/example_branch_python_dop_operator_3.py
[2025-01-01T21:55:50.027+0000] {logging_mixin.py:190} INFO - [2025-01-01T21:55:50.027+0000] {dag.py:3239} INFO - Sync 1 DAGs
[2025-01-01T21:55:50.049+0000] {logging_mixin.py:190} INFO - [2025-01-01T21:55:50.049+0000] {dag.py:4180} INFO - Setting next_dagrun for example_branch_dop_operator_v3 to 2025-01-01 21:54:00+00:00, run_after=2025-01-01 21:55:00+00:00
[2025-01-01T21:55:50.063+0000] {processor.py:208} INFO - Processing /home/airflow/.local/lib/python3.12/site-packages/airflow/example_dags/example_branch_python_dop_operator_3.py took 0.070 seconds
[2025-01-01T21:56:20.329+0000] {processor.py:186} INFO - Started process (PID=1045) to work on /home/airflow/.local/lib/python3.12/site-packages/airflow/example_dags/example_branch_python_dop_operator_3.py
[2025-01-01T21:56:20.330+0000] {processor.py:914} INFO - Processing file /home/airflow/.local/lib/python3.12/site-packages/airflow/example_dags/example_branch_python_dop_operator_3.py for tasks to queue
[2025-01-01T21:56:20.332+0000] {logging_mixin.py:190} INFO - [2025-01-01T21:56:20.332+0000] {dagbag.py:588} INFO - Filling up the DagBag from /home/airflow/.local/lib/python3.12/site-packages/airflow/example_dags/example_branch_python_dop_operator_3.py
[2025-01-01T21:56:20.341+0000] {processor.py:925} INFO - DAG(s) 'example_branch_dop_operator_v3' retrieved from /home/airflow/.local/lib/python3.12/site-packages/airflow/example_dags/example_branch_python_dop_operator_3.py
[2025-01-01T21:56:20.360+0000] {logging_mixin.py:190} INFO - [2025-01-01T21:56:20.360+0000] {dag.py:3239} INFO - Sync 1 DAGs
[2025-01-01T21:56:20.381+0000] {logging_mixin.py:190} INFO - [2025-01-01T21:56:20.381+0000] {dag.py:4180} INFO - Setting next_dagrun for example_branch_dop_operator_v3 to 2025-01-01 21:55:00+00:00, run_after=2025-01-01 21:56:00+00:00
[2025-01-01T21:56:20.398+0000] {processor.py:208} INFO - Processing /home/airflow/.local/lib/python3.12/site-packages/airflow/example_dags/example_branch_python_dop_operator_3.py took 0.074 seconds
[2025-01-01T21:56:51.137+0000] {processor.py:186} INFO - Started process (PID=1108) to work on /home/airflow/.local/lib/python3.12/site-packages/airflow/example_dags/example_branch_python_dop_operator_3.py
[2025-01-01T21:56:51.137+0000] {processor.py:914} INFO - Processing file /home/airflow/.local/lib/python3.12/site-packages/airflow/example_dags/example_branch_python_dop_operator_3.py for tasks to queue
[2025-01-01T21:56:51.140+0000] {logging_mixin.py:190} INFO - [2025-01-01T21:56:51.139+0000] {dagbag.py:588} INFO - Filling up the DagBag from /home/airflow/.local/lib/python3.12/site-packages/airflow/example_dags/example_branch_python_dop_operator_3.py
[2025-01-01T21:56:51.149+0000] {processor.py:925} INFO - DAG(s) 'example_branch_dop_operator_v3' retrieved from /home/airflow/.local/lib/python3.12/site-packages/airflow/example_dags/example_branch_python_dop_operator_3.py
[2025-01-01T21:56:51.168+0000] {logging_mixin.py:190} INFO - [2025-01-01T21:56:51.168+0000] {dag.py:3239} INFO - Sync 1 DAGs
[2025-01-01T21:56:51.190+0000] {logging_mixin.py:190} INFO - [2025-01-01T21:56:51.190+0000] {dag.py:4180} INFO - Setting next_dagrun for example_branch_dop_operator_v3 to 2025-01-01 21:55:00+00:00, run_after=2025-01-01 21:56:00+00:00
[2025-01-01T21:56:51.208+0000] {processor.py:208} INFO - Processing /home/airflow/.local/lib/python3.12/site-packages/airflow/example_dags/example_branch_python_dop_operator_3.py took 0.076 seconds
[2025-01-01T21:57:21.980+0000] {processor.py:186} INFO - Started process (PID=1171) to work on /home/airflow/.local/lib/python3.12/site-packages/airflow/example_dags/example_branch_python_dop_operator_3.py
[2025-01-01T21:57:21.981+0000] {processor.py:914} INFO - Processing file /home/airflow/.local/lib/python3.12/site-packages/airflow/example_dags/example_branch_python_dop_operator_3.py for tasks to queue
[2025-01-01T21:57:21.983+0000] {logging_mixin.py:190} INFO - [2025-01-01T21:57:21.983+0000] {dagbag.py:588} INFO - Filling up the DagBag from /home/airflow/.local/lib/python3.12/site-packages/airflow/example_dags/example_branch_python_dop_operator_3.py
[2025-01-01T21:57:21.992+0000] {processor.py:925} INFO - DAG(s) 'example_branch_dop_operator_v3' retrieved from /home/airflow/.local/lib/python3.12/site-packages/airflow/example_dags/example_branch_python_dop_operator_3.py
[2025-01-01T21:57:22.011+0000] {logging_mixin.py:190} INFO - [2025-01-01T21:57:22.010+0000] {dag.py:3239} INFO - Sync 1 DAGs
[2025-01-01T21:57:22.035+0000] {logging_mixin.py:190} INFO - [2025-01-01T21:57:22.035+0000] {dag.py:4180} INFO - Setting next_dagrun for example_branch_dop_operator_v3 to 2025-01-01 21:56:00+00:00, run_after=2025-01-01 21:57:00+00:00
[2025-01-01T21:57:22.053+0000] {processor.py:208} INFO - Processing /home/airflow/.local/lib/python3.12/site-packages/airflow/example_dags/example_branch_python_dop_operator_3.py took 0.078 seconds
[2025-01-01T21:57:52.652+0000] {processor.py:186} INFO - Started process (PID=1234) to work on /home/airflow/.local/lib/python3.12/site-packages/airflow/example_dags/example_branch_python_dop_operator_3.py
[2025-01-01T21:57:52.653+0000] {processor.py:914} INFO - Processing file /home/airflow/.local/lib/python3.12/site-packages/airflow/example_dags/example_branch_python_dop_operator_3.py for tasks to queue
[2025-01-01T21:57:52.655+0000] {logging_mixin.py:190} INFO - [2025-01-01T21:57:52.655+0000] {dagbag.py:588} INFO - Filling up the DagBag from /home/airflow/.local/lib/python3.12/site-packages/airflow/example_dags/example_branch_python_dop_operator_3.py
[2025-01-01T21:57:52.665+0000] {processor.py:925} INFO - DAG(s) 'example_branch_dop_operator_v3' retrieved from /home/airflow/.local/lib/python3.12/site-packages/airflow/example_dags/example_branch_python_dop_operator_3.py
[2025-01-01T21:57:52.683+0000] {logging_mixin.py:190} INFO - [2025-01-01T21:57:52.682+0000] {dag.py:3239} INFO - Sync 1 DAGs
[2025-01-01T21:57:52.705+0000] {logging_mixin.py:190} INFO - [2025-01-01T21:57:52.705+0000] {dag.py:4180} INFO - Setting next_dagrun for example_branch_dop_operator_v3 to 2025-01-01 21:56:00+00:00, run_after=2025-01-01 21:57:00+00:00
[2025-01-01T21:57:52.721+0000] {processor.py:208} INFO - Processing /home/airflow/.local/lib/python3.12/site-packages/airflow/example_dags/example_branch_python_dop_operator_3.py took 0.074 seconds
[2025-01-01T21:58:23.127+0000] {processor.py:186} INFO - Started process (PID=1297) to work on /home/airflow/.local/lib/python3.12/site-packages/airflow/example_dags/example_branch_python_dop_operator_3.py
[2025-01-01T21:58:23.128+0000] {processor.py:914} INFO - Processing file /home/airflow/.local/lib/python3.12/site-packages/airflow/example_dags/example_branch_python_dop_operator_3.py for tasks to queue
[2025-01-01T21:58:23.130+0000] {logging_mixin.py:190} INFO - [2025-01-01T21:58:23.130+0000] {dagbag.py:588} INFO - Filling up the DagBag from /home/airflow/.local/lib/python3.12/site-packages/airflow/example_dags/example_branch_python_dop_operator_3.py
[2025-01-01T21:58:23.139+0000] {processor.py:925} INFO - DAG(s) 'example_branch_dop_operator_v3' retrieved from /home/airflow/.local/lib/python3.12/site-packages/airflow/example_dags/example_branch_python_dop_operator_3.py
[2025-01-01T21:58:23.156+0000] {logging_mixin.py:190} INFO - [2025-01-01T21:58:23.156+0000] {dag.py:3239} INFO - Sync 1 DAGs
[2025-01-01T21:58:23.176+0000] {logging_mixin.py:190} INFO - [2025-01-01T21:58:23.176+0000] {dag.py:4180} INFO - Setting next_dagrun for example_branch_dop_operator_v3 to 2025-01-01 21:57:00+00:00, run_after=2025-01-01 21:58:00+00:00
[2025-01-01T21:58:23.190+0000] {processor.py:208} INFO - Processing /home/airflow/.local/lib/python3.12/site-packages/airflow/example_dags/example_branch_python_dop_operator_3.py took 0.068 seconds
[2025-01-01T21:58:54.057+0000] {processor.py:186} INFO - Started process (PID=1360) to work on /home/airflow/.local/lib/python3.12/site-packages/airflow/example_dags/example_branch_python_dop_operator_3.py
[2025-01-01T21:58:54.058+0000] {processor.py:914} INFO - Processing file /home/airflow/.local/lib/python3.12/site-packages/airflow/example_dags/example_branch_python_dop_operator_3.py for tasks to queue
[2025-01-01T21:58:54.060+0000] {logging_mixin.py:190} INFO - [2025-01-01T21:58:54.060+0000] {dagbag.py:588} INFO - Filling up the DagBag from /home/airflow/.local/lib/python3.12/site-packages/airflow/example_dags/example_branch_python_dop_operator_3.py
[2025-01-01T21:58:54.069+0000] {processor.py:925} INFO - DAG(s) 'example_branch_dop_operator_v3' retrieved from /home/airflow/.local/lib/python3.12/site-packages/airflow/example_dags/example_branch_python_dop_operator_3.py
[2025-01-01T21:58:54.087+0000] {logging_mixin.py:190} INFO - [2025-01-01T21:58:54.086+0000] {dag.py:3239} INFO - Sync 1 DAGs
[2025-01-01T21:58:54.108+0000] {logging_mixin.py:190} INFO - [2025-01-01T21:58:54.108+0000] {dag.py:4180} INFO - Setting next_dagrun for example_branch_dop_operator_v3 to 2025-01-01 21:57:00+00:00, run_after=2025-01-01 21:58:00+00:00
[2025-01-01T21:58:54.122+0000] {processor.py:208} INFO - Processing /home/airflow/.local/lib/python3.12/site-packages/airflow/example_dags/example_branch_python_dop_operator_3.py took 0.070 seconds
