[2025-01-01T21:48:38.036+0000] {processor.py:186} INFO - Started process (PID=71) to work on /home/airflow/.local/lib/python3.12/site-packages/airflow/example_dags/example_latest_only.py
[2025-01-01T21:48:38.037+0000] {processor.py:914} INFO - Processing file /home/airflow/.local/lib/python3.12/site-packages/airflow/example_dags/example_latest_only.py for tasks to queue
[2025-01-01T21:48:38.039+0000] {logging_mixin.py:190} INFO - [2025-01-01T21:48:38.039+0000] {dagbag.py:588} INFO - Filling up the DagBag from /home/airflow/.local/lib/python3.12/site-packages/airflow/example_dags/example_latest_only.py
[2025-01-01T21:48:38.055+0000] {processor.py:925} INFO - DAG(s) 'latest_only' retrieved from /home/airflow/.local/lib/python3.12/site-packages/airflow/example_dags/example_latest_only.py
[2025-01-01T21:48:38.199+0000] {logging_mixin.py:190} INFO - [2025-01-01T21:48:38.198+0000] {override.py:1911} INFO - Created Permission View: can edit on DAG:latest_only
[2025-01-01T21:48:38.210+0000] {logging_mixin.py:190} INFO - [2025-01-01T21:48:38.209+0000] {override.py:1911} INFO - Created Permission View: can delete on DAG:latest_only
[2025-01-01T21:48:38.217+0000] {logging_mixin.py:190} INFO - [2025-01-01T21:48:38.217+0000] {override.py:1911} INFO - Created Permission View: can read on DAG:latest_only
[2025-01-01T21:48:38.227+0000] {logging_mixin.py:190} INFO - [2025-01-01T21:48:38.226+0000] {override.py:1911} INFO - Created Permission View: can delete on DAG Run:latest_only
[2025-01-01T21:48:38.234+0000] {logging_mixin.py:190} INFO - [2025-01-01T21:48:38.234+0000] {override.py:1911} INFO - Created Permission View: can read on DAG Run:latest_only
[2025-01-01T21:48:38.242+0000] {logging_mixin.py:190} INFO - [2025-01-01T21:48:38.242+0000] {override.py:1911} INFO - Created Permission View: can create on DAG Run:latest_only
[2025-01-01T21:48:38.250+0000] {logging_mixin.py:190} INFO - [2025-01-01T21:48:38.250+0000] {override.py:1911} INFO - Created Permission View: menu access on DAG Run:latest_only
[2025-01-01T21:48:38.251+0000] {logging_mixin.py:190} INFO - [2025-01-01T21:48:38.251+0000] {dag.py:3239} INFO - Sync 1 DAGs
[2025-01-01T21:48:38.262+0000] {logging_mixin.py:190} INFO - [2025-01-01T21:48:38.262+0000] {dag.py:3262} INFO - Creating ORM DAG for latest_only
[2025-01-01T21:48:38.273+0000] {logging_mixin.py:190} INFO - [2025-01-01T21:48:38.273+0000] {dag.py:4180} INFO - Setting next_dagrun for latest_only to 2025-01-01 16:00:00+00:00, run_after=2025-01-01 20:00:00+00:00
[2025-01-01T21:48:38.292+0000] {processor.py:208} INFO - Processing /home/airflow/.local/lib/python3.12/site-packages/airflow/example_dags/example_latest_only.py took 0.263 seconds
[2025-01-01T21:49:08.645+0000] {processor.py:186} INFO - Started process (PID=135) to work on /home/airflow/.local/lib/python3.12/site-packages/airflow/example_dags/example_latest_only.py
[2025-01-01T21:49:08.645+0000] {processor.py:914} INFO - Processing file /home/airflow/.local/lib/python3.12/site-packages/airflow/example_dags/example_latest_only.py for tasks to queue
[2025-01-01T21:49:08.647+0000] {logging_mixin.py:190} INFO - [2025-01-01T21:49:08.647+0000] {dagbag.py:588} INFO - Filling up the DagBag from /home/airflow/.local/lib/python3.12/site-packages/airflow/example_dags/example_latest_only.py
[2025-01-01T21:49:08.654+0000] {processor.py:925} INFO - DAG(s) 'latest_only' retrieved from /home/airflow/.local/lib/python3.12/site-packages/airflow/example_dags/example_latest_only.py
[2025-01-01T21:49:08.672+0000] {logging_mixin.py:190} INFO - [2025-01-01T21:49:08.672+0000] {dag.py:3239} INFO - Sync 1 DAGs
[2025-01-01T21:49:08.692+0000] {logging_mixin.py:190} INFO - [2025-01-01T21:49:08.692+0000] {dag.py:4180} INFO - Setting next_dagrun for latest_only to 2025-01-01 16:00:00+00:00, run_after=2025-01-01 20:00:00+00:00
[2025-01-01T21:49:08.708+0000] {processor.py:208} INFO - Processing /home/airflow/.local/lib/python3.12/site-packages/airflow/example_dags/example_latest_only.py took 0.068 seconds
[2025-01-01T21:49:38.766+0000] {processor.py:186} INFO - Started process (PID=198) to work on /home/airflow/.local/lib/python3.12/site-packages/airflow/example_dags/example_latest_only.py
[2025-01-01T21:49:38.767+0000] {processor.py:914} INFO - Processing file /home/airflow/.local/lib/python3.12/site-packages/airflow/example_dags/example_latest_only.py for tasks to queue
[2025-01-01T21:49:38.769+0000] {logging_mixin.py:190} INFO - [2025-01-01T21:49:38.769+0000] {dagbag.py:588} INFO - Filling up the DagBag from /home/airflow/.local/lib/python3.12/site-packages/airflow/example_dags/example_latest_only.py
[2025-01-01T21:49:38.775+0000] {processor.py:925} INFO - DAG(s) 'latest_only' retrieved from /home/airflow/.local/lib/python3.12/site-packages/airflow/example_dags/example_latest_only.py
[2025-01-01T21:49:38.792+0000] {logging_mixin.py:190} INFO - [2025-01-01T21:49:38.792+0000] {dag.py:3239} INFO - Sync 1 DAGs
[2025-01-01T21:49:38.812+0000] {logging_mixin.py:190} INFO - [2025-01-01T21:49:38.812+0000] {dag.py:4180} INFO - Setting next_dagrun for latest_only to 2025-01-01 16:00:00+00:00, run_after=2025-01-01 20:00:00+00:00
[2025-01-01T21:49:38.827+0000] {processor.py:208} INFO - Processing /home/airflow/.local/lib/python3.12/site-packages/airflow/example_dags/example_latest_only.py took 0.065 seconds
[2025-01-01T21:50:08.976+0000] {processor.py:186} INFO - Started process (PID=261) to work on /home/airflow/.local/lib/python3.12/site-packages/airflow/example_dags/example_latest_only.py
[2025-01-01T21:50:08.977+0000] {processor.py:914} INFO - Processing file /home/airflow/.local/lib/python3.12/site-packages/airflow/example_dags/example_latest_only.py for tasks to queue
[2025-01-01T21:50:08.979+0000] {logging_mixin.py:190} INFO - [2025-01-01T21:50:08.979+0000] {dagbag.py:588} INFO - Filling up the DagBag from /home/airflow/.local/lib/python3.12/site-packages/airflow/example_dags/example_latest_only.py
[2025-01-01T21:50:08.985+0000] {processor.py:925} INFO - DAG(s) 'latest_only' retrieved from /home/airflow/.local/lib/python3.12/site-packages/airflow/example_dags/example_latest_only.py
[2025-01-01T21:50:09.004+0000] {logging_mixin.py:190} INFO - [2025-01-01T21:50:09.004+0000] {dag.py:3239} INFO - Sync 1 DAGs
[2025-01-01T21:50:09.025+0000] {logging_mixin.py:190} INFO - [2025-01-01T21:50:09.025+0000] {dag.py:4180} INFO - Setting next_dagrun for latest_only to 2025-01-01 16:00:00+00:00, run_after=2025-01-01 20:00:00+00:00
[2025-01-01T21:50:09.045+0000] {processor.py:208} INFO - Processing /home/airflow/.local/lib/python3.12/site-packages/airflow/example_dags/example_latest_only.py took 0.074 seconds
[2025-01-01T21:50:39.749+0000] {processor.py:186} INFO - Started process (PID=331) to work on /home/airflow/.local/lib/python3.12/site-packages/airflow/example_dags/example_latest_only.py
[2025-01-01T21:50:39.750+0000] {processor.py:914} INFO - Processing file /home/airflow/.local/lib/python3.12/site-packages/airflow/example_dags/example_latest_only.py for tasks to queue
[2025-01-01T21:50:39.752+0000] {logging_mixin.py:190} INFO - [2025-01-01T21:50:39.752+0000] {dagbag.py:588} INFO - Filling up the DagBag from /home/airflow/.local/lib/python3.12/site-packages/airflow/example_dags/example_latest_only.py
[2025-01-01T21:50:39.759+0000] {processor.py:925} INFO - DAG(s) 'latest_only' retrieved from /home/airflow/.local/lib/python3.12/site-packages/airflow/example_dags/example_latest_only.py
[2025-01-01T21:50:39.780+0000] {logging_mixin.py:190} INFO - [2025-01-01T21:50:39.780+0000] {dag.py:3239} INFO - Sync 1 DAGs
[2025-01-01T21:50:39.801+0000] {logging_mixin.py:190} INFO - [2025-01-01T21:50:39.801+0000] {dag.py:4180} INFO - Setting next_dagrun for latest_only to 2025-01-01 16:00:00+00:00, run_after=2025-01-01 20:00:00+00:00
[2025-01-01T21:50:39.817+0000] {processor.py:208} INFO - Processing /home/airflow/.local/lib/python3.12/site-packages/airflow/example_dags/example_latest_only.py took 0.073 seconds
[2025-01-01T21:51:10.677+0000] {processor.py:186} INFO - Started process (PID=394) to work on /home/airflow/.local/lib/python3.12/site-packages/airflow/example_dags/example_latest_only.py
[2025-01-01T21:51:10.678+0000] {processor.py:914} INFO - Processing file /home/airflow/.local/lib/python3.12/site-packages/airflow/example_dags/example_latest_only.py for tasks to queue
[2025-01-01T21:51:10.680+0000] {logging_mixin.py:190} INFO - [2025-01-01T21:51:10.680+0000] {dagbag.py:588} INFO - Filling up the DagBag from /home/airflow/.local/lib/python3.12/site-packages/airflow/example_dags/example_latest_only.py
[2025-01-01T21:51:10.686+0000] {processor.py:925} INFO - DAG(s) 'latest_only' retrieved from /home/airflow/.local/lib/python3.12/site-packages/airflow/example_dags/example_latest_only.py
[2025-01-01T21:51:10.704+0000] {logging_mixin.py:190} INFO - [2025-01-01T21:51:10.703+0000] {dag.py:3239} INFO - Sync 1 DAGs
[2025-01-01T21:51:10.724+0000] {logging_mixin.py:190} INFO - [2025-01-01T21:51:10.723+0000] {dag.py:4180} INFO - Setting next_dagrun for latest_only to 2025-01-01 16:00:00+00:00, run_after=2025-01-01 20:00:00+00:00
[2025-01-01T21:51:10.740+0000] {processor.py:208} INFO - Processing /home/airflow/.local/lib/python3.12/site-packages/airflow/example_dags/example_latest_only.py took 0.068 seconds
[2025-01-01T21:51:41.148+0000] {processor.py:186} INFO - Started process (PID=457) to work on /home/airflow/.local/lib/python3.12/site-packages/airflow/example_dags/example_latest_only.py
[2025-01-01T21:51:41.149+0000] {processor.py:914} INFO - Processing file /home/airflow/.local/lib/python3.12/site-packages/airflow/example_dags/example_latest_only.py for tasks to queue
[2025-01-01T21:51:41.154+0000] {logging_mixin.py:190} INFO - [2025-01-01T21:51:41.153+0000] {dagbag.py:588} INFO - Filling up the DagBag from /home/airflow/.local/lib/python3.12/site-packages/airflow/example_dags/example_latest_only.py
[2025-01-01T21:51:41.162+0000] {processor.py:925} INFO - DAG(s) 'latest_only' retrieved from /home/airflow/.local/lib/python3.12/site-packages/airflow/example_dags/example_latest_only.py
[2025-01-01T21:51:41.186+0000] {logging_mixin.py:190} INFO - [2025-01-01T21:51:41.186+0000] {dag.py:3239} INFO - Sync 1 DAGs
[2025-01-01T21:51:41.214+0000] {logging_mixin.py:190} INFO - [2025-01-01T21:51:41.214+0000] {dag.py:4180} INFO - Setting next_dagrun for latest_only to 2025-01-01 16:00:00+00:00, run_after=2025-01-01 20:00:00+00:00
[2025-01-01T21:51:41.243+0000] {processor.py:208} INFO - Processing /home/airflow/.local/lib/python3.12/site-packages/airflow/example_dags/example_latest_only.py took 0.101 seconds
[2025-01-01T21:52:11.325+0000] {processor.py:186} INFO - Started process (PID=520) to work on /home/airflow/.local/lib/python3.12/site-packages/airflow/example_dags/example_latest_only.py
[2025-01-01T21:52:11.326+0000] {processor.py:914} INFO - Processing file /home/airflow/.local/lib/python3.12/site-packages/airflow/example_dags/example_latest_only.py for tasks to queue
[2025-01-01T21:52:11.328+0000] {logging_mixin.py:190} INFO - [2025-01-01T21:52:11.327+0000] {dagbag.py:588} INFO - Filling up the DagBag from /home/airflow/.local/lib/python3.12/site-packages/airflow/example_dags/example_latest_only.py
[2025-01-01T21:52:11.334+0000] {processor.py:925} INFO - DAG(s) 'latest_only' retrieved from /home/airflow/.local/lib/python3.12/site-packages/airflow/example_dags/example_latest_only.py
[2025-01-01T21:52:11.352+0000] {logging_mixin.py:190} INFO - [2025-01-01T21:52:11.351+0000] {dag.py:3239} INFO - Sync 1 DAGs
[2025-01-01T21:52:11.371+0000] {logging_mixin.py:190} INFO - [2025-01-01T21:52:11.371+0000] {dag.py:4180} INFO - Setting next_dagrun for latest_only to 2025-01-01 16:00:00+00:00, run_after=2025-01-01 20:00:00+00:00
[2025-01-01T21:52:11.387+0000] {processor.py:208} INFO - Processing /home/airflow/.local/lib/python3.12/site-packages/airflow/example_dags/example_latest_only.py took 0.067 seconds
[2025-01-01T21:52:41.865+0000] {processor.py:186} INFO - Started process (PID=583) to work on /home/airflow/.local/lib/python3.12/site-packages/airflow/example_dags/example_latest_only.py
[2025-01-01T21:52:41.866+0000] {processor.py:914} INFO - Processing file /home/airflow/.local/lib/python3.12/site-packages/airflow/example_dags/example_latest_only.py for tasks to queue
[2025-01-01T21:52:41.868+0000] {logging_mixin.py:190} INFO - [2025-01-01T21:52:41.868+0000] {dagbag.py:588} INFO - Filling up the DagBag from /home/airflow/.local/lib/python3.12/site-packages/airflow/example_dags/example_latest_only.py
[2025-01-01T21:52:41.874+0000] {processor.py:925} INFO - DAG(s) 'latest_only' retrieved from /home/airflow/.local/lib/python3.12/site-packages/airflow/example_dags/example_latest_only.py
[2025-01-01T21:52:41.892+0000] {logging_mixin.py:190} INFO - [2025-01-01T21:52:41.891+0000] {dag.py:3239} INFO - Sync 1 DAGs
[2025-01-01T21:52:41.912+0000] {logging_mixin.py:190} INFO - [2025-01-01T21:52:41.912+0000] {dag.py:4180} INFO - Setting next_dagrun for latest_only to 2025-01-01 16:00:00+00:00, run_after=2025-01-01 20:00:00+00:00
[2025-01-01T21:52:41.928+0000] {processor.py:208} INFO - Processing /home/airflow/.local/lib/python3.12/site-packages/airflow/example_dags/example_latest_only.py took 0.068 seconds
[2025-01-01T21:53:12.540+0000] {processor.py:186} INFO - Started process (PID=646) to work on /home/airflow/.local/lib/python3.12/site-packages/airflow/example_dags/example_latest_only.py
[2025-01-01T21:53:12.541+0000] {processor.py:914} INFO - Processing file /home/airflow/.local/lib/python3.12/site-packages/airflow/example_dags/example_latest_only.py for tasks to queue
[2025-01-01T21:53:12.543+0000] {logging_mixin.py:190} INFO - [2025-01-01T21:53:12.543+0000] {dagbag.py:588} INFO - Filling up the DagBag from /home/airflow/.local/lib/python3.12/site-packages/airflow/example_dags/example_latest_only.py
[2025-01-01T21:53:12.550+0000] {processor.py:925} INFO - DAG(s) 'latest_only' retrieved from /home/airflow/.local/lib/python3.12/site-packages/airflow/example_dags/example_latest_only.py
[2025-01-01T21:53:12.568+0000] {logging_mixin.py:190} INFO - [2025-01-01T21:53:12.568+0000] {dag.py:3239} INFO - Sync 1 DAGs
[2025-01-01T21:53:12.589+0000] {logging_mixin.py:190} INFO - [2025-01-01T21:53:12.589+0000] {dag.py:4180} INFO - Setting next_dagrun for latest_only to 2025-01-01 16:00:00+00:00, run_after=2025-01-01 20:00:00+00:00
[2025-01-01T21:53:12.608+0000] {processor.py:208} INFO - Processing /home/airflow/.local/lib/python3.12/site-packages/airflow/example_dags/example_latest_only.py took 0.072 seconds
[2025-01-01T21:53:43.625+0000] {processor.py:186} INFO - Started process (PID=709) to work on /home/airflow/.local/lib/python3.12/site-packages/airflow/example_dags/example_latest_only.py
[2025-01-01T21:53:43.626+0000] {processor.py:914} INFO - Processing file /home/airflow/.local/lib/python3.12/site-packages/airflow/example_dags/example_latest_only.py for tasks to queue
[2025-01-01T21:53:43.628+0000] {logging_mixin.py:190} INFO - [2025-01-01T21:53:43.628+0000] {dagbag.py:588} INFO - Filling up the DagBag from /home/airflow/.local/lib/python3.12/site-packages/airflow/example_dags/example_latest_only.py
[2025-01-01T21:53:43.634+0000] {processor.py:925} INFO - DAG(s) 'latest_only' retrieved from /home/airflow/.local/lib/python3.12/site-packages/airflow/example_dags/example_latest_only.py
[2025-01-01T21:53:43.652+0000] {logging_mixin.py:190} INFO - [2025-01-01T21:53:43.651+0000] {dag.py:3239} INFO - Sync 1 DAGs
[2025-01-01T21:53:43.674+0000] {logging_mixin.py:190} INFO - [2025-01-01T21:53:43.674+0000] {dag.py:4180} INFO - Setting next_dagrun for latest_only to 2025-01-01 16:00:00+00:00, run_after=2025-01-01 20:00:00+00:00
[2025-01-01T21:53:43.689+0000] {processor.py:208} INFO - Processing /home/airflow/.local/lib/python3.12/site-packages/airflow/example_dags/example_latest_only.py took 0.069 seconds
[2025-01-01T21:54:13.971+0000] {processor.py:186} INFO - Started process (PID=772) to work on /home/airflow/.local/lib/python3.12/site-packages/airflow/example_dags/example_latest_only.py
[2025-01-01T21:54:13.972+0000] {processor.py:914} INFO - Processing file /home/airflow/.local/lib/python3.12/site-packages/airflow/example_dags/example_latest_only.py for tasks to queue
[2025-01-01T21:54:13.973+0000] {logging_mixin.py:190} INFO - [2025-01-01T21:54:13.973+0000] {dagbag.py:588} INFO - Filling up the DagBag from /home/airflow/.local/lib/python3.12/site-packages/airflow/example_dags/example_latest_only.py
[2025-01-01T21:54:13.979+0000] {processor.py:925} INFO - DAG(s) 'latest_only' retrieved from /home/airflow/.local/lib/python3.12/site-packages/airflow/example_dags/example_latest_only.py
[2025-01-01T21:54:13.996+0000] {logging_mixin.py:190} INFO - [2025-01-01T21:54:13.996+0000] {dag.py:3239} INFO - Sync 1 DAGs
[2025-01-01T21:54:14.020+0000] {logging_mixin.py:190} INFO - [2025-01-01T21:54:14.020+0000] {dag.py:4180} INFO - Setting next_dagrun for latest_only to 2025-01-01 16:00:00+00:00, run_after=2025-01-01 20:00:00+00:00
[2025-01-01T21:54:14.036+0000] {processor.py:208} INFO - Processing /home/airflow/.local/lib/python3.12/site-packages/airflow/example_dags/example_latest_only.py took 0.070 seconds
[2025-01-01T21:54:44.534+0000] {processor.py:186} INFO - Started process (PID=835) to work on /home/airflow/.local/lib/python3.12/site-packages/airflow/example_dags/example_latest_only.py
[2025-01-01T21:54:44.535+0000] {processor.py:914} INFO - Processing file /home/airflow/.local/lib/python3.12/site-packages/airflow/example_dags/example_latest_only.py for tasks to queue
[2025-01-01T21:54:44.537+0000] {logging_mixin.py:190} INFO - [2025-01-01T21:54:44.537+0000] {dagbag.py:588} INFO - Filling up the DagBag from /home/airflow/.local/lib/python3.12/site-packages/airflow/example_dags/example_latest_only.py
[2025-01-01T21:54:44.543+0000] {processor.py:925} INFO - DAG(s) 'latest_only' retrieved from /home/airflow/.local/lib/python3.12/site-packages/airflow/example_dags/example_latest_only.py
[2025-01-01T21:54:44.559+0000] {logging_mixin.py:190} INFO - [2025-01-01T21:54:44.559+0000] {dag.py:3239} INFO - Sync 1 DAGs
[2025-01-01T21:54:44.587+0000] {logging_mixin.py:190} INFO - [2025-01-01T21:54:44.587+0000] {dag.py:4180} INFO - Setting next_dagrun for latest_only to 2025-01-01 16:00:00+00:00, run_after=2025-01-01 20:00:00+00:00
[2025-01-01T21:54:44.605+0000] {processor.py:208} INFO - Processing /home/airflow/.local/lib/python3.12/site-packages/airflow/example_dags/example_latest_only.py took 0.076 seconds
[2025-01-01T21:55:14.691+0000] {processor.py:186} INFO - Started process (PID=898) to work on /home/airflow/.local/lib/python3.12/site-packages/airflow/example_dags/example_latest_only.py
[2025-01-01T21:55:14.692+0000] {processor.py:914} INFO - Processing file /home/airflow/.local/lib/python3.12/site-packages/airflow/example_dags/example_latest_only.py for tasks to queue
[2025-01-01T21:55:14.694+0000] {logging_mixin.py:190} INFO - [2025-01-01T21:55:14.694+0000] {dagbag.py:588} INFO - Filling up the DagBag from /home/airflow/.local/lib/python3.12/site-packages/airflow/example_dags/example_latest_only.py
[2025-01-01T21:55:14.701+0000] {processor.py:925} INFO - DAG(s) 'latest_only' retrieved from /home/airflow/.local/lib/python3.12/site-packages/airflow/example_dags/example_latest_only.py
[2025-01-01T21:55:14.723+0000] {logging_mixin.py:190} INFO - [2025-01-01T21:55:14.723+0000] {dag.py:3239} INFO - Sync 1 DAGs
[2025-01-01T21:55:14.747+0000] {logging_mixin.py:190} INFO - [2025-01-01T21:55:14.747+0000] {dag.py:4180} INFO - Setting next_dagrun for latest_only to 2025-01-01 16:00:00+00:00, run_after=2025-01-01 20:00:00+00:00
[2025-01-01T21:55:14.766+0000] {processor.py:208} INFO - Processing /home/airflow/.local/lib/python3.12/site-packages/airflow/example_dags/example_latest_only.py took 0.080 seconds
[2025-01-01T21:55:44.989+0000] {processor.py:186} INFO - Started process (PID=961) to work on /home/airflow/.local/lib/python3.12/site-packages/airflow/example_dags/example_latest_only.py
[2025-01-01T21:55:44.990+0000] {processor.py:914} INFO - Processing file /home/airflow/.local/lib/python3.12/site-packages/airflow/example_dags/example_latest_only.py for tasks to queue
[2025-01-01T21:55:44.991+0000] {logging_mixin.py:190} INFO - [2025-01-01T21:55:44.991+0000] {dagbag.py:588} INFO - Filling up the DagBag from /home/airflow/.local/lib/python3.12/site-packages/airflow/example_dags/example_latest_only.py
[2025-01-01T21:55:44.997+0000] {processor.py:925} INFO - DAG(s) 'latest_only' retrieved from /home/airflow/.local/lib/python3.12/site-packages/airflow/example_dags/example_latest_only.py
[2025-01-01T21:55:45.014+0000] {logging_mixin.py:190} INFO - [2025-01-01T21:55:45.013+0000] {dag.py:3239} INFO - Sync 1 DAGs
[2025-01-01T21:55:45.034+0000] {logging_mixin.py:190} INFO - [2025-01-01T21:55:45.034+0000] {dag.py:4180} INFO - Setting next_dagrun for latest_only to 2025-01-01 16:00:00+00:00, run_after=2025-01-01 20:00:00+00:00
[2025-01-01T21:55:45.048+0000] {processor.py:208} INFO - Processing /home/airflow/.local/lib/python3.12/site-packages/airflow/example_dags/example_latest_only.py took 0.064 seconds
[2025-01-01T21:56:16.020+0000] {processor.py:186} INFO - Started process (PID=1024) to work on /home/airflow/.local/lib/python3.12/site-packages/airflow/example_dags/example_latest_only.py
[2025-01-01T21:56:16.021+0000] {processor.py:914} INFO - Processing file /home/airflow/.local/lib/python3.12/site-packages/airflow/example_dags/example_latest_only.py for tasks to queue
[2025-01-01T21:56:16.023+0000] {logging_mixin.py:190} INFO - [2025-01-01T21:56:16.022+0000] {dagbag.py:588} INFO - Filling up the DagBag from /home/airflow/.local/lib/python3.12/site-packages/airflow/example_dags/example_latest_only.py
[2025-01-01T21:56:16.031+0000] {processor.py:925} INFO - DAG(s) 'latest_only' retrieved from /home/airflow/.local/lib/python3.12/site-packages/airflow/example_dags/example_latest_only.py
[2025-01-01T21:56:16.049+0000] {logging_mixin.py:190} INFO - [2025-01-01T21:56:16.049+0000] {dag.py:3239} INFO - Sync 1 DAGs
[2025-01-01T21:56:16.071+0000] {logging_mixin.py:190} INFO - [2025-01-01T21:56:16.071+0000] {dag.py:4180} INFO - Setting next_dagrun for latest_only to 2025-01-01 16:00:00+00:00, run_after=2025-01-01 20:00:00+00:00
[2025-01-01T21:56:16.087+0000] {processor.py:208} INFO - Processing /home/airflow/.local/lib/python3.12/site-packages/airflow/example_dags/example_latest_only.py took 0.072 seconds
[2025-01-01T21:56:46.936+0000] {processor.py:186} INFO - Started process (PID=1087) to work on /home/airflow/.local/lib/python3.12/site-packages/airflow/example_dags/example_latest_only.py
[2025-01-01T21:56:46.937+0000] {processor.py:914} INFO - Processing file /home/airflow/.local/lib/python3.12/site-packages/airflow/example_dags/example_latest_only.py for tasks to queue
[2025-01-01T21:56:46.939+0000] {logging_mixin.py:190} INFO - [2025-01-01T21:56:46.939+0000] {dagbag.py:588} INFO - Filling up the DagBag from /home/airflow/.local/lib/python3.12/site-packages/airflow/example_dags/example_latest_only.py
[2025-01-01T21:56:46.946+0000] {processor.py:925} INFO - DAG(s) 'latest_only' retrieved from /home/airflow/.local/lib/python3.12/site-packages/airflow/example_dags/example_latest_only.py
[2025-01-01T21:56:46.964+0000] {logging_mixin.py:190} INFO - [2025-01-01T21:56:46.964+0000] {dag.py:3239} INFO - Sync 1 DAGs
[2025-01-01T21:56:46.989+0000] {logging_mixin.py:190} INFO - [2025-01-01T21:56:46.988+0000] {dag.py:4180} INFO - Setting next_dagrun for latest_only to 2025-01-01 16:00:00+00:00, run_after=2025-01-01 20:00:00+00:00
[2025-01-01T21:56:47.007+0000] {processor.py:208} INFO - Processing /home/airflow/.local/lib/python3.12/site-packages/airflow/example_dags/example_latest_only.py took 0.076 seconds
[2025-01-01T21:57:17.737+0000] {processor.py:186} INFO - Started process (PID=1150) to work on /home/airflow/.local/lib/python3.12/site-packages/airflow/example_dags/example_latest_only.py
[2025-01-01T21:57:17.739+0000] {processor.py:914} INFO - Processing file /home/airflow/.local/lib/python3.12/site-packages/airflow/example_dags/example_latest_only.py for tasks to queue
[2025-01-01T21:57:17.741+0000] {logging_mixin.py:190} INFO - [2025-01-01T21:57:17.741+0000] {dagbag.py:588} INFO - Filling up the DagBag from /home/airflow/.local/lib/python3.12/site-packages/airflow/example_dags/example_latest_only.py
[2025-01-01T21:57:17.747+0000] {processor.py:925} INFO - DAG(s) 'latest_only' retrieved from /home/airflow/.local/lib/python3.12/site-packages/airflow/example_dags/example_latest_only.py
[2025-01-01T21:57:17.766+0000] {logging_mixin.py:190} INFO - [2025-01-01T21:57:17.765+0000] {dag.py:3239} INFO - Sync 1 DAGs
[2025-01-01T21:57:17.789+0000] {logging_mixin.py:190} INFO - [2025-01-01T21:57:17.789+0000] {dag.py:4180} INFO - Setting next_dagrun for latest_only to 2025-01-01 16:00:00+00:00, run_after=2025-01-01 20:00:00+00:00
[2025-01-01T21:57:17.809+0000] {processor.py:208} INFO - Processing /home/airflow/.local/lib/python3.12/site-packages/airflow/example_dags/example_latest_only.py took 0.077 seconds
[2025-01-01T21:57:48.594+0000] {processor.py:186} INFO - Started process (PID=1213) to work on /home/airflow/.local/lib/python3.12/site-packages/airflow/example_dags/example_latest_only.py
[2025-01-01T21:57:48.595+0000] {processor.py:914} INFO - Processing file /home/airflow/.local/lib/python3.12/site-packages/airflow/example_dags/example_latest_only.py for tasks to queue
[2025-01-01T21:57:48.597+0000] {logging_mixin.py:190} INFO - [2025-01-01T21:57:48.596+0000] {dagbag.py:588} INFO - Filling up the DagBag from /home/airflow/.local/lib/python3.12/site-packages/airflow/example_dags/example_latest_only.py
[2025-01-01T21:57:48.603+0000] {processor.py:925} INFO - DAG(s) 'latest_only' retrieved from /home/airflow/.local/lib/python3.12/site-packages/airflow/example_dags/example_latest_only.py
[2025-01-01T21:57:48.620+0000] {logging_mixin.py:190} INFO - [2025-01-01T21:57:48.620+0000] {dag.py:3239} INFO - Sync 1 DAGs
[2025-01-01T21:57:48.641+0000] {logging_mixin.py:190} INFO - [2025-01-01T21:57:48.641+0000] {dag.py:4180} INFO - Setting next_dagrun for latest_only to 2025-01-01 16:00:00+00:00, run_after=2025-01-01 20:00:00+00:00
[2025-01-01T21:57:48.656+0000] {processor.py:208} INFO - Processing /home/airflow/.local/lib/python3.12/site-packages/airflow/example_dags/example_latest_only.py took 0.068 seconds
[2025-01-01T21:58:19.095+0000] {processor.py:186} INFO - Started process (PID=1276) to work on /home/airflow/.local/lib/python3.12/site-packages/airflow/example_dags/example_latest_only.py
[2025-01-01T21:58:19.096+0000] {processor.py:914} INFO - Processing file /home/airflow/.local/lib/python3.12/site-packages/airflow/example_dags/example_latest_only.py for tasks to queue
[2025-01-01T21:58:19.098+0000] {logging_mixin.py:190} INFO - [2025-01-01T21:58:19.097+0000] {dagbag.py:588} INFO - Filling up the DagBag from /home/airflow/.local/lib/python3.12/site-packages/airflow/example_dags/example_latest_only.py
[2025-01-01T21:58:19.104+0000] {processor.py:925} INFO - DAG(s) 'latest_only' retrieved from /home/airflow/.local/lib/python3.12/site-packages/airflow/example_dags/example_latest_only.py
[2025-01-01T21:58:19.123+0000] {logging_mixin.py:190} INFO - [2025-01-01T21:58:19.123+0000] {dag.py:3239} INFO - Sync 1 DAGs
[2025-01-01T21:58:19.144+0000] {logging_mixin.py:190} INFO - [2025-01-01T21:58:19.143+0000] {dag.py:4180} INFO - Setting next_dagrun for latest_only to 2025-01-01 16:00:00+00:00, run_after=2025-01-01 20:00:00+00:00
[2025-01-01T21:58:19.161+0000] {processor.py:208} INFO - Processing /home/airflow/.local/lib/python3.12/site-packages/airflow/example_dags/example_latest_only.py took 0.071 seconds
[2025-01-01T21:58:49.981+0000] {processor.py:186} INFO - Started process (PID=1339) to work on /home/airflow/.local/lib/python3.12/site-packages/airflow/example_dags/example_latest_only.py
[2025-01-01T21:58:49.982+0000] {processor.py:914} INFO - Processing file /home/airflow/.local/lib/python3.12/site-packages/airflow/example_dags/example_latest_only.py for tasks to queue
[2025-01-01T21:58:49.984+0000] {logging_mixin.py:190} INFO - [2025-01-01T21:58:49.983+0000] {dagbag.py:588} INFO - Filling up the DagBag from /home/airflow/.local/lib/python3.12/site-packages/airflow/example_dags/example_latest_only.py
[2025-01-01T21:58:49.990+0000] {processor.py:925} INFO - DAG(s) 'latest_only' retrieved from /home/airflow/.local/lib/python3.12/site-packages/airflow/example_dags/example_latest_only.py
[2025-01-01T21:58:50.006+0000] {logging_mixin.py:190} INFO - [2025-01-01T21:58:50.006+0000] {dag.py:3239} INFO - Sync 1 DAGs
[2025-01-01T21:58:50.026+0000] {logging_mixin.py:190} INFO - [2025-01-01T21:58:50.026+0000] {dag.py:4180} INFO - Setting next_dagrun for latest_only to 2025-01-01 16:00:00+00:00, run_after=2025-01-01 20:00:00+00:00
[2025-01-01T21:58:50.041+0000] {processor.py:208} INFO - Processing /home/airflow/.local/lib/python3.12/site-packages/airflow/example_dags/example_latest_only.py took 0.065 seconds
