[2025-01-01T21:48:46.062+0000] {processor.py:186} INFO - Started process (PID=117) to work on /home/airflow/.local/lib/python3.12/site-packages/airflow/example_dags/example_sensors.py
[2025-01-01T21:48:46.063+0000] {processor.py:914} INFO - Processing file /home/airflow/.local/lib/python3.12/site-packages/airflow/example_dags/example_sensors.py for tasks to queue
[2025-01-01T21:48:46.066+0000] {logging_mixin.py:190} INFO - [2025-01-01T21:48:46.065+0000] {dagbag.py:588} INFO - Filling up the DagBag from /home/airflow/.local/lib/python3.12/site-packages/airflow/example_dags/example_sensors.py
[2025-01-01T21:48:46.077+0000] {processor.py:925} INFO - DAG(s) 'example_sensors' retrieved from /home/airflow/.local/lib/python3.12/site-packages/airflow/example_dags/example_sensors.py
[2025-01-01T21:48:46.206+0000] {logging_mixin.py:190} INFO - [2025-01-01T21:48:46.205+0000] {override.py:1911} INFO - Created Permission View: can edit on DAG:example_sensors
[2025-01-01T21:48:46.220+0000] {logging_mixin.py:190} INFO - [2025-01-01T21:48:46.219+0000] {override.py:1911} INFO - Created Permission View: can delete on DAG:example_sensors
[2025-01-01T21:48:46.230+0000] {logging_mixin.py:190} INFO - [2025-01-01T21:48:46.229+0000] {override.py:1911} INFO - Created Permission View: can read on DAG:example_sensors
[2025-01-01T21:48:46.241+0000] {logging_mixin.py:190} INFO - [2025-01-01T21:48:46.240+0000] {override.py:1911} INFO - Created Permission View: can delete on DAG Run:example_sensors
[2025-01-01T21:48:46.251+0000] {logging_mixin.py:190} INFO - [2025-01-01T21:48:46.250+0000] {override.py:1911} INFO - Created Permission View: can read on DAG Run:example_sensors
[2025-01-01T21:48:46.259+0000] {logging_mixin.py:190} INFO - [2025-01-01T21:48:46.258+0000] {override.py:1911} INFO - Created Permission View: can create on DAG Run:example_sensors
[2025-01-01T21:48:46.267+0000] {logging_mixin.py:190} INFO - [2025-01-01T21:48:46.267+0000] {override.py:1911} INFO - Created Permission View: menu access on DAG Run:example_sensors
[2025-01-01T21:48:46.268+0000] {logging_mixin.py:190} INFO - [2025-01-01T21:48:46.268+0000] {dag.py:3239} INFO - Sync 1 DAGs
[2025-01-01T21:48:46.286+0000] {logging_mixin.py:190} INFO - [2025-01-01T21:48:46.285+0000] {dag.py:3262} INFO - Creating ORM DAG for example_sensors
[2025-01-01T21:48:46.287+0000] {logging_mixin.py:190} INFO - [2025-01-01T21:48:46.286+0000] {dag.py:4180} INFO - Setting next_dagrun for example_sensors to None, run_after=None
[2025-01-01T21:48:46.306+0000] {processor.py:208} INFO - Processing /home/airflow/.local/lib/python3.12/site-packages/airflow/example_dags/example_sensors.py took 0.250 seconds
[2025-01-01T21:49:16.710+0000] {processor.py:186} INFO - Started process (PID=180) to work on /home/airflow/.local/lib/python3.12/site-packages/airflow/example_dags/example_sensors.py
[2025-01-01T21:49:16.711+0000] {processor.py:914} INFO - Processing file /home/airflow/.local/lib/python3.12/site-packages/airflow/example_dags/example_sensors.py for tasks to queue
[2025-01-01T21:49:16.713+0000] {logging_mixin.py:190} INFO - [2025-01-01T21:49:16.712+0000] {dagbag.py:588} INFO - Filling up the DagBag from /home/airflow/.local/lib/python3.12/site-packages/airflow/example_dags/example_sensors.py
[2025-01-01T21:49:16.721+0000] {processor.py:925} INFO - DAG(s) 'example_sensors' retrieved from /home/airflow/.local/lib/python3.12/site-packages/airflow/example_dags/example_sensors.py
[2025-01-01T21:49:16.744+0000] {logging_mixin.py:190} INFO - [2025-01-01T21:49:16.744+0000] {dag.py:3239} INFO - Sync 1 DAGs
[2025-01-01T21:49:16.755+0000] {logging_mixin.py:190} INFO - [2025-01-01T21:49:16.755+0000] {dag.py:4180} INFO - Setting next_dagrun for example_sensors to None, run_after=None
[2025-01-01T21:49:16.771+0000] {processor.py:208} INFO - Processing /home/airflow/.local/lib/python3.12/site-packages/airflow/example_dags/example_sensors.py took 0.066 seconds
[2025-01-01T21:49:48.078+0000] {processor.py:186} INFO - Started process (PID=243) to work on /home/airflow/.local/lib/python3.12/site-packages/airflow/example_dags/example_sensors.py
[2025-01-01T21:49:48.079+0000] {processor.py:914} INFO - Processing file /home/airflow/.local/lib/python3.12/site-packages/airflow/example_dags/example_sensors.py for tasks to queue
[2025-01-01T21:49:48.081+0000] {logging_mixin.py:190} INFO - [2025-01-01T21:49:48.080+0000] {dagbag.py:588} INFO - Filling up the DagBag from /home/airflow/.local/lib/python3.12/site-packages/airflow/example_dags/example_sensors.py
[2025-01-01T21:49:48.091+0000] {processor.py:925} INFO - DAG(s) 'example_sensors' retrieved from /home/airflow/.local/lib/python3.12/site-packages/airflow/example_dags/example_sensors.py
[2025-01-01T21:49:48.114+0000] {logging_mixin.py:190} INFO - [2025-01-01T21:49:48.113+0000] {dag.py:3239} INFO - Sync 1 DAGs
[2025-01-01T21:49:48.127+0000] {logging_mixin.py:190} INFO - [2025-01-01T21:49:48.127+0000] {dag.py:4180} INFO - Setting next_dagrun for example_sensors to None, run_after=None
[2025-01-01T21:49:48.143+0000] {processor.py:208} INFO - Processing /home/airflow/.local/lib/python3.12/site-packages/airflow/example_dags/example_sensors.py took 0.072 seconds
[2025-01-01T21:50:18.824+0000] {processor.py:186} INFO - Started process (PID=306) to work on /home/airflow/.local/lib/python3.12/site-packages/airflow/example_dags/example_sensors.py
[2025-01-01T21:50:18.825+0000] {processor.py:914} INFO - Processing file /home/airflow/.local/lib/python3.12/site-packages/airflow/example_dags/example_sensors.py for tasks to queue
[2025-01-01T21:50:18.827+0000] {logging_mixin.py:190} INFO - [2025-01-01T21:50:18.827+0000] {dagbag.py:588} INFO - Filling up the DagBag from /home/airflow/.local/lib/python3.12/site-packages/airflow/example_dags/example_sensors.py
[2025-01-01T21:50:18.836+0000] {processor.py:925} INFO - DAG(s) 'example_sensors' retrieved from /home/airflow/.local/lib/python3.12/site-packages/airflow/example_dags/example_sensors.py
[2025-01-01T21:50:18.861+0000] {logging_mixin.py:190} INFO - [2025-01-01T21:50:18.861+0000] {dag.py:3239} INFO - Sync 1 DAGs
[2025-01-01T21:50:18.874+0000] {logging_mixin.py:190} INFO - [2025-01-01T21:50:18.874+0000] {dag.py:4180} INFO - Setting next_dagrun for example_sensors to None, run_after=None
[2025-01-01T21:50:18.894+0000] {processor.py:208} INFO - Processing /home/airflow/.local/lib/python3.12/site-packages/airflow/example_dags/example_sensors.py took 0.075 seconds
[2025-01-01T21:50:49.753+0000] {processor.py:186} INFO - Started process (PID=370) to work on /home/airflow/.local/lib/python3.12/site-packages/airflow/example_dags/example_sensors.py
[2025-01-01T21:50:49.754+0000] {processor.py:914} INFO - Processing file /home/airflow/.local/lib/python3.12/site-packages/airflow/example_dags/example_sensors.py for tasks to queue
[2025-01-01T21:50:49.757+0000] {logging_mixin.py:190} INFO - [2025-01-01T21:50:49.756+0000] {dagbag.py:588} INFO - Filling up the DagBag from /home/airflow/.local/lib/python3.12/site-packages/airflow/example_dags/example_sensors.py
[2025-01-01T21:50:49.768+0000] {processor.py:925} INFO - DAG(s) 'example_sensors' retrieved from /home/airflow/.local/lib/python3.12/site-packages/airflow/example_dags/example_sensors.py
[2025-01-01T21:50:49.794+0000] {logging_mixin.py:190} INFO - [2025-01-01T21:50:49.794+0000] {dag.py:3239} INFO - Sync 1 DAGs
[2025-01-01T21:50:49.809+0000] {logging_mixin.py:190} INFO - [2025-01-01T21:50:49.808+0000] {dag.py:4180} INFO - Setting next_dagrun for example_sensors to None, run_after=None
[2025-01-01T21:50:49.825+0000] {processor.py:208} INFO - Processing /home/airflow/.local/lib/python3.12/site-packages/airflow/example_dags/example_sensors.py took 0.079 seconds
[2025-01-01T21:51:20.217+0000] {processor.py:186} INFO - Started process (PID=433) to work on /home/airflow/.local/lib/python3.12/site-packages/airflow/example_dags/example_sensors.py
[2025-01-01T21:51:20.218+0000] {processor.py:914} INFO - Processing file /home/airflow/.local/lib/python3.12/site-packages/airflow/example_dags/example_sensors.py for tasks to queue
[2025-01-01T21:51:20.221+0000] {logging_mixin.py:190} INFO - [2025-01-01T21:51:20.220+0000] {dagbag.py:588} INFO - Filling up the DagBag from /home/airflow/.local/lib/python3.12/site-packages/airflow/example_dags/example_sensors.py
[2025-01-01T21:51:20.231+0000] {processor.py:925} INFO - DAG(s) 'example_sensors' retrieved from /home/airflow/.local/lib/python3.12/site-packages/airflow/example_dags/example_sensors.py
[2025-01-01T21:51:20.253+0000] {logging_mixin.py:190} INFO - [2025-01-01T21:51:20.253+0000] {dag.py:3239} INFO - Sync 1 DAGs
[2025-01-01T21:51:20.265+0000] {logging_mixin.py:190} INFO - [2025-01-01T21:51:20.265+0000] {dag.py:4180} INFO - Setting next_dagrun for example_sensors to None, run_after=None
[2025-01-01T21:51:20.280+0000] {processor.py:208} INFO - Processing /home/airflow/.local/lib/python3.12/site-packages/airflow/example_dags/example_sensors.py took 0.068 seconds
[2025-01-01T21:51:51.474+0000] {processor.py:186} INFO - Started process (PID=496) to work on /home/airflow/.local/lib/python3.12/site-packages/airflow/example_dags/example_sensors.py
[2025-01-01T21:51:51.475+0000] {processor.py:914} INFO - Processing file /home/airflow/.local/lib/python3.12/site-packages/airflow/example_dags/example_sensors.py for tasks to queue
[2025-01-01T21:51:51.477+0000] {logging_mixin.py:190} INFO - [2025-01-01T21:51:51.477+0000] {dagbag.py:588} INFO - Filling up the DagBag from /home/airflow/.local/lib/python3.12/site-packages/airflow/example_dags/example_sensors.py
[2025-01-01T21:51:51.486+0000] {processor.py:925} INFO - DAG(s) 'example_sensors' retrieved from /home/airflow/.local/lib/python3.12/site-packages/airflow/example_dags/example_sensors.py
[2025-01-01T21:51:51.509+0000] {logging_mixin.py:190} INFO - [2025-01-01T21:51:51.509+0000] {dag.py:3239} INFO - Sync 1 DAGs
[2025-01-01T21:51:51.522+0000] {logging_mixin.py:190} INFO - [2025-01-01T21:51:51.522+0000] {dag.py:4180} INFO - Setting next_dagrun for example_sensors to None, run_after=None
[2025-01-01T21:51:51.537+0000] {processor.py:208} INFO - Processing /home/airflow/.local/lib/python3.12/site-packages/airflow/example_dags/example_sensors.py took 0.067 seconds
[2025-01-01T21:52:23.001+0000] {processor.py:186} INFO - Started process (PID=559) to work on /home/airflow/.local/lib/python3.12/site-packages/airflow/example_dags/example_sensors.py
[2025-01-01T21:52:23.002+0000] {processor.py:914} INFO - Processing file /home/airflow/.local/lib/python3.12/site-packages/airflow/example_dags/example_sensors.py for tasks to queue
[2025-01-01T21:52:23.005+0000] {logging_mixin.py:190} INFO - [2025-01-01T21:52:23.005+0000] {dagbag.py:588} INFO - Filling up the DagBag from /home/airflow/.local/lib/python3.12/site-packages/airflow/example_dags/example_sensors.py
[2025-01-01T21:52:23.015+0000] {processor.py:925} INFO - DAG(s) 'example_sensors' retrieved from /home/airflow/.local/lib/python3.12/site-packages/airflow/example_dags/example_sensors.py
[2025-01-01T21:52:23.039+0000] {logging_mixin.py:190} INFO - [2025-01-01T21:52:23.039+0000] {dag.py:3239} INFO - Sync 1 DAGs
[2025-01-01T21:52:23.057+0000] {logging_mixin.py:190} INFO - [2025-01-01T21:52:23.056+0000] {dag.py:4180} INFO - Setting next_dagrun for example_sensors to None, run_after=None
[2025-01-01T21:52:23.077+0000] {processor.py:208} INFO - Processing /home/airflow/.local/lib/python3.12/site-packages/airflow/example_dags/example_sensors.py took 0.080 seconds
[2025-01-01T21:52:53.693+0000] {processor.py:186} INFO - Started process (PID=622) to work on /home/airflow/.local/lib/python3.12/site-packages/airflow/example_dags/example_sensors.py
[2025-01-01T21:52:53.694+0000] {processor.py:914} INFO - Processing file /home/airflow/.local/lib/python3.12/site-packages/airflow/example_dags/example_sensors.py for tasks to queue
[2025-01-01T21:52:53.697+0000] {logging_mixin.py:190} INFO - [2025-01-01T21:52:53.696+0000] {dagbag.py:588} INFO - Filling up the DagBag from /home/airflow/.local/lib/python3.12/site-packages/airflow/example_dags/example_sensors.py
[2025-01-01T21:52:53.708+0000] {processor.py:925} INFO - DAG(s) 'example_sensors' retrieved from /home/airflow/.local/lib/python3.12/site-packages/airflow/example_dags/example_sensors.py
[2025-01-01T21:52:53.730+0000] {logging_mixin.py:190} INFO - [2025-01-01T21:52:53.730+0000] {dag.py:3239} INFO - Sync 1 DAGs
[2025-01-01T21:52:53.742+0000] {logging_mixin.py:190} INFO - [2025-01-01T21:52:53.742+0000] {dag.py:4180} INFO - Setting next_dagrun for example_sensors to None, run_after=None
[2025-01-01T21:52:53.756+0000] {processor.py:208} INFO - Processing /home/airflow/.local/lib/python3.12/site-packages/airflow/example_dags/example_sensors.py took 0.069 seconds
[2025-01-01T21:53:24.591+0000] {processor.py:186} INFO - Started process (PID=685) to work on /home/airflow/.local/lib/python3.12/site-packages/airflow/example_dags/example_sensors.py
[2025-01-01T21:53:24.592+0000] {processor.py:914} INFO - Processing file /home/airflow/.local/lib/python3.12/site-packages/airflow/example_dags/example_sensors.py for tasks to queue
[2025-01-01T21:53:24.594+0000] {logging_mixin.py:190} INFO - [2025-01-01T21:53:24.594+0000] {dagbag.py:588} INFO - Filling up the DagBag from /home/airflow/.local/lib/python3.12/site-packages/airflow/example_dags/example_sensors.py
[2025-01-01T21:53:24.607+0000] {processor.py:925} INFO - DAG(s) 'example_sensors' retrieved from /home/airflow/.local/lib/python3.12/site-packages/airflow/example_dags/example_sensors.py
[2025-01-01T21:53:24.632+0000] {logging_mixin.py:190} INFO - [2025-01-01T21:53:24.632+0000] {dag.py:3239} INFO - Sync 1 DAGs
[2025-01-01T21:53:24.645+0000] {logging_mixin.py:190} INFO - [2025-01-01T21:53:24.645+0000] {dag.py:4180} INFO - Setting next_dagrun for example_sensors to None, run_after=None
[2025-01-01T21:53:24.661+0000] {processor.py:208} INFO - Processing /home/airflow/.local/lib/python3.12/site-packages/airflow/example_dags/example_sensors.py took 0.075 seconds
[2025-01-01T21:53:55.939+0000] {processor.py:186} INFO - Started process (PID=748) to work on /home/airflow/.local/lib/python3.12/site-packages/airflow/example_dags/example_sensors.py
[2025-01-01T21:53:55.940+0000] {processor.py:914} INFO - Processing file /home/airflow/.local/lib/python3.12/site-packages/airflow/example_dags/example_sensors.py for tasks to queue
[2025-01-01T21:53:55.942+0000] {logging_mixin.py:190} INFO - [2025-01-01T21:53:55.941+0000] {dagbag.py:588} INFO - Filling up the DagBag from /home/airflow/.local/lib/python3.12/site-packages/airflow/example_dags/example_sensors.py
[2025-01-01T21:53:55.951+0000] {processor.py:925} INFO - DAG(s) 'example_sensors' retrieved from /home/airflow/.local/lib/python3.12/site-packages/airflow/example_dags/example_sensors.py
[2025-01-01T21:53:55.973+0000] {logging_mixin.py:190} INFO - [2025-01-01T21:53:55.973+0000] {dag.py:3239} INFO - Sync 1 DAGs
[2025-01-01T21:53:55.984+0000] {logging_mixin.py:190} INFO - [2025-01-01T21:53:55.984+0000] {dag.py:4180} INFO - Setting next_dagrun for example_sensors to None, run_after=None
[2025-01-01T21:53:55.998+0000] {processor.py:208} INFO - Processing /home/airflow/.local/lib/python3.12/site-packages/airflow/example_dags/example_sensors.py took 0.064 seconds
[2025-01-01T21:54:26.489+0000] {processor.py:186} INFO - Started process (PID=811) to work on /home/airflow/.local/lib/python3.12/site-packages/airflow/example_dags/example_sensors.py
[2025-01-01T21:54:26.490+0000] {processor.py:914} INFO - Processing file /home/airflow/.local/lib/python3.12/site-packages/airflow/example_dags/example_sensors.py for tasks to queue
[2025-01-01T21:54:26.492+0000] {logging_mixin.py:190} INFO - [2025-01-01T21:54:26.492+0000] {dagbag.py:588} INFO - Filling up the DagBag from /home/airflow/.local/lib/python3.12/site-packages/airflow/example_dags/example_sensors.py
[2025-01-01T21:54:26.504+0000] {processor.py:925} INFO - DAG(s) 'example_sensors' retrieved from /home/airflow/.local/lib/python3.12/site-packages/airflow/example_dags/example_sensors.py
[2025-01-01T21:54:26.528+0000] {logging_mixin.py:190} INFO - [2025-01-01T21:54:26.528+0000] {dag.py:3239} INFO - Sync 1 DAGs
[2025-01-01T21:54:26.541+0000] {logging_mixin.py:190} INFO - [2025-01-01T21:54:26.541+0000] {dag.py:4180} INFO - Setting next_dagrun for example_sensors to None, run_after=None
[2025-01-01T21:54:26.570+0000] {processor.py:208} INFO - Processing /home/airflow/.local/lib/python3.12/site-packages/airflow/example_dags/example_sensors.py took 0.086 seconds
[2025-01-01T21:54:57.793+0000] {processor.py:186} INFO - Started process (PID=874) to work on /home/airflow/.local/lib/python3.12/site-packages/airflow/example_dags/example_sensors.py
[2025-01-01T21:54:57.794+0000] {processor.py:914} INFO - Processing file /home/airflow/.local/lib/python3.12/site-packages/airflow/example_dags/example_sensors.py for tasks to queue
[2025-01-01T21:54:57.796+0000] {logging_mixin.py:190} INFO - [2025-01-01T21:54:57.796+0000] {dagbag.py:588} INFO - Filling up the DagBag from /home/airflow/.local/lib/python3.12/site-packages/airflow/example_dags/example_sensors.py
[2025-01-01T21:54:57.806+0000] {processor.py:925} INFO - DAG(s) 'example_sensors' retrieved from /home/airflow/.local/lib/python3.12/site-packages/airflow/example_dags/example_sensors.py
[2025-01-01T21:54:57.834+0000] {logging_mixin.py:190} INFO - [2025-01-01T21:54:57.833+0000] {dag.py:3239} INFO - Sync 1 DAGs
[2025-01-01T21:54:57.846+0000] {logging_mixin.py:190} INFO - [2025-01-01T21:54:57.846+0000] {dag.py:4180} INFO - Setting next_dagrun for example_sensors to None, run_after=None
[2025-01-01T21:54:57.862+0000] {processor.py:208} INFO - Processing /home/airflow/.local/lib/python3.12/site-packages/airflow/example_dags/example_sensors.py took 0.073 seconds
[2025-01-01T21:55:29.129+0000] {processor.py:186} INFO - Started process (PID=937) to work on /home/airflow/.local/lib/python3.12/site-packages/airflow/example_dags/example_sensors.py
[2025-01-01T21:55:29.131+0000] {processor.py:914} INFO - Processing file /home/airflow/.local/lib/python3.12/site-packages/airflow/example_dags/example_sensors.py for tasks to queue
[2025-01-01T21:55:29.133+0000] {logging_mixin.py:190} INFO - [2025-01-01T21:55:29.133+0000] {dagbag.py:588} INFO - Filling up the DagBag from /home/airflow/.local/lib/python3.12/site-packages/airflow/example_dags/example_sensors.py
[2025-01-01T21:55:29.144+0000] {processor.py:925} INFO - DAG(s) 'example_sensors' retrieved from /home/airflow/.local/lib/python3.12/site-packages/airflow/example_dags/example_sensors.py
[2025-01-01T21:55:29.166+0000] {logging_mixin.py:190} INFO - [2025-01-01T21:55:29.166+0000] {dag.py:3239} INFO - Sync 1 DAGs
[2025-01-01T21:55:29.179+0000] {logging_mixin.py:190} INFO - [2025-01-01T21:55:29.179+0000] {dag.py:4180} INFO - Setting next_dagrun for example_sensors to None, run_after=None
[2025-01-01T21:55:29.194+0000] {processor.py:208} INFO - Processing /home/airflow/.local/lib/python3.12/site-packages/airflow/example_dags/example_sensors.py took 0.077 seconds
[2025-01-01T21:56:00.130+0000] {processor.py:186} INFO - Started process (PID=1000) to work on /home/airflow/.local/lib/python3.12/site-packages/airflow/example_dags/example_sensors.py
[2025-01-01T21:56:00.131+0000] {processor.py:914} INFO - Processing file /home/airflow/.local/lib/python3.12/site-packages/airflow/example_dags/example_sensors.py for tasks to queue
[2025-01-01T21:56:00.133+0000] {logging_mixin.py:190} INFO - [2025-01-01T21:56:00.132+0000] {dagbag.py:588} INFO - Filling up the DagBag from /home/airflow/.local/lib/python3.12/site-packages/airflow/example_dags/example_sensors.py
[2025-01-01T21:56:00.142+0000] {processor.py:925} INFO - DAG(s) 'example_sensors' retrieved from /home/airflow/.local/lib/python3.12/site-packages/airflow/example_dags/example_sensors.py
[2025-01-01T21:56:00.166+0000] {logging_mixin.py:190} INFO - [2025-01-01T21:56:00.166+0000] {dag.py:3239} INFO - Sync 1 DAGs
[2025-01-01T21:56:00.181+0000] {logging_mixin.py:190} INFO - [2025-01-01T21:56:00.181+0000] {dag.py:4180} INFO - Setting next_dagrun for example_sensors to None, run_after=None
[2025-01-01T21:56:00.197+0000] {processor.py:208} INFO - Processing /home/airflow/.local/lib/python3.12/site-packages/airflow/example_dags/example_sensors.py took 0.072 seconds
[2025-01-01T21:56:31.053+0000] {processor.py:186} INFO - Started process (PID=1063) to work on /home/airflow/.local/lib/python3.12/site-packages/airflow/example_dags/example_sensors.py
[2025-01-01T21:56:31.054+0000] {processor.py:914} INFO - Processing file /home/airflow/.local/lib/python3.12/site-packages/airflow/example_dags/example_sensors.py for tasks to queue
[2025-01-01T21:56:31.058+0000] {logging_mixin.py:190} INFO - [2025-01-01T21:56:31.057+0000] {dagbag.py:588} INFO - Filling up the DagBag from /home/airflow/.local/lib/python3.12/site-packages/airflow/example_dags/example_sensors.py
[2025-01-01T21:56:31.067+0000] {processor.py:925} INFO - DAG(s) 'example_sensors' retrieved from /home/airflow/.local/lib/python3.12/site-packages/airflow/example_dags/example_sensors.py
[2025-01-01T21:56:31.092+0000] {logging_mixin.py:190} INFO - [2025-01-01T21:56:31.091+0000] {dag.py:3239} INFO - Sync 1 DAGs
[2025-01-01T21:56:31.104+0000] {logging_mixin.py:190} INFO - [2025-01-01T21:56:31.104+0000] {dag.py:4180} INFO - Setting next_dagrun for example_sensors to None, run_after=None
[2025-01-01T21:56:31.127+0000] {processor.py:208} INFO - Processing /home/airflow/.local/lib/python3.12/site-packages/airflow/example_dags/example_sensors.py took 0.079 seconds
[2025-01-01T21:57:01.821+0000] {processor.py:186} INFO - Started process (PID=1126) to work on /home/airflow/.local/lib/python3.12/site-packages/airflow/example_dags/example_sensors.py
[2025-01-01T21:57:01.822+0000] {processor.py:914} INFO - Processing file /home/airflow/.local/lib/python3.12/site-packages/airflow/example_dags/example_sensors.py for tasks to queue
[2025-01-01T21:57:01.824+0000] {logging_mixin.py:190} INFO - [2025-01-01T21:57:01.824+0000] {dagbag.py:588} INFO - Filling up the DagBag from /home/airflow/.local/lib/python3.12/site-packages/airflow/example_dags/example_sensors.py
[2025-01-01T21:57:01.834+0000] {processor.py:925} INFO - DAG(s) 'example_sensors' retrieved from /home/airflow/.local/lib/python3.12/site-packages/airflow/example_dags/example_sensors.py
[2025-01-01T21:57:01.859+0000] {logging_mixin.py:190} INFO - [2025-01-01T21:57:01.859+0000] {dag.py:3239} INFO - Sync 1 DAGs
[2025-01-01T21:57:01.872+0000] {logging_mixin.py:190} INFO - [2025-01-01T21:57:01.872+0000] {dag.py:4180} INFO - Setting next_dagrun for example_sensors to None, run_after=None
[2025-01-01T21:57:01.887+0000] {processor.py:208} INFO - Processing /home/airflow/.local/lib/python3.12/site-packages/airflow/example_dags/example_sensors.py took 0.072 seconds
[2025-01-01T21:57:32.553+0000] {processor.py:186} INFO - Started process (PID=1189) to work on /home/airflow/.local/lib/python3.12/site-packages/airflow/example_dags/example_sensors.py
[2025-01-01T21:57:32.554+0000] {processor.py:914} INFO - Processing file /home/airflow/.local/lib/python3.12/site-packages/airflow/example_dags/example_sensors.py for tasks to queue
[2025-01-01T21:57:32.556+0000] {logging_mixin.py:190} INFO - [2025-01-01T21:57:32.556+0000] {dagbag.py:588} INFO - Filling up the DagBag from /home/airflow/.local/lib/python3.12/site-packages/airflow/example_dags/example_sensors.py
[2025-01-01T21:57:32.568+0000] {processor.py:925} INFO - DAG(s) 'example_sensors' retrieved from /home/airflow/.local/lib/python3.12/site-packages/airflow/example_dags/example_sensors.py
[2025-01-01T21:57:32.592+0000] {logging_mixin.py:190} INFO - [2025-01-01T21:57:32.592+0000] {dag.py:3239} INFO - Sync 1 DAGs
[2025-01-01T21:57:32.606+0000] {logging_mixin.py:190} INFO - [2025-01-01T21:57:32.605+0000] {dag.py:4180} INFO - Setting next_dagrun for example_sensors to None, run_after=None
[2025-01-01T21:57:32.622+0000] {processor.py:208} INFO - Processing /home/airflow/.local/lib/python3.12/site-packages/airflow/example_dags/example_sensors.py took 0.075 seconds
[2025-01-01T21:58:03.276+0000] {processor.py:186} INFO - Started process (PID=1252) to work on /home/airflow/.local/lib/python3.12/site-packages/airflow/example_dags/example_sensors.py
[2025-01-01T21:58:03.277+0000] {processor.py:914} INFO - Processing file /home/airflow/.local/lib/python3.12/site-packages/airflow/example_dags/example_sensors.py for tasks to queue
[2025-01-01T21:58:03.279+0000] {logging_mixin.py:190} INFO - [2025-01-01T21:58:03.278+0000] {dagbag.py:588} INFO - Filling up the DagBag from /home/airflow/.local/lib/python3.12/site-packages/airflow/example_dags/example_sensors.py
[2025-01-01T21:58:03.288+0000] {processor.py:925} INFO - DAG(s) 'example_sensors' retrieved from /home/airflow/.local/lib/python3.12/site-packages/airflow/example_dags/example_sensors.py
[2025-01-01T21:58:03.312+0000] {logging_mixin.py:190} INFO - [2025-01-01T21:58:03.312+0000] {dag.py:3239} INFO - Sync 1 DAGs
[2025-01-01T21:58:03.324+0000] {logging_mixin.py:190} INFO - [2025-01-01T21:58:03.323+0000] {dag.py:4180} INFO - Setting next_dagrun for example_sensors to None, run_after=None
[2025-01-01T21:58:03.338+0000] {processor.py:208} INFO - Processing /home/airflow/.local/lib/python3.12/site-packages/airflow/example_dags/example_sensors.py took 0.067 seconds
[2025-01-01T21:58:34.134+0000] {processor.py:186} INFO - Started process (PID=1315) to work on /home/airflow/.local/lib/python3.12/site-packages/airflow/example_dags/example_sensors.py
[2025-01-01T21:58:34.135+0000] {processor.py:914} INFO - Processing file /home/airflow/.local/lib/python3.12/site-packages/airflow/example_dags/example_sensors.py for tasks to queue
[2025-01-01T21:58:34.137+0000] {logging_mixin.py:190} INFO - [2025-01-01T21:58:34.137+0000] {dagbag.py:588} INFO - Filling up the DagBag from /home/airflow/.local/lib/python3.12/site-packages/airflow/example_dags/example_sensors.py
[2025-01-01T21:58:34.147+0000] {processor.py:925} INFO - DAG(s) 'example_sensors' retrieved from /home/airflow/.local/lib/python3.12/site-packages/airflow/example_dags/example_sensors.py
[2025-01-01T21:58:34.172+0000] {logging_mixin.py:190} INFO - [2025-01-01T21:58:34.172+0000] {dag.py:3239} INFO - Sync 1 DAGs
[2025-01-01T21:58:34.187+0000] {logging_mixin.py:190} INFO - [2025-01-01T21:58:34.186+0000] {dag.py:4180} INFO - Setting next_dagrun for example_sensors to None, run_after=None
[2025-01-01T21:58:34.203+0000] {processor.py:208} INFO - Processing /home/airflow/.local/lib/python3.12/site-packages/airflow/example_dags/example_sensors.py took 0.074 seconds
[2025-01-01T21:59:05.229+0000] {processor.py:186} INFO - Started process (PID=1378) to work on /home/airflow/.local/lib/python3.12/site-packages/airflow/example_dags/example_sensors.py
[2025-01-01T21:59:05.230+0000] {processor.py:914} INFO - Processing file /home/airflow/.local/lib/python3.12/site-packages/airflow/example_dags/example_sensors.py for tasks to queue
[2025-01-01T21:59:05.233+0000] {logging_mixin.py:190} INFO - [2025-01-01T21:59:05.232+0000] {dagbag.py:588} INFO - Filling up the DagBag from /home/airflow/.local/lib/python3.12/site-packages/airflow/example_dags/example_sensors.py
[2025-01-01T21:59:05.244+0000] {processor.py:925} INFO - DAG(s) 'example_sensors' retrieved from /home/airflow/.local/lib/python3.12/site-packages/airflow/example_dags/example_sensors.py
[2025-01-01T21:59:05.269+0000] {logging_mixin.py:190} INFO - [2025-01-01T21:59:05.269+0000] {dag.py:3239} INFO - Sync 1 DAGs
[2025-01-01T21:59:05.281+0000] {logging_mixin.py:190} INFO - [2025-01-01T21:59:05.281+0000] {dag.py:4180} INFO - Setting next_dagrun for example_sensors to None, run_after=None
[2025-01-01T21:59:05.299+0000] {processor.py:208} INFO - Processing /home/airflow/.local/lib/python3.12/site-packages/airflow/example_dags/example_sensors.py took 0.077 seconds
