[2025-01-01T21:48:45.711+0000] {processor.py:186} INFO - Started process (PID=114) to work on /home/airflow/.local/lib/python3.12/site-packages/airflow/example_dags/example_display_name.py
[2025-01-01T21:48:45.712+0000] {processor.py:914} INFO - Processing file /home/airflow/.local/lib/python3.12/site-packages/airflow/example_dags/example_display_name.py for tasks to queue
[2025-01-01T21:48:45.715+0000] {logging_mixin.py:190} INFO - [2025-01-01T21:48:45.715+0000] {dagbag.py:588} INFO - Filling up the DagBag from /home/airflow/.local/lib/python3.12/site-packages/airflow/example_dags/example_display_name.py
[2025-01-01T21:48:45.722+0000] {processor.py:925} INFO - DAG(s) 'example_display_name' retrieved from /home/airflow/.local/lib/python3.12/site-packages/airflow/example_dags/example_display_name.py
[2025-01-01T21:48:45.810+0000] {logging_mixin.py:190} INFO - [2025-01-01T21:48:45.809+0000] {override.py:1911} INFO - Created Permission View: can edit on DAG:example_display_name
[2025-01-01T21:48:45.819+0000] {logging_mixin.py:190} INFO - [2025-01-01T21:48:45.819+0000] {override.py:1911} INFO - Created Permission View: can delete on DAG:example_display_name
[2025-01-01T21:48:45.826+0000] {logging_mixin.py:190} INFO - [2025-01-01T21:48:45.825+0000] {override.py:1911} INFO - Created Permission View: can read on DAG:example_display_name
[2025-01-01T21:48:45.834+0000] {logging_mixin.py:190} INFO - [2025-01-01T21:48:45.834+0000] {override.py:1911} INFO - Created Permission View: can delete on DAG Run:example_display_name
[2025-01-01T21:48:45.841+0000] {logging_mixin.py:190} INFO - [2025-01-01T21:48:45.841+0000] {override.py:1911} INFO - Created Permission View: can read on DAG Run:example_display_name
[2025-01-01T21:48:45.848+0000] {logging_mixin.py:190} INFO - [2025-01-01T21:48:45.848+0000] {override.py:1911} INFO - Created Permission View: can create on DAG Run:example_display_name
[2025-01-01T21:48:45.854+0000] {logging_mixin.py:190} INFO - [2025-01-01T21:48:45.854+0000] {override.py:1911} INFO - Created Permission View: menu access on DAG Run:example_display_name
[2025-01-01T21:48:45.855+0000] {logging_mixin.py:190} INFO - [2025-01-01T21:48:45.855+0000] {dag.py:3239} INFO - Sync 1 DAGs
[2025-01-01T21:48:45.867+0000] {logging_mixin.py:190} INFO - [2025-01-01T21:48:45.867+0000] {dag.py:3262} INFO - Creating ORM DAG for example_display_name
[2025-01-01T21:48:45.868+0000] {logging_mixin.py:190} INFO - [2025-01-01T21:48:45.868+0000] {dag.py:4180} INFO - Setting next_dagrun for example_display_name to None, run_after=None
[2025-01-01T21:48:45.889+0000] {processor.py:208} INFO - Processing /home/airflow/.local/lib/python3.12/site-packages/airflow/example_dags/example_display_name.py took 0.182 seconds
[2025-01-01T21:49:16.517+0000] {processor.py:186} INFO - Started process (PID=177) to work on /home/airflow/.local/lib/python3.12/site-packages/airflow/example_dags/example_display_name.py
[2025-01-01T21:49:16.518+0000] {processor.py:914} INFO - Processing file /home/airflow/.local/lib/python3.12/site-packages/airflow/example_dags/example_display_name.py for tasks to queue
[2025-01-01T21:49:16.520+0000] {logging_mixin.py:190} INFO - [2025-01-01T21:49:16.520+0000] {dagbag.py:588} INFO - Filling up the DagBag from /home/airflow/.local/lib/python3.12/site-packages/airflow/example_dags/example_display_name.py
[2025-01-01T21:49:16.527+0000] {processor.py:925} INFO - DAG(s) 'example_display_name' retrieved from /home/airflow/.local/lib/python3.12/site-packages/airflow/example_dags/example_display_name.py
[2025-01-01T21:49:16.544+0000] {logging_mixin.py:190} INFO - [2025-01-01T21:49:16.544+0000] {dag.py:3239} INFO - Sync 1 DAGs
[2025-01-01T21:49:16.556+0000] {logging_mixin.py:190} INFO - [2025-01-01T21:49:16.556+0000] {dag.py:4180} INFO - Setting next_dagrun for example_display_name to None, run_after=None
[2025-01-01T21:49:16.575+0000] {processor.py:208} INFO - Processing /home/airflow/.local/lib/python3.12/site-packages/airflow/example_dags/example_display_name.py took 0.063 seconds
[2025-01-01T21:49:47.926+0000] {processor.py:186} INFO - Started process (PID=240) to work on /home/airflow/.local/lib/python3.12/site-packages/airflow/example_dags/example_display_name.py
[2025-01-01T21:49:47.927+0000] {processor.py:914} INFO - Processing file /home/airflow/.local/lib/python3.12/site-packages/airflow/example_dags/example_display_name.py for tasks to queue
[2025-01-01T21:49:47.929+0000] {logging_mixin.py:190} INFO - [2025-01-01T21:49:47.929+0000] {dagbag.py:588} INFO - Filling up the DagBag from /home/airflow/.local/lib/python3.12/site-packages/airflow/example_dags/example_display_name.py
[2025-01-01T21:49:47.935+0000] {processor.py:925} INFO - DAG(s) 'example_display_name' retrieved from /home/airflow/.local/lib/python3.12/site-packages/airflow/example_dags/example_display_name.py
[2025-01-01T21:49:47.953+0000] {logging_mixin.py:190} INFO - [2025-01-01T21:49:47.953+0000] {dag.py:3239} INFO - Sync 1 DAGs
[2025-01-01T21:49:47.965+0000] {logging_mixin.py:190} INFO - [2025-01-01T21:49:47.965+0000] {dag.py:4180} INFO - Setting next_dagrun for example_display_name to None, run_after=None
[2025-01-01T21:49:47.981+0000] {processor.py:208} INFO - Processing /home/airflow/.local/lib/python3.12/site-packages/airflow/example_dags/example_display_name.py took 0.059 seconds
[2025-01-01T21:50:18.681+0000] {processor.py:186} INFO - Started process (PID=303) to work on /home/airflow/.local/lib/python3.12/site-packages/airflow/example_dags/example_display_name.py
[2025-01-01T21:50:18.682+0000] {processor.py:914} INFO - Processing file /home/airflow/.local/lib/python3.12/site-packages/airflow/example_dags/example_display_name.py for tasks to queue
[2025-01-01T21:50:18.684+0000] {logging_mixin.py:190} INFO - [2025-01-01T21:50:18.684+0000] {dagbag.py:588} INFO - Filling up the DagBag from /home/airflow/.local/lib/python3.12/site-packages/airflow/example_dags/example_display_name.py
[2025-01-01T21:50:18.691+0000] {processor.py:925} INFO - DAG(s) 'example_display_name' retrieved from /home/airflow/.local/lib/python3.12/site-packages/airflow/example_dags/example_display_name.py
[2025-01-01T21:50:18.710+0000] {logging_mixin.py:190} INFO - [2025-01-01T21:50:18.709+0000] {dag.py:3239} INFO - Sync 1 DAGs
[2025-01-01T21:50:18.723+0000] {logging_mixin.py:190} INFO - [2025-01-01T21:50:18.723+0000] {dag.py:4180} INFO - Setting next_dagrun for example_display_name to None, run_after=None
[2025-01-01T21:50:18.741+0000] {processor.py:208} INFO - Processing /home/airflow/.local/lib/python3.12/site-packages/airflow/example_dags/example_display_name.py took 0.065 seconds
[2025-01-01T21:50:49.556+0000] {processor.py:186} INFO - Started process (PID=367) to work on /home/airflow/.local/lib/python3.12/site-packages/airflow/example_dags/example_display_name.py
[2025-01-01T21:50:49.556+0000] {processor.py:914} INFO - Processing file /home/airflow/.local/lib/python3.12/site-packages/airflow/example_dags/example_display_name.py for tasks to queue
[2025-01-01T21:50:49.558+0000] {logging_mixin.py:190} INFO - [2025-01-01T21:50:49.558+0000] {dagbag.py:588} INFO - Filling up the DagBag from /home/airflow/.local/lib/python3.12/site-packages/airflow/example_dags/example_display_name.py
[2025-01-01T21:50:49.564+0000] {processor.py:925} INFO - DAG(s) 'example_display_name' retrieved from /home/airflow/.local/lib/python3.12/site-packages/airflow/example_dags/example_display_name.py
[2025-01-01T21:50:49.583+0000] {logging_mixin.py:190} INFO - [2025-01-01T21:50:49.582+0000] {dag.py:3239} INFO - Sync 1 DAGs
[2025-01-01T21:50:49.597+0000] {logging_mixin.py:190} INFO - [2025-01-01T21:50:49.596+0000] {dag.py:4180} INFO - Setting next_dagrun for example_display_name to None, run_after=None
[2025-01-01T21:50:49.616+0000] {processor.py:208} INFO - Processing /home/airflow/.local/lib/python3.12/site-packages/airflow/example_dags/example_display_name.py took 0.065 seconds
[2025-01-01T21:51:20.064+0000] {processor.py:186} INFO - Started process (PID=430) to work on /home/airflow/.local/lib/python3.12/site-packages/airflow/example_dags/example_display_name.py
[2025-01-01T21:51:20.064+0000] {processor.py:914} INFO - Processing file /home/airflow/.local/lib/python3.12/site-packages/airflow/example_dags/example_display_name.py for tasks to queue
[2025-01-01T21:51:20.066+0000] {logging_mixin.py:190} INFO - [2025-01-01T21:51:20.066+0000] {dagbag.py:588} INFO - Filling up the DagBag from /home/airflow/.local/lib/python3.12/site-packages/airflow/example_dags/example_display_name.py
[2025-01-01T21:51:20.073+0000] {processor.py:925} INFO - DAG(s) 'example_display_name' retrieved from /home/airflow/.local/lib/python3.12/site-packages/airflow/example_dags/example_display_name.py
[2025-01-01T21:51:20.089+0000] {logging_mixin.py:190} INFO - [2025-01-01T21:51:20.089+0000] {dag.py:3239} INFO - Sync 1 DAGs
[2025-01-01T21:51:20.102+0000] {logging_mixin.py:190} INFO - [2025-01-01T21:51:20.102+0000] {dag.py:4180} INFO - Setting next_dagrun for example_display_name to None, run_after=None
[2025-01-01T21:51:20.119+0000] {processor.py:208} INFO - Processing /home/airflow/.local/lib/python3.12/site-packages/airflow/example_dags/example_display_name.py took 0.061 seconds
[2025-01-01T21:51:51.326+0000] {processor.py:186} INFO - Started process (PID=493) to work on /home/airflow/.local/lib/python3.12/site-packages/airflow/example_dags/example_display_name.py
[2025-01-01T21:51:51.327+0000] {processor.py:914} INFO - Processing file /home/airflow/.local/lib/python3.12/site-packages/airflow/example_dags/example_display_name.py for tasks to queue
[2025-01-01T21:51:51.329+0000] {logging_mixin.py:190} INFO - [2025-01-01T21:51:51.329+0000] {dagbag.py:588} INFO - Filling up the DagBag from /home/airflow/.local/lib/python3.12/site-packages/airflow/example_dags/example_display_name.py
[2025-01-01T21:51:51.336+0000] {processor.py:925} INFO - DAG(s) 'example_display_name' retrieved from /home/airflow/.local/lib/python3.12/site-packages/airflow/example_dags/example_display_name.py
[2025-01-01T21:51:51.354+0000] {logging_mixin.py:190} INFO - [2025-01-01T21:51:51.354+0000] {dag.py:3239} INFO - Sync 1 DAGs
[2025-01-01T21:51:51.367+0000] {logging_mixin.py:190} INFO - [2025-01-01T21:51:51.367+0000] {dag.py:4180} INFO - Setting next_dagrun for example_display_name to None, run_after=None
[2025-01-01T21:51:51.384+0000] {processor.py:208} INFO - Processing /home/airflow/.local/lib/python3.12/site-packages/airflow/example_dags/example_display_name.py took 0.063 seconds
[2025-01-01T21:52:22.847+0000] {processor.py:186} INFO - Started process (PID=556) to work on /home/airflow/.local/lib/python3.12/site-packages/airflow/example_dags/example_display_name.py
[2025-01-01T21:52:22.848+0000] {processor.py:914} INFO - Processing file /home/airflow/.local/lib/python3.12/site-packages/airflow/example_dags/example_display_name.py for tasks to queue
[2025-01-01T21:52:22.850+0000] {logging_mixin.py:190} INFO - [2025-01-01T21:52:22.850+0000] {dagbag.py:588} INFO - Filling up the DagBag from /home/airflow/.local/lib/python3.12/site-packages/airflow/example_dags/example_display_name.py
[2025-01-01T21:52:22.856+0000] {processor.py:925} INFO - DAG(s) 'example_display_name' retrieved from /home/airflow/.local/lib/python3.12/site-packages/airflow/example_dags/example_display_name.py
[2025-01-01T21:52:22.874+0000] {logging_mixin.py:190} INFO - [2025-01-01T21:52:22.873+0000] {dag.py:3239} INFO - Sync 1 DAGs
[2025-01-01T21:52:22.886+0000] {logging_mixin.py:190} INFO - [2025-01-01T21:52:22.886+0000] {dag.py:4180} INFO - Setting next_dagrun for example_display_name to None, run_after=None
[2025-01-01T21:52:22.903+0000] {processor.py:208} INFO - Processing /home/airflow/.local/lib/python3.12/site-packages/airflow/example_dags/example_display_name.py took 0.061 seconds
[2025-01-01T21:52:53.527+0000] {processor.py:186} INFO - Started process (PID=619) to work on /home/airflow/.local/lib/python3.12/site-packages/airflow/example_dags/example_display_name.py
[2025-01-01T21:52:53.528+0000] {processor.py:914} INFO - Processing file /home/airflow/.local/lib/python3.12/site-packages/airflow/example_dags/example_display_name.py for tasks to queue
[2025-01-01T21:52:53.529+0000] {logging_mixin.py:190} INFO - [2025-01-01T21:52:53.529+0000] {dagbag.py:588} INFO - Filling up the DagBag from /home/airflow/.local/lib/python3.12/site-packages/airflow/example_dags/example_display_name.py
[2025-01-01T21:52:53.536+0000] {processor.py:925} INFO - DAG(s) 'example_display_name' retrieved from /home/airflow/.local/lib/python3.12/site-packages/airflow/example_dags/example_display_name.py
[2025-01-01T21:52:53.554+0000] {logging_mixin.py:190} INFO - [2025-01-01T21:52:53.553+0000] {dag.py:3239} INFO - Sync 1 DAGs
[2025-01-01T21:52:53.566+0000] {logging_mixin.py:190} INFO - [2025-01-01T21:52:53.566+0000] {dag.py:4180} INFO - Setting next_dagrun for example_display_name to None, run_after=None
[2025-01-01T21:52:53.582+0000] {processor.py:208} INFO - Processing /home/airflow/.local/lib/python3.12/site-packages/airflow/example_dags/example_display_name.py took 0.061 seconds
[2025-01-01T21:53:24.410+0000] {processor.py:186} INFO - Started process (PID=682) to work on /home/airflow/.local/lib/python3.12/site-packages/airflow/example_dags/example_display_name.py
[2025-01-01T21:53:24.411+0000] {processor.py:914} INFO - Processing file /home/airflow/.local/lib/python3.12/site-packages/airflow/example_dags/example_display_name.py for tasks to queue
[2025-01-01T21:53:24.414+0000] {logging_mixin.py:190} INFO - [2025-01-01T21:53:24.413+0000] {dagbag.py:588} INFO - Filling up the DagBag from /home/airflow/.local/lib/python3.12/site-packages/airflow/example_dags/example_display_name.py
[2025-01-01T21:53:24.420+0000] {processor.py:925} INFO - DAG(s) 'example_display_name' retrieved from /home/airflow/.local/lib/python3.12/site-packages/airflow/example_dags/example_display_name.py
[2025-01-01T21:53:24.438+0000] {logging_mixin.py:190} INFO - [2025-01-01T21:53:24.438+0000] {dag.py:3239} INFO - Sync 1 DAGs
[2025-01-01T21:53:24.450+0000] {logging_mixin.py:190} INFO - [2025-01-01T21:53:24.450+0000] {dag.py:4180} INFO - Setting next_dagrun for example_display_name to None, run_after=None
[2025-01-01T21:53:24.467+0000] {processor.py:208} INFO - Processing /home/airflow/.local/lib/python3.12/site-packages/airflow/example_dags/example_display_name.py took 0.061 seconds
[2025-01-01T21:53:55.753+0000] {processor.py:186} INFO - Started process (PID=745) to work on /home/airflow/.local/lib/python3.12/site-packages/airflow/example_dags/example_display_name.py
[2025-01-01T21:53:55.754+0000] {processor.py:914} INFO - Processing file /home/airflow/.local/lib/python3.12/site-packages/airflow/example_dags/example_display_name.py for tasks to queue
[2025-01-01T21:53:55.756+0000] {logging_mixin.py:190} INFO - [2025-01-01T21:53:55.755+0000] {dagbag.py:588} INFO - Filling up the DagBag from /home/airflow/.local/lib/python3.12/site-packages/airflow/example_dags/example_display_name.py
[2025-01-01T21:53:55.762+0000] {processor.py:925} INFO - DAG(s) 'example_display_name' retrieved from /home/airflow/.local/lib/python3.12/site-packages/airflow/example_dags/example_display_name.py
[2025-01-01T21:53:55.779+0000] {logging_mixin.py:190} INFO - [2025-01-01T21:53:55.779+0000] {dag.py:3239} INFO - Sync 1 DAGs
[2025-01-01T21:53:55.791+0000] {logging_mixin.py:190} INFO - [2025-01-01T21:53:55.790+0000] {dag.py:4180} INFO - Setting next_dagrun for example_display_name to None, run_after=None
[2025-01-01T21:53:55.807+0000] {processor.py:208} INFO - Processing /home/airflow/.local/lib/python3.12/site-packages/airflow/example_dags/example_display_name.py took 0.059 seconds
[2025-01-01T21:54:26.347+0000] {processor.py:186} INFO - Started process (PID=808) to work on /home/airflow/.local/lib/python3.12/site-packages/airflow/example_dags/example_display_name.py
[2025-01-01T21:54:26.348+0000] {processor.py:914} INFO - Processing file /home/airflow/.local/lib/python3.12/site-packages/airflow/example_dags/example_display_name.py for tasks to queue
[2025-01-01T21:54:26.350+0000] {logging_mixin.py:190} INFO - [2025-01-01T21:54:26.350+0000] {dagbag.py:588} INFO - Filling up the DagBag from /home/airflow/.local/lib/python3.12/site-packages/airflow/example_dags/example_display_name.py
[2025-01-01T21:54:26.356+0000] {processor.py:925} INFO - DAG(s) 'example_display_name' retrieved from /home/airflow/.local/lib/python3.12/site-packages/airflow/example_dags/example_display_name.py
[2025-01-01T21:54:26.375+0000] {logging_mixin.py:190} INFO - [2025-01-01T21:54:26.375+0000] {dag.py:3239} INFO - Sync 1 DAGs
[2025-01-01T21:54:26.388+0000] {logging_mixin.py:190} INFO - [2025-01-01T21:54:26.387+0000] {dag.py:4180} INFO - Setting next_dagrun for example_display_name to None, run_after=None
[2025-01-01T21:54:26.406+0000] {processor.py:208} INFO - Processing /home/airflow/.local/lib/python3.12/site-packages/airflow/example_dags/example_display_name.py took 0.064 seconds
[2025-01-01T21:54:57.653+0000] {processor.py:186} INFO - Started process (PID=871) to work on /home/airflow/.local/lib/python3.12/site-packages/airflow/example_dags/example_display_name.py
[2025-01-01T21:54:57.653+0000] {processor.py:914} INFO - Processing file /home/airflow/.local/lib/python3.12/site-packages/airflow/example_dags/example_display_name.py for tasks to queue
[2025-01-01T21:54:57.656+0000] {logging_mixin.py:190} INFO - [2025-01-01T21:54:57.655+0000] {dagbag.py:588} INFO - Filling up the DagBag from /home/airflow/.local/lib/python3.12/site-packages/airflow/example_dags/example_display_name.py
[2025-01-01T21:54:57.662+0000] {processor.py:925} INFO - DAG(s) 'example_display_name' retrieved from /home/airflow/.local/lib/python3.12/site-packages/airflow/example_dags/example_display_name.py
[2025-01-01T21:54:57.680+0000] {logging_mixin.py:190} INFO - [2025-01-01T21:54:57.680+0000] {dag.py:3239} INFO - Sync 1 DAGs
[2025-01-01T21:54:57.693+0000] {logging_mixin.py:190} INFO - [2025-01-01T21:54:57.693+0000] {dag.py:4180} INFO - Setting next_dagrun for example_display_name to None, run_after=None
[2025-01-01T21:54:57.709+0000] {processor.py:208} INFO - Processing /home/airflow/.local/lib/python3.12/site-packages/airflow/example_dags/example_display_name.py took 0.062 seconds
[2025-01-01T21:55:28.983+0000] {processor.py:186} INFO - Started process (PID=934) to work on /home/airflow/.local/lib/python3.12/site-packages/airflow/example_dags/example_display_name.py
[2025-01-01T21:55:28.984+0000] {processor.py:914} INFO - Processing file /home/airflow/.local/lib/python3.12/site-packages/airflow/example_dags/example_display_name.py for tasks to queue
[2025-01-01T21:55:28.987+0000] {logging_mixin.py:190} INFO - [2025-01-01T21:55:28.986+0000] {dagbag.py:588} INFO - Filling up the DagBag from /home/airflow/.local/lib/python3.12/site-packages/airflow/example_dags/example_display_name.py
[2025-01-01T21:55:28.995+0000] {processor.py:925} INFO - DAG(s) 'example_display_name' retrieved from /home/airflow/.local/lib/python3.12/site-packages/airflow/example_dags/example_display_name.py
[2025-01-01T21:55:29.013+0000] {logging_mixin.py:190} INFO - [2025-01-01T21:55:29.013+0000] {dag.py:3239} INFO - Sync 1 DAGs
[2025-01-01T21:55:29.025+0000] {logging_mixin.py:190} INFO - [2025-01-01T21:55:29.024+0000] {dag.py:4180} INFO - Setting next_dagrun for example_display_name to None, run_after=None
[2025-01-01T21:55:29.041+0000] {processor.py:208} INFO - Processing /home/airflow/.local/lib/python3.12/site-packages/airflow/example_dags/example_display_name.py took 0.063 seconds
[2025-01-01T21:55:59.992+0000] {processor.py:186} INFO - Started process (PID=997) to work on /home/airflow/.local/lib/python3.12/site-packages/airflow/example_dags/example_display_name.py
[2025-01-01T21:55:59.992+0000] {processor.py:914} INFO - Processing file /home/airflow/.local/lib/python3.12/site-packages/airflow/example_dags/example_display_name.py for tasks to queue
[2025-01-01T21:55:59.995+0000] {logging_mixin.py:190} INFO - [2025-01-01T21:55:59.995+0000] {dagbag.py:588} INFO - Filling up the DagBag from /home/airflow/.local/lib/python3.12/site-packages/airflow/example_dags/example_display_name.py
[2025-01-01T21:56:00.002+0000] {processor.py:925} INFO - DAG(s) 'example_display_name' retrieved from /home/airflow/.local/lib/python3.12/site-packages/airflow/example_dags/example_display_name.py
[2025-01-01T21:56:00.022+0000] {logging_mixin.py:190} INFO - [2025-01-01T21:56:00.021+0000] {dag.py:3239} INFO - Sync 1 DAGs
[2025-01-01T21:56:00.035+0000] {logging_mixin.py:190} INFO - [2025-01-01T21:56:00.035+0000] {dag.py:4180} INFO - Setting next_dagrun for example_display_name to None, run_after=None
[2025-01-01T21:56:00.051+0000] {processor.py:208} INFO - Processing /home/airflow/.local/lib/python3.12/site-packages/airflow/example_dags/example_display_name.py took 0.065 seconds
[2025-01-01T21:56:30.880+0000] {processor.py:186} INFO - Started process (PID=1060) to work on /home/airflow/.local/lib/python3.12/site-packages/airflow/example_dags/example_display_name.py
[2025-01-01T21:56:30.881+0000] {processor.py:914} INFO - Processing file /home/airflow/.local/lib/python3.12/site-packages/airflow/example_dags/example_display_name.py for tasks to queue
[2025-01-01T21:56:30.883+0000] {logging_mixin.py:190} INFO - [2025-01-01T21:56:30.883+0000] {dagbag.py:588} INFO - Filling up the DagBag from /home/airflow/.local/lib/python3.12/site-packages/airflow/example_dags/example_display_name.py
[2025-01-01T21:56:30.890+0000] {processor.py:925} INFO - DAG(s) 'example_display_name' retrieved from /home/airflow/.local/lib/python3.12/site-packages/airflow/example_dags/example_display_name.py
[2025-01-01T21:56:30.911+0000] {logging_mixin.py:190} INFO - [2025-01-01T21:56:30.911+0000] {dag.py:3239} INFO - Sync 1 DAGs
[2025-01-01T21:56:30.927+0000] {logging_mixin.py:190} INFO - [2025-01-01T21:56:30.927+0000] {dag.py:4180} INFO - Setting next_dagrun for example_display_name to None, run_after=None
[2025-01-01T21:56:30.950+0000] {processor.py:208} INFO - Processing /home/airflow/.local/lib/python3.12/site-packages/airflow/example_dags/example_display_name.py took 0.079 seconds
[2025-01-01T21:57:01.663+0000] {processor.py:186} INFO - Started process (PID=1123) to work on /home/airflow/.local/lib/python3.12/site-packages/airflow/example_dags/example_display_name.py
[2025-01-01T21:57:01.664+0000] {processor.py:914} INFO - Processing file /home/airflow/.local/lib/python3.12/site-packages/airflow/example_dags/example_display_name.py for tasks to queue
[2025-01-01T21:57:01.667+0000] {logging_mixin.py:190} INFO - [2025-01-01T21:57:01.666+0000] {dagbag.py:588} INFO - Filling up the DagBag from /home/airflow/.local/lib/python3.12/site-packages/airflow/example_dags/example_display_name.py
[2025-01-01T21:57:01.675+0000] {processor.py:925} INFO - DAG(s) 'example_display_name' retrieved from /home/airflow/.local/lib/python3.12/site-packages/airflow/example_dags/example_display_name.py
[2025-01-01T21:57:01.695+0000] {logging_mixin.py:190} INFO - [2025-01-01T21:57:01.695+0000] {dag.py:3239} INFO - Sync 1 DAGs
[2025-01-01T21:57:01.709+0000] {logging_mixin.py:190} INFO - [2025-01-01T21:57:01.709+0000] {dag.py:4180} INFO - Setting next_dagrun for example_display_name to None, run_after=None
[2025-01-01T21:57:01.727+0000] {processor.py:208} INFO - Processing /home/airflow/.local/lib/python3.12/site-packages/airflow/example_dags/example_display_name.py took 0.069 seconds
[2025-01-01T21:57:32.382+0000] {processor.py:186} INFO - Started process (PID=1186) to work on /home/airflow/.local/lib/python3.12/site-packages/airflow/example_dags/example_display_name.py
[2025-01-01T21:57:32.383+0000] {processor.py:914} INFO - Processing file /home/airflow/.local/lib/python3.12/site-packages/airflow/example_dags/example_display_name.py for tasks to queue
[2025-01-01T21:57:32.386+0000] {logging_mixin.py:190} INFO - [2025-01-01T21:57:32.385+0000] {dagbag.py:588} INFO - Filling up the DagBag from /home/airflow/.local/lib/python3.12/site-packages/airflow/example_dags/example_display_name.py
[2025-01-01T21:57:32.392+0000] {processor.py:925} INFO - DAG(s) 'example_display_name' retrieved from /home/airflow/.local/lib/python3.12/site-packages/airflow/example_dags/example_display_name.py
[2025-01-01T21:57:32.409+0000] {logging_mixin.py:190} INFO - [2025-01-01T21:57:32.409+0000] {dag.py:3239} INFO - Sync 1 DAGs
[2025-01-01T21:57:32.421+0000] {logging_mixin.py:190} INFO - [2025-01-01T21:57:32.420+0000] {dag.py:4180} INFO - Setting next_dagrun for example_display_name to None, run_after=None
[2025-01-01T21:57:32.438+0000] {processor.py:208} INFO - Processing /home/airflow/.local/lib/python3.12/site-packages/airflow/example_dags/example_display_name.py took 0.061 seconds
[2025-01-01T21:58:03.138+0000] {processor.py:186} INFO - Started process (PID=1249) to work on /home/airflow/.local/lib/python3.12/site-packages/airflow/example_dags/example_display_name.py
[2025-01-01T21:58:03.139+0000] {processor.py:914} INFO - Processing file /home/airflow/.local/lib/python3.12/site-packages/airflow/example_dags/example_display_name.py for tasks to queue
[2025-01-01T21:58:03.142+0000] {logging_mixin.py:190} INFO - [2025-01-01T21:58:03.141+0000] {dagbag.py:588} INFO - Filling up the DagBag from /home/airflow/.local/lib/python3.12/site-packages/airflow/example_dags/example_display_name.py
[2025-01-01T21:58:03.147+0000] {processor.py:925} INFO - DAG(s) 'example_display_name' retrieved from /home/airflow/.local/lib/python3.12/site-packages/airflow/example_dags/example_display_name.py
[2025-01-01T21:58:03.164+0000] {logging_mixin.py:190} INFO - [2025-01-01T21:58:03.164+0000] {dag.py:3239} INFO - Sync 1 DAGs
[2025-01-01T21:58:03.176+0000] {logging_mixin.py:190} INFO - [2025-01-01T21:58:03.176+0000] {dag.py:4180} INFO - Setting next_dagrun for example_display_name to None, run_after=None
[2025-01-01T21:58:03.192+0000] {processor.py:208} INFO - Processing /home/airflow/.local/lib/python3.12/site-packages/airflow/example_dags/example_display_name.py took 0.058 seconds
[2025-01-01T21:58:33.965+0000] {processor.py:186} INFO - Started process (PID=1312) to work on /home/airflow/.local/lib/python3.12/site-packages/airflow/example_dags/example_display_name.py
[2025-01-01T21:58:33.966+0000] {processor.py:914} INFO - Processing file /home/airflow/.local/lib/python3.12/site-packages/airflow/example_dags/example_display_name.py for tasks to queue
[2025-01-01T21:58:33.967+0000] {logging_mixin.py:190} INFO - [2025-01-01T21:58:33.967+0000] {dagbag.py:588} INFO - Filling up the DagBag from /home/airflow/.local/lib/python3.12/site-packages/airflow/example_dags/example_display_name.py
[2025-01-01T21:58:33.974+0000] {processor.py:925} INFO - DAG(s) 'example_display_name' retrieved from /home/airflow/.local/lib/python3.12/site-packages/airflow/example_dags/example_display_name.py
[2025-01-01T21:58:33.989+0000] {logging_mixin.py:190} INFO - [2025-01-01T21:58:33.989+0000] {dag.py:3239} INFO - Sync 1 DAGs
[2025-01-01T21:58:34.001+0000] {logging_mixin.py:190} INFO - [2025-01-01T21:58:34.000+0000] {dag.py:4180} INFO - Setting next_dagrun for example_display_name to None, run_after=None
[2025-01-01T21:58:34.015+0000] {processor.py:208} INFO - Processing /home/airflow/.local/lib/python3.12/site-packages/airflow/example_dags/example_display_name.py took 0.055 seconds
[2025-01-01T21:59:05.059+0000] {processor.py:186} INFO - Started process (PID=1375) to work on /home/airflow/.local/lib/python3.12/site-packages/airflow/example_dags/example_display_name.py
[2025-01-01T21:59:05.060+0000] {processor.py:914} INFO - Processing file /home/airflow/.local/lib/python3.12/site-packages/airflow/example_dags/example_display_name.py for tasks to queue
[2025-01-01T21:59:05.062+0000] {logging_mixin.py:190} INFO - [2025-01-01T21:59:05.062+0000] {dagbag.py:588} INFO - Filling up the DagBag from /home/airflow/.local/lib/python3.12/site-packages/airflow/example_dags/example_display_name.py
[2025-01-01T21:59:05.069+0000] {processor.py:925} INFO - DAG(s) 'example_display_name' retrieved from /home/airflow/.local/lib/python3.12/site-packages/airflow/example_dags/example_display_name.py
[2025-01-01T21:59:05.088+0000] {logging_mixin.py:190} INFO - [2025-01-01T21:59:05.088+0000] {dag.py:3239} INFO - Sync 1 DAGs
[2025-01-01T21:59:05.102+0000] {logging_mixin.py:190} INFO - [2025-01-01T21:59:05.102+0000] {dag.py:4180} INFO - Setting next_dagrun for example_display_name to None, run_after=None
[2025-01-01T21:59:05.122+0000] {processor.py:208} INFO - Processing /home/airflow/.local/lib/python3.12/site-packages/airflow/example_dags/example_display_name.py took 0.070 seconds
