[2025-01-01T21:48:43.000+0000] {processor.py:186} INFO - Started process (PID=98) to work on /home/airflow/.local/lib/python3.12/site-packages/airflow/example_dags/example_complex.py
[2025-01-01T21:48:43.001+0000] {processor.py:914} INFO - Processing file /home/airflow/.local/lib/python3.12/site-packages/airflow/example_dags/example_complex.py for tasks to queue
[2025-01-01T21:48:43.006+0000] {logging_mixin.py:190} INFO - [2025-01-01T21:48:43.005+0000] {dagbag.py:588} INFO - Filling up the DagBag from /home/airflow/.local/lib/python3.12/site-packages/airflow/example_dags/example_complex.py
[2025-01-01T21:48:43.022+0000] {processor.py:925} INFO - DAG(s) 'example_complex' retrieved from /home/airflow/.local/lib/python3.12/site-packages/airflow/example_dags/example_complex.py
[2025-01-01T21:48:43.153+0000] {logging_mixin.py:190} INFO - [2025-01-01T21:48:43.152+0000] {override.py:1911} INFO - Created Permission View: can edit on DAG:example_complex
[2025-01-01T21:48:43.164+0000] {logging_mixin.py:190} INFO - [2025-01-01T21:48:43.163+0000] {override.py:1911} INFO - Created Permission View: can delete on DAG:example_complex
[2025-01-01T21:48:43.174+0000] {logging_mixin.py:190} INFO - [2025-01-01T21:48:43.174+0000] {override.py:1911} INFO - Created Permission View: can read on DAG:example_complex
[2025-01-01T21:48:43.183+0000] {logging_mixin.py:190} INFO - [2025-01-01T21:48:43.182+0000] {override.py:1911} INFO - Created Permission View: can delete on DAG Run:example_complex
[2025-01-01T21:48:43.189+0000] {logging_mixin.py:190} INFO - [2025-01-01T21:48:43.189+0000] {override.py:1911} INFO - Created Permission View: can read on DAG Run:example_complex
[2025-01-01T21:48:43.196+0000] {logging_mixin.py:190} INFO - [2025-01-01T21:48:43.196+0000] {override.py:1911} INFO - Created Permission View: can create on DAG Run:example_complex
[2025-01-01T21:48:43.202+0000] {logging_mixin.py:190} INFO - [2025-01-01T21:48:43.202+0000] {override.py:1911} INFO - Created Permission View: menu access on DAG Run:example_complex
[2025-01-01T21:48:43.203+0000] {logging_mixin.py:190} INFO - [2025-01-01T21:48:43.202+0000] {dag.py:3239} INFO - Sync 1 DAGs
[2025-01-01T21:48:43.214+0000] {logging_mixin.py:190} INFO - [2025-01-01T21:48:43.213+0000] {dag.py:3262} INFO - Creating ORM DAG for example_complex
[2025-01-01T21:48:43.215+0000] {logging_mixin.py:190} INFO - [2025-01-01T21:48:43.214+0000] {dag.py:4180} INFO - Setting next_dagrun for example_complex to None, run_after=None
[2025-01-01T21:48:43.233+0000] {processor.py:208} INFO - Processing /home/airflow/.local/lib/python3.12/site-packages/airflow/example_dags/example_complex.py took 0.243 seconds
[2025-01-01T21:49:13.784+0000] {processor.py:186} INFO - Started process (PID=161) to work on /home/airflow/.local/lib/python3.12/site-packages/airflow/example_dags/example_complex.py
[2025-01-01T21:49:13.785+0000] {processor.py:914} INFO - Processing file /home/airflow/.local/lib/python3.12/site-packages/airflow/example_dags/example_complex.py for tasks to queue
[2025-01-01T21:49:13.788+0000] {logging_mixin.py:190} INFO - [2025-01-01T21:49:13.788+0000] {dagbag.py:588} INFO - Filling up the DagBag from /home/airflow/.local/lib/python3.12/site-packages/airflow/example_dags/example_complex.py
[2025-01-01T21:49:13.802+0000] {processor.py:925} INFO - DAG(s) 'example_complex' retrieved from /home/airflow/.local/lib/python3.12/site-packages/airflow/example_dags/example_complex.py
[2025-01-01T21:49:13.837+0000] {logging_mixin.py:190} INFO - [2025-01-01T21:49:13.836+0000] {dag.py:3239} INFO - Sync 1 DAGs
[2025-01-01T21:49:13.855+0000] {logging_mixin.py:190} INFO - [2025-01-01T21:49:13.854+0000] {dag.py:4180} INFO - Setting next_dagrun for example_complex to None, run_after=None
[2025-01-01T21:49:13.877+0000] {processor.py:208} INFO - Processing /home/airflow/.local/lib/python3.12/site-packages/airflow/example_dags/example_complex.py took 0.101 seconds
[2025-01-01T21:49:44.167+0000] {processor.py:186} INFO - Started process (PID=223) to work on /home/airflow/.local/lib/python3.12/site-packages/airflow/example_dags/example_complex.py
[2025-01-01T21:49:44.168+0000] {processor.py:914} INFO - Processing file /home/airflow/.local/lib/python3.12/site-packages/airflow/example_dags/example_complex.py for tasks to queue
[2025-01-01T21:49:44.169+0000] {logging_mixin.py:190} INFO - [2025-01-01T21:49:44.169+0000] {dagbag.py:588} INFO - Filling up the DagBag from /home/airflow/.local/lib/python3.12/site-packages/airflow/example_dags/example_complex.py
[2025-01-01T21:49:44.179+0000] {processor.py:925} INFO - DAG(s) 'example_complex' retrieved from /home/airflow/.local/lib/python3.12/site-packages/airflow/example_dags/example_complex.py
[2025-01-01T21:49:44.210+0000] {logging_mixin.py:190} INFO - [2025-01-01T21:49:44.209+0000] {dag.py:3239} INFO - Sync 1 DAGs
[2025-01-01T21:49:44.222+0000] {logging_mixin.py:190} INFO - [2025-01-01T21:49:44.222+0000] {dag.py:4180} INFO - Setting next_dagrun for example_complex to None, run_after=None
[2025-01-01T21:49:44.238+0000] {processor.py:208} INFO - Processing /home/airflow/.local/lib/python3.12/site-packages/airflow/example_dags/example_complex.py took 0.076 seconds
[2025-01-01T21:50:14.539+0000] {processor.py:186} INFO - Started process (PID=286) to work on /home/airflow/.local/lib/python3.12/site-packages/airflow/example_dags/example_complex.py
[2025-01-01T21:50:14.540+0000] {processor.py:914} INFO - Processing file /home/airflow/.local/lib/python3.12/site-packages/airflow/example_dags/example_complex.py for tasks to queue
[2025-01-01T21:50:14.542+0000] {logging_mixin.py:190} INFO - [2025-01-01T21:50:14.542+0000] {dagbag.py:588} INFO - Filling up the DagBag from /home/airflow/.local/lib/python3.12/site-packages/airflow/example_dags/example_complex.py
[2025-01-01T21:50:14.553+0000] {processor.py:925} INFO - DAG(s) 'example_complex' retrieved from /home/airflow/.local/lib/python3.12/site-packages/airflow/example_dags/example_complex.py
[2025-01-01T21:50:14.580+0000] {logging_mixin.py:190} INFO - [2025-01-01T21:50:14.580+0000] {dag.py:3239} INFO - Sync 1 DAGs
[2025-01-01T21:50:14.593+0000] {logging_mixin.py:190} INFO - [2025-01-01T21:50:14.593+0000] {dag.py:4180} INFO - Setting next_dagrun for example_complex to None, run_after=None
[2025-01-01T21:50:14.610+0000] {processor.py:208} INFO - Processing /home/airflow/.local/lib/python3.12/site-packages/airflow/example_dags/example_complex.py took 0.076 seconds
[2025-01-01T21:50:45.333+0000] {processor.py:186} INFO - Started process (PID=350) to work on /home/airflow/.local/lib/python3.12/site-packages/airflow/example_dags/example_complex.py
[2025-01-01T21:50:45.334+0000] {processor.py:914} INFO - Processing file /home/airflow/.local/lib/python3.12/site-packages/airflow/example_dags/example_complex.py for tasks to queue
[2025-01-01T21:50:45.336+0000] {logging_mixin.py:190} INFO - [2025-01-01T21:50:45.336+0000] {dagbag.py:588} INFO - Filling up the DagBag from /home/airflow/.local/lib/python3.12/site-packages/airflow/example_dags/example_complex.py
[2025-01-01T21:50:45.346+0000] {processor.py:925} INFO - DAG(s) 'example_complex' retrieved from /home/airflow/.local/lib/python3.12/site-packages/airflow/example_dags/example_complex.py
[2025-01-01T21:50:45.376+0000] {logging_mixin.py:190} INFO - [2025-01-01T21:50:45.375+0000] {dag.py:3239} INFO - Sync 1 DAGs
[2025-01-01T21:50:45.389+0000] {logging_mixin.py:190} INFO - [2025-01-01T21:50:45.388+0000] {dag.py:4180} INFO - Setting next_dagrun for example_complex to None, run_after=None
[2025-01-01T21:50:45.409+0000] {processor.py:208} INFO - Processing /home/airflow/.local/lib/python3.12/site-packages/airflow/example_dags/example_complex.py took 0.080 seconds
[2025-01-01T21:51:16.081+0000] {processor.py:186} INFO - Started process (PID=413) to work on /home/airflow/.local/lib/python3.12/site-packages/airflow/example_dags/example_complex.py
[2025-01-01T21:51:16.082+0000] {processor.py:914} INFO - Processing file /home/airflow/.local/lib/python3.12/site-packages/airflow/example_dags/example_complex.py for tasks to queue
[2025-01-01T21:51:16.084+0000] {logging_mixin.py:190} INFO - [2025-01-01T21:51:16.084+0000] {dagbag.py:588} INFO - Filling up the DagBag from /home/airflow/.local/lib/python3.12/site-packages/airflow/example_dags/example_complex.py
[2025-01-01T21:51:16.096+0000] {processor.py:925} INFO - DAG(s) 'example_complex' retrieved from /home/airflow/.local/lib/python3.12/site-packages/airflow/example_dags/example_complex.py
[2025-01-01T21:51:16.126+0000] {logging_mixin.py:190} INFO - [2025-01-01T21:51:16.126+0000] {dag.py:3239} INFO - Sync 1 DAGs
[2025-01-01T21:51:16.139+0000] {logging_mixin.py:190} INFO - [2025-01-01T21:51:16.139+0000] {dag.py:4180} INFO - Setting next_dagrun for example_complex to None, run_after=None
[2025-01-01T21:51:16.155+0000] {processor.py:208} INFO - Processing /home/airflow/.local/lib/python3.12/site-packages/airflow/example_dags/example_complex.py took 0.079 seconds
[2025-01-01T21:51:47.028+0000] {processor.py:186} INFO - Started process (PID=476) to work on /home/airflow/.local/lib/python3.12/site-packages/airflow/example_dags/example_complex.py
[2025-01-01T21:51:47.029+0000] {processor.py:914} INFO - Processing file /home/airflow/.local/lib/python3.12/site-packages/airflow/example_dags/example_complex.py for tasks to queue
[2025-01-01T21:51:47.031+0000] {logging_mixin.py:190} INFO - [2025-01-01T21:51:47.031+0000] {dagbag.py:588} INFO - Filling up the DagBag from /home/airflow/.local/lib/python3.12/site-packages/airflow/example_dags/example_complex.py
[2025-01-01T21:51:47.043+0000] {processor.py:925} INFO - DAG(s) 'example_complex' retrieved from /home/airflow/.local/lib/python3.12/site-packages/airflow/example_dags/example_complex.py
[2025-01-01T21:51:47.072+0000] {logging_mixin.py:190} INFO - [2025-01-01T21:51:47.072+0000] {dag.py:3239} INFO - Sync 1 DAGs
[2025-01-01T21:51:47.085+0000] {logging_mixin.py:190} INFO - [2025-01-01T21:51:47.085+0000] {dag.py:4180} INFO - Setting next_dagrun for example_complex to None, run_after=None
[2025-01-01T21:51:47.101+0000] {processor.py:208} INFO - Processing /home/airflow/.local/lib/python3.12/site-packages/airflow/example_dags/example_complex.py took 0.079 seconds
[2025-01-01T21:52:17.320+0000] {processor.py:186} INFO - Started process (PID=538) to work on /home/airflow/.local/lib/python3.12/site-packages/airflow/example_dags/example_complex.py
[2025-01-01T21:52:17.321+0000] {processor.py:914} INFO - Processing file /home/airflow/.local/lib/python3.12/site-packages/airflow/example_dags/example_complex.py for tasks to queue
[2025-01-01T21:52:17.323+0000] {logging_mixin.py:190} INFO - [2025-01-01T21:52:17.322+0000] {dagbag.py:588} INFO - Filling up the DagBag from /home/airflow/.local/lib/python3.12/site-packages/airflow/example_dags/example_complex.py
[2025-01-01T21:52:17.333+0000] {processor.py:925} INFO - DAG(s) 'example_complex' retrieved from /home/airflow/.local/lib/python3.12/site-packages/airflow/example_dags/example_complex.py
[2025-01-01T21:52:17.363+0000] {logging_mixin.py:190} INFO - [2025-01-01T21:52:17.363+0000] {dag.py:3239} INFO - Sync 1 DAGs
[2025-01-01T21:52:17.375+0000] {logging_mixin.py:190} INFO - [2025-01-01T21:52:17.375+0000] {dag.py:4180} INFO - Setting next_dagrun for example_complex to None, run_after=None
[2025-01-01T21:52:17.390+0000] {processor.py:208} INFO - Processing /home/airflow/.local/lib/python3.12/site-packages/airflow/example_dags/example_complex.py took 0.076 seconds
[2025-01-01T21:52:47.756+0000] {processor.py:186} INFO - Started process (PID=600) to work on /home/airflow/.local/lib/python3.12/site-packages/airflow/example_dags/example_complex.py
[2025-01-01T21:52:47.757+0000] {processor.py:914} INFO - Processing file /home/airflow/.local/lib/python3.12/site-packages/airflow/example_dags/example_complex.py for tasks to queue
[2025-01-01T21:52:47.759+0000] {logging_mixin.py:190} INFO - [2025-01-01T21:52:47.759+0000] {dagbag.py:588} INFO - Filling up the DagBag from /home/airflow/.local/lib/python3.12/site-packages/airflow/example_dags/example_complex.py
[2025-01-01T21:52:47.769+0000] {processor.py:925} INFO - DAG(s) 'example_complex' retrieved from /home/airflow/.local/lib/python3.12/site-packages/airflow/example_dags/example_complex.py
[2025-01-01T21:52:47.796+0000] {logging_mixin.py:190} INFO - [2025-01-01T21:52:47.795+0000] {dag.py:3239} INFO - Sync 1 DAGs
[2025-01-01T21:52:47.807+0000] {logging_mixin.py:190} INFO - [2025-01-01T21:52:47.807+0000] {dag.py:4180} INFO - Setting next_dagrun for example_complex to None, run_after=None
[2025-01-01T21:52:47.821+0000] {processor.py:208} INFO - Processing /home/airflow/.local/lib/python3.12/site-packages/airflow/example_dags/example_complex.py took 0.069 seconds
[2025-01-01T21:53:18.358+0000] {processor.py:186} INFO - Started process (PID=663) to work on /home/airflow/.local/lib/python3.12/site-packages/airflow/example_dags/example_complex.py
[2025-01-01T21:53:18.359+0000] {processor.py:914} INFO - Processing file /home/airflow/.local/lib/python3.12/site-packages/airflow/example_dags/example_complex.py for tasks to queue
[2025-01-01T21:53:18.361+0000] {logging_mixin.py:190} INFO - [2025-01-01T21:53:18.361+0000] {dagbag.py:588} INFO - Filling up the DagBag from /home/airflow/.local/lib/python3.12/site-packages/airflow/example_dags/example_complex.py
[2025-01-01T21:53:18.371+0000] {processor.py:925} INFO - DAG(s) 'example_complex' retrieved from /home/airflow/.local/lib/python3.12/site-packages/airflow/example_dags/example_complex.py
[2025-01-01T21:53:18.398+0000] {logging_mixin.py:190} INFO - [2025-01-01T21:53:18.398+0000] {dag.py:3239} INFO - Sync 1 DAGs
[2025-01-01T21:53:18.412+0000] {logging_mixin.py:190} INFO - [2025-01-01T21:53:18.412+0000] {dag.py:4180} INFO - Setting next_dagrun for example_complex to None, run_after=None
[2025-01-01T21:53:18.429+0000] {processor.py:208} INFO - Processing /home/airflow/.local/lib/python3.12/site-packages/airflow/example_dags/example_complex.py took 0.075 seconds
[2025-01-01T21:53:48.671+0000] {processor.py:186} INFO - Started process (PID=726) to work on /home/airflow/.local/lib/python3.12/site-packages/airflow/example_dags/example_complex.py
[2025-01-01T21:53:48.671+0000] {processor.py:914} INFO - Processing file /home/airflow/.local/lib/python3.12/site-packages/airflow/example_dags/example_complex.py for tasks to queue
[2025-01-01T21:53:48.673+0000] {logging_mixin.py:190} INFO - [2025-01-01T21:53:48.673+0000] {dagbag.py:588} INFO - Filling up the DagBag from /home/airflow/.local/lib/python3.12/site-packages/airflow/example_dags/example_complex.py
[2025-01-01T21:53:48.684+0000] {processor.py:925} INFO - DAG(s) 'example_complex' retrieved from /home/airflow/.local/lib/python3.12/site-packages/airflow/example_dags/example_complex.py
[2025-01-01T21:53:48.710+0000] {logging_mixin.py:190} INFO - [2025-01-01T21:53:48.709+0000] {dag.py:3239} INFO - Sync 1 DAGs
[2025-01-01T21:53:48.722+0000] {logging_mixin.py:190} INFO - [2025-01-01T21:53:48.721+0000] {dag.py:4180} INFO - Setting next_dagrun for example_complex to None, run_after=None
[2025-01-01T21:53:48.738+0000] {processor.py:208} INFO - Processing /home/airflow/.local/lib/python3.12/site-packages/airflow/example_dags/example_complex.py took 0.072 seconds
[2025-01-01T21:54:18.822+0000] {processor.py:186} INFO - Started process (PID=789) to work on /home/airflow/.local/lib/python3.12/site-packages/airflow/example_dags/example_complex.py
[2025-01-01T21:54:18.823+0000] {processor.py:914} INFO - Processing file /home/airflow/.local/lib/python3.12/site-packages/airflow/example_dags/example_complex.py for tasks to queue
[2025-01-01T21:54:18.825+0000] {logging_mixin.py:190} INFO - [2025-01-01T21:54:18.825+0000] {dagbag.py:588} INFO - Filling up the DagBag from /home/airflow/.local/lib/python3.12/site-packages/airflow/example_dags/example_complex.py
[2025-01-01T21:54:18.835+0000] {processor.py:925} INFO - DAG(s) 'example_complex' retrieved from /home/airflow/.local/lib/python3.12/site-packages/airflow/example_dags/example_complex.py
[2025-01-01T21:54:18.862+0000] {logging_mixin.py:190} INFO - [2025-01-01T21:54:18.862+0000] {dag.py:3239} INFO - Sync 1 DAGs
[2025-01-01T21:54:18.875+0000] {logging_mixin.py:190} INFO - [2025-01-01T21:54:18.874+0000] {dag.py:4180} INFO - Setting next_dagrun for example_complex to None, run_after=None
[2025-01-01T21:54:18.896+0000] {processor.py:208} INFO - Processing /home/airflow/.local/lib/python3.12/site-packages/airflow/example_dags/example_complex.py took 0.079 seconds
[2025-01-01T21:54:49.337+0000] {processor.py:186} INFO - Started process (PID=852) to work on /home/airflow/.local/lib/python3.12/site-packages/airflow/example_dags/example_complex.py
[2025-01-01T21:54:49.338+0000] {processor.py:914} INFO - Processing file /home/airflow/.local/lib/python3.12/site-packages/airflow/example_dags/example_complex.py for tasks to queue
[2025-01-01T21:54:49.340+0000] {logging_mixin.py:190} INFO - [2025-01-01T21:54:49.340+0000] {dagbag.py:588} INFO - Filling up the DagBag from /home/airflow/.local/lib/python3.12/site-packages/airflow/example_dags/example_complex.py
[2025-01-01T21:54:49.350+0000] {processor.py:925} INFO - DAG(s) 'example_complex' retrieved from /home/airflow/.local/lib/python3.12/site-packages/airflow/example_dags/example_complex.py
[2025-01-01T21:54:49.377+0000] {logging_mixin.py:190} INFO - [2025-01-01T21:54:49.376+0000] {dag.py:3239} INFO - Sync 1 DAGs
[2025-01-01T21:54:49.390+0000] {logging_mixin.py:190} INFO - [2025-01-01T21:54:49.390+0000] {dag.py:4180} INFO - Setting next_dagrun for example_complex to None, run_after=None
[2025-01-01T21:54:49.406+0000] {processor.py:208} INFO - Processing /home/airflow/.local/lib/python3.12/site-packages/airflow/example_dags/example_complex.py took 0.075 seconds
[2025-01-01T21:55:19.574+0000] {processor.py:186} INFO - Started process (PID=915) to work on /home/airflow/.local/lib/python3.12/site-packages/airflow/example_dags/example_complex.py
[2025-01-01T21:55:19.575+0000] {processor.py:914} INFO - Processing file /home/airflow/.local/lib/python3.12/site-packages/airflow/example_dags/example_complex.py for tasks to queue
[2025-01-01T21:55:19.577+0000] {logging_mixin.py:190} INFO - [2025-01-01T21:55:19.577+0000] {dagbag.py:588} INFO - Filling up the DagBag from /home/airflow/.local/lib/python3.12/site-packages/airflow/example_dags/example_complex.py
[2025-01-01T21:55:19.590+0000] {processor.py:925} INFO - DAG(s) 'example_complex' retrieved from /home/airflow/.local/lib/python3.12/site-packages/airflow/example_dags/example_complex.py
[2025-01-01T21:55:19.619+0000] {logging_mixin.py:190} INFO - [2025-01-01T21:55:19.619+0000] {dag.py:3239} INFO - Sync 1 DAGs
[2025-01-01T21:55:19.632+0000] {logging_mixin.py:190} INFO - [2025-01-01T21:55:19.632+0000] {dag.py:4180} INFO - Setting next_dagrun for example_complex to None, run_after=None
[2025-01-01T21:55:19.649+0000] {processor.py:208} INFO - Processing /home/airflow/.local/lib/python3.12/site-packages/airflow/example_dags/example_complex.py took 0.080 seconds
[2025-01-01T21:55:49.798+0000] {processor.py:186} INFO - Started process (PID=978) to work on /home/airflow/.local/lib/python3.12/site-packages/airflow/example_dags/example_complex.py
[2025-01-01T21:55:49.800+0000] {processor.py:914} INFO - Processing file /home/airflow/.local/lib/python3.12/site-packages/airflow/example_dags/example_complex.py for tasks to queue
[2025-01-01T21:55:49.801+0000] {logging_mixin.py:190} INFO - [2025-01-01T21:55:49.801+0000] {dagbag.py:588} INFO - Filling up the DagBag from /home/airflow/.local/lib/python3.12/site-packages/airflow/example_dags/example_complex.py
[2025-01-01T21:55:49.812+0000] {processor.py:925} INFO - DAG(s) 'example_complex' retrieved from /home/airflow/.local/lib/python3.12/site-packages/airflow/example_dags/example_complex.py
[2025-01-01T21:55:49.839+0000] {logging_mixin.py:190} INFO - [2025-01-01T21:55:49.839+0000] {dag.py:3239} INFO - Sync 1 DAGs
[2025-01-01T21:55:49.852+0000] {logging_mixin.py:190} INFO - [2025-01-01T21:55:49.852+0000] {dag.py:4180} INFO - Setting next_dagrun for example_complex to None, run_after=None
[2025-01-01T21:55:49.869+0000] {processor.py:208} INFO - Processing /home/airflow/.local/lib/python3.12/site-packages/airflow/example_dags/example_complex.py took 0.075 seconds
[2025-01-01T21:56:20.108+0000] {processor.py:186} INFO - Started process (PID=1041) to work on /home/airflow/.local/lib/python3.12/site-packages/airflow/example_dags/example_complex.py
[2025-01-01T21:56:20.109+0000] {processor.py:914} INFO - Processing file /home/airflow/.local/lib/python3.12/site-packages/airflow/example_dags/example_complex.py for tasks to queue
[2025-01-01T21:56:20.111+0000] {logging_mixin.py:190} INFO - [2025-01-01T21:56:20.111+0000] {dagbag.py:588} INFO - Filling up the DagBag from /home/airflow/.local/lib/python3.12/site-packages/airflow/example_dags/example_complex.py
[2025-01-01T21:56:20.121+0000] {processor.py:925} INFO - DAG(s) 'example_complex' retrieved from /home/airflow/.local/lib/python3.12/site-packages/airflow/example_dags/example_complex.py
[2025-01-01T21:56:20.150+0000] {logging_mixin.py:190} INFO - [2025-01-01T21:56:20.150+0000] {dag.py:3239} INFO - Sync 1 DAGs
[2025-01-01T21:56:20.163+0000] {logging_mixin.py:190} INFO - [2025-01-01T21:56:20.163+0000] {dag.py:4180} INFO - Setting next_dagrun for example_complex to None, run_after=None
[2025-01-01T21:56:20.183+0000] {processor.py:208} INFO - Processing /home/airflow/.local/lib/python3.12/site-packages/airflow/example_dags/example_complex.py took 0.080 seconds
[2025-01-01T21:56:50.899+0000] {processor.py:186} INFO - Started process (PID=1104) to work on /home/airflow/.local/lib/python3.12/site-packages/airflow/example_dags/example_complex.py
[2025-01-01T21:56:50.900+0000] {processor.py:914} INFO - Processing file /home/airflow/.local/lib/python3.12/site-packages/airflow/example_dags/example_complex.py for tasks to queue
[2025-01-01T21:56:50.902+0000] {logging_mixin.py:190} INFO - [2025-01-01T21:56:50.902+0000] {dagbag.py:588} INFO - Filling up the DagBag from /home/airflow/.local/lib/python3.12/site-packages/airflow/example_dags/example_complex.py
[2025-01-01T21:56:50.916+0000] {processor.py:925} INFO - DAG(s) 'example_complex' retrieved from /home/airflow/.local/lib/python3.12/site-packages/airflow/example_dags/example_complex.py
[2025-01-01T21:56:50.947+0000] {logging_mixin.py:190} INFO - [2025-01-01T21:56:50.947+0000] {dag.py:3239} INFO - Sync 1 DAGs
[2025-01-01T21:56:50.961+0000] {logging_mixin.py:190} INFO - [2025-01-01T21:56:50.961+0000] {dag.py:4180} INFO - Setting next_dagrun for example_complex to None, run_after=None
[2025-01-01T21:56:50.980+0000] {processor.py:208} INFO - Processing /home/airflow/.local/lib/python3.12/site-packages/airflow/example_dags/example_complex.py took 0.087 seconds
[2025-01-01T21:57:21.758+0000] {processor.py:186} INFO - Started process (PID=1167) to work on /home/airflow/.local/lib/python3.12/site-packages/airflow/example_dags/example_complex.py
[2025-01-01T21:57:21.759+0000] {processor.py:914} INFO - Processing file /home/airflow/.local/lib/python3.12/site-packages/airflow/example_dags/example_complex.py for tasks to queue
[2025-01-01T21:57:21.761+0000] {logging_mixin.py:190} INFO - [2025-01-01T21:57:21.761+0000] {dagbag.py:588} INFO - Filling up the DagBag from /home/airflow/.local/lib/python3.12/site-packages/airflow/example_dags/example_complex.py
[2025-01-01T21:57:21.772+0000] {processor.py:925} INFO - DAG(s) 'example_complex' retrieved from /home/airflow/.local/lib/python3.12/site-packages/airflow/example_dags/example_complex.py
[2025-01-01T21:57:21.801+0000] {logging_mixin.py:190} INFO - [2025-01-01T21:57:21.801+0000] {dag.py:3239} INFO - Sync 1 DAGs
[2025-01-01T21:57:21.814+0000] {logging_mixin.py:190} INFO - [2025-01-01T21:57:21.813+0000] {dag.py:4180} INFO - Setting next_dagrun for example_complex to None, run_after=None
[2025-01-01T21:57:21.831+0000] {processor.py:208} INFO - Processing /home/airflow/.local/lib/python3.12/site-packages/airflow/example_dags/example_complex.py took 0.078 seconds
[2025-01-01T21:57:52.421+0000] {processor.py:186} INFO - Started process (PID=1230) to work on /home/airflow/.local/lib/python3.12/site-packages/airflow/example_dags/example_complex.py
[2025-01-01T21:57:52.422+0000] {processor.py:914} INFO - Processing file /home/airflow/.local/lib/python3.12/site-packages/airflow/example_dags/example_complex.py for tasks to queue
[2025-01-01T21:57:52.424+0000] {logging_mixin.py:190} INFO - [2025-01-01T21:57:52.424+0000] {dagbag.py:588} INFO - Filling up the DagBag from /home/airflow/.local/lib/python3.12/site-packages/airflow/example_dags/example_complex.py
[2025-01-01T21:57:52.435+0000] {processor.py:925} INFO - DAG(s) 'example_complex' retrieved from /home/airflow/.local/lib/python3.12/site-packages/airflow/example_dags/example_complex.py
[2025-01-01T21:57:52.471+0000] {logging_mixin.py:190} INFO - [2025-01-01T21:57:52.471+0000] {dag.py:3239} INFO - Sync 1 DAGs
[2025-01-01T21:57:52.484+0000] {logging_mixin.py:190} INFO - [2025-01-01T21:57:52.484+0000] {dag.py:4180} INFO - Setting next_dagrun for example_complex to None, run_after=None
[2025-01-01T21:57:52.504+0000] {processor.py:208} INFO - Processing /home/airflow/.local/lib/python3.12/site-packages/airflow/example_dags/example_complex.py took 0.087 seconds
[2025-01-01T21:58:22.915+0000] {processor.py:186} INFO - Started process (PID=1293) to work on /home/airflow/.local/lib/python3.12/site-packages/airflow/example_dags/example_complex.py
[2025-01-01T21:58:22.915+0000] {processor.py:914} INFO - Processing file /home/airflow/.local/lib/python3.12/site-packages/airflow/example_dags/example_complex.py for tasks to queue
[2025-01-01T21:58:22.917+0000] {logging_mixin.py:190} INFO - [2025-01-01T21:58:22.917+0000] {dagbag.py:588} INFO - Filling up the DagBag from /home/airflow/.local/lib/python3.12/site-packages/airflow/example_dags/example_complex.py
[2025-01-01T21:58:22.928+0000] {processor.py:925} INFO - DAG(s) 'example_complex' retrieved from /home/airflow/.local/lib/python3.12/site-packages/airflow/example_dags/example_complex.py
[2025-01-01T21:58:22.961+0000] {logging_mixin.py:190} INFO - [2025-01-01T21:58:22.960+0000] {dag.py:3239} INFO - Sync 1 DAGs
[2025-01-01T21:58:22.977+0000] {logging_mixin.py:190} INFO - [2025-01-01T21:58:22.977+0000] {dag.py:4180} INFO - Setting next_dagrun for example_complex to None, run_after=None
[2025-01-01T21:58:22.996+0000] {processor.py:208} INFO - Processing /home/airflow/.local/lib/python3.12/site-packages/airflow/example_dags/example_complex.py took 0.086 seconds
[2025-01-01T21:58:53.822+0000] {processor.py:186} INFO - Started process (PID=1356) to work on /home/airflow/.local/lib/python3.12/site-packages/airflow/example_dags/example_complex.py
[2025-01-01T21:58:53.822+0000] {processor.py:914} INFO - Processing file /home/airflow/.local/lib/python3.12/site-packages/airflow/example_dags/example_complex.py for tasks to queue
[2025-01-01T21:58:53.825+0000] {logging_mixin.py:190} INFO - [2025-01-01T21:58:53.824+0000] {dagbag.py:588} INFO - Filling up the DagBag from /home/airflow/.local/lib/python3.12/site-packages/airflow/example_dags/example_complex.py
[2025-01-01T21:58:53.835+0000] {processor.py:925} INFO - DAG(s) 'example_complex' retrieved from /home/airflow/.local/lib/python3.12/site-packages/airflow/example_dags/example_complex.py
[2025-01-01T21:58:53.865+0000] {logging_mixin.py:190} INFO - [2025-01-01T21:58:53.865+0000] {dag.py:3239} INFO - Sync 1 DAGs
[2025-01-01T21:58:53.885+0000] {logging_mixin.py:190} INFO - [2025-01-01T21:58:53.884+0000] {dag.py:4180} INFO - Setting next_dagrun for example_complex to None, run_after=None
[2025-01-01T21:58:53.907+0000] {processor.py:208} INFO - Processing /home/airflow/.local/lib/python3.12/site-packages/airflow/example_dags/example_complex.py took 0.090 seconds
