[2025-01-01T21:48:38.180+0000] {processor.py:186} INFO - Started process (PID=72) to work on /home/airflow/.local/lib/python3.12/site-packages/airflow/example_dags/example_bash_operator.py
[2025-01-01T21:48:38.182+0000] {processor.py:914} INFO - Processing file /home/airflow/.local/lib/python3.12/site-packages/airflow/example_dags/example_bash_operator.py for tasks to queue
[2025-01-01T21:48:38.184+0000] {logging_mixin.py:190} INFO - [2025-01-01T21:48:38.184+0000] {dagbag.py:588} INFO - Filling up the DagBag from /home/airflow/.local/lib/python3.12/site-packages/airflow/example_dags/example_bash_operator.py
[2025-01-01T21:48:38.202+0000] {processor.py:925} INFO - DAG(s) 'example_bash_operator' retrieved from /home/airflow/.local/lib/python3.12/site-packages/airflow/example_dags/example_bash_operator.py
[2025-01-01T21:48:38.331+0000] {logging_mixin.py:190} INFO - [2025-01-01T21:48:38.330+0000] {override.py:1911} INFO - Created Permission View: can edit on DAG:example_bash_operator
[2025-01-01T21:48:38.340+0000] {logging_mixin.py:190} INFO - [2025-01-01T21:48:38.340+0000] {override.py:1911} INFO - Created Permission View: can delete on DAG:example_bash_operator
[2025-01-01T21:48:38.347+0000] {logging_mixin.py:190} INFO - [2025-01-01T21:48:38.347+0000] {override.py:1911} INFO - Created Permission View: can read on DAG:example_bash_operator
[2025-01-01T21:48:38.355+0000] {logging_mixin.py:190} INFO - [2025-01-01T21:48:38.355+0000] {override.py:1911} INFO - Created Permission View: can delete on DAG Run:example_bash_operator
[2025-01-01T21:48:38.362+0000] {logging_mixin.py:190} INFO - [2025-01-01T21:48:38.362+0000] {override.py:1911} INFO - Created Permission View: can read on DAG Run:example_bash_operator
[2025-01-01T21:48:38.369+0000] {logging_mixin.py:190} INFO - [2025-01-01T21:48:38.369+0000] {override.py:1911} INFO - Created Permission View: can create on DAG Run:example_bash_operator
[2025-01-01T21:48:38.375+0000] {logging_mixin.py:190} INFO - [2025-01-01T21:48:38.374+0000] {override.py:1911} INFO - Created Permission View: menu access on DAG Run:example_bash_operator
[2025-01-01T21:48:38.376+0000] {logging_mixin.py:190} INFO - [2025-01-01T21:48:38.375+0000] {dag.py:3239} INFO - Sync 1 DAGs
[2025-01-01T21:48:38.387+0000] {logging_mixin.py:190} INFO - [2025-01-01T21:48:38.387+0000] {dag.py:3262} INFO - Creating ORM DAG for example_bash_operator
[2025-01-01T21:48:38.397+0000] {logging_mixin.py:190} INFO - [2025-01-01T21:48:38.397+0000] {dag.py:4180} INFO - Setting next_dagrun for example_bash_operator to 2024-12-31 00:00:00+00:00, run_after=2025-01-01 00:00:00+00:00
[2025-01-01T21:48:38.411+0000] {processor.py:208} INFO - Processing /home/airflow/.local/lib/python3.12/site-packages/airflow/example_dags/example_bash_operator.py took 0.238 seconds
[2025-01-01T21:49:08.703+0000] {processor.py:186} INFO - Started process (PID=136) to work on /home/airflow/.local/lib/python3.12/site-packages/airflow/example_dags/example_bash_operator.py
[2025-01-01T21:49:08.703+0000] {processor.py:914} INFO - Processing file /home/airflow/.local/lib/python3.12/site-packages/airflow/example_dags/example_bash_operator.py for tasks to queue
[2025-01-01T21:49:08.705+0000] {logging_mixin.py:190} INFO - [2025-01-01T21:49:08.705+0000] {dagbag.py:588} INFO - Filling up the DagBag from /home/airflow/.local/lib/python3.12/site-packages/airflow/example_dags/example_bash_operator.py
[2025-01-01T21:49:08.718+0000] {processor.py:925} INFO - DAG(s) 'example_bash_operator' retrieved from /home/airflow/.local/lib/python3.12/site-packages/airflow/example_dags/example_bash_operator.py
[2025-01-01T21:49:08.744+0000] {logging_mixin.py:190} INFO - [2025-01-01T21:49:08.743+0000] {dag.py:3239} INFO - Sync 1 DAGs
[2025-01-01T21:49:08.764+0000] {logging_mixin.py:190} INFO - [2025-01-01T21:49:08.764+0000] {dag.py:4180} INFO - Setting next_dagrun for example_bash_operator to 2024-12-31 00:00:00+00:00, run_after=2025-01-01 00:00:00+00:00
[2025-01-01T21:49:08.780+0000] {processor.py:208} INFO - Processing /home/airflow/.local/lib/python3.12/site-packages/airflow/example_dags/example_bash_operator.py took 0.082 seconds
[2025-01-01T21:49:38.813+0000] {processor.py:186} INFO - Started process (PID=199) to work on /home/airflow/.local/lib/python3.12/site-packages/airflow/example_dags/example_bash_operator.py
[2025-01-01T21:49:38.814+0000] {processor.py:914} INFO - Processing file /home/airflow/.local/lib/python3.12/site-packages/airflow/example_dags/example_bash_operator.py for tasks to queue
[2025-01-01T21:49:38.816+0000] {logging_mixin.py:190} INFO - [2025-01-01T21:49:38.816+0000] {dagbag.py:588} INFO - Filling up the DagBag from /home/airflow/.local/lib/python3.12/site-packages/airflow/example_dags/example_bash_operator.py
[2025-01-01T21:49:38.827+0000] {processor.py:925} INFO - DAG(s) 'example_bash_operator' retrieved from /home/airflow/.local/lib/python3.12/site-packages/airflow/example_dags/example_bash_operator.py
[2025-01-01T21:49:38.852+0000] {logging_mixin.py:190} INFO - [2025-01-01T21:49:38.851+0000] {dag.py:3239} INFO - Sync 1 DAGs
[2025-01-01T21:49:38.871+0000] {logging_mixin.py:190} INFO - [2025-01-01T21:49:38.871+0000] {dag.py:4180} INFO - Setting next_dagrun for example_bash_operator to 2024-12-31 00:00:00+00:00, run_after=2025-01-01 00:00:00+00:00
[2025-01-01T21:49:38.886+0000] {processor.py:208} INFO - Processing /home/airflow/.local/lib/python3.12/site-packages/airflow/example_dags/example_bash_operator.py took 0.078 seconds
[2025-01-01T21:50:09.026+0000] {processor.py:186} INFO - Started process (PID=262) to work on /home/airflow/.local/lib/python3.12/site-packages/airflow/example_dags/example_bash_operator.py
[2025-01-01T21:50:09.026+0000] {processor.py:914} INFO - Processing file /home/airflow/.local/lib/python3.12/site-packages/airflow/example_dags/example_bash_operator.py for tasks to queue
[2025-01-01T21:50:09.029+0000] {logging_mixin.py:190} INFO - [2025-01-01T21:50:09.028+0000] {dagbag.py:588} INFO - Filling up the DagBag from /home/airflow/.local/lib/python3.12/site-packages/airflow/example_dags/example_bash_operator.py
[2025-01-01T21:50:09.041+0000] {processor.py:925} INFO - DAG(s) 'example_bash_operator' retrieved from /home/airflow/.local/lib/python3.12/site-packages/airflow/example_dags/example_bash_operator.py
[2025-01-01T21:50:09.068+0000] {logging_mixin.py:190} INFO - [2025-01-01T21:50:09.068+0000] {dag.py:3239} INFO - Sync 1 DAGs
[2025-01-01T21:50:09.100+0000] {logging_mixin.py:190} INFO - [2025-01-01T21:50:09.100+0000] {dag.py:4180} INFO - Setting next_dagrun for example_bash_operator to 2024-12-31 00:00:00+00:00, run_after=2025-01-01 00:00:00+00:00
[2025-01-01T21:50:09.121+0000] {processor.py:208} INFO - Processing /home/airflow/.local/lib/python3.12/site-packages/airflow/example_dags/example_bash_operator.py took 0.101 seconds
[2025-01-01T21:50:39.794+0000] {processor.py:186} INFO - Started process (PID=332) to work on /home/airflow/.local/lib/python3.12/site-packages/airflow/example_dags/example_bash_operator.py
[2025-01-01T21:50:39.795+0000] {processor.py:914} INFO - Processing file /home/airflow/.local/lib/python3.12/site-packages/airflow/example_dags/example_bash_operator.py for tasks to queue
[2025-01-01T21:50:39.797+0000] {logging_mixin.py:190} INFO - [2025-01-01T21:50:39.797+0000] {dagbag.py:588} INFO - Filling up the DagBag from /home/airflow/.local/lib/python3.12/site-packages/airflow/example_dags/example_bash_operator.py
[2025-01-01T21:50:39.808+0000] {processor.py:925} INFO - DAG(s) 'example_bash_operator' retrieved from /home/airflow/.local/lib/python3.12/site-packages/airflow/example_dags/example_bash_operator.py
[2025-01-01T21:50:39.832+0000] {logging_mixin.py:190} INFO - [2025-01-01T21:50:39.832+0000] {dag.py:3239} INFO - Sync 1 DAGs
[2025-01-01T21:50:39.854+0000] {logging_mixin.py:190} INFO - [2025-01-01T21:50:39.853+0000] {dag.py:4180} INFO - Setting next_dagrun for example_bash_operator to 2024-12-31 00:00:00+00:00, run_after=2025-01-01 00:00:00+00:00
[2025-01-01T21:50:39.870+0000] {processor.py:208} INFO - Processing /home/airflow/.local/lib/python3.12/site-packages/airflow/example_dags/example_bash_operator.py took 0.082 seconds
[2025-01-01T21:51:10.731+0000] {processor.py:186} INFO - Started process (PID=395) to work on /home/airflow/.local/lib/python3.12/site-packages/airflow/example_dags/example_bash_operator.py
[2025-01-01T21:51:10.731+0000] {processor.py:914} INFO - Processing file /home/airflow/.local/lib/python3.12/site-packages/airflow/example_dags/example_bash_operator.py for tasks to queue
[2025-01-01T21:51:10.733+0000] {logging_mixin.py:190} INFO - [2025-01-01T21:51:10.733+0000] {dagbag.py:588} INFO - Filling up the DagBag from /home/airflow/.local/lib/python3.12/site-packages/airflow/example_dags/example_bash_operator.py
[2025-01-01T21:51:10.745+0000] {processor.py:925} INFO - DAG(s) 'example_bash_operator' retrieved from /home/airflow/.local/lib/python3.12/site-packages/airflow/example_dags/example_bash_operator.py
[2025-01-01T21:51:10.772+0000] {logging_mixin.py:190} INFO - [2025-01-01T21:51:10.772+0000] {dag.py:3239} INFO - Sync 1 DAGs
[2025-01-01T21:51:10.793+0000] {logging_mixin.py:190} INFO - [2025-01-01T21:51:10.793+0000] {dag.py:4180} INFO - Setting next_dagrun for example_bash_operator to 2024-12-31 00:00:00+00:00, run_after=2025-01-01 00:00:00+00:00
[2025-01-01T21:51:10.813+0000] {processor.py:208} INFO - Processing /home/airflow/.local/lib/python3.12/site-packages/airflow/example_dags/example_bash_operator.py took 0.087 seconds
[2025-01-01T21:51:41.212+0000] {processor.py:186} INFO - Started process (PID=458) to work on /home/airflow/.local/lib/python3.12/site-packages/airflow/example_dags/example_bash_operator.py
[2025-01-01T21:51:41.214+0000] {processor.py:914} INFO - Processing file /home/airflow/.local/lib/python3.12/site-packages/airflow/example_dags/example_bash_operator.py for tasks to queue
[2025-01-01T21:51:41.217+0000] {logging_mixin.py:190} INFO - [2025-01-01T21:51:41.216+0000] {dagbag.py:588} INFO - Filling up the DagBag from /home/airflow/.local/lib/python3.12/site-packages/airflow/example_dags/example_bash_operator.py
[2025-01-01T21:51:41.237+0000] {processor.py:925} INFO - DAG(s) 'example_bash_operator' retrieved from /home/airflow/.local/lib/python3.12/site-packages/airflow/example_dags/example_bash_operator.py
[2025-01-01T21:51:41.278+0000] {logging_mixin.py:190} INFO - [2025-01-01T21:51:41.278+0000] {dag.py:3239} INFO - Sync 1 DAGs
[2025-01-01T21:51:41.304+0000] {logging_mixin.py:190} INFO - [2025-01-01T21:51:41.304+0000] {dag.py:4180} INFO - Setting next_dagrun for example_bash_operator to 2024-12-31 00:00:00+00:00, run_after=2025-01-01 00:00:00+00:00
[2025-01-01T21:51:41.320+0000] {processor.py:208} INFO - Processing /home/airflow/.local/lib/python3.12/site-packages/airflow/example_dags/example_bash_operator.py took 0.115 seconds
[2025-01-01T21:52:11.374+0000] {processor.py:186} INFO - Started process (PID=521) to work on /home/airflow/.local/lib/python3.12/site-packages/airflow/example_dags/example_bash_operator.py
[2025-01-01T21:52:11.375+0000] {processor.py:914} INFO - Processing file /home/airflow/.local/lib/python3.12/site-packages/airflow/example_dags/example_bash_operator.py for tasks to queue
[2025-01-01T21:52:11.377+0000] {logging_mixin.py:190} INFO - [2025-01-01T21:52:11.377+0000] {dagbag.py:588} INFO - Filling up the DagBag from /home/airflow/.local/lib/python3.12/site-packages/airflow/example_dags/example_bash_operator.py
[2025-01-01T21:52:11.388+0000] {processor.py:925} INFO - DAG(s) 'example_bash_operator' retrieved from /home/airflow/.local/lib/python3.12/site-packages/airflow/example_dags/example_bash_operator.py
[2025-01-01T21:52:11.413+0000] {logging_mixin.py:190} INFO - [2025-01-01T21:52:11.412+0000] {dag.py:3239} INFO - Sync 1 DAGs
[2025-01-01T21:52:11.433+0000] {logging_mixin.py:190} INFO - [2025-01-01T21:52:11.433+0000] {dag.py:4180} INFO - Setting next_dagrun for example_bash_operator to 2024-12-31 00:00:00+00:00, run_after=2025-01-01 00:00:00+00:00
[2025-01-01T21:52:11.450+0000] {processor.py:208} INFO - Processing /home/airflow/.local/lib/python3.12/site-packages/airflow/example_dags/example_bash_operator.py took 0.081 seconds
[2025-01-01T21:52:41.913+0000] {processor.py:186} INFO - Started process (PID=584) to work on /home/airflow/.local/lib/python3.12/site-packages/airflow/example_dags/example_bash_operator.py
[2025-01-01T21:52:41.914+0000] {processor.py:914} INFO - Processing file /home/airflow/.local/lib/python3.12/site-packages/airflow/example_dags/example_bash_operator.py for tasks to queue
[2025-01-01T21:52:41.916+0000] {logging_mixin.py:190} INFO - [2025-01-01T21:52:41.915+0000] {dagbag.py:588} INFO - Filling up the DagBag from /home/airflow/.local/lib/python3.12/site-packages/airflow/example_dags/example_bash_operator.py
[2025-01-01T21:52:41.926+0000] {processor.py:925} INFO - DAG(s) 'example_bash_operator' retrieved from /home/airflow/.local/lib/python3.12/site-packages/airflow/example_dags/example_bash_operator.py
[2025-01-01T21:52:41.952+0000] {logging_mixin.py:190} INFO - [2025-01-01T21:52:41.951+0000] {dag.py:3239} INFO - Sync 1 DAGs
[2025-01-01T21:52:41.973+0000] {logging_mixin.py:190} INFO - [2025-01-01T21:52:41.972+0000] {dag.py:4180} INFO - Setting next_dagrun for example_bash_operator to 2024-12-31 00:00:00+00:00, run_after=2025-01-01 00:00:00+00:00
[2025-01-01T21:52:41.988+0000] {processor.py:208} INFO - Processing /home/airflow/.local/lib/python3.12/site-packages/airflow/example_dags/example_bash_operator.py took 0.080 seconds
[2025-01-01T21:53:12.592+0000] {processor.py:186} INFO - Started process (PID=647) to work on /home/airflow/.local/lib/python3.12/site-packages/airflow/example_dags/example_bash_operator.py
[2025-01-01T21:53:12.593+0000] {processor.py:914} INFO - Processing file /home/airflow/.local/lib/python3.12/site-packages/airflow/example_dags/example_bash_operator.py for tasks to queue
[2025-01-01T21:53:12.595+0000] {logging_mixin.py:190} INFO - [2025-01-01T21:53:12.595+0000] {dagbag.py:588} INFO - Filling up the DagBag from /home/airflow/.local/lib/python3.12/site-packages/airflow/example_dags/example_bash_operator.py
[2025-01-01T21:53:12.607+0000] {processor.py:925} INFO - DAG(s) 'example_bash_operator' retrieved from /home/airflow/.local/lib/python3.12/site-packages/airflow/example_dags/example_bash_operator.py
[2025-01-01T21:53:12.632+0000] {logging_mixin.py:190} INFO - [2025-01-01T21:53:12.632+0000] {dag.py:3239} INFO - Sync 1 DAGs
[2025-01-01T21:53:12.658+0000] {logging_mixin.py:190} INFO - [2025-01-01T21:53:12.658+0000] {dag.py:4180} INFO - Setting next_dagrun for example_bash_operator to 2024-12-31 00:00:00+00:00, run_after=2025-01-01 00:00:00+00:00
[2025-01-01T21:53:12.677+0000] {processor.py:208} INFO - Processing /home/airflow/.local/lib/python3.12/site-packages/airflow/example_dags/example_bash_operator.py took 0.090 seconds
[2025-01-01T21:53:43.671+0000] {processor.py:186} INFO - Started process (PID=710) to work on /home/airflow/.local/lib/python3.12/site-packages/airflow/example_dags/example_bash_operator.py
[2025-01-01T21:53:43.672+0000] {processor.py:914} INFO - Processing file /home/airflow/.local/lib/python3.12/site-packages/airflow/example_dags/example_bash_operator.py for tasks to queue
[2025-01-01T21:53:43.674+0000] {logging_mixin.py:190} INFO - [2025-01-01T21:53:43.674+0000] {dagbag.py:588} INFO - Filling up the DagBag from /home/airflow/.local/lib/python3.12/site-packages/airflow/example_dags/example_bash_operator.py
[2025-01-01T21:53:43.685+0000] {processor.py:925} INFO - DAG(s) 'example_bash_operator' retrieved from /home/airflow/.local/lib/python3.12/site-packages/airflow/example_dags/example_bash_operator.py
[2025-01-01T21:53:43.709+0000] {logging_mixin.py:190} INFO - [2025-01-01T21:53:43.708+0000] {dag.py:3239} INFO - Sync 1 DAGs
[2025-01-01T21:53:43.729+0000] {logging_mixin.py:190} INFO - [2025-01-01T21:53:43.729+0000] {dag.py:4180} INFO - Setting next_dagrun for example_bash_operator to 2024-12-31 00:00:00+00:00, run_after=2025-01-01 00:00:00+00:00
[2025-01-01T21:53:43.744+0000] {processor.py:208} INFO - Processing /home/airflow/.local/lib/python3.12/site-packages/airflow/example_dags/example_bash_operator.py took 0.078 seconds
[2025-01-01T21:54:13.995+0000] {processor.py:186} INFO - Started process (PID=773) to work on /home/airflow/.local/lib/python3.12/site-packages/airflow/example_dags/example_bash_operator.py
[2025-01-01T21:54:13.996+0000] {processor.py:914} INFO - Processing file /home/airflow/.local/lib/python3.12/site-packages/airflow/example_dags/example_bash_operator.py for tasks to queue
[2025-01-01T21:54:13.998+0000] {logging_mixin.py:190} INFO - [2025-01-01T21:54:13.997+0000] {dagbag.py:588} INFO - Filling up the DagBag from /home/airflow/.local/lib/python3.12/site-packages/airflow/example_dags/example_bash_operator.py
[2025-01-01T21:54:14.012+0000] {processor.py:925} INFO - DAG(s) 'example_bash_operator' retrieved from /home/airflow/.local/lib/python3.12/site-packages/airflow/example_dags/example_bash_operator.py
[2025-01-01T21:54:14.036+0000] {logging_mixin.py:190} INFO - [2025-01-01T21:54:14.036+0000] {dag.py:3239} INFO - Sync 1 DAGs
[2025-01-01T21:54:14.060+0000] {logging_mixin.py:190} INFO - [2025-01-01T21:54:14.060+0000] {dag.py:4180} INFO - Setting next_dagrun for example_bash_operator to 2024-12-31 00:00:00+00:00, run_after=2025-01-01 00:00:00+00:00
[2025-01-01T21:54:14.076+0000] {processor.py:208} INFO - Processing /home/airflow/.local/lib/python3.12/site-packages/airflow/example_dags/example_bash_operator.py took 0.086 seconds
[2025-01-01T21:54:44.536+0000] {processor.py:186} INFO - Started process (PID=836) to work on /home/airflow/.local/lib/python3.12/site-packages/airflow/example_dags/example_bash_operator.py
[2025-01-01T21:54:44.537+0000] {processor.py:914} INFO - Processing file /home/airflow/.local/lib/python3.12/site-packages/airflow/example_dags/example_bash_operator.py for tasks to queue
[2025-01-01T21:54:44.539+0000] {logging_mixin.py:190} INFO - [2025-01-01T21:54:44.539+0000] {dagbag.py:588} INFO - Filling up the DagBag from /home/airflow/.local/lib/python3.12/site-packages/airflow/example_dags/example_bash_operator.py
[2025-01-01T21:54:44.552+0000] {processor.py:925} INFO - DAG(s) 'example_bash_operator' retrieved from /home/airflow/.local/lib/python3.12/site-packages/airflow/example_dags/example_bash_operator.py
[2025-01-01T21:54:44.584+0000] {logging_mixin.py:190} INFO - [2025-01-01T21:54:44.583+0000] {dag.py:3239} INFO - Sync 1 DAGs
[2025-01-01T21:54:44.607+0000] {logging_mixin.py:190} INFO - [2025-01-01T21:54:44.607+0000] {dag.py:4180} INFO - Setting next_dagrun for example_bash_operator to 2024-12-31 00:00:00+00:00, run_after=2025-01-01 00:00:00+00:00
[2025-01-01T21:54:44.630+0000] {processor.py:208} INFO - Processing /home/airflow/.local/lib/python3.12/site-packages/airflow/example_dags/example_bash_operator.py took 0.100 seconds
[2025-01-01T21:55:14.753+0000] {processor.py:186} INFO - Started process (PID=899) to work on /home/airflow/.local/lib/python3.12/site-packages/airflow/example_dags/example_bash_operator.py
[2025-01-01T21:55:14.754+0000] {processor.py:914} INFO - Processing file /home/airflow/.local/lib/python3.12/site-packages/airflow/example_dags/example_bash_operator.py for tasks to queue
[2025-01-01T21:55:14.756+0000] {logging_mixin.py:190} INFO - [2025-01-01T21:55:14.756+0000] {dagbag.py:588} INFO - Filling up the DagBag from /home/airflow/.local/lib/python3.12/site-packages/airflow/example_dags/example_bash_operator.py
[2025-01-01T21:55:14.767+0000] {processor.py:925} INFO - DAG(s) 'example_bash_operator' retrieved from /home/airflow/.local/lib/python3.12/site-packages/airflow/example_dags/example_bash_operator.py
[2025-01-01T21:55:14.791+0000] {logging_mixin.py:190} INFO - [2025-01-01T21:55:14.791+0000] {dag.py:3239} INFO - Sync 1 DAGs
[2025-01-01T21:55:14.812+0000] {logging_mixin.py:190} INFO - [2025-01-01T21:55:14.812+0000] {dag.py:4180} INFO - Setting next_dagrun for example_bash_operator to 2024-12-31 00:00:00+00:00, run_after=2025-01-01 00:00:00+00:00
[2025-01-01T21:55:14.828+0000] {processor.py:208} INFO - Processing /home/airflow/.local/lib/python3.12/site-packages/airflow/example_dags/example_bash_operator.py took 0.080 seconds
[2025-01-01T21:55:45.041+0000] {processor.py:186} INFO - Started process (PID=962) to work on /home/airflow/.local/lib/python3.12/site-packages/airflow/example_dags/example_bash_operator.py
[2025-01-01T21:55:45.042+0000] {processor.py:914} INFO - Processing file /home/airflow/.local/lib/python3.12/site-packages/airflow/example_dags/example_bash_operator.py for tasks to queue
[2025-01-01T21:55:45.043+0000] {logging_mixin.py:190} INFO - [2025-01-01T21:55:45.043+0000] {dagbag.py:588} INFO - Filling up the DagBag from /home/airflow/.local/lib/python3.12/site-packages/airflow/example_dags/example_bash_operator.py
[2025-01-01T21:55:45.056+0000] {processor.py:925} INFO - DAG(s) 'example_bash_operator' retrieved from /home/airflow/.local/lib/python3.12/site-packages/airflow/example_dags/example_bash_operator.py
[2025-01-01T21:55:45.080+0000] {logging_mixin.py:190} INFO - [2025-01-01T21:55:45.080+0000] {dag.py:3239} INFO - Sync 1 DAGs
[2025-01-01T21:55:45.099+0000] {logging_mixin.py:190} INFO - [2025-01-01T21:55:45.099+0000] {dag.py:4180} INFO - Setting next_dagrun for example_bash_operator to 2024-12-31 00:00:00+00:00, run_after=2025-01-01 00:00:00+00:00
[2025-01-01T21:55:45.114+0000] {processor.py:208} INFO - Processing /home/airflow/.local/lib/python3.12/site-packages/airflow/example_dags/example_bash_operator.py took 0.078 seconds
[2025-01-01T21:56:16.072+0000] {processor.py:186} INFO - Started process (PID=1025) to work on /home/airflow/.local/lib/python3.12/site-packages/airflow/example_dags/example_bash_operator.py
[2025-01-01T21:56:16.073+0000] {processor.py:914} INFO - Processing file /home/airflow/.local/lib/python3.12/site-packages/airflow/example_dags/example_bash_operator.py for tasks to queue
[2025-01-01T21:56:16.076+0000] {logging_mixin.py:190} INFO - [2025-01-01T21:56:16.075+0000] {dagbag.py:588} INFO - Filling up the DagBag from /home/airflow/.local/lib/python3.12/site-packages/airflow/example_dags/example_bash_operator.py
[2025-01-01T21:56:16.087+0000] {processor.py:925} INFO - DAG(s) 'example_bash_operator' retrieved from /home/airflow/.local/lib/python3.12/site-packages/airflow/example_dags/example_bash_operator.py
[2025-01-01T21:56:16.113+0000] {logging_mixin.py:190} INFO - [2025-01-01T21:56:16.112+0000] {dag.py:3239} INFO - Sync 1 DAGs
[2025-01-01T21:56:16.137+0000] {logging_mixin.py:190} INFO - [2025-01-01T21:56:16.136+0000] {dag.py:4180} INFO - Setting next_dagrun for example_bash_operator to 2024-12-31 00:00:00+00:00, run_after=2025-01-01 00:00:00+00:00
[2025-01-01T21:56:16.156+0000] {processor.py:208} INFO - Processing /home/airflow/.local/lib/python3.12/site-packages/airflow/example_dags/example_bash_operator.py took 0.088 seconds
[2025-01-01T21:56:46.992+0000] {processor.py:186} INFO - Started process (PID=1088) to work on /home/airflow/.local/lib/python3.12/site-packages/airflow/example_dags/example_bash_operator.py
[2025-01-01T21:56:46.993+0000] {processor.py:914} INFO - Processing file /home/airflow/.local/lib/python3.12/site-packages/airflow/example_dags/example_bash_operator.py for tasks to queue
[2025-01-01T21:56:46.995+0000] {logging_mixin.py:190} INFO - [2025-01-01T21:56:46.995+0000] {dagbag.py:588} INFO - Filling up the DagBag from /home/airflow/.local/lib/python3.12/site-packages/airflow/example_dags/example_bash_operator.py
[2025-01-01T21:56:47.007+0000] {processor.py:925} INFO - DAG(s) 'example_bash_operator' retrieved from /home/airflow/.local/lib/python3.12/site-packages/airflow/example_dags/example_bash_operator.py
[2025-01-01T21:56:47.035+0000] {logging_mixin.py:190} INFO - [2025-01-01T21:56:47.035+0000] {dag.py:3239} INFO - Sync 1 DAGs
[2025-01-01T21:56:47.059+0000] {logging_mixin.py:190} INFO - [2025-01-01T21:56:47.058+0000] {dag.py:4180} INFO - Setting next_dagrun for example_bash_operator to 2024-12-31 00:00:00+00:00, run_after=2025-01-01 00:00:00+00:00
[2025-01-01T21:56:47.077+0000] {processor.py:208} INFO - Processing /home/airflow/.local/lib/python3.12/site-packages/airflow/example_dags/example_bash_operator.py took 0.091 seconds
[2025-01-01T21:57:17.796+0000] {processor.py:186} INFO - Started process (PID=1151) to work on /home/airflow/.local/lib/python3.12/site-packages/airflow/example_dags/example_bash_operator.py
[2025-01-01T21:57:17.797+0000] {processor.py:914} INFO - Processing file /home/airflow/.local/lib/python3.12/site-packages/airflow/example_dags/example_bash_operator.py for tasks to queue
[2025-01-01T21:57:17.799+0000] {logging_mixin.py:190} INFO - [2025-01-01T21:57:17.799+0000] {dagbag.py:588} INFO - Filling up the DagBag from /home/airflow/.local/lib/python3.12/site-packages/airflow/example_dags/example_bash_operator.py
[2025-01-01T21:57:17.811+0000] {processor.py:925} INFO - DAG(s) 'example_bash_operator' retrieved from /home/airflow/.local/lib/python3.12/site-packages/airflow/example_dags/example_bash_operator.py
[2025-01-01T21:57:17.836+0000] {logging_mixin.py:190} INFO - [2025-01-01T21:57:17.836+0000] {dag.py:3239} INFO - Sync 1 DAGs
[2025-01-01T21:57:17.858+0000] {logging_mixin.py:190} INFO - [2025-01-01T21:57:17.858+0000] {dag.py:4180} INFO - Setting next_dagrun for example_bash_operator to 2024-12-31 00:00:00+00:00, run_after=2025-01-01 00:00:00+00:00
[2025-01-01T21:57:17.874+0000] {processor.py:208} INFO - Processing /home/airflow/.local/lib/python3.12/site-packages/airflow/example_dags/example_bash_operator.py took 0.085 seconds
[2025-01-01T21:57:48.644+0000] {processor.py:186} INFO - Started process (PID=1214) to work on /home/airflow/.local/lib/python3.12/site-packages/airflow/example_dags/example_bash_operator.py
[2025-01-01T21:57:48.645+0000] {processor.py:914} INFO - Processing file /home/airflow/.local/lib/python3.12/site-packages/airflow/example_dags/example_bash_operator.py for tasks to queue
[2025-01-01T21:57:48.647+0000] {logging_mixin.py:190} INFO - [2025-01-01T21:57:48.647+0000] {dagbag.py:588} INFO - Filling up the DagBag from /home/airflow/.local/lib/python3.12/site-packages/airflow/example_dags/example_bash_operator.py
[2025-01-01T21:57:48.658+0000] {processor.py:925} INFO - DAG(s) 'example_bash_operator' retrieved from /home/airflow/.local/lib/python3.12/site-packages/airflow/example_dags/example_bash_operator.py
[2025-01-01T21:57:48.684+0000] {logging_mixin.py:190} INFO - [2025-01-01T21:57:48.683+0000] {dag.py:3239} INFO - Sync 1 DAGs
[2025-01-01T21:57:48.703+0000] {logging_mixin.py:190} INFO - [2025-01-01T21:57:48.703+0000] {dag.py:4180} INFO - Setting next_dagrun for example_bash_operator to 2024-12-31 00:00:00+00:00, run_after=2025-01-01 00:00:00+00:00
[2025-01-01T21:57:48.719+0000] {processor.py:208} INFO - Processing /home/airflow/.local/lib/python3.12/site-packages/airflow/example_dags/example_bash_operator.py took 0.080 seconds
[2025-01-01T21:58:19.148+0000] {processor.py:186} INFO - Started process (PID=1277) to work on /home/airflow/.local/lib/python3.12/site-packages/airflow/example_dags/example_bash_operator.py
[2025-01-01T21:58:19.149+0000] {processor.py:914} INFO - Processing file /home/airflow/.local/lib/python3.12/site-packages/airflow/example_dags/example_bash_operator.py for tasks to queue
[2025-01-01T21:58:19.151+0000] {logging_mixin.py:190} INFO - [2025-01-01T21:58:19.151+0000] {dagbag.py:588} INFO - Filling up the DagBag from /home/airflow/.local/lib/python3.12/site-packages/airflow/example_dags/example_bash_operator.py
[2025-01-01T21:58:19.163+0000] {processor.py:925} INFO - DAG(s) 'example_bash_operator' retrieved from /home/airflow/.local/lib/python3.12/site-packages/airflow/example_dags/example_bash_operator.py
[2025-01-01T21:58:19.188+0000] {logging_mixin.py:190} INFO - [2025-01-01T21:58:19.188+0000] {dag.py:3239} INFO - Sync 1 DAGs
[2025-01-01T21:58:19.209+0000] {logging_mixin.py:190} INFO - [2025-01-01T21:58:19.209+0000] {dag.py:4180} INFO - Setting next_dagrun for example_bash_operator to 2024-12-31 00:00:00+00:00, run_after=2025-01-01 00:00:00+00:00
[2025-01-01T21:58:19.226+0000] {processor.py:208} INFO - Processing /home/airflow/.local/lib/python3.12/site-packages/airflow/example_dags/example_bash_operator.py took 0.084 seconds
[2025-01-01T21:58:50.031+0000] {processor.py:186} INFO - Started process (PID=1340) to work on /home/airflow/.local/lib/python3.12/site-packages/airflow/example_dags/example_bash_operator.py
[2025-01-01T21:58:50.031+0000] {processor.py:914} INFO - Processing file /home/airflow/.local/lib/python3.12/site-packages/airflow/example_dags/example_bash_operator.py for tasks to queue
[2025-01-01T21:58:50.033+0000] {logging_mixin.py:190} INFO - [2025-01-01T21:58:50.033+0000] {dagbag.py:588} INFO - Filling up the DagBag from /home/airflow/.local/lib/python3.12/site-packages/airflow/example_dags/example_bash_operator.py
[2025-01-01T21:58:50.044+0000] {processor.py:925} INFO - DAG(s) 'example_bash_operator' retrieved from /home/airflow/.local/lib/python3.12/site-packages/airflow/example_dags/example_bash_operator.py
[2025-01-01T21:58:50.068+0000] {logging_mixin.py:190} INFO - [2025-01-01T21:58:50.067+0000] {dag.py:3239} INFO - Sync 1 DAGs
[2025-01-01T21:58:50.097+0000] {logging_mixin.py:190} INFO - [2025-01-01T21:58:50.097+0000] {dag.py:4180} INFO - Setting next_dagrun for example_bash_operator to 2024-12-31 00:00:00+00:00, run_after=2025-01-01 00:00:00+00:00
[2025-01-01T21:58:50.116+0000] {processor.py:208} INFO - Processing /home/airflow/.local/lib/python3.12/site-packages/airflow/example_dags/example_bash_operator.py took 0.090 seconds
