[2025-01-01T21:48:43.270+0000] {processor.py:186} INFO - Started process (PID=100) to work on /home/airflow/.local/lib/python3.12/site-packages/airflow/example_dags/example_nested_branch_dag.py
[2025-01-01T21:48:43.271+0000] {processor.py:914} INFO - Processing file /home/airflow/.local/lib/python3.12/site-packages/airflow/example_dags/example_nested_branch_dag.py for tasks to queue
[2025-01-01T21:48:43.273+0000] {logging_mixin.py:190} INFO - [2025-01-01T21:48:43.273+0000] {dagbag.py:588} INFO - Filling up the DagBag from /home/airflow/.local/lib/python3.12/site-packages/airflow/example_dags/example_nested_branch_dag.py
[2025-01-01T21:48:43.284+0000] {processor.py:925} INFO - DAG(s) 'example_nested_branch_dag' retrieved from /home/airflow/.local/lib/python3.12/site-packages/airflow/example_dags/example_nested_branch_dag.py
[2025-01-01T21:48:43.407+0000] {logging_mixin.py:190} INFO - [2025-01-01T21:48:43.406+0000] {override.py:1911} INFO - Created Permission View: can edit on DAG:example_nested_branch_dag
[2025-01-01T21:48:43.416+0000] {logging_mixin.py:190} INFO - [2025-01-01T21:48:43.416+0000] {override.py:1911} INFO - Created Permission View: can delete on DAG:example_nested_branch_dag
[2025-01-01T21:48:43.423+0000] {logging_mixin.py:190} INFO - [2025-01-01T21:48:43.423+0000] {override.py:1911} INFO - Created Permission View: can read on DAG:example_nested_branch_dag
[2025-01-01T21:48:43.431+0000] {logging_mixin.py:190} INFO - [2025-01-01T21:48:43.431+0000] {override.py:1911} INFO - Created Permission View: can delete on DAG Run:example_nested_branch_dag
[2025-01-01T21:48:43.437+0000] {logging_mixin.py:190} INFO - [2025-01-01T21:48:43.436+0000] {override.py:1911} INFO - Created Permission View: can read on DAG Run:example_nested_branch_dag
[2025-01-01T21:48:43.443+0000] {logging_mixin.py:190} INFO - [2025-01-01T21:48:43.442+0000] {override.py:1911} INFO - Created Permission View: can create on DAG Run:example_nested_branch_dag
[2025-01-01T21:48:43.449+0000] {logging_mixin.py:190} INFO - [2025-01-01T21:48:43.449+0000] {override.py:1911} INFO - Created Permission View: menu access on DAG Run:example_nested_branch_dag
[2025-01-01T21:48:43.450+0000] {logging_mixin.py:190} INFO - [2025-01-01T21:48:43.450+0000] {dag.py:3239} INFO - Sync 1 DAGs
[2025-01-01T21:48:43.462+0000] {logging_mixin.py:190} INFO - [2025-01-01T21:48:43.462+0000] {dag.py:3262} INFO - Creating ORM DAG for example_nested_branch_dag
[2025-01-01T21:48:43.473+0000] {logging_mixin.py:190} INFO - [2025-01-01T21:48:43.472+0000] {dag.py:4180} INFO - Setting next_dagrun for example_nested_branch_dag to 2024-12-31 00:00:00+00:00, run_after=2025-01-01 00:00:00+00:00
[2025-01-01T21:48:43.488+0000] {processor.py:208} INFO - Processing /home/airflow/.local/lib/python3.12/site-packages/airflow/example_dags/example_nested_branch_dag.py took 0.224 seconds
[2025-01-01T21:49:14.006+0000] {processor.py:186} INFO - Started process (PID=163) to work on /home/airflow/.local/lib/python3.12/site-packages/airflow/example_dags/example_nested_branch_dag.py
[2025-01-01T21:49:14.007+0000] {processor.py:914} INFO - Processing file /home/airflow/.local/lib/python3.12/site-packages/airflow/example_dags/example_nested_branch_dag.py for tasks to queue
[2025-01-01T21:49:14.009+0000] {logging_mixin.py:190} INFO - [2025-01-01T21:49:14.009+0000] {dagbag.py:588} INFO - Filling up the DagBag from /home/airflow/.local/lib/python3.12/site-packages/airflow/example_dags/example_nested_branch_dag.py
[2025-01-01T21:49:14.019+0000] {processor.py:925} INFO - DAG(s) 'example_nested_branch_dag' retrieved from /home/airflow/.local/lib/python3.12/site-packages/airflow/example_dags/example_nested_branch_dag.py
[2025-01-01T21:49:14.045+0000] {logging_mixin.py:190} INFO - [2025-01-01T21:49:14.045+0000] {dag.py:3239} INFO - Sync 1 DAGs
[2025-01-01T21:49:14.067+0000] {logging_mixin.py:190} INFO - [2025-01-01T21:49:14.067+0000] {dag.py:4180} INFO - Setting next_dagrun for example_nested_branch_dag to 2024-12-31 00:00:00+00:00, run_after=2025-01-01 00:00:00+00:00
[2025-01-01T21:49:14.084+0000] {processor.py:208} INFO - Processing /home/airflow/.local/lib/python3.12/site-packages/airflow/example_dags/example_nested_branch_dag.py took 0.083 seconds
[2025-01-01T21:49:44.366+0000] {processor.py:186} INFO - Started process (PID=226) to work on /home/airflow/.local/lib/python3.12/site-packages/airflow/example_dags/example_nested_branch_dag.py
[2025-01-01T21:49:44.367+0000] {processor.py:914} INFO - Processing file /home/airflow/.local/lib/python3.12/site-packages/airflow/example_dags/example_nested_branch_dag.py for tasks to queue
[2025-01-01T21:49:44.369+0000] {logging_mixin.py:190} INFO - [2025-01-01T21:49:44.369+0000] {dagbag.py:588} INFO - Filling up the DagBag from /home/airflow/.local/lib/python3.12/site-packages/airflow/example_dags/example_nested_branch_dag.py
[2025-01-01T21:49:44.379+0000] {processor.py:925} INFO - DAG(s) 'example_nested_branch_dag' retrieved from /home/airflow/.local/lib/python3.12/site-packages/airflow/example_dags/example_nested_branch_dag.py
[2025-01-01T21:49:44.401+0000] {logging_mixin.py:190} INFO - [2025-01-01T21:49:44.400+0000] {dag.py:3239} INFO - Sync 1 DAGs
[2025-01-01T21:49:44.422+0000] {logging_mixin.py:190} INFO - [2025-01-01T21:49:44.422+0000] {dag.py:4180} INFO - Setting next_dagrun for example_nested_branch_dag to 2024-12-31 00:00:00+00:00, run_after=2025-01-01 00:00:00+00:00
[2025-01-01T21:49:44.441+0000] {processor.py:208} INFO - Processing /home/airflow/.local/lib/python3.12/site-packages/airflow/example_dags/example_nested_branch_dag.py took 0.080 seconds
[2025-01-01T21:50:14.646+0000] {processor.py:186} INFO - Started process (PID=288) to work on /home/airflow/.local/lib/python3.12/site-packages/airflow/example_dags/example_nested_branch_dag.py
[2025-01-01T21:50:14.647+0000] {processor.py:914} INFO - Processing file /home/airflow/.local/lib/python3.12/site-packages/airflow/example_dags/example_nested_branch_dag.py for tasks to queue
[2025-01-01T21:50:14.649+0000] {logging_mixin.py:190} INFO - [2025-01-01T21:50:14.648+0000] {dagbag.py:588} INFO - Filling up the DagBag from /home/airflow/.local/lib/python3.12/site-packages/airflow/example_dags/example_nested_branch_dag.py
[2025-01-01T21:50:14.658+0000] {processor.py:925} INFO - DAG(s) 'example_nested_branch_dag' retrieved from /home/airflow/.local/lib/python3.12/site-packages/airflow/example_dags/example_nested_branch_dag.py
[2025-01-01T21:50:14.676+0000] {logging_mixin.py:190} INFO - [2025-01-01T21:50:14.676+0000] {dag.py:3239} INFO - Sync 1 DAGs
[2025-01-01T21:50:14.695+0000] {logging_mixin.py:190} INFO - [2025-01-01T21:50:14.695+0000] {dag.py:4180} INFO - Setting next_dagrun for example_nested_branch_dag to 2024-12-31 00:00:00+00:00, run_after=2025-01-01 00:00:00+00:00
[2025-01-01T21:50:14.709+0000] {processor.py:208} INFO - Processing /home/airflow/.local/lib/python3.12/site-packages/airflow/example_dags/example_nested_branch_dag.py took 0.068 seconds
[2025-01-01T21:50:45.437+0000] {processor.py:186} INFO - Started process (PID=352) to work on /home/airflow/.local/lib/python3.12/site-packages/airflow/example_dags/example_nested_branch_dag.py
[2025-01-01T21:50:45.438+0000] {processor.py:914} INFO - Processing file /home/airflow/.local/lib/python3.12/site-packages/airflow/example_dags/example_nested_branch_dag.py for tasks to queue
[2025-01-01T21:50:45.440+0000] {logging_mixin.py:190} INFO - [2025-01-01T21:50:45.439+0000] {dagbag.py:588} INFO - Filling up the DagBag from /home/airflow/.local/lib/python3.12/site-packages/airflow/example_dags/example_nested_branch_dag.py
[2025-01-01T21:50:45.449+0000] {processor.py:925} INFO - DAG(s) 'example_nested_branch_dag' retrieved from /home/airflow/.local/lib/python3.12/site-packages/airflow/example_dags/example_nested_branch_dag.py
[2025-01-01T21:50:45.467+0000] {logging_mixin.py:190} INFO - [2025-01-01T21:50:45.467+0000] {dag.py:3239} INFO - Sync 1 DAGs
[2025-01-01T21:50:45.486+0000] {logging_mixin.py:190} INFO - [2025-01-01T21:50:45.486+0000] {dag.py:4180} INFO - Setting next_dagrun for example_nested_branch_dag to 2024-12-31 00:00:00+00:00, run_after=2025-01-01 00:00:00+00:00
[2025-01-01T21:50:45.500+0000] {processor.py:208} INFO - Processing /home/airflow/.local/lib/python3.12/site-packages/airflow/example_dags/example_nested_branch_dag.py took 0.069 seconds
[2025-01-01T21:51:16.186+0000] {processor.py:186} INFO - Started process (PID=415) to work on /home/airflow/.local/lib/python3.12/site-packages/airflow/example_dags/example_nested_branch_dag.py
[2025-01-01T21:51:16.187+0000] {processor.py:914} INFO - Processing file /home/airflow/.local/lib/python3.12/site-packages/airflow/example_dags/example_nested_branch_dag.py for tasks to queue
[2025-01-01T21:51:16.189+0000] {logging_mixin.py:190} INFO - [2025-01-01T21:51:16.188+0000] {dagbag.py:588} INFO - Filling up the DagBag from /home/airflow/.local/lib/python3.12/site-packages/airflow/example_dags/example_nested_branch_dag.py
[2025-01-01T21:51:16.198+0000] {processor.py:925} INFO - DAG(s) 'example_nested_branch_dag' retrieved from /home/airflow/.local/lib/python3.12/site-packages/airflow/example_dags/example_nested_branch_dag.py
[2025-01-01T21:51:16.217+0000] {logging_mixin.py:190} INFO - [2025-01-01T21:51:16.217+0000] {dag.py:3239} INFO - Sync 1 DAGs
[2025-01-01T21:51:16.240+0000] {logging_mixin.py:190} INFO - [2025-01-01T21:51:16.240+0000] {dag.py:4180} INFO - Setting next_dagrun for example_nested_branch_dag to 2024-12-31 00:00:00+00:00, run_after=2025-01-01 00:00:00+00:00
[2025-01-01T21:51:16.257+0000] {processor.py:208} INFO - Processing /home/airflow/.local/lib/python3.12/site-packages/airflow/example_dags/example_nested_branch_dag.py took 0.076 seconds
[2025-01-01T21:51:47.219+0000] {processor.py:186} INFO - Started process (PID=478) to work on /home/airflow/.local/lib/python3.12/site-packages/airflow/example_dags/example_nested_branch_dag.py
[2025-01-01T21:51:47.220+0000] {processor.py:914} INFO - Processing file /home/airflow/.local/lib/python3.12/site-packages/airflow/example_dags/example_nested_branch_dag.py for tasks to queue
[2025-01-01T21:51:47.222+0000] {logging_mixin.py:190} INFO - [2025-01-01T21:51:47.222+0000] {dagbag.py:588} INFO - Filling up the DagBag from /home/airflow/.local/lib/python3.12/site-packages/airflow/example_dags/example_nested_branch_dag.py
[2025-01-01T21:51:47.233+0000] {processor.py:925} INFO - DAG(s) 'example_nested_branch_dag' retrieved from /home/airflow/.local/lib/python3.12/site-packages/airflow/example_dags/example_nested_branch_dag.py
[2025-01-01T21:51:47.251+0000] {logging_mixin.py:190} INFO - [2025-01-01T21:51:47.251+0000] {dag.py:3239} INFO - Sync 1 DAGs
[2025-01-01T21:51:47.273+0000] {logging_mixin.py:190} INFO - [2025-01-01T21:51:47.272+0000] {dag.py:4180} INFO - Setting next_dagrun for example_nested_branch_dag to 2024-12-31 00:00:00+00:00, run_after=2025-01-01 00:00:00+00:00
[2025-01-01T21:51:47.291+0000] {processor.py:208} INFO - Processing /home/airflow/.local/lib/python3.12/site-packages/airflow/example_dags/example_nested_branch_dag.py took 0.076 seconds
[2025-01-01T21:52:17.581+0000] {processor.py:186} INFO - Started process (PID=541) to work on /home/airflow/.local/lib/python3.12/site-packages/airflow/example_dags/example_nested_branch_dag.py
[2025-01-01T21:52:17.582+0000] {processor.py:914} INFO - Processing file /home/airflow/.local/lib/python3.12/site-packages/airflow/example_dags/example_nested_branch_dag.py for tasks to queue
[2025-01-01T21:52:17.584+0000] {logging_mixin.py:190} INFO - [2025-01-01T21:52:17.584+0000] {dagbag.py:588} INFO - Filling up the DagBag from /home/airflow/.local/lib/python3.12/site-packages/airflow/example_dags/example_nested_branch_dag.py
[2025-01-01T21:52:17.594+0000] {processor.py:925} INFO - DAG(s) 'example_nested_branch_dag' retrieved from /home/airflow/.local/lib/python3.12/site-packages/airflow/example_dags/example_nested_branch_dag.py
[2025-01-01T21:52:17.613+0000] {logging_mixin.py:190} INFO - [2025-01-01T21:52:17.613+0000] {dag.py:3239} INFO - Sync 1 DAGs
[2025-01-01T21:52:17.635+0000] {logging_mixin.py:190} INFO - [2025-01-01T21:52:17.635+0000] {dag.py:4180} INFO - Setting next_dagrun for example_nested_branch_dag to 2024-12-31 00:00:00+00:00, run_after=2025-01-01 00:00:00+00:00
[2025-01-01T21:52:17.651+0000] {processor.py:208} INFO - Processing /home/airflow/.local/lib/python3.12/site-packages/airflow/example_dags/example_nested_branch_dag.py took 0.075 seconds
[2025-01-01T21:52:47.945+0000] {processor.py:186} INFO - Started process (PID=603) to work on /home/airflow/.local/lib/python3.12/site-packages/airflow/example_dags/example_nested_branch_dag.py
[2025-01-01T21:52:47.945+0000] {processor.py:914} INFO - Processing file /home/airflow/.local/lib/python3.12/site-packages/airflow/example_dags/example_nested_branch_dag.py for tasks to queue
[2025-01-01T21:52:47.947+0000] {logging_mixin.py:190} INFO - [2025-01-01T21:52:47.947+0000] {dagbag.py:588} INFO - Filling up the DagBag from /home/airflow/.local/lib/python3.12/site-packages/airflow/example_dags/example_nested_branch_dag.py
[2025-01-01T21:52:47.957+0000] {processor.py:925} INFO - DAG(s) 'example_nested_branch_dag' retrieved from /home/airflow/.local/lib/python3.12/site-packages/airflow/example_dags/example_nested_branch_dag.py
[2025-01-01T21:52:47.975+0000] {logging_mixin.py:190} INFO - [2025-01-01T21:52:47.975+0000] {dag.py:3239} INFO - Sync 1 DAGs
[2025-01-01T21:52:47.994+0000] {logging_mixin.py:190} INFO - [2025-01-01T21:52:47.994+0000] {dag.py:4180} INFO - Setting next_dagrun for example_nested_branch_dag to 2024-12-31 00:00:00+00:00, run_after=2025-01-01 00:00:00+00:00
[2025-01-01T21:52:48.012+0000] {processor.py:208} INFO - Processing /home/airflow/.local/lib/python3.12/site-packages/airflow/example_dags/example_nested_branch_dag.py took 0.071 seconds
[2025-01-01T21:53:18.462+0000] {processor.py:186} INFO - Started process (PID=665) to work on /home/airflow/.local/lib/python3.12/site-packages/airflow/example_dags/example_nested_branch_dag.py
[2025-01-01T21:53:18.463+0000] {processor.py:914} INFO - Processing file /home/airflow/.local/lib/python3.12/site-packages/airflow/example_dags/example_nested_branch_dag.py for tasks to queue
[2025-01-01T21:53:18.465+0000] {logging_mixin.py:190} INFO - [2025-01-01T21:53:18.465+0000] {dagbag.py:588} INFO - Filling up the DagBag from /home/airflow/.local/lib/python3.12/site-packages/airflow/example_dags/example_nested_branch_dag.py
[2025-01-01T21:53:18.476+0000] {processor.py:925} INFO - DAG(s) 'example_nested_branch_dag' retrieved from /home/airflow/.local/lib/python3.12/site-packages/airflow/example_dags/example_nested_branch_dag.py
[2025-01-01T21:53:18.497+0000] {logging_mixin.py:190} INFO - [2025-01-01T21:53:18.497+0000] {dag.py:3239} INFO - Sync 1 DAGs
[2025-01-01T21:53:18.518+0000] {logging_mixin.py:190} INFO - [2025-01-01T21:53:18.518+0000] {dag.py:4180} INFO - Setting next_dagrun for example_nested_branch_dag to 2024-12-31 00:00:00+00:00, run_after=2025-01-01 00:00:00+00:00
[2025-01-01T21:53:18.534+0000] {processor.py:208} INFO - Processing /home/airflow/.local/lib/python3.12/site-packages/airflow/example_dags/example_nested_branch_dag.py took 0.077 seconds
[2025-01-01T21:53:48.771+0000] {processor.py:186} INFO - Started process (PID=728) to work on /home/airflow/.local/lib/python3.12/site-packages/airflow/example_dags/example_nested_branch_dag.py
[2025-01-01T21:53:48.772+0000] {processor.py:914} INFO - Processing file /home/airflow/.local/lib/python3.12/site-packages/airflow/example_dags/example_nested_branch_dag.py for tasks to queue
[2025-01-01T21:53:48.774+0000] {logging_mixin.py:190} INFO - [2025-01-01T21:53:48.774+0000] {dagbag.py:588} INFO - Filling up the DagBag from /home/airflow/.local/lib/python3.12/site-packages/airflow/example_dags/example_nested_branch_dag.py
[2025-01-01T21:53:48.784+0000] {processor.py:925} INFO - DAG(s) 'example_nested_branch_dag' retrieved from /home/airflow/.local/lib/python3.12/site-packages/airflow/example_dags/example_nested_branch_dag.py
[2025-01-01T21:53:48.803+0000] {logging_mixin.py:190} INFO - [2025-01-01T21:53:48.802+0000] {dag.py:3239} INFO - Sync 1 DAGs
[2025-01-01T21:53:48.823+0000] {logging_mixin.py:190} INFO - [2025-01-01T21:53:48.822+0000] {dag.py:4180} INFO - Setting next_dagrun for example_nested_branch_dag to 2024-12-31 00:00:00+00:00, run_after=2025-01-01 00:00:00+00:00
[2025-01-01T21:53:48.840+0000] {processor.py:208} INFO - Processing /home/airflow/.local/lib/python3.12/site-packages/airflow/example_dags/example_nested_branch_dag.py took 0.073 seconds
[2025-01-01T21:54:18.931+0000] {processor.py:186} INFO - Started process (PID=791) to work on /home/airflow/.local/lib/python3.12/site-packages/airflow/example_dags/example_nested_branch_dag.py
[2025-01-01T21:54:18.932+0000] {processor.py:914} INFO - Processing file /home/airflow/.local/lib/python3.12/site-packages/airflow/example_dags/example_nested_branch_dag.py for tasks to queue
[2025-01-01T21:54:18.934+0000] {logging_mixin.py:190} INFO - [2025-01-01T21:54:18.934+0000] {dagbag.py:588} INFO - Filling up the DagBag from /home/airflow/.local/lib/python3.12/site-packages/airflow/example_dags/example_nested_branch_dag.py
[2025-01-01T21:54:18.943+0000] {processor.py:925} INFO - DAG(s) 'example_nested_branch_dag' retrieved from /home/airflow/.local/lib/python3.12/site-packages/airflow/example_dags/example_nested_branch_dag.py
[2025-01-01T21:54:18.964+0000] {logging_mixin.py:190} INFO - [2025-01-01T21:54:18.963+0000] {dag.py:3239} INFO - Sync 1 DAGs
[2025-01-01T21:54:18.987+0000] {logging_mixin.py:190} INFO - [2025-01-01T21:54:18.987+0000] {dag.py:4180} INFO - Setting next_dagrun for example_nested_branch_dag to 2024-12-31 00:00:00+00:00, run_after=2025-01-01 00:00:00+00:00
[2025-01-01T21:54:19.002+0000] {processor.py:208} INFO - Processing /home/airflow/.local/lib/python3.12/site-packages/airflow/example_dags/example_nested_branch_dag.py took 0.078 seconds
[2025-01-01T21:54:49.441+0000] {processor.py:186} INFO - Started process (PID=854) to work on /home/airflow/.local/lib/python3.12/site-packages/airflow/example_dags/example_nested_branch_dag.py
[2025-01-01T21:54:49.442+0000] {processor.py:914} INFO - Processing file /home/airflow/.local/lib/python3.12/site-packages/airflow/example_dags/example_nested_branch_dag.py for tasks to queue
[2025-01-01T21:54:49.444+0000] {logging_mixin.py:190} INFO - [2025-01-01T21:54:49.444+0000] {dagbag.py:588} INFO - Filling up the DagBag from /home/airflow/.local/lib/python3.12/site-packages/airflow/example_dags/example_nested_branch_dag.py
[2025-01-01T21:54:49.455+0000] {processor.py:925} INFO - DAG(s) 'example_nested_branch_dag' retrieved from /home/airflow/.local/lib/python3.12/site-packages/airflow/example_dags/example_nested_branch_dag.py
[2025-01-01T21:54:49.474+0000] {logging_mixin.py:190} INFO - [2025-01-01T21:54:49.474+0000] {dag.py:3239} INFO - Sync 1 DAGs
[2025-01-01T21:54:49.498+0000] {logging_mixin.py:190} INFO - [2025-01-01T21:54:49.498+0000] {dag.py:4180} INFO - Setting next_dagrun for example_nested_branch_dag to 2024-12-31 00:00:00+00:00, run_after=2025-01-01 00:00:00+00:00
[2025-01-01T21:54:49.518+0000] {processor.py:208} INFO - Processing /home/airflow/.local/lib/python3.12/site-packages/airflow/example_dags/example_nested_branch_dag.py took 0.081 seconds
[2025-01-01T21:55:19.688+0000] {processor.py:186} INFO - Started process (PID=917) to work on /home/airflow/.local/lib/python3.12/site-packages/airflow/example_dags/example_nested_branch_dag.py
[2025-01-01T21:55:19.688+0000] {processor.py:914} INFO - Processing file /home/airflow/.local/lib/python3.12/site-packages/airflow/example_dags/example_nested_branch_dag.py for tasks to queue
[2025-01-01T21:55:19.690+0000] {logging_mixin.py:190} INFO - [2025-01-01T21:55:19.690+0000] {dagbag.py:588} INFO - Filling up the DagBag from /home/airflow/.local/lib/python3.12/site-packages/airflow/example_dags/example_nested_branch_dag.py
[2025-01-01T21:55:19.701+0000] {processor.py:925} INFO - DAG(s) 'example_nested_branch_dag' retrieved from /home/airflow/.local/lib/python3.12/site-packages/airflow/example_dags/example_nested_branch_dag.py
[2025-01-01T21:55:19.721+0000] {logging_mixin.py:190} INFO - [2025-01-01T21:55:19.721+0000] {dag.py:3239} INFO - Sync 1 DAGs
[2025-01-01T21:55:19.741+0000] {logging_mixin.py:190} INFO - [2025-01-01T21:55:19.741+0000] {dag.py:4180} INFO - Setting next_dagrun for example_nested_branch_dag to 2024-12-31 00:00:00+00:00, run_after=2025-01-01 00:00:00+00:00
[2025-01-01T21:55:19.758+0000] {processor.py:208} INFO - Processing /home/airflow/.local/lib/python3.12/site-packages/airflow/example_dags/example_nested_branch_dag.py took 0.075 seconds
[2025-01-01T21:55:49.900+0000] {processor.py:186} INFO - Started process (PID=980) to work on /home/airflow/.local/lib/python3.12/site-packages/airflow/example_dags/example_nested_branch_dag.py
[2025-01-01T21:55:49.901+0000] {processor.py:914} INFO - Processing file /home/airflow/.local/lib/python3.12/site-packages/airflow/example_dags/example_nested_branch_dag.py for tasks to queue
[2025-01-01T21:55:49.902+0000] {logging_mixin.py:190} INFO - [2025-01-01T21:55:49.902+0000] {dagbag.py:588} INFO - Filling up the DagBag from /home/airflow/.local/lib/python3.12/site-packages/airflow/example_dags/example_nested_branch_dag.py
[2025-01-01T21:55:49.912+0000] {processor.py:925} INFO - DAG(s) 'example_nested_branch_dag' retrieved from /home/airflow/.local/lib/python3.12/site-packages/airflow/example_dags/example_nested_branch_dag.py
[2025-01-01T21:55:49.931+0000] {logging_mixin.py:190} INFO - [2025-01-01T21:55:49.931+0000] {dag.py:3239} INFO - Sync 1 DAGs
[2025-01-01T21:55:49.952+0000] {logging_mixin.py:190} INFO - [2025-01-01T21:55:49.952+0000] {dag.py:4180} INFO - Setting next_dagrun for example_nested_branch_dag to 2024-12-31 00:00:00+00:00, run_after=2025-01-01 00:00:00+00:00
[2025-01-01T21:55:49.967+0000] {processor.py:208} INFO - Processing /home/airflow/.local/lib/python3.12/site-packages/airflow/example_dags/example_nested_branch_dag.py took 0.072 seconds
[2025-01-01T21:56:20.221+0000] {processor.py:186} INFO - Started process (PID=1043) to work on /home/airflow/.local/lib/python3.12/site-packages/airflow/example_dags/example_nested_branch_dag.py
[2025-01-01T21:56:20.222+0000] {processor.py:914} INFO - Processing file /home/airflow/.local/lib/python3.12/site-packages/airflow/example_dags/example_nested_branch_dag.py for tasks to queue
[2025-01-01T21:56:20.224+0000] {logging_mixin.py:190} INFO - [2025-01-01T21:56:20.224+0000] {dagbag.py:588} INFO - Filling up the DagBag from /home/airflow/.local/lib/python3.12/site-packages/airflow/example_dags/example_nested_branch_dag.py
[2025-01-01T21:56:20.235+0000] {processor.py:925} INFO - DAG(s) 'example_nested_branch_dag' retrieved from /home/airflow/.local/lib/python3.12/site-packages/airflow/example_dags/example_nested_branch_dag.py
[2025-01-01T21:56:20.254+0000] {logging_mixin.py:190} INFO - [2025-01-01T21:56:20.254+0000] {dag.py:3239} INFO - Sync 1 DAGs
[2025-01-01T21:56:20.277+0000] {logging_mixin.py:190} INFO - [2025-01-01T21:56:20.277+0000] {dag.py:4180} INFO - Setting next_dagrun for example_nested_branch_dag to 2024-12-31 00:00:00+00:00, run_after=2025-01-01 00:00:00+00:00
[2025-01-01T21:56:20.297+0000] {processor.py:208} INFO - Processing /home/airflow/.local/lib/python3.12/site-packages/airflow/example_dags/example_nested_branch_dag.py took 0.082 seconds
[2025-01-01T21:56:51.015+0000] {processor.py:186} INFO - Started process (PID=1106) to work on /home/airflow/.local/lib/python3.12/site-packages/airflow/example_dags/example_nested_branch_dag.py
[2025-01-01T21:56:51.016+0000] {processor.py:914} INFO - Processing file /home/airflow/.local/lib/python3.12/site-packages/airflow/example_dags/example_nested_branch_dag.py for tasks to queue
[2025-01-01T21:56:51.018+0000] {logging_mixin.py:190} INFO - [2025-01-01T21:56:51.017+0000] {dagbag.py:588} INFO - Filling up the DagBag from /home/airflow/.local/lib/python3.12/site-packages/airflow/example_dags/example_nested_branch_dag.py
[2025-01-01T21:56:51.030+0000] {processor.py:925} INFO - DAG(s) 'example_nested_branch_dag' retrieved from /home/airflow/.local/lib/python3.12/site-packages/airflow/example_dags/example_nested_branch_dag.py
[2025-01-01T21:56:51.051+0000] {logging_mixin.py:190} INFO - [2025-01-01T21:56:51.050+0000] {dag.py:3239} INFO - Sync 1 DAGs
[2025-01-01T21:56:51.079+0000] {logging_mixin.py:190} INFO - [2025-01-01T21:56:51.079+0000] {dag.py:4180} INFO - Setting next_dagrun for example_nested_branch_dag to 2024-12-31 00:00:00+00:00, run_after=2025-01-01 00:00:00+00:00
[2025-01-01T21:56:51.101+0000] {processor.py:208} INFO - Processing /home/airflow/.local/lib/python3.12/site-packages/airflow/example_dags/example_nested_branch_dag.py took 0.091 seconds
[2025-01-01T21:57:21.872+0000] {processor.py:186} INFO - Started process (PID=1169) to work on /home/airflow/.local/lib/python3.12/site-packages/airflow/example_dags/example_nested_branch_dag.py
[2025-01-01T21:57:21.873+0000] {processor.py:914} INFO - Processing file /home/airflow/.local/lib/python3.12/site-packages/airflow/example_dags/example_nested_branch_dag.py for tasks to queue
[2025-01-01T21:57:21.875+0000] {logging_mixin.py:190} INFO - [2025-01-01T21:57:21.875+0000] {dagbag.py:588} INFO - Filling up the DagBag from /home/airflow/.local/lib/python3.12/site-packages/airflow/example_dags/example_nested_branch_dag.py
[2025-01-01T21:57:21.885+0000] {processor.py:925} INFO - DAG(s) 'example_nested_branch_dag' retrieved from /home/airflow/.local/lib/python3.12/site-packages/airflow/example_dags/example_nested_branch_dag.py
[2025-01-01T21:57:21.904+0000] {logging_mixin.py:190} INFO - [2025-01-01T21:57:21.903+0000] {dag.py:3239} INFO - Sync 1 DAGs
[2025-01-01T21:57:21.927+0000] {logging_mixin.py:190} INFO - [2025-01-01T21:57:21.927+0000] {dag.py:4180} INFO - Setting next_dagrun for example_nested_branch_dag to 2024-12-31 00:00:00+00:00, run_after=2025-01-01 00:00:00+00:00
[2025-01-01T21:57:21.944+0000] {processor.py:208} INFO - Processing /home/airflow/.local/lib/python3.12/site-packages/airflow/example_dags/example_nested_branch_dag.py took 0.077 seconds
[2025-01-01T21:57:52.543+0000] {processor.py:186} INFO - Started process (PID=1232) to work on /home/airflow/.local/lib/python3.12/site-packages/airflow/example_dags/example_nested_branch_dag.py
[2025-01-01T21:57:52.544+0000] {processor.py:914} INFO - Processing file /home/airflow/.local/lib/python3.12/site-packages/airflow/example_dags/example_nested_branch_dag.py for tasks to queue
[2025-01-01T21:57:52.547+0000] {logging_mixin.py:190} INFO - [2025-01-01T21:57:52.546+0000] {dagbag.py:588} INFO - Filling up the DagBag from /home/airflow/.local/lib/python3.12/site-packages/airflow/example_dags/example_nested_branch_dag.py
[2025-01-01T21:57:52.559+0000] {processor.py:925} INFO - DAG(s) 'example_nested_branch_dag' retrieved from /home/airflow/.local/lib/python3.12/site-packages/airflow/example_dags/example_nested_branch_dag.py
[2025-01-01T21:57:52.578+0000] {logging_mixin.py:190} INFO - [2025-01-01T21:57:52.578+0000] {dag.py:3239} INFO - Sync 1 DAGs
[2025-01-01T21:57:52.599+0000] {logging_mixin.py:190} INFO - [2025-01-01T21:57:52.599+0000] {dag.py:4180} INFO - Setting next_dagrun for example_nested_branch_dag to 2024-12-31 00:00:00+00:00, run_after=2025-01-01 00:00:00+00:00
[2025-01-01T21:57:52.617+0000] {processor.py:208} INFO - Processing /home/airflow/.local/lib/python3.12/site-packages/airflow/example_dags/example_nested_branch_dag.py took 0.080 seconds
[2025-01-01T21:58:23.028+0000] {processor.py:186} INFO - Started process (PID=1295) to work on /home/airflow/.local/lib/python3.12/site-packages/airflow/example_dags/example_nested_branch_dag.py
[2025-01-01T21:58:23.029+0000] {processor.py:914} INFO - Processing file /home/airflow/.local/lib/python3.12/site-packages/airflow/example_dags/example_nested_branch_dag.py for tasks to queue
[2025-01-01T21:58:23.031+0000] {logging_mixin.py:190} INFO - [2025-01-01T21:58:23.031+0000] {dagbag.py:588} INFO - Filling up the DagBag from /home/airflow/.local/lib/python3.12/site-packages/airflow/example_dags/example_nested_branch_dag.py
[2025-01-01T21:58:23.042+0000] {processor.py:925} INFO - DAG(s) 'example_nested_branch_dag' retrieved from /home/airflow/.local/lib/python3.12/site-packages/airflow/example_dags/example_nested_branch_dag.py
[2025-01-01T21:58:23.062+0000] {logging_mixin.py:190} INFO - [2025-01-01T21:58:23.061+0000] {dag.py:3239} INFO - Sync 1 DAGs
[2025-01-01T21:58:23.082+0000] {logging_mixin.py:190} INFO - [2025-01-01T21:58:23.081+0000] {dag.py:4180} INFO - Setting next_dagrun for example_nested_branch_dag to 2024-12-31 00:00:00+00:00, run_after=2025-01-01 00:00:00+00:00
[2025-01-01T21:58:23.096+0000] {processor.py:208} INFO - Processing /home/airflow/.local/lib/python3.12/site-packages/airflow/example_dags/example_nested_branch_dag.py took 0.073 seconds
[2025-01-01T21:58:53.944+0000] {processor.py:186} INFO - Started process (PID=1358) to work on /home/airflow/.local/lib/python3.12/site-packages/airflow/example_dags/example_nested_branch_dag.py
[2025-01-01T21:58:53.945+0000] {processor.py:914} INFO - Processing file /home/airflow/.local/lib/python3.12/site-packages/airflow/example_dags/example_nested_branch_dag.py for tasks to queue
[2025-01-01T21:58:53.947+0000] {logging_mixin.py:190} INFO - [2025-01-01T21:58:53.947+0000] {dagbag.py:588} INFO - Filling up the DagBag from /home/airflow/.local/lib/python3.12/site-packages/airflow/example_dags/example_nested_branch_dag.py
[2025-01-01T21:58:53.958+0000] {processor.py:925} INFO - DAG(s) 'example_nested_branch_dag' retrieved from /home/airflow/.local/lib/python3.12/site-packages/airflow/example_dags/example_nested_branch_dag.py
[2025-01-01T21:58:53.980+0000] {logging_mixin.py:190} INFO - [2025-01-01T21:58:53.980+0000] {dag.py:3239} INFO - Sync 1 DAGs
[2025-01-01T21:58:54.002+0000] {logging_mixin.py:190} INFO - [2025-01-01T21:58:54.002+0000] {dag.py:4180} INFO - Setting next_dagrun for example_nested_branch_dag to 2024-12-31 00:00:00+00:00, run_after=2025-01-01 00:00:00+00:00
[2025-01-01T21:58:54.024+0000] {processor.py:208} INFO - Processing /home/airflow/.local/lib/python3.12/site-packages/airflow/example_dags/example_nested_branch_dag.py took 0.085 seconds
