[2025-01-01T21:48:41.917+0000] {processor.py:186} INFO - Started process (PID=93) to work on /home/airflow/.local/lib/python3.12/site-packages/airflow/example_dags/example_bash_decorator.py
[2025-01-01T21:48:41.918+0000] {processor.py:914} INFO - Processing file /home/airflow/.local/lib/python3.12/site-packages/airflow/example_dags/example_bash_decorator.py for tasks to queue
[2025-01-01T21:48:41.920+0000] {logging_mixin.py:190} INFO - [2025-01-01T21:48:41.920+0000] {dagbag.py:588} INFO - Filling up the DagBag from /home/airflow/.local/lib/python3.12/site-packages/airflow/example_dags/example_bash_decorator.py
[2025-01-01T21:48:41.935+0000] {processor.py:925} INFO - DAG(s) 'example_bash_decorator' retrieved from /home/airflow/.local/lib/python3.12/site-packages/airflow/example_dags/example_bash_decorator.py
[2025-01-01T21:48:42.055+0000] {logging_mixin.py:190} INFO - [2025-01-01T21:48:42.054+0000] {override.py:1911} INFO - Created Permission View: can edit on DAG:example_bash_decorator
[2025-01-01T21:48:42.067+0000] {logging_mixin.py:190} INFO - [2025-01-01T21:48:42.066+0000] {override.py:1911} INFO - Created Permission View: can delete on DAG:example_bash_decorator
[2025-01-01T21:48:42.073+0000] {logging_mixin.py:190} INFO - [2025-01-01T21:48:42.073+0000] {override.py:1911} INFO - Created Permission View: can read on DAG:example_bash_decorator
[2025-01-01T21:48:42.083+0000] {logging_mixin.py:190} INFO - [2025-01-01T21:48:42.083+0000] {override.py:1911} INFO - Created Permission View: can delete on DAG Run:example_bash_decorator
[2025-01-01T21:48:42.090+0000] {logging_mixin.py:190} INFO - [2025-01-01T21:48:42.089+0000] {override.py:1911} INFO - Created Permission View: can read on DAG Run:example_bash_decorator
[2025-01-01T21:48:42.098+0000] {logging_mixin.py:190} INFO - [2025-01-01T21:48:42.098+0000] {override.py:1911} INFO - Created Permission View: can create on DAG Run:example_bash_decorator
[2025-01-01T21:48:42.106+0000] {logging_mixin.py:190} INFO - [2025-01-01T21:48:42.105+0000] {override.py:1911} INFO - Created Permission View: menu access on DAG Run:example_bash_decorator
[2025-01-01T21:48:42.107+0000] {logging_mixin.py:190} INFO - [2025-01-01T21:48:42.106+0000] {dag.py:3239} INFO - Sync 1 DAGs
[2025-01-01T21:48:42.124+0000] {logging_mixin.py:190} INFO - [2025-01-01T21:48:42.123+0000] {dag.py:3262} INFO - Creating ORM DAG for example_bash_decorator
[2025-01-01T21:48:42.125+0000] {logging_mixin.py:190} INFO - [2025-01-01T21:48:42.125+0000] {dag.py:4180} INFO - Setting next_dagrun for example_bash_decorator to None, run_after=None
[2025-01-01T21:48:42.148+0000] {processor.py:208} INFO - Processing /home/airflow/.local/lib/python3.12/site-packages/airflow/example_dags/example_bash_decorator.py took 0.236 seconds
[2025-01-01T21:49:12.193+0000] {processor.py:186} INFO - Started process (PID=155) to work on /home/airflow/.local/lib/python3.12/site-packages/airflow/example_dags/example_bash_decorator.py
[2025-01-01T21:49:12.194+0000] {processor.py:914} INFO - Processing file /home/airflow/.local/lib/python3.12/site-packages/airflow/example_dags/example_bash_decorator.py for tasks to queue
[2025-01-01T21:49:12.198+0000] {logging_mixin.py:190} INFO - [2025-01-01T21:49:12.197+0000] {dagbag.py:588} INFO - Filling up the DagBag from /home/airflow/.local/lib/python3.12/site-packages/airflow/example_dags/example_bash_decorator.py
[2025-01-01T21:49:12.213+0000] {processor.py:925} INFO - DAG(s) 'example_bash_decorator' retrieved from /home/airflow/.local/lib/python3.12/site-packages/airflow/example_dags/example_bash_decorator.py
[2025-01-01T21:49:12.237+0000] {logging_mixin.py:190} INFO - [2025-01-01T21:49:12.237+0000] {dag.py:3239} INFO - Sync 1 DAGs
[2025-01-01T21:49:12.250+0000] {logging_mixin.py:190} INFO - [2025-01-01T21:49:12.250+0000] {dag.py:4180} INFO - Setting next_dagrun for example_bash_decorator to None, run_after=None
[2025-01-01T21:49:12.266+0000] {processor.py:208} INFO - Processing /home/airflow/.local/lib/python3.12/site-packages/airflow/example_dags/example_bash_decorator.py took 0.080 seconds
[2025-01-01T21:49:42.580+0000] {processor.py:186} INFO - Started process (PID=217) to work on /home/airflow/.local/lib/python3.12/site-packages/airflow/example_dags/example_bash_decorator.py
[2025-01-01T21:49:42.581+0000] {processor.py:914} INFO - Processing file /home/airflow/.local/lib/python3.12/site-packages/airflow/example_dags/example_bash_decorator.py for tasks to queue
[2025-01-01T21:49:42.583+0000] {logging_mixin.py:190} INFO - [2025-01-01T21:49:42.583+0000] {dagbag.py:588} INFO - Filling up the DagBag from /home/airflow/.local/lib/python3.12/site-packages/airflow/example_dags/example_bash_decorator.py
[2025-01-01T21:49:42.597+0000] {processor.py:925} INFO - DAG(s) 'example_bash_decorator' retrieved from /home/airflow/.local/lib/python3.12/site-packages/airflow/example_dags/example_bash_decorator.py
[2025-01-01T21:49:42.619+0000] {logging_mixin.py:190} INFO - [2025-01-01T21:49:42.618+0000] {dag.py:3239} INFO - Sync 1 DAGs
[2025-01-01T21:49:42.635+0000] {logging_mixin.py:190} INFO - [2025-01-01T21:49:42.635+0000] {dag.py:4180} INFO - Setting next_dagrun for example_bash_decorator to None, run_after=None
[2025-01-01T21:49:42.651+0000] {processor.py:208} INFO - Processing /home/airflow/.local/lib/python3.12/site-packages/airflow/example_dags/example_bash_decorator.py took 0.076 seconds
[2025-01-01T21:50:12.707+0000] {processor.py:186} INFO - Started process (PID=279) to work on /home/airflow/.local/lib/python3.12/site-packages/airflow/example_dags/example_bash_decorator.py
[2025-01-01T21:50:12.708+0000] {processor.py:914} INFO - Processing file /home/airflow/.local/lib/python3.12/site-packages/airflow/example_dags/example_bash_decorator.py for tasks to queue
[2025-01-01T21:50:12.710+0000] {logging_mixin.py:190} INFO - [2025-01-01T21:50:12.710+0000] {dagbag.py:588} INFO - Filling up the DagBag from /home/airflow/.local/lib/python3.12/site-packages/airflow/example_dags/example_bash_decorator.py
[2025-01-01T21:50:12.727+0000] {processor.py:925} INFO - DAG(s) 'example_bash_decorator' retrieved from /home/airflow/.local/lib/python3.12/site-packages/airflow/example_dags/example_bash_decorator.py
[2025-01-01T21:50:12.754+0000] {logging_mixin.py:190} INFO - [2025-01-01T21:50:12.754+0000] {dag.py:3239} INFO - Sync 1 DAGs
[2025-01-01T21:50:12.769+0000] {logging_mixin.py:190} INFO - [2025-01-01T21:50:12.769+0000] {dag.py:4180} INFO - Setting next_dagrun for example_bash_decorator to None, run_after=None
[2025-01-01T21:50:12.783+0000] {processor.py:208} INFO - Processing /home/airflow/.local/lib/python3.12/site-packages/airflow/example_dags/example_bash_decorator.py took 0.080 seconds
[2025-01-01T21:50:43.372+0000] {processor.py:186} INFO - Started process (PID=343) to work on /home/airflow/.local/lib/python3.12/site-packages/airflow/example_dags/example_bash_decorator.py
[2025-01-01T21:50:43.373+0000] {processor.py:914} INFO - Processing file /home/airflow/.local/lib/python3.12/site-packages/airflow/example_dags/example_bash_decorator.py for tasks to queue
[2025-01-01T21:50:43.375+0000] {logging_mixin.py:190} INFO - [2025-01-01T21:50:43.375+0000] {dagbag.py:588} INFO - Filling up the DagBag from /home/airflow/.local/lib/python3.12/site-packages/airflow/example_dags/example_bash_decorator.py
[2025-01-01T21:50:43.387+0000] {processor.py:925} INFO - DAG(s) 'example_bash_decorator' retrieved from /home/airflow/.local/lib/python3.12/site-packages/airflow/example_dags/example_bash_decorator.py
[2025-01-01T21:50:43.406+0000] {logging_mixin.py:190} INFO - [2025-01-01T21:50:43.406+0000] {dag.py:3239} INFO - Sync 1 DAGs
[2025-01-01T21:50:43.417+0000] {logging_mixin.py:190} INFO - [2025-01-01T21:50:43.417+0000] {dag.py:4180} INFO - Setting next_dagrun for example_bash_decorator to None, run_after=None
[2025-01-01T21:50:43.433+0000] {processor.py:208} INFO - Processing /home/airflow/.local/lib/python3.12/site-packages/airflow/example_dags/example_bash_decorator.py took 0.066 seconds
[2025-01-01T21:51:14.216+0000] {processor.py:186} INFO - Started process (PID=406) to work on /home/airflow/.local/lib/python3.12/site-packages/airflow/example_dags/example_bash_decorator.py
[2025-01-01T21:51:14.217+0000] {processor.py:914} INFO - Processing file /home/airflow/.local/lib/python3.12/site-packages/airflow/example_dags/example_bash_decorator.py for tasks to queue
[2025-01-01T21:51:14.219+0000] {logging_mixin.py:190} INFO - [2025-01-01T21:51:14.219+0000] {dagbag.py:588} INFO - Filling up the DagBag from /home/airflow/.local/lib/python3.12/site-packages/airflow/example_dags/example_bash_decorator.py
[2025-01-01T21:51:14.231+0000] {processor.py:925} INFO - DAG(s) 'example_bash_decorator' retrieved from /home/airflow/.local/lib/python3.12/site-packages/airflow/example_dags/example_bash_decorator.py
[2025-01-01T21:51:14.262+0000] {logging_mixin.py:190} INFO - [2025-01-01T21:51:14.262+0000] {dag.py:3239} INFO - Sync 1 DAGs
[2025-01-01T21:51:14.277+0000] {logging_mixin.py:190} INFO - [2025-01-01T21:51:14.277+0000] {dag.py:4180} INFO - Setting next_dagrun for example_bash_decorator to None, run_after=None
[2025-01-01T21:51:14.299+0000] {processor.py:208} INFO - Processing /home/airflow/.local/lib/python3.12/site-packages/airflow/example_dags/example_bash_decorator.py took 0.089 seconds
[2025-01-01T21:51:44.752+0000] {processor.py:186} INFO - Started process (PID=469) to work on /home/airflow/.local/lib/python3.12/site-packages/airflow/example_dags/example_bash_decorator.py
[2025-01-01T21:51:44.753+0000] {processor.py:914} INFO - Processing file /home/airflow/.local/lib/python3.12/site-packages/airflow/example_dags/example_bash_decorator.py for tasks to queue
[2025-01-01T21:51:44.755+0000] {logging_mixin.py:190} INFO - [2025-01-01T21:51:44.754+0000] {dagbag.py:588} INFO - Filling up the DagBag from /home/airflow/.local/lib/python3.12/site-packages/airflow/example_dags/example_bash_decorator.py
[2025-01-01T21:51:44.766+0000] {processor.py:925} INFO - DAG(s) 'example_bash_decorator' retrieved from /home/airflow/.local/lib/python3.12/site-packages/airflow/example_dags/example_bash_decorator.py
[2025-01-01T21:51:44.784+0000] {logging_mixin.py:190} INFO - [2025-01-01T21:51:44.784+0000] {dag.py:3239} INFO - Sync 1 DAGs
[2025-01-01T21:51:44.795+0000] {logging_mixin.py:190} INFO - [2025-01-01T21:51:44.795+0000] {dag.py:4180} INFO - Setting next_dagrun for example_bash_decorator to None, run_after=None
[2025-01-01T21:51:44.809+0000] {processor.py:208} INFO - Processing /home/airflow/.local/lib/python3.12/site-packages/airflow/example_dags/example_bash_decorator.py took 0.062 seconds
[2025-01-01T21:52:14.844+0000] {processor.py:186} INFO - Started process (PID=531) to work on /home/airflow/.local/lib/python3.12/site-packages/airflow/example_dags/example_bash_decorator.py
[2025-01-01T21:52:14.845+0000] {processor.py:914} INFO - Processing file /home/airflow/.local/lib/python3.12/site-packages/airflow/example_dags/example_bash_decorator.py for tasks to queue
[2025-01-01T21:52:14.847+0000] {logging_mixin.py:190} INFO - [2025-01-01T21:52:14.846+0000] {dagbag.py:588} INFO - Filling up the DagBag from /home/airflow/.local/lib/python3.12/site-packages/airflow/example_dags/example_bash_decorator.py
[2025-01-01T21:52:14.859+0000] {processor.py:925} INFO - DAG(s) 'example_bash_decorator' retrieved from /home/airflow/.local/lib/python3.12/site-packages/airflow/example_dags/example_bash_decorator.py
[2025-01-01T21:52:14.878+0000] {logging_mixin.py:190} INFO - [2025-01-01T21:52:14.877+0000] {dag.py:3239} INFO - Sync 1 DAGs
[2025-01-01T21:52:14.889+0000] {logging_mixin.py:190} INFO - [2025-01-01T21:52:14.889+0000] {dag.py:4180} INFO - Setting next_dagrun for example_bash_decorator to None, run_after=None
[2025-01-01T21:52:14.904+0000] {processor.py:208} INFO - Processing /home/airflow/.local/lib/python3.12/site-packages/airflow/example_dags/example_bash_decorator.py took 0.065 seconds
[2025-01-01T21:52:45.468+0000] {processor.py:186} INFO - Started process (PID=595) to work on /home/airflow/.local/lib/python3.12/site-packages/airflow/example_dags/example_bash_decorator.py
[2025-01-01T21:52:45.469+0000] {processor.py:914} INFO - Processing file /home/airflow/.local/lib/python3.12/site-packages/airflow/example_dags/example_bash_decorator.py for tasks to queue
[2025-01-01T21:52:45.470+0000] {logging_mixin.py:190} INFO - [2025-01-01T21:52:45.470+0000] {dagbag.py:588} INFO - Filling up the DagBag from /home/airflow/.local/lib/python3.12/site-packages/airflow/example_dags/example_bash_decorator.py
[2025-01-01T21:52:45.483+0000] {processor.py:925} INFO - DAG(s) 'example_bash_decorator' retrieved from /home/airflow/.local/lib/python3.12/site-packages/airflow/example_dags/example_bash_decorator.py
[2025-01-01T21:52:45.502+0000] {logging_mixin.py:190} INFO - [2025-01-01T21:52:45.502+0000] {dag.py:3239} INFO - Sync 1 DAGs
[2025-01-01T21:52:45.513+0000] {logging_mixin.py:190} INFO - [2025-01-01T21:52:45.513+0000] {dag.py:4180} INFO - Setting next_dagrun for example_bash_decorator to None, run_after=None
[2025-01-01T21:52:45.528+0000] {processor.py:208} INFO - Processing /home/airflow/.local/lib/python3.12/site-packages/airflow/example_dags/example_bash_decorator.py took 0.065 seconds
[2025-01-01T21:53:16.143+0000] {processor.py:186} INFO - Started process (PID=658) to work on /home/airflow/.local/lib/python3.12/site-packages/airflow/example_dags/example_bash_decorator.py
[2025-01-01T21:53:16.144+0000] {processor.py:914} INFO - Processing file /home/airflow/.local/lib/python3.12/site-packages/airflow/example_dags/example_bash_decorator.py for tasks to queue
[2025-01-01T21:53:16.145+0000] {logging_mixin.py:190} INFO - [2025-01-01T21:53:16.145+0000] {dagbag.py:588} INFO - Filling up the DagBag from /home/airflow/.local/lib/python3.12/site-packages/airflow/example_dags/example_bash_decorator.py
[2025-01-01T21:53:16.157+0000] {processor.py:925} INFO - DAG(s) 'example_bash_decorator' retrieved from /home/airflow/.local/lib/python3.12/site-packages/airflow/example_dags/example_bash_decorator.py
[2025-01-01T21:53:16.176+0000] {logging_mixin.py:190} INFO - [2025-01-01T21:53:16.176+0000] {dag.py:3239} INFO - Sync 1 DAGs
[2025-01-01T21:53:16.187+0000] {logging_mixin.py:190} INFO - [2025-01-01T21:53:16.187+0000] {dag.py:4180} INFO - Setting next_dagrun for example_bash_decorator to None, run_after=None
[2025-01-01T21:53:16.202+0000] {processor.py:208} INFO - Processing /home/airflow/.local/lib/python3.12/site-packages/airflow/example_dags/example_bash_decorator.py took 0.064 seconds
[2025-01-01T21:53:46.287+0000] {processor.py:186} INFO - Started process (PID=721) to work on /home/airflow/.local/lib/python3.12/site-packages/airflow/example_dags/example_bash_decorator.py
[2025-01-01T21:53:46.288+0000] {processor.py:914} INFO - Processing file /home/airflow/.local/lib/python3.12/site-packages/airflow/example_dags/example_bash_decorator.py for tasks to queue
[2025-01-01T21:53:46.290+0000] {logging_mixin.py:190} INFO - [2025-01-01T21:53:46.289+0000] {dagbag.py:588} INFO - Filling up the DagBag from /home/airflow/.local/lib/python3.12/site-packages/airflow/example_dags/example_bash_decorator.py
[2025-01-01T21:53:46.302+0000] {processor.py:925} INFO - DAG(s) 'example_bash_decorator' retrieved from /home/airflow/.local/lib/python3.12/site-packages/airflow/example_dags/example_bash_decorator.py
[2025-01-01T21:53:46.321+0000] {logging_mixin.py:190} INFO - [2025-01-01T21:53:46.321+0000] {dag.py:3239} INFO - Sync 1 DAGs
[2025-01-01T21:53:46.333+0000] {logging_mixin.py:190} INFO - [2025-01-01T21:53:46.333+0000] {dag.py:4180} INFO - Setting next_dagrun for example_bash_decorator to None, run_after=None
[2025-01-01T21:53:46.348+0000] {processor.py:208} INFO - Processing /home/airflow/.local/lib/python3.12/site-packages/airflow/example_dags/example_bash_decorator.py took 0.066 seconds
[2025-01-01T21:54:16.624+0000] {processor.py:186} INFO - Started process (PID=784) to work on /home/airflow/.local/lib/python3.12/site-packages/airflow/example_dags/example_bash_decorator.py
[2025-01-01T21:54:16.625+0000] {processor.py:914} INFO - Processing file /home/airflow/.local/lib/python3.12/site-packages/airflow/example_dags/example_bash_decorator.py for tasks to queue
[2025-01-01T21:54:16.630+0000] {logging_mixin.py:190} INFO - [2025-01-01T21:54:16.629+0000] {dagbag.py:588} INFO - Filling up the DagBag from /home/airflow/.local/lib/python3.12/site-packages/airflow/example_dags/example_bash_decorator.py
[2025-01-01T21:54:16.645+0000] {processor.py:925} INFO - DAG(s) 'example_bash_decorator' retrieved from /home/airflow/.local/lib/python3.12/site-packages/airflow/example_dags/example_bash_decorator.py
[2025-01-01T21:54:16.669+0000] {logging_mixin.py:190} INFO - [2025-01-01T21:54:16.668+0000] {dag.py:3239} INFO - Sync 1 DAGs
[2025-01-01T21:54:16.684+0000] {logging_mixin.py:190} INFO - [2025-01-01T21:54:16.684+0000] {dag.py:4180} INFO - Setting next_dagrun for example_bash_decorator to None, run_after=None
[2025-01-01T21:54:16.705+0000] {processor.py:208} INFO - Processing /home/airflow/.local/lib/python3.12/site-packages/airflow/example_dags/example_bash_decorator.py took 0.088 seconds
[2025-01-01T21:54:47.125+0000] {processor.py:186} INFO - Started process (PID=847) to work on /home/airflow/.local/lib/python3.12/site-packages/airflow/example_dags/example_bash_decorator.py
[2025-01-01T21:54:47.126+0000] {processor.py:914} INFO - Processing file /home/airflow/.local/lib/python3.12/site-packages/airflow/example_dags/example_bash_decorator.py for tasks to queue
[2025-01-01T21:54:47.128+0000] {logging_mixin.py:190} INFO - [2025-01-01T21:54:47.127+0000] {dagbag.py:588} INFO - Filling up the DagBag from /home/airflow/.local/lib/python3.12/site-packages/airflow/example_dags/example_bash_decorator.py
[2025-01-01T21:54:47.140+0000] {processor.py:925} INFO - DAG(s) 'example_bash_decorator' retrieved from /home/airflow/.local/lib/python3.12/site-packages/airflow/example_dags/example_bash_decorator.py
[2025-01-01T21:54:47.161+0000] {logging_mixin.py:190} INFO - [2025-01-01T21:54:47.161+0000] {dag.py:3239} INFO - Sync 1 DAGs
[2025-01-01T21:54:47.174+0000] {logging_mixin.py:190} INFO - [2025-01-01T21:54:47.173+0000] {dag.py:4180} INFO - Setting next_dagrun for example_bash_decorator to None, run_after=None
[2025-01-01T21:54:47.189+0000] {processor.py:208} INFO - Processing /home/airflow/.local/lib/python3.12/site-packages/airflow/example_dags/example_bash_decorator.py took 0.069 seconds
[2025-01-01T21:55:17.255+0000] {processor.py:186} INFO - Started process (PID=910) to work on /home/airflow/.local/lib/python3.12/site-packages/airflow/example_dags/example_bash_decorator.py
[2025-01-01T21:55:17.255+0000] {processor.py:914} INFO - Processing file /home/airflow/.local/lib/python3.12/site-packages/airflow/example_dags/example_bash_decorator.py for tasks to queue
[2025-01-01T21:55:17.257+0000] {logging_mixin.py:190} INFO - [2025-01-01T21:55:17.257+0000] {dagbag.py:588} INFO - Filling up the DagBag from /home/airflow/.local/lib/python3.12/site-packages/airflow/example_dags/example_bash_decorator.py
[2025-01-01T21:55:17.269+0000] {processor.py:925} INFO - DAG(s) 'example_bash_decorator' retrieved from /home/airflow/.local/lib/python3.12/site-packages/airflow/example_dags/example_bash_decorator.py
[2025-01-01T21:55:17.291+0000] {logging_mixin.py:190} INFO - [2025-01-01T21:55:17.291+0000] {dag.py:3239} INFO - Sync 1 DAGs
[2025-01-01T21:55:17.305+0000] {logging_mixin.py:190} INFO - [2025-01-01T21:55:17.305+0000] {dag.py:4180} INFO - Setting next_dagrun for example_bash_decorator to None, run_after=None
[2025-01-01T21:55:17.323+0000] {processor.py:208} INFO - Processing /home/airflow/.local/lib/python3.12/site-packages/airflow/example_dags/example_bash_decorator.py took 0.073 seconds
[2025-01-01T21:55:47.598+0000] {processor.py:186} INFO - Started process (PID=973) to work on /home/airflow/.local/lib/python3.12/site-packages/airflow/example_dags/example_bash_decorator.py
[2025-01-01T21:55:47.599+0000] {processor.py:914} INFO - Processing file /home/airflow/.local/lib/python3.12/site-packages/airflow/example_dags/example_bash_decorator.py for tasks to queue
[2025-01-01T21:55:47.601+0000] {logging_mixin.py:190} INFO - [2025-01-01T21:55:47.601+0000] {dagbag.py:588} INFO - Filling up the DagBag from /home/airflow/.local/lib/python3.12/site-packages/airflow/example_dags/example_bash_decorator.py
[2025-01-01T21:55:47.613+0000] {processor.py:925} INFO - DAG(s) 'example_bash_decorator' retrieved from /home/airflow/.local/lib/python3.12/site-packages/airflow/example_dags/example_bash_decorator.py
[2025-01-01T21:55:47.634+0000] {logging_mixin.py:190} INFO - [2025-01-01T21:55:47.634+0000] {dag.py:3239} INFO - Sync 1 DAGs
[2025-01-01T21:55:47.646+0000] {logging_mixin.py:190} INFO - [2025-01-01T21:55:47.646+0000] {dag.py:4180} INFO - Setting next_dagrun for example_bash_decorator to None, run_after=None
[2025-01-01T21:55:47.661+0000] {processor.py:208} INFO - Processing /home/airflow/.local/lib/python3.12/site-packages/airflow/example_dags/example_bash_decorator.py took 0.069 seconds
[2025-01-01T21:56:17.753+0000] {processor.py:186} INFO - Started process (PID=1036) to work on /home/airflow/.local/lib/python3.12/site-packages/airflow/example_dags/example_bash_decorator.py
[2025-01-01T21:56:17.753+0000] {processor.py:914} INFO - Processing file /home/airflow/.local/lib/python3.12/site-packages/airflow/example_dags/example_bash_decorator.py for tasks to queue
[2025-01-01T21:56:17.755+0000] {logging_mixin.py:190} INFO - [2025-01-01T21:56:17.755+0000] {dagbag.py:588} INFO - Filling up the DagBag from /home/airflow/.local/lib/python3.12/site-packages/airflow/example_dags/example_bash_decorator.py
[2025-01-01T21:56:17.768+0000] {processor.py:925} INFO - DAG(s) 'example_bash_decorator' retrieved from /home/airflow/.local/lib/python3.12/site-packages/airflow/example_dags/example_bash_decorator.py
[2025-01-01T21:56:17.787+0000] {logging_mixin.py:190} INFO - [2025-01-01T21:56:17.787+0000] {dag.py:3239} INFO - Sync 1 DAGs
[2025-01-01T21:56:17.801+0000] {logging_mixin.py:190} INFO - [2025-01-01T21:56:17.800+0000] {dag.py:4180} INFO - Setting next_dagrun for example_bash_decorator to None, run_after=None
[2025-01-01T21:56:17.817+0000] {processor.py:208} INFO - Processing /home/airflow/.local/lib/python3.12/site-packages/airflow/example_dags/example_bash_decorator.py took 0.069 seconds
[2025-01-01T21:56:48.611+0000] {processor.py:186} INFO - Started process (PID=1099) to work on /home/airflow/.local/lib/python3.12/site-packages/airflow/example_dags/example_bash_decorator.py
[2025-01-01T21:56:48.613+0000] {processor.py:914} INFO - Processing file /home/airflow/.local/lib/python3.12/site-packages/airflow/example_dags/example_bash_decorator.py for tasks to queue
[2025-01-01T21:56:48.615+0000] {logging_mixin.py:190} INFO - [2025-01-01T21:56:48.614+0000] {dagbag.py:588} INFO - Filling up the DagBag from /home/airflow/.local/lib/python3.12/site-packages/airflow/example_dags/example_bash_decorator.py
[2025-01-01T21:56:48.628+0000] {processor.py:925} INFO - DAG(s) 'example_bash_decorator' retrieved from /home/airflow/.local/lib/python3.12/site-packages/airflow/example_dags/example_bash_decorator.py
[2025-01-01T21:56:48.651+0000] {logging_mixin.py:190} INFO - [2025-01-01T21:56:48.651+0000] {dag.py:3239} INFO - Sync 1 DAGs
[2025-01-01T21:56:48.664+0000] {logging_mixin.py:190} INFO - [2025-01-01T21:56:48.663+0000] {dag.py:4180} INFO - Setting next_dagrun for example_bash_decorator to None, run_after=None
[2025-01-01T21:56:48.681+0000] {processor.py:208} INFO - Processing /home/airflow/.local/lib/python3.12/site-packages/airflow/example_dags/example_bash_decorator.py took 0.075 seconds
[2025-01-01T21:57:19.448+0000] {processor.py:186} INFO - Started process (PID=1162) to work on /home/airflow/.local/lib/python3.12/site-packages/airflow/example_dags/example_bash_decorator.py
[2025-01-01T21:57:19.449+0000] {processor.py:914} INFO - Processing file /home/airflow/.local/lib/python3.12/site-packages/airflow/example_dags/example_bash_decorator.py for tasks to queue
[2025-01-01T21:57:19.451+0000] {logging_mixin.py:190} INFO - [2025-01-01T21:57:19.451+0000] {dagbag.py:588} INFO - Filling up the DagBag from /home/airflow/.local/lib/python3.12/site-packages/airflow/example_dags/example_bash_decorator.py
[2025-01-01T21:57:19.464+0000] {processor.py:925} INFO - DAG(s) 'example_bash_decorator' retrieved from /home/airflow/.local/lib/python3.12/site-packages/airflow/example_dags/example_bash_decorator.py
[2025-01-01T21:57:19.484+0000] {logging_mixin.py:190} INFO - [2025-01-01T21:57:19.484+0000] {dag.py:3239} INFO - Sync 1 DAGs
[2025-01-01T21:57:19.496+0000] {logging_mixin.py:190} INFO - [2025-01-01T21:57:19.496+0000] {dag.py:4180} INFO - Setting next_dagrun for example_bash_decorator to None, run_after=None
[2025-01-01T21:57:19.511+0000] {processor.py:208} INFO - Processing /home/airflow/.local/lib/python3.12/site-packages/airflow/example_dags/example_bash_decorator.py took 0.068 seconds
[2025-01-01T21:57:50.124+0000] {processor.py:186} INFO - Started process (PID=1225) to work on /home/airflow/.local/lib/python3.12/site-packages/airflow/example_dags/example_bash_decorator.py
[2025-01-01T21:57:50.125+0000] {processor.py:914} INFO - Processing file /home/airflow/.local/lib/python3.12/site-packages/airflow/example_dags/example_bash_decorator.py for tasks to queue
[2025-01-01T21:57:50.128+0000] {logging_mixin.py:190} INFO - [2025-01-01T21:57:50.127+0000] {dagbag.py:588} INFO - Filling up the DagBag from /home/airflow/.local/lib/python3.12/site-packages/airflow/example_dags/example_bash_decorator.py
[2025-01-01T21:57:50.141+0000] {processor.py:925} INFO - DAG(s) 'example_bash_decorator' retrieved from /home/airflow/.local/lib/python3.12/site-packages/airflow/example_dags/example_bash_decorator.py
[2025-01-01T21:57:50.160+0000] {logging_mixin.py:190} INFO - [2025-01-01T21:57:50.160+0000] {dag.py:3239} INFO - Sync 1 DAGs
[2025-01-01T21:57:50.173+0000] {logging_mixin.py:190} INFO - [2025-01-01T21:57:50.172+0000] {dag.py:4180} INFO - Setting next_dagrun for example_bash_decorator to None, run_after=None
[2025-01-01T21:57:50.188+0000] {processor.py:208} INFO - Processing /home/airflow/.local/lib/python3.12/site-packages/airflow/example_dags/example_bash_decorator.py took 0.070 seconds
[2025-01-01T21:58:20.721+0000] {processor.py:186} INFO - Started process (PID=1288) to work on /home/airflow/.local/lib/python3.12/site-packages/airflow/example_dags/example_bash_decorator.py
[2025-01-01T21:58:20.723+0000] {processor.py:914} INFO - Processing file /home/airflow/.local/lib/python3.12/site-packages/airflow/example_dags/example_bash_decorator.py for tasks to queue
[2025-01-01T21:58:20.725+0000] {logging_mixin.py:190} INFO - [2025-01-01T21:58:20.725+0000] {dagbag.py:588} INFO - Filling up the DagBag from /home/airflow/.local/lib/python3.12/site-packages/airflow/example_dags/example_bash_decorator.py
[2025-01-01T21:58:20.740+0000] {processor.py:925} INFO - DAG(s) 'example_bash_decorator' retrieved from /home/airflow/.local/lib/python3.12/site-packages/airflow/example_dags/example_bash_decorator.py
[2025-01-01T21:58:20.764+0000] {logging_mixin.py:190} INFO - [2025-01-01T21:58:20.763+0000] {dag.py:3239} INFO - Sync 1 DAGs
[2025-01-01T21:58:20.776+0000] {logging_mixin.py:190} INFO - [2025-01-01T21:58:20.776+0000] {dag.py:4180} INFO - Setting next_dagrun for example_bash_decorator to None, run_after=None
[2025-01-01T21:58:20.794+0000] {processor.py:208} INFO - Processing /home/airflow/.local/lib/python3.12/site-packages/airflow/example_dags/example_bash_decorator.py took 0.078 seconds
[2025-01-01T21:58:51.519+0000] {processor.py:186} INFO - Started process (PID=1351) to work on /home/airflow/.local/lib/python3.12/site-packages/airflow/example_dags/example_bash_decorator.py
[2025-01-01T21:58:51.520+0000] {processor.py:914} INFO - Processing file /home/airflow/.local/lib/python3.12/site-packages/airflow/example_dags/example_bash_decorator.py for tasks to queue
[2025-01-01T21:58:51.523+0000] {logging_mixin.py:190} INFO - [2025-01-01T21:58:51.522+0000] {dagbag.py:588} INFO - Filling up the DagBag from /home/airflow/.local/lib/python3.12/site-packages/airflow/example_dags/example_bash_decorator.py
[2025-01-01T21:58:51.536+0000] {processor.py:925} INFO - DAG(s) 'example_bash_decorator' retrieved from /home/airflow/.local/lib/python3.12/site-packages/airflow/example_dags/example_bash_decorator.py
[2025-01-01T21:58:51.560+0000] {logging_mixin.py:190} INFO - [2025-01-01T21:58:51.559+0000] {dag.py:3239} INFO - Sync 1 DAGs
[2025-01-01T21:58:51.573+0000] {logging_mixin.py:190} INFO - [2025-01-01T21:58:51.572+0000] {dag.py:4180} INFO - Setting next_dagrun for example_bash_decorator to None, run_after=None
[2025-01-01T21:58:51.588+0000] {processor.py:208} INFO - Processing /home/airflow/.local/lib/python3.12/site-packages/airflow/example_dags/example_bash_decorator.py took 0.074 seconds
