[2025-01-01T21:48:44.926+0000] {processor.py:186} INFO - Started process (PID=108) to work on /home/airflow/.local/lib/python3.12/site-packages/airflow/example_dags/example_subdag_operator.py
[2025-01-01T21:48:44.927+0000] {processor.py:914} INFO - Processing file /home/airflow/.local/lib/python3.12/site-packages/airflow/example_dags/example_subdag_operator.py for tasks to queue
[2025-01-01T21:48:44.929+0000] {logging_mixin.py:190} INFO - [2025-01-01T21:48:44.929+0000] {dagbag.py:588} INFO - Filling up the DagBag from /home/airflow/.local/lib/python3.12/site-packages/airflow/example_dags/example_subdag_operator.py
[2025-01-01T21:48:44.957+0000] {processor.py:925} INFO - DAG(s) 'example_subdag_operator.section-1', 'example_subdag_operator.section-2', 'example_subdag_operator' retrieved from /home/airflow/.local/lib/python3.12/site-packages/airflow/example_dags/example_subdag_operator.py
[2025-01-01T21:48:45.044+0000] {logging_mixin.py:190} INFO - [2025-01-01T21:48:45.043+0000] {override.py:1911} INFO - Created Permission View: can edit on DAG:example_subdag_operator
[2025-01-01T21:48:45.053+0000] {logging_mixin.py:190} INFO - [2025-01-01T21:48:45.053+0000] {override.py:1911} INFO - Created Permission View: can delete on DAG:example_subdag_operator
[2025-01-01T21:48:45.060+0000] {logging_mixin.py:190} INFO - [2025-01-01T21:48:45.060+0000] {override.py:1911} INFO - Created Permission View: can read on DAG:example_subdag_operator
[2025-01-01T21:48:45.069+0000] {logging_mixin.py:190} INFO - [2025-01-01T21:48:45.069+0000] {override.py:1911} INFO - Created Permission View: can delete on DAG Run:example_subdag_operator
[2025-01-01T21:48:45.075+0000] {logging_mixin.py:190} INFO - [2025-01-01T21:48:45.075+0000] {override.py:1911} INFO - Created Permission View: can read on DAG Run:example_subdag_operator
[2025-01-01T21:48:45.082+0000] {logging_mixin.py:190} INFO - [2025-01-01T21:48:45.082+0000] {override.py:1911} INFO - Created Permission View: can create on DAG Run:example_subdag_operator
[2025-01-01T21:48:45.089+0000] {logging_mixin.py:190} INFO - [2025-01-01T21:48:45.089+0000] {override.py:1911} INFO - Created Permission View: menu access on DAG Run:example_subdag_operator
[2025-01-01T21:48:45.090+0000] {logging_mixin.py:190} INFO - [2025-01-01T21:48:45.090+0000] {dag.py:3239} INFO - Sync 3 DAGs
[2025-01-01T21:48:45.105+0000] {logging_mixin.py:190} INFO - [2025-01-01T21:48:45.105+0000] {dag.py:3262} INFO - Creating ORM DAG for example_subdag_operator.section-1
[2025-01-01T21:48:45.106+0000] {logging_mixin.py:190} INFO - [2025-01-01T21:48:45.106+0000] {dag.py:3262} INFO - Creating ORM DAG for example_subdag_operator.section-2
[2025-01-01T21:48:45.106+0000] {logging_mixin.py:190} INFO - [2025-01-01T21:48:45.106+0000] {dag.py:3262} INFO - Creating ORM DAG for example_subdag_operator
[2025-01-01T21:48:45.115+0000] {logging_mixin.py:190} INFO - [2025-01-01T21:48:45.115+0000] {dag.py:4180} INFO - Setting next_dagrun for example_subdag_operator to 2022-01-01 00:00:00+00:00, run_after=2022-01-01 00:00:00+00:00
[2025-01-01T21:48:45.116+0000] {logging_mixin.py:190} INFO - [2025-01-01T21:48:45.116+0000] {dag.py:4180} INFO - Setting next_dagrun for example_subdag_operator.section-1 to None, run_after=None
[2025-01-01T21:48:45.117+0000] {logging_mixin.py:190} INFO - [2025-01-01T21:48:45.116+0000] {dag.py:4180} INFO - Setting next_dagrun for example_subdag_operator.section-2 to None, run_after=None
[2025-01-01T21:48:45.126+0000] {logging_mixin.py:190} INFO - [2025-01-01T21:48:45.126+0000] {dag.py:3239} INFO - Sync 2 DAGs
[2025-01-01T21:48:45.132+0000] {logging_mixin.py:190} INFO - [2025-01-01T21:48:45.131+0000] {dag.py:4180} INFO - Setting next_dagrun for example_subdag_operator.section-1 to None, run_after=None
[2025-01-01T21:48:45.134+0000] {logging_mixin.py:190} INFO - [2025-01-01T21:48:45.134+0000] {dag.py:4180} INFO - Setting next_dagrun for example_subdag_operator.section-2 to None, run_after=None
[2025-01-01T21:48:45.146+0000] {processor.py:208} INFO - Processing /home/airflow/.local/lib/python3.12/site-packages/airflow/example_dags/example_subdag_operator.py took 0.226 seconds
[2025-01-01T21:49:16.068+0000] {processor.py:186} INFO - Started process (PID=171) to work on /home/airflow/.local/lib/python3.12/site-packages/airflow/example_dags/example_subdag_operator.py
[2025-01-01T21:49:16.069+0000] {processor.py:914} INFO - Processing file /home/airflow/.local/lib/python3.12/site-packages/airflow/example_dags/example_subdag_operator.py for tasks to queue
[2025-01-01T21:49:16.071+0000] {logging_mixin.py:190} INFO - [2025-01-01T21:49:16.070+0000] {dagbag.py:588} INFO - Filling up the DagBag from /home/airflow/.local/lib/python3.12/site-packages/airflow/example_dags/example_subdag_operator.py
[2025-01-01T21:49:16.092+0000] {processor.py:925} INFO - DAG(s) 'example_subdag_operator.section-1', 'example_subdag_operator.section-2', 'example_subdag_operator' retrieved from /home/airflow/.local/lib/python3.12/site-packages/airflow/example_dags/example_subdag_operator.py
[2025-01-01T21:49:16.105+0000] {logging_mixin.py:190} INFO - [2025-01-01T21:49:16.105+0000] {dag.py:3239} INFO - Sync 3 DAGs
[2025-01-01T21:49:16.124+0000] {logging_mixin.py:190} INFO - [2025-01-01T21:49:16.124+0000] {dag.py:4180} INFO - Setting next_dagrun for example_subdag_operator to 2022-01-01 00:00:00+00:00, run_after=2022-01-01 00:00:00+00:00
[2025-01-01T21:49:16.127+0000] {logging_mixin.py:190} INFO - [2025-01-01T21:49:16.127+0000] {dag.py:4180} INFO - Setting next_dagrun for example_subdag_operator.section-1 to None, run_after=None
[2025-01-01T21:49:16.129+0000] {logging_mixin.py:190} INFO - [2025-01-01T21:49:16.129+0000] {dag.py:4180} INFO - Setting next_dagrun for example_subdag_operator.section-2 to None, run_after=None
[2025-01-01T21:49:16.134+0000] {logging_mixin.py:190} INFO - [2025-01-01T21:49:16.134+0000] {dag.py:3239} INFO - Sync 2 DAGs
[2025-01-01T21:49:16.140+0000] {logging_mixin.py:190} INFO - [2025-01-01T21:49:16.139+0000] {dag.py:4180} INFO - Setting next_dagrun for example_subdag_operator.section-1 to None, run_after=None
[2025-01-01T21:49:16.140+0000] {logging_mixin.py:190} INFO - [2025-01-01T21:49:16.140+0000] {dag.py:4180} INFO - Setting next_dagrun for example_subdag_operator.section-2 to None, run_after=None
[2025-01-01T21:49:16.151+0000] {processor.py:208} INFO - Processing /home/airflow/.local/lib/python3.12/site-packages/airflow/example_dags/example_subdag_operator.py took 0.088 seconds
[2025-01-01T21:49:47.529+0000] {processor.py:186} INFO - Started process (PID=234) to work on /home/airflow/.local/lib/python3.12/site-packages/airflow/example_dags/example_subdag_operator.py
[2025-01-01T21:49:47.530+0000] {processor.py:914} INFO - Processing file /home/airflow/.local/lib/python3.12/site-packages/airflow/example_dags/example_subdag_operator.py for tasks to queue
[2025-01-01T21:49:47.532+0000] {logging_mixin.py:190} INFO - [2025-01-01T21:49:47.532+0000] {dagbag.py:588} INFO - Filling up the DagBag from /home/airflow/.local/lib/python3.12/site-packages/airflow/example_dags/example_subdag_operator.py
[2025-01-01T21:49:47.553+0000] {processor.py:925} INFO - DAG(s) 'example_subdag_operator.section-1', 'example_subdag_operator.section-2', 'example_subdag_operator' retrieved from /home/airflow/.local/lib/python3.12/site-packages/airflow/example_dags/example_subdag_operator.py
[2025-01-01T21:49:47.565+0000] {logging_mixin.py:190} INFO - [2025-01-01T21:49:47.565+0000] {dag.py:3239} INFO - Sync 3 DAGs
[2025-01-01T21:49:47.583+0000] {logging_mixin.py:190} INFO - [2025-01-01T21:49:47.583+0000] {dag.py:4180} INFO - Setting next_dagrun for example_subdag_operator to 2022-01-01 00:00:00+00:00, run_after=2022-01-01 00:00:00+00:00
[2025-01-01T21:49:47.586+0000] {logging_mixin.py:190} INFO - [2025-01-01T21:49:47.586+0000] {dag.py:4180} INFO - Setting next_dagrun for example_subdag_operator.section-1 to None, run_after=None
[2025-01-01T21:49:47.587+0000] {logging_mixin.py:190} INFO - [2025-01-01T21:49:47.587+0000] {dag.py:4180} INFO - Setting next_dagrun for example_subdag_operator.section-2 to None, run_after=None
[2025-01-01T21:49:47.593+0000] {logging_mixin.py:190} INFO - [2025-01-01T21:49:47.592+0000] {dag.py:3239} INFO - Sync 2 DAGs
[2025-01-01T21:49:47.598+0000] {logging_mixin.py:190} INFO - [2025-01-01T21:49:47.597+0000] {dag.py:4180} INFO - Setting next_dagrun for example_subdag_operator.section-1 to None, run_after=None
[2025-01-01T21:49:47.598+0000] {logging_mixin.py:190} INFO - [2025-01-01T21:49:47.598+0000] {dag.py:4180} INFO - Setting next_dagrun for example_subdag_operator.section-2 to None, run_after=None
[2025-01-01T21:49:47.610+0000] {processor.py:208} INFO - Processing /home/airflow/.local/lib/python3.12/site-packages/airflow/example_dags/example_subdag_operator.py took 0.086 seconds
[2025-01-01T21:50:18.374+0000] {processor.py:186} INFO - Started process (PID=297) to work on /home/airflow/.local/lib/python3.12/site-packages/airflow/example_dags/example_subdag_operator.py
[2025-01-01T21:50:18.375+0000] {processor.py:914} INFO - Processing file /home/airflow/.local/lib/python3.12/site-packages/airflow/example_dags/example_subdag_operator.py for tasks to queue
[2025-01-01T21:50:18.377+0000] {logging_mixin.py:190} INFO - [2025-01-01T21:50:18.377+0000] {dagbag.py:588} INFO - Filling up the DagBag from /home/airflow/.local/lib/python3.12/site-packages/airflow/example_dags/example_subdag_operator.py
[2025-01-01T21:50:18.400+0000] {processor.py:925} INFO - DAG(s) 'example_subdag_operator.section-1', 'example_subdag_operator.section-2', 'example_subdag_operator' retrieved from /home/airflow/.local/lib/python3.12/site-packages/airflow/example_dags/example_subdag_operator.py
[2025-01-01T21:50:18.413+0000] {logging_mixin.py:190} INFO - [2025-01-01T21:50:18.413+0000] {dag.py:3239} INFO - Sync 3 DAGs
[2025-01-01T21:50:18.433+0000] {logging_mixin.py:190} INFO - [2025-01-01T21:50:18.433+0000] {dag.py:4180} INFO - Setting next_dagrun for example_subdag_operator to 2022-01-01 00:00:00+00:00, run_after=2022-01-01 00:00:00+00:00
[2025-01-01T21:50:18.437+0000] {logging_mixin.py:190} INFO - [2025-01-01T21:50:18.436+0000] {dag.py:4180} INFO - Setting next_dagrun for example_subdag_operator.section-1 to None, run_after=None
[2025-01-01T21:50:18.438+0000] {logging_mixin.py:190} INFO - [2025-01-01T21:50:18.438+0000] {dag.py:4180} INFO - Setting next_dagrun for example_subdag_operator.section-2 to None, run_after=None
[2025-01-01T21:50:18.445+0000] {logging_mixin.py:190} INFO - [2025-01-01T21:50:18.444+0000] {dag.py:3239} INFO - Sync 2 DAGs
[2025-01-01T21:50:18.451+0000] {logging_mixin.py:190} INFO - [2025-01-01T21:50:18.450+0000] {dag.py:4180} INFO - Setting next_dagrun for example_subdag_operator.section-1 to None, run_after=None
[2025-01-01T21:50:18.451+0000] {logging_mixin.py:190} INFO - [2025-01-01T21:50:18.451+0000] {dag.py:4180} INFO - Setting next_dagrun for example_subdag_operator.section-2 to None, run_after=None
[2025-01-01T21:50:18.463+0000] {processor.py:208} INFO - Processing /home/airflow/.local/lib/python3.12/site-packages/airflow/example_dags/example_subdag_operator.py took 0.093 seconds
[2025-01-01T21:50:49.030+0000] {processor.py:186} INFO - Started process (PID=361) to work on /home/airflow/.local/lib/python3.12/site-packages/airflow/example_dags/example_subdag_operator.py
[2025-01-01T21:50:49.031+0000] {processor.py:914} INFO - Processing file /home/airflow/.local/lib/python3.12/site-packages/airflow/example_dags/example_subdag_operator.py for tasks to queue
[2025-01-01T21:50:49.033+0000] {logging_mixin.py:190} INFO - [2025-01-01T21:50:49.033+0000] {dagbag.py:588} INFO - Filling up the DagBag from /home/airflow/.local/lib/python3.12/site-packages/airflow/example_dags/example_subdag_operator.py
[2025-01-01T21:50:49.057+0000] {processor.py:925} INFO - DAG(s) 'example_subdag_operator.section-1', 'example_subdag_operator.section-2', 'example_subdag_operator' retrieved from /home/airflow/.local/lib/python3.12/site-packages/airflow/example_dags/example_subdag_operator.py
[2025-01-01T21:50:49.071+0000] {logging_mixin.py:190} INFO - [2025-01-01T21:50:49.071+0000] {dag.py:3239} INFO - Sync 3 DAGs
[2025-01-01T21:50:49.091+0000] {logging_mixin.py:190} INFO - [2025-01-01T21:50:49.091+0000] {dag.py:4180} INFO - Setting next_dagrun for example_subdag_operator to 2022-01-01 00:00:00+00:00, run_after=2022-01-01 00:00:00+00:00
[2025-01-01T21:50:49.095+0000] {logging_mixin.py:190} INFO - [2025-01-01T21:50:49.095+0000] {dag.py:4180} INFO - Setting next_dagrun for example_subdag_operator.section-1 to None, run_after=None
[2025-01-01T21:50:49.096+0000] {logging_mixin.py:190} INFO - [2025-01-01T21:50:49.096+0000] {dag.py:4180} INFO - Setting next_dagrun for example_subdag_operator.section-2 to None, run_after=None
[2025-01-01T21:50:49.103+0000] {logging_mixin.py:190} INFO - [2025-01-01T21:50:49.102+0000] {dag.py:3239} INFO - Sync 2 DAGs
[2025-01-01T21:50:49.108+0000] {logging_mixin.py:190} INFO - [2025-01-01T21:50:49.108+0000] {dag.py:4180} INFO - Setting next_dagrun for example_subdag_operator.section-1 to None, run_after=None
[2025-01-01T21:50:49.109+0000] {logging_mixin.py:190} INFO - [2025-01-01T21:50:49.108+0000] {dag.py:4180} INFO - Setting next_dagrun for example_subdag_operator.section-2 to None, run_after=None
[2025-01-01T21:50:49.120+0000] {processor.py:208} INFO - Processing /home/airflow/.local/lib/python3.12/site-packages/airflow/example_dags/example_subdag_operator.py took 0.095 seconds
[2025-01-01T21:51:19.253+0000] {processor.py:186} INFO - Started process (PID=423) to work on /home/airflow/.local/lib/python3.12/site-packages/airflow/example_dags/example_subdag_operator.py
[2025-01-01T21:51:19.254+0000] {processor.py:914} INFO - Processing file /home/airflow/.local/lib/python3.12/site-packages/airflow/example_dags/example_subdag_operator.py for tasks to queue
[2025-01-01T21:51:19.256+0000] {logging_mixin.py:190} INFO - [2025-01-01T21:51:19.256+0000] {dagbag.py:588} INFO - Filling up the DagBag from /home/airflow/.local/lib/python3.12/site-packages/airflow/example_dags/example_subdag_operator.py
[2025-01-01T21:51:19.279+0000] {processor.py:925} INFO - DAG(s) 'example_subdag_operator.section-1', 'example_subdag_operator.section-2', 'example_subdag_operator' retrieved from /home/airflow/.local/lib/python3.12/site-packages/airflow/example_dags/example_subdag_operator.py
[2025-01-01T21:51:19.291+0000] {logging_mixin.py:190} INFO - [2025-01-01T21:51:19.291+0000] {dag.py:3239} INFO - Sync 3 DAGs
[2025-01-01T21:51:19.310+0000] {logging_mixin.py:190} INFO - [2025-01-01T21:51:19.310+0000] {dag.py:4180} INFO - Setting next_dagrun for example_subdag_operator to 2022-01-01 00:00:00+00:00, run_after=2022-01-01 00:00:00+00:00
[2025-01-01T21:51:19.313+0000] {logging_mixin.py:190} INFO - [2025-01-01T21:51:19.313+0000] {dag.py:4180} INFO - Setting next_dagrun for example_subdag_operator.section-1 to None, run_after=None
[2025-01-01T21:51:19.314+0000] {logging_mixin.py:190} INFO - [2025-01-01T21:51:19.314+0000] {dag.py:4180} INFO - Setting next_dagrun for example_subdag_operator.section-2 to None, run_after=None
[2025-01-01T21:51:19.320+0000] {logging_mixin.py:190} INFO - [2025-01-01T21:51:19.319+0000] {dag.py:3239} INFO - Sync 2 DAGs
[2025-01-01T21:51:19.324+0000] {logging_mixin.py:190} INFO - [2025-01-01T21:51:19.324+0000] {dag.py:4180} INFO - Setting next_dagrun for example_subdag_operator.section-1 to None, run_after=None
[2025-01-01T21:51:19.325+0000] {logging_mixin.py:190} INFO - [2025-01-01T21:51:19.324+0000] {dag.py:4180} INFO - Setting next_dagrun for example_subdag_operator.section-2 to None, run_after=None
[2025-01-01T21:51:19.335+0000] {processor.py:208} INFO - Processing /home/airflow/.local/lib/python3.12/site-packages/airflow/example_dags/example_subdag_operator.py took 0.087 seconds
[2025-01-01T21:51:49.373+0000] {processor.py:186} INFO - Started process (PID=485) to work on /home/airflow/.local/lib/python3.12/site-packages/airflow/example_dags/example_subdag_operator.py
[2025-01-01T21:51:49.374+0000] {processor.py:914} INFO - Processing file /home/airflow/.local/lib/python3.12/site-packages/airflow/example_dags/example_subdag_operator.py for tasks to queue
[2025-01-01T21:51:49.376+0000] {logging_mixin.py:190} INFO - [2025-01-01T21:51:49.376+0000] {dagbag.py:588} INFO - Filling up the DagBag from /home/airflow/.local/lib/python3.12/site-packages/airflow/example_dags/example_subdag_operator.py
[2025-01-01T21:51:49.398+0000] {processor.py:925} INFO - DAG(s) 'example_subdag_operator.section-1', 'example_subdag_operator.section-2', 'example_subdag_operator' retrieved from /home/airflow/.local/lib/python3.12/site-packages/airflow/example_dags/example_subdag_operator.py
[2025-01-01T21:51:49.411+0000] {logging_mixin.py:190} INFO - [2025-01-01T21:51:49.411+0000] {dag.py:3239} INFO - Sync 3 DAGs
[2025-01-01T21:51:49.431+0000] {logging_mixin.py:190} INFO - [2025-01-01T21:51:49.430+0000] {dag.py:4180} INFO - Setting next_dagrun for example_subdag_operator to 2022-01-01 00:00:00+00:00, run_after=2022-01-01 00:00:00+00:00
[2025-01-01T21:51:49.434+0000] {logging_mixin.py:190} INFO - [2025-01-01T21:51:49.433+0000] {dag.py:4180} INFO - Setting next_dagrun for example_subdag_operator.section-1 to None, run_after=None
[2025-01-01T21:51:49.435+0000] {logging_mixin.py:190} INFO - [2025-01-01T21:51:49.435+0000] {dag.py:4180} INFO - Setting next_dagrun for example_subdag_operator.section-2 to None, run_after=None
[2025-01-01T21:51:49.441+0000] {logging_mixin.py:190} INFO - [2025-01-01T21:51:49.441+0000] {dag.py:3239} INFO - Sync 2 DAGs
[2025-01-01T21:51:49.445+0000] {logging_mixin.py:190} INFO - [2025-01-01T21:51:49.445+0000] {dag.py:4180} INFO - Setting next_dagrun for example_subdag_operator.section-1 to None, run_after=None
[2025-01-01T21:51:49.446+0000] {logging_mixin.py:190} INFO - [2025-01-01T21:51:49.446+0000] {dag.py:4180} INFO - Setting next_dagrun for example_subdag_operator.section-2 to None, run_after=None
[2025-01-01T21:51:49.457+0000] {processor.py:208} INFO - Processing /home/airflow/.local/lib/python3.12/site-packages/airflow/example_dags/example_subdag_operator.py took 0.089 seconds
[2025-01-01T21:52:19.977+0000] {processor.py:186} INFO - Started process (PID=548) to work on /home/airflow/.local/lib/python3.12/site-packages/airflow/example_dags/example_subdag_operator.py
[2025-01-01T21:52:19.978+0000] {processor.py:914} INFO - Processing file /home/airflow/.local/lib/python3.12/site-packages/airflow/example_dags/example_subdag_operator.py for tasks to queue
[2025-01-01T21:52:19.981+0000] {logging_mixin.py:190} INFO - [2025-01-01T21:52:19.981+0000] {dagbag.py:588} INFO - Filling up the DagBag from /home/airflow/.local/lib/python3.12/site-packages/airflow/example_dags/example_subdag_operator.py
[2025-01-01T21:52:20.007+0000] {processor.py:925} INFO - DAG(s) 'example_subdag_operator.section-1', 'example_subdag_operator.section-2', 'example_subdag_operator' retrieved from /home/airflow/.local/lib/python3.12/site-packages/airflow/example_dags/example_subdag_operator.py
[2025-01-01T21:52:20.021+0000] {logging_mixin.py:190} INFO - [2025-01-01T21:52:20.021+0000] {dag.py:3239} INFO - Sync 3 DAGs
[2025-01-01T21:52:20.042+0000] {logging_mixin.py:190} INFO - [2025-01-01T21:52:20.042+0000] {dag.py:4180} INFO - Setting next_dagrun for example_subdag_operator to 2022-01-01 00:00:00+00:00, run_after=2022-01-01 00:00:00+00:00
[2025-01-01T21:52:20.046+0000] {logging_mixin.py:190} INFO - [2025-01-01T21:52:20.046+0000] {dag.py:4180} INFO - Setting next_dagrun for example_subdag_operator.section-1 to None, run_after=None
[2025-01-01T21:52:20.047+0000] {logging_mixin.py:190} INFO - [2025-01-01T21:52:20.047+0000] {dag.py:4180} INFO - Setting next_dagrun for example_subdag_operator.section-2 to None, run_after=None
[2025-01-01T21:52:20.053+0000] {logging_mixin.py:190} INFO - [2025-01-01T21:52:20.053+0000] {dag.py:3239} INFO - Sync 2 DAGs
[2025-01-01T21:52:20.058+0000] {logging_mixin.py:190} INFO - [2025-01-01T21:52:20.058+0000] {dag.py:4180} INFO - Setting next_dagrun for example_subdag_operator.section-1 to None, run_after=None
[2025-01-01T21:52:20.059+0000] {logging_mixin.py:190} INFO - [2025-01-01T21:52:20.059+0000] {dag.py:4180} INFO - Setting next_dagrun for example_subdag_operator.section-2 to None, run_after=None
[2025-01-01T21:52:20.069+0000] {processor.py:208} INFO - Processing /home/airflow/.local/lib/python3.12/site-packages/airflow/example_dags/example_subdag_operator.py took 0.099 seconds
[2025-01-01T21:52:50.639+0000] {processor.py:186} INFO - Started process (PID=611) to work on /home/airflow/.local/lib/python3.12/site-packages/airflow/example_dags/example_subdag_operator.py
[2025-01-01T21:52:50.640+0000] {processor.py:914} INFO - Processing file /home/airflow/.local/lib/python3.12/site-packages/airflow/example_dags/example_subdag_operator.py for tasks to queue
[2025-01-01T21:52:50.642+0000] {logging_mixin.py:190} INFO - [2025-01-01T21:52:50.642+0000] {dagbag.py:588} INFO - Filling up the DagBag from /home/airflow/.local/lib/python3.12/site-packages/airflow/example_dags/example_subdag_operator.py
[2025-01-01T21:52:50.668+0000] {processor.py:925} INFO - DAG(s) 'example_subdag_operator.section-1', 'example_subdag_operator.section-2', 'example_subdag_operator' retrieved from /home/airflow/.local/lib/python3.12/site-packages/airflow/example_dags/example_subdag_operator.py
[2025-01-01T21:52:50.681+0000] {logging_mixin.py:190} INFO - [2025-01-01T21:52:50.681+0000] {dag.py:3239} INFO - Sync 3 DAGs
[2025-01-01T21:52:50.701+0000] {logging_mixin.py:190} INFO - [2025-01-01T21:52:50.700+0000] {dag.py:4180} INFO - Setting next_dagrun for example_subdag_operator to 2022-01-01 00:00:00+00:00, run_after=2022-01-01 00:00:00+00:00
[2025-01-01T21:52:50.704+0000] {logging_mixin.py:190} INFO - [2025-01-01T21:52:50.704+0000] {dag.py:4180} INFO - Setting next_dagrun for example_subdag_operator.section-1 to None, run_after=None
[2025-01-01T21:52:50.705+0000] {logging_mixin.py:190} INFO - [2025-01-01T21:52:50.705+0000] {dag.py:4180} INFO - Setting next_dagrun for example_subdag_operator.section-2 to None, run_after=None
[2025-01-01T21:52:50.710+0000] {logging_mixin.py:190} INFO - [2025-01-01T21:52:50.710+0000] {dag.py:3239} INFO - Sync 2 DAGs
[2025-01-01T21:52:50.715+0000] {logging_mixin.py:190} INFO - [2025-01-01T21:52:50.715+0000] {dag.py:4180} INFO - Setting next_dagrun for example_subdag_operator.section-1 to None, run_after=None
[2025-01-01T21:52:50.716+0000] {logging_mixin.py:190} INFO - [2025-01-01T21:52:50.715+0000] {dag.py:4180} INFO - Setting next_dagrun for example_subdag_operator.section-2 to None, run_after=None
[2025-01-01T21:52:50.726+0000] {processor.py:208} INFO - Processing /home/airflow/.local/lib/python3.12/site-packages/airflow/example_dags/example_subdag_operator.py took 0.092 seconds
[2025-01-01T21:53:21.453+0000] {processor.py:186} INFO - Started process (PID=674) to work on /home/airflow/.local/lib/python3.12/site-packages/airflow/example_dags/example_subdag_operator.py
[2025-01-01T21:53:21.454+0000] {processor.py:914} INFO - Processing file /home/airflow/.local/lib/python3.12/site-packages/airflow/example_dags/example_subdag_operator.py for tasks to queue
[2025-01-01T21:53:21.456+0000] {logging_mixin.py:190} INFO - [2025-01-01T21:53:21.455+0000] {dagbag.py:588} INFO - Filling up the DagBag from /home/airflow/.local/lib/python3.12/site-packages/airflow/example_dags/example_subdag_operator.py
[2025-01-01T21:53:21.477+0000] {processor.py:925} INFO - DAG(s) 'example_subdag_operator.section-1', 'example_subdag_operator.section-2', 'example_subdag_operator' retrieved from /home/airflow/.local/lib/python3.12/site-packages/airflow/example_dags/example_subdag_operator.py
[2025-01-01T21:53:21.489+0000] {logging_mixin.py:190} INFO - [2025-01-01T21:53:21.489+0000] {dag.py:3239} INFO - Sync 3 DAGs
[2025-01-01T21:53:21.508+0000] {logging_mixin.py:190} INFO - [2025-01-01T21:53:21.508+0000] {dag.py:4180} INFO - Setting next_dagrun for example_subdag_operator to 2022-01-01 00:00:00+00:00, run_after=2022-01-01 00:00:00+00:00
[2025-01-01T21:53:21.511+0000] {logging_mixin.py:190} INFO - [2025-01-01T21:53:21.511+0000] {dag.py:4180} INFO - Setting next_dagrun for example_subdag_operator.section-1 to None, run_after=None
[2025-01-01T21:53:21.512+0000] {logging_mixin.py:190} INFO - [2025-01-01T21:53:21.512+0000] {dag.py:4180} INFO - Setting next_dagrun for example_subdag_operator.section-2 to None, run_after=None
[2025-01-01T21:53:21.518+0000] {logging_mixin.py:190} INFO - [2025-01-01T21:53:21.518+0000] {dag.py:3239} INFO - Sync 2 DAGs
[2025-01-01T21:53:21.523+0000] {logging_mixin.py:190} INFO - [2025-01-01T21:53:21.522+0000] {dag.py:4180} INFO - Setting next_dagrun for example_subdag_operator.section-1 to None, run_after=None
[2025-01-01T21:53:21.523+0000] {logging_mixin.py:190} INFO - [2025-01-01T21:53:21.523+0000] {dag.py:4180} INFO - Setting next_dagrun for example_subdag_operator.section-2 to None, run_after=None
[2025-01-01T21:53:21.533+0000] {processor.py:208} INFO - Processing /home/airflow/.local/lib/python3.12/site-packages/airflow/example_dags/example_subdag_operator.py took 0.085 seconds
[2025-01-01T21:53:51.762+0000] {processor.py:186} INFO - Started process (PID=737) to work on /home/airflow/.local/lib/python3.12/site-packages/airflow/example_dags/example_subdag_operator.py
[2025-01-01T21:53:51.763+0000] {processor.py:914} INFO - Processing file /home/airflow/.local/lib/python3.12/site-packages/airflow/example_dags/example_subdag_operator.py for tasks to queue
[2025-01-01T21:53:51.765+0000] {logging_mixin.py:190} INFO - [2025-01-01T21:53:51.765+0000] {dagbag.py:588} INFO - Filling up the DagBag from /home/airflow/.local/lib/python3.12/site-packages/airflow/example_dags/example_subdag_operator.py
[2025-01-01T21:53:51.787+0000] {processor.py:925} INFO - DAG(s) 'example_subdag_operator.section-1', 'example_subdag_operator.section-2', 'example_subdag_operator' retrieved from /home/airflow/.local/lib/python3.12/site-packages/airflow/example_dags/example_subdag_operator.py
[2025-01-01T21:53:51.800+0000] {logging_mixin.py:190} INFO - [2025-01-01T21:53:51.800+0000] {dag.py:3239} INFO - Sync 3 DAGs
[2025-01-01T21:53:51.819+0000] {logging_mixin.py:190} INFO - [2025-01-01T21:53:51.819+0000] {dag.py:4180} INFO - Setting next_dagrun for example_subdag_operator to 2022-01-01 00:00:00+00:00, run_after=2022-01-01 00:00:00+00:00
[2025-01-01T21:53:51.822+0000] {logging_mixin.py:190} INFO - [2025-01-01T21:53:51.822+0000] {dag.py:4180} INFO - Setting next_dagrun for example_subdag_operator.section-1 to None, run_after=None
[2025-01-01T21:53:51.823+0000] {logging_mixin.py:190} INFO - [2025-01-01T21:53:51.823+0000] {dag.py:4180} INFO - Setting next_dagrun for example_subdag_operator.section-2 to None, run_after=None
[2025-01-01T21:53:51.828+0000] {logging_mixin.py:190} INFO - [2025-01-01T21:53:51.828+0000] {dag.py:3239} INFO - Sync 2 DAGs
[2025-01-01T21:53:51.833+0000] {logging_mixin.py:190} INFO - [2025-01-01T21:53:51.833+0000] {dag.py:4180} INFO - Setting next_dagrun for example_subdag_operator.section-1 to None, run_after=None
[2025-01-01T21:53:51.834+0000] {logging_mixin.py:190} INFO - [2025-01-01T21:53:51.834+0000] {dag.py:4180} INFO - Setting next_dagrun for example_subdag_operator.section-2 to None, run_after=None
[2025-01-01T21:53:51.844+0000] {processor.py:208} INFO - Processing /home/airflow/.local/lib/python3.12/site-packages/airflow/example_dags/example_subdag_operator.py took 0.087 seconds
[2025-01-01T21:54:22.051+0000] {processor.py:186} INFO - Started process (PID=800) to work on /home/airflow/.local/lib/python3.12/site-packages/airflow/example_dags/example_subdag_operator.py
[2025-01-01T21:54:22.052+0000] {processor.py:914} INFO - Processing file /home/airflow/.local/lib/python3.12/site-packages/airflow/example_dags/example_subdag_operator.py for tasks to queue
[2025-01-01T21:54:22.054+0000] {logging_mixin.py:190} INFO - [2025-01-01T21:54:22.054+0000] {dagbag.py:588} INFO - Filling up the DagBag from /home/airflow/.local/lib/python3.12/site-packages/airflow/example_dags/example_subdag_operator.py
[2025-01-01T21:54:22.077+0000] {processor.py:925} INFO - DAG(s) 'example_subdag_operator.section-1', 'example_subdag_operator.section-2', 'example_subdag_operator' retrieved from /home/airflow/.local/lib/python3.12/site-packages/airflow/example_dags/example_subdag_operator.py
[2025-01-01T21:54:22.091+0000] {logging_mixin.py:190} INFO - [2025-01-01T21:54:22.091+0000] {dag.py:3239} INFO - Sync 3 DAGs
[2025-01-01T21:54:22.110+0000] {logging_mixin.py:190} INFO - [2025-01-01T21:54:22.110+0000] {dag.py:4180} INFO - Setting next_dagrun for example_subdag_operator to 2022-01-01 00:00:00+00:00, run_after=2022-01-01 00:00:00+00:00
[2025-01-01T21:54:22.114+0000] {logging_mixin.py:190} INFO - [2025-01-01T21:54:22.114+0000] {dag.py:4180} INFO - Setting next_dagrun for example_subdag_operator.section-1 to None, run_after=None
[2025-01-01T21:54:22.116+0000] {logging_mixin.py:190} INFO - [2025-01-01T21:54:22.116+0000] {dag.py:4180} INFO - Setting next_dagrun for example_subdag_operator.section-2 to None, run_after=None
[2025-01-01T21:54:22.123+0000] {logging_mixin.py:190} INFO - [2025-01-01T21:54:22.122+0000] {dag.py:3239} INFO - Sync 2 DAGs
[2025-01-01T21:54:22.128+0000] {logging_mixin.py:190} INFO - [2025-01-01T21:54:22.127+0000] {dag.py:4180} INFO - Setting next_dagrun for example_subdag_operator.section-1 to None, run_after=None
[2025-01-01T21:54:22.128+0000] {logging_mixin.py:190} INFO - [2025-01-01T21:54:22.128+0000] {dag.py:4180} INFO - Setting next_dagrun for example_subdag_operator.section-2 to None, run_after=None
[2025-01-01T21:54:22.139+0000] {processor.py:208} INFO - Processing /home/airflow/.local/lib/python3.12/site-packages/airflow/example_dags/example_subdag_operator.py took 0.093 seconds
[2025-01-01T21:54:53.584+0000] {processor.py:186} INFO - Started process (PID=863) to work on /home/airflow/.local/lib/python3.12/site-packages/airflow/example_dags/example_subdag_operator.py
[2025-01-01T21:54:53.585+0000] {processor.py:914} INFO - Processing file /home/airflow/.local/lib/python3.12/site-packages/airflow/example_dags/example_subdag_operator.py for tasks to queue
[2025-01-01T21:54:53.587+0000] {logging_mixin.py:190} INFO - [2025-01-01T21:54:53.586+0000] {dagbag.py:588} INFO - Filling up the DagBag from /home/airflow/.local/lib/python3.12/site-packages/airflow/example_dags/example_subdag_operator.py
[2025-01-01T21:54:53.610+0000] {processor.py:925} INFO - DAG(s) 'example_subdag_operator.section-1', 'example_subdag_operator.section-2', 'example_subdag_operator' retrieved from /home/airflow/.local/lib/python3.12/site-packages/airflow/example_dags/example_subdag_operator.py
[2025-01-01T21:54:53.628+0000] {logging_mixin.py:190} INFO - [2025-01-01T21:54:53.627+0000] {dag.py:3239} INFO - Sync 3 DAGs
[2025-01-01T21:54:53.649+0000] {logging_mixin.py:190} INFO - [2025-01-01T21:54:53.649+0000] {dag.py:4180} INFO - Setting next_dagrun for example_subdag_operator to 2022-01-01 00:00:00+00:00, run_after=2022-01-01 00:00:00+00:00
[2025-01-01T21:54:53.653+0000] {logging_mixin.py:190} INFO - [2025-01-01T21:54:53.652+0000] {dag.py:4180} INFO - Setting next_dagrun for example_subdag_operator.section-1 to None, run_after=None
[2025-01-01T21:54:53.654+0000] {logging_mixin.py:190} INFO - [2025-01-01T21:54:53.654+0000] {dag.py:4180} INFO - Setting next_dagrun for example_subdag_operator.section-2 to None, run_after=None
[2025-01-01T21:54:53.660+0000] {logging_mixin.py:190} INFO - [2025-01-01T21:54:53.660+0000] {dag.py:3239} INFO - Sync 2 DAGs
[2025-01-01T21:54:53.666+0000] {logging_mixin.py:190} INFO - [2025-01-01T21:54:53.666+0000] {dag.py:4180} INFO - Setting next_dagrun for example_subdag_operator.section-1 to None, run_after=None
[2025-01-01T21:54:53.667+0000] {logging_mixin.py:190} INFO - [2025-01-01T21:54:53.667+0000] {dag.py:4180} INFO - Setting next_dagrun for example_subdag_operator.section-2 to None, run_after=None
[2025-01-01T21:54:53.679+0000] {processor.py:208} INFO - Processing /home/airflow/.local/lib/python3.12/site-packages/airflow/example_dags/example_subdag_operator.py took 0.100 seconds
[2025-01-01T21:55:24.928+0000] {processor.py:186} INFO - Started process (PID=926) to work on /home/airflow/.local/lib/python3.12/site-packages/airflow/example_dags/example_subdag_operator.py
[2025-01-01T21:55:24.929+0000] {processor.py:914} INFO - Processing file /home/airflow/.local/lib/python3.12/site-packages/airflow/example_dags/example_subdag_operator.py for tasks to queue
[2025-01-01T21:55:24.931+0000] {logging_mixin.py:190} INFO - [2025-01-01T21:55:24.931+0000] {dagbag.py:588} INFO - Filling up the DagBag from /home/airflow/.local/lib/python3.12/site-packages/airflow/example_dags/example_subdag_operator.py
[2025-01-01T21:55:24.953+0000] {processor.py:925} INFO - DAG(s) 'example_subdag_operator.section-1', 'example_subdag_operator.section-2', 'example_subdag_operator' retrieved from /home/airflow/.local/lib/python3.12/site-packages/airflow/example_dags/example_subdag_operator.py
[2025-01-01T21:55:24.967+0000] {logging_mixin.py:190} INFO - [2025-01-01T21:55:24.967+0000] {dag.py:3239} INFO - Sync 3 DAGs
[2025-01-01T21:55:24.986+0000] {logging_mixin.py:190} INFO - [2025-01-01T21:55:24.986+0000] {dag.py:4180} INFO - Setting next_dagrun for example_subdag_operator to 2022-01-01 00:00:00+00:00, run_after=2022-01-01 00:00:00+00:00
[2025-01-01T21:55:24.990+0000] {logging_mixin.py:190} INFO - [2025-01-01T21:55:24.990+0000] {dag.py:4180} INFO - Setting next_dagrun for example_subdag_operator.section-1 to None, run_after=None
[2025-01-01T21:55:24.991+0000] {logging_mixin.py:190} INFO - [2025-01-01T21:55:24.991+0000] {dag.py:4180} INFO - Setting next_dagrun for example_subdag_operator.section-2 to None, run_after=None
[2025-01-01T21:55:24.997+0000] {logging_mixin.py:190} INFO - [2025-01-01T21:55:24.997+0000] {dag.py:3239} INFO - Sync 2 DAGs
[2025-01-01T21:55:25.001+0000] {logging_mixin.py:190} INFO - [2025-01-01T21:55:25.001+0000] {dag.py:4180} INFO - Setting next_dagrun for example_subdag_operator.section-1 to None, run_after=None
[2025-01-01T21:55:25.002+0000] {logging_mixin.py:190} INFO - [2025-01-01T21:55:25.002+0000] {dag.py:4180} INFO - Setting next_dagrun for example_subdag_operator.section-2 to None, run_after=None
[2025-01-01T21:55:25.011+0000] {processor.py:208} INFO - Processing /home/airflow/.local/lib/python3.12/site-packages/airflow/example_dags/example_subdag_operator.py took 0.088 seconds
[2025-01-01T21:55:55.947+0000] {processor.py:186} INFO - Started process (PID=988) to work on /home/airflow/.local/lib/python3.12/site-packages/airflow/example_dags/example_subdag_operator.py
[2025-01-01T21:55:55.948+0000] {processor.py:914} INFO - Processing file /home/airflow/.local/lib/python3.12/site-packages/airflow/example_dags/example_subdag_operator.py for tasks to queue
[2025-01-01T21:55:55.950+0000] {logging_mixin.py:190} INFO - [2025-01-01T21:55:55.949+0000] {dagbag.py:588} INFO - Filling up the DagBag from /home/airflow/.local/lib/python3.12/site-packages/airflow/example_dags/example_subdag_operator.py
[2025-01-01T21:55:55.973+0000] {processor.py:925} INFO - DAG(s) 'example_subdag_operator.section-1', 'example_subdag_operator.section-2', 'example_subdag_operator' retrieved from /home/airflow/.local/lib/python3.12/site-packages/airflow/example_dags/example_subdag_operator.py
[2025-01-01T21:55:55.987+0000] {logging_mixin.py:190} INFO - [2025-01-01T21:55:55.986+0000] {dag.py:3239} INFO - Sync 3 DAGs
[2025-01-01T21:55:56.007+0000] {logging_mixin.py:190} INFO - [2025-01-01T21:55:56.007+0000] {dag.py:4180} INFO - Setting next_dagrun for example_subdag_operator to 2022-01-01 00:00:00+00:00, run_after=2022-01-01 00:00:00+00:00
[2025-01-01T21:55:56.010+0000] {logging_mixin.py:190} INFO - [2025-01-01T21:55:56.010+0000] {dag.py:4180} INFO - Setting next_dagrun for example_subdag_operator.section-1 to None, run_after=None
[2025-01-01T21:55:56.012+0000] {logging_mixin.py:190} INFO - [2025-01-01T21:55:56.012+0000] {dag.py:4180} INFO - Setting next_dagrun for example_subdag_operator.section-2 to None, run_after=None
[2025-01-01T21:55:56.018+0000] {logging_mixin.py:190} INFO - [2025-01-01T21:55:56.018+0000] {dag.py:3239} INFO - Sync 2 DAGs
[2025-01-01T21:55:56.022+0000] {logging_mixin.py:190} INFO - [2025-01-01T21:55:56.022+0000] {dag.py:4180} INFO - Setting next_dagrun for example_subdag_operator.section-1 to None, run_after=None
[2025-01-01T21:55:56.023+0000] {logging_mixin.py:190} INFO - [2025-01-01T21:55:56.022+0000] {dag.py:4180} INFO - Setting next_dagrun for example_subdag_operator.section-2 to None, run_after=None
[2025-01-01T21:55:56.033+0000] {processor.py:208} INFO - Processing /home/airflow/.local/lib/python3.12/site-packages/airflow/example_dags/example_subdag_operator.py took 0.092 seconds
[2025-01-01T21:56:27.208+0000] {processor.py:186} INFO - Started process (PID=1051) to work on /home/airflow/.local/lib/python3.12/site-packages/airflow/example_dags/example_subdag_operator.py
[2025-01-01T21:56:27.209+0000] {processor.py:914} INFO - Processing file /home/airflow/.local/lib/python3.12/site-packages/airflow/example_dags/example_subdag_operator.py for tasks to queue
[2025-01-01T21:56:27.211+0000] {logging_mixin.py:190} INFO - [2025-01-01T21:56:27.210+0000] {dagbag.py:588} INFO - Filling up the DagBag from /home/airflow/.local/lib/python3.12/site-packages/airflow/example_dags/example_subdag_operator.py
[2025-01-01T21:56:27.233+0000] {processor.py:925} INFO - DAG(s) 'example_subdag_operator.section-1', 'example_subdag_operator.section-2', 'example_subdag_operator' retrieved from /home/airflow/.local/lib/python3.12/site-packages/airflow/example_dags/example_subdag_operator.py
[2025-01-01T21:56:27.248+0000] {logging_mixin.py:190} INFO - [2025-01-01T21:56:27.248+0000] {dag.py:3239} INFO - Sync 3 DAGs
[2025-01-01T21:56:27.269+0000] {logging_mixin.py:190} INFO - [2025-01-01T21:56:27.269+0000] {dag.py:4180} INFO - Setting next_dagrun for example_subdag_operator to 2022-01-01 00:00:00+00:00, run_after=2022-01-01 00:00:00+00:00
[2025-01-01T21:56:27.272+0000] {logging_mixin.py:190} INFO - [2025-01-01T21:56:27.272+0000] {dag.py:4180} INFO - Setting next_dagrun for example_subdag_operator.section-1 to None, run_after=None
[2025-01-01T21:56:27.273+0000] {logging_mixin.py:190} INFO - [2025-01-01T21:56:27.273+0000] {dag.py:4180} INFO - Setting next_dagrun for example_subdag_operator.section-2 to None, run_after=None
[2025-01-01T21:56:27.280+0000] {logging_mixin.py:190} INFO - [2025-01-01T21:56:27.280+0000] {dag.py:3239} INFO - Sync 2 DAGs
[2025-01-01T21:56:27.284+0000] {logging_mixin.py:190} INFO - [2025-01-01T21:56:27.284+0000] {dag.py:4180} INFO - Setting next_dagrun for example_subdag_operator.section-1 to None, run_after=None
[2025-01-01T21:56:27.285+0000] {logging_mixin.py:190} INFO - [2025-01-01T21:56:27.285+0000] {dag.py:4180} INFO - Setting next_dagrun for example_subdag_operator.section-2 to None, run_after=None
[2025-01-01T21:56:27.295+0000] {processor.py:208} INFO - Processing /home/airflow/.local/lib/python3.12/site-packages/airflow/example_dags/example_subdag_operator.py took 0.093 seconds
[2025-01-01T21:56:58.022+0000] {processor.py:186} INFO - Started process (PID=1114) to work on /home/airflow/.local/lib/python3.12/site-packages/airflow/example_dags/example_subdag_operator.py
[2025-01-01T21:56:58.023+0000] {processor.py:914} INFO - Processing file /home/airflow/.local/lib/python3.12/site-packages/airflow/example_dags/example_subdag_operator.py for tasks to queue
[2025-01-01T21:56:58.026+0000] {logging_mixin.py:190} INFO - [2025-01-01T21:56:58.025+0000] {dagbag.py:588} INFO - Filling up the DagBag from /home/airflow/.local/lib/python3.12/site-packages/airflow/example_dags/example_subdag_operator.py
[2025-01-01T21:56:58.048+0000] {processor.py:925} INFO - DAG(s) 'example_subdag_operator.section-1', 'example_subdag_operator.section-2', 'example_subdag_operator' retrieved from /home/airflow/.local/lib/python3.12/site-packages/airflow/example_dags/example_subdag_operator.py
[2025-01-01T21:56:58.061+0000] {logging_mixin.py:190} INFO - [2025-01-01T21:56:58.061+0000] {dag.py:3239} INFO - Sync 3 DAGs
[2025-01-01T21:56:58.082+0000] {logging_mixin.py:190} INFO - [2025-01-01T21:56:58.081+0000] {dag.py:4180} INFO - Setting next_dagrun for example_subdag_operator to 2022-01-01 00:00:00+00:00, run_after=2022-01-01 00:00:00+00:00
[2025-01-01T21:56:58.085+0000] {logging_mixin.py:190} INFO - [2025-01-01T21:56:58.084+0000] {dag.py:4180} INFO - Setting next_dagrun for example_subdag_operator.section-1 to None, run_after=None
[2025-01-01T21:56:58.086+0000] {logging_mixin.py:190} INFO - [2025-01-01T21:56:58.086+0000] {dag.py:4180} INFO - Setting next_dagrun for example_subdag_operator.section-2 to None, run_after=None
[2025-01-01T21:56:58.091+0000] {logging_mixin.py:190} INFO - [2025-01-01T21:56:58.091+0000] {dag.py:3239} INFO - Sync 2 DAGs
[2025-01-01T21:56:58.096+0000] {logging_mixin.py:190} INFO - [2025-01-01T21:56:58.096+0000] {dag.py:4180} INFO - Setting next_dagrun for example_subdag_operator.section-1 to None, run_after=None
[2025-01-01T21:56:58.097+0000] {logging_mixin.py:190} INFO - [2025-01-01T21:56:58.097+0000] {dag.py:4180} INFO - Setting next_dagrun for example_subdag_operator.section-2 to None, run_after=None
[2025-01-01T21:56:58.110+0000] {processor.py:208} INFO - Processing /home/airflow/.local/lib/python3.12/site-packages/airflow/example_dags/example_subdag_operator.py took 0.093 seconds
[2025-01-01T21:57:28.918+0000] {processor.py:186} INFO - Started process (PID=1178) to work on /home/airflow/.local/lib/python3.12/site-packages/airflow/example_dags/example_subdag_operator.py
[2025-01-01T21:57:28.919+0000] {processor.py:914} INFO - Processing file /home/airflow/.local/lib/python3.12/site-packages/airflow/example_dags/example_subdag_operator.py for tasks to queue
[2025-01-01T21:57:28.921+0000] {logging_mixin.py:190} INFO - [2025-01-01T21:57:28.921+0000] {dagbag.py:588} INFO - Filling up the DagBag from /home/airflow/.local/lib/python3.12/site-packages/airflow/example_dags/example_subdag_operator.py
[2025-01-01T21:57:28.945+0000] {processor.py:925} INFO - DAG(s) 'example_subdag_operator.section-1', 'example_subdag_operator.section-2', 'example_subdag_operator' retrieved from /home/airflow/.local/lib/python3.12/site-packages/airflow/example_dags/example_subdag_operator.py
[2025-01-01T21:57:28.958+0000] {logging_mixin.py:190} INFO - [2025-01-01T21:57:28.958+0000] {dag.py:3239} INFO - Sync 3 DAGs
[2025-01-01T21:57:28.978+0000] {logging_mixin.py:190} INFO - [2025-01-01T21:57:28.978+0000] {dag.py:4180} INFO - Setting next_dagrun for example_subdag_operator to 2022-01-01 00:00:00+00:00, run_after=2022-01-01 00:00:00+00:00
[2025-01-01T21:57:28.981+0000] {logging_mixin.py:190} INFO - [2025-01-01T21:57:28.981+0000] {dag.py:4180} INFO - Setting next_dagrun for example_subdag_operator.section-1 to None, run_after=None
[2025-01-01T21:57:28.982+0000] {logging_mixin.py:190} INFO - [2025-01-01T21:57:28.982+0000] {dag.py:4180} INFO - Setting next_dagrun for example_subdag_operator.section-2 to None, run_after=None
[2025-01-01T21:57:28.988+0000] {logging_mixin.py:190} INFO - [2025-01-01T21:57:28.987+0000] {dag.py:3239} INFO - Sync 2 DAGs
[2025-01-01T21:57:28.993+0000] {logging_mixin.py:190} INFO - [2025-01-01T21:57:28.993+0000] {dag.py:4180} INFO - Setting next_dagrun for example_subdag_operator.section-1 to None, run_after=None
[2025-01-01T21:57:28.994+0000] {logging_mixin.py:190} INFO - [2025-01-01T21:57:28.993+0000] {dag.py:4180} INFO - Setting next_dagrun for example_subdag_operator.section-2 to None, run_after=None
[2025-01-01T21:57:29.003+0000] {processor.py:208} INFO - Processing /home/airflow/.local/lib/python3.12/site-packages/airflow/example_dags/example_subdag_operator.py took 0.090 seconds
[2025-01-01T21:57:59.575+0000] {processor.py:186} INFO - Started process (PID=1240) to work on /home/airflow/.local/lib/python3.12/site-packages/airflow/example_dags/example_subdag_operator.py
[2025-01-01T21:57:59.575+0000] {processor.py:914} INFO - Processing file /home/airflow/.local/lib/python3.12/site-packages/airflow/example_dags/example_subdag_operator.py for tasks to queue
[2025-01-01T21:57:59.577+0000] {logging_mixin.py:190} INFO - [2025-01-01T21:57:59.577+0000] {dagbag.py:588} INFO - Filling up the DagBag from /home/airflow/.local/lib/python3.12/site-packages/airflow/example_dags/example_subdag_operator.py
[2025-01-01T21:57:59.600+0000] {processor.py:925} INFO - DAG(s) 'example_subdag_operator.section-1', 'example_subdag_operator.section-2', 'example_subdag_operator' retrieved from /home/airflow/.local/lib/python3.12/site-packages/airflow/example_dags/example_subdag_operator.py
[2025-01-01T21:57:59.612+0000] {logging_mixin.py:190} INFO - [2025-01-01T21:57:59.612+0000] {dag.py:3239} INFO - Sync 3 DAGs
[2025-01-01T21:57:59.631+0000] {logging_mixin.py:190} INFO - [2025-01-01T21:57:59.631+0000] {dag.py:4180} INFO - Setting next_dagrun for example_subdag_operator to 2022-01-01 00:00:00+00:00, run_after=2022-01-01 00:00:00+00:00
[2025-01-01T21:57:59.634+0000] {logging_mixin.py:190} INFO - [2025-01-01T21:57:59.634+0000] {dag.py:4180} INFO - Setting next_dagrun for example_subdag_operator.section-1 to None, run_after=None
[2025-01-01T21:57:59.635+0000] {logging_mixin.py:190} INFO - [2025-01-01T21:57:59.635+0000] {dag.py:4180} INFO - Setting next_dagrun for example_subdag_operator.section-2 to None, run_after=None
[2025-01-01T21:57:59.641+0000] {logging_mixin.py:190} INFO - [2025-01-01T21:57:59.641+0000] {dag.py:3239} INFO - Sync 2 DAGs
[2025-01-01T21:57:59.645+0000] {logging_mixin.py:190} INFO - [2025-01-01T21:57:59.645+0000] {dag.py:4180} INFO - Setting next_dagrun for example_subdag_operator.section-1 to None, run_after=None
[2025-01-01T21:57:59.645+0000] {logging_mixin.py:190} INFO - [2025-01-01T21:57:59.645+0000] {dag.py:4180} INFO - Setting next_dagrun for example_subdag_operator.section-2 to None, run_after=None
[2025-01-01T21:57:59.655+0000] {processor.py:208} INFO - Processing /home/airflow/.local/lib/python3.12/site-packages/airflow/example_dags/example_subdag_operator.py took 0.086 seconds
[2025-01-01T21:58:31.029+0000] {processor.py:186} INFO - Started process (PID=1303) to work on /home/airflow/.local/lib/python3.12/site-packages/airflow/example_dags/example_subdag_operator.py
[2025-01-01T21:58:31.030+0000] {processor.py:914} INFO - Processing file /home/airflow/.local/lib/python3.12/site-packages/airflow/example_dags/example_subdag_operator.py for tasks to queue
[2025-01-01T21:58:31.032+0000] {logging_mixin.py:190} INFO - [2025-01-01T21:58:31.031+0000] {dagbag.py:588} INFO - Filling up the DagBag from /home/airflow/.local/lib/python3.12/site-packages/airflow/example_dags/example_subdag_operator.py
[2025-01-01T21:58:31.053+0000] {processor.py:925} INFO - DAG(s) 'example_subdag_operator.section-1', 'example_subdag_operator.section-2', 'example_subdag_operator' retrieved from /home/airflow/.local/lib/python3.12/site-packages/airflow/example_dags/example_subdag_operator.py
[2025-01-01T21:58:31.065+0000] {logging_mixin.py:190} INFO - [2025-01-01T21:58:31.065+0000] {dag.py:3239} INFO - Sync 3 DAGs
[2025-01-01T21:58:31.084+0000] {logging_mixin.py:190} INFO - [2025-01-01T21:58:31.084+0000] {dag.py:4180} INFO - Setting next_dagrun for example_subdag_operator to 2022-01-01 00:00:00+00:00, run_after=2022-01-01 00:00:00+00:00
[2025-01-01T21:58:31.087+0000] {logging_mixin.py:190} INFO - [2025-01-01T21:58:31.087+0000] {dag.py:4180} INFO - Setting next_dagrun for example_subdag_operator.section-1 to None, run_after=None
[2025-01-01T21:58:31.088+0000] {logging_mixin.py:190} INFO - [2025-01-01T21:58:31.088+0000] {dag.py:4180} INFO - Setting next_dagrun for example_subdag_operator.section-2 to None, run_after=None
[2025-01-01T21:58:31.094+0000] {logging_mixin.py:190} INFO - [2025-01-01T21:58:31.094+0000] {dag.py:3239} INFO - Sync 2 DAGs
[2025-01-01T21:58:31.098+0000] {logging_mixin.py:190} INFO - [2025-01-01T21:58:31.098+0000] {dag.py:4180} INFO - Setting next_dagrun for example_subdag_operator.section-1 to None, run_after=None
[2025-01-01T21:58:31.099+0000] {logging_mixin.py:190} INFO - [2025-01-01T21:58:31.098+0000] {dag.py:4180} INFO - Setting next_dagrun for example_subdag_operator.section-2 to None, run_after=None
[2025-01-01T21:58:31.108+0000] {processor.py:208} INFO - Processing /home/airflow/.local/lib/python3.12/site-packages/airflow/example_dags/example_subdag_operator.py took 0.084 seconds
[2025-01-01T21:59:02.026+0000] {processor.py:186} INFO - Started process (PID=1368) to work on /home/airflow/.local/lib/python3.12/site-packages/airflow/example_dags/example_subdag_operator.py
[2025-01-01T21:59:02.027+0000] {processor.py:914} INFO - Processing file /home/airflow/.local/lib/python3.12/site-packages/airflow/example_dags/example_subdag_operator.py for tasks to queue
[2025-01-01T21:59:02.028+0000] {logging_mixin.py:190} INFO - [2025-01-01T21:59:02.028+0000] {dagbag.py:588} INFO - Filling up the DagBag from /home/airflow/.local/lib/python3.12/site-packages/airflow/example_dags/example_subdag_operator.py
[2025-01-01T21:59:02.051+0000] {processor.py:925} INFO - DAG(s) 'example_subdag_operator.section-1', 'example_subdag_operator.section-2', 'example_subdag_operator' retrieved from /home/airflow/.local/lib/python3.12/site-packages/airflow/example_dags/example_subdag_operator.py
[2025-01-01T21:59:02.063+0000] {logging_mixin.py:190} INFO - [2025-01-01T21:59:02.063+0000] {dag.py:3239} INFO - Sync 3 DAGs
[2025-01-01T21:59:02.082+0000] {logging_mixin.py:190} INFO - [2025-01-01T21:59:02.082+0000] {dag.py:4180} INFO - Setting next_dagrun for example_subdag_operator to 2022-01-01 00:00:00+00:00, run_after=2022-01-01 00:00:00+00:00
[2025-01-01T21:59:02.085+0000] {logging_mixin.py:190} INFO - [2025-01-01T21:59:02.085+0000] {dag.py:4180} INFO - Setting next_dagrun for example_subdag_operator.section-1 to None, run_after=None
[2025-01-01T21:59:02.086+0000] {logging_mixin.py:190} INFO - [2025-01-01T21:59:02.086+0000] {dag.py:4180} INFO - Setting next_dagrun for example_subdag_operator.section-2 to None, run_after=None
[2025-01-01T21:59:02.091+0000] {logging_mixin.py:190} INFO - [2025-01-01T21:59:02.091+0000] {dag.py:3239} INFO - Sync 2 DAGs
[2025-01-01T21:59:02.095+0000] {logging_mixin.py:190} INFO - [2025-01-01T21:59:02.095+0000] {dag.py:4180} INFO - Setting next_dagrun for example_subdag_operator.section-1 to None, run_after=None
[2025-01-01T21:59:02.096+0000] {logging_mixin.py:190} INFO - [2025-01-01T21:59:02.096+0000] {dag.py:4180} INFO - Setting next_dagrun for example_subdag_operator.section-2 to None, run_after=None
[2025-01-01T21:59:02.105+0000] {processor.py:208} INFO - Processing /home/airflow/.local/lib/python3.12/site-packages/airflow/example_dags/example_subdag_operator.py took 0.084 seconds
