[2025-01-01T21:48:43.525+0000] {processor.py:186} INFO - Started process (PID=102) to work on /home/airflow/.local/lib/python3.12/site-packages/airflow/example_dags/example_inlet_event_extra.py
[2025-01-01T21:48:43.526+0000] {processor.py:914} INFO - Processing file /home/airflow/.local/lib/python3.12/site-packages/airflow/example_dags/example_inlet_event_extra.py for tasks to queue
[2025-01-01T21:48:43.528+0000] {logging_mixin.py:190} INFO - [2025-01-01T21:48:43.528+0000] {dagbag.py:588} INFO - Filling up the DagBag from /home/airflow/.local/lib/python3.12/site-packages/airflow/example_dags/example_inlet_event_extra.py
[2025-01-01T21:48:44.157+0000] {processor.py:925} INFO - DAG(s) 'read_dataset_event', 'read_dataset_event_from_classic' retrieved from /home/airflow/.local/lib/python3.12/site-packages/airflow/example_dags/example_inlet_event_extra.py
[2025-01-01T21:48:44.251+0000] {logging_mixin.py:190} INFO - [2025-01-01T21:48:44.250+0000] {override.py:1911} INFO - Created Permission View: can edit on DAG:read_dataset_event
[2025-01-01T21:48:44.261+0000] {logging_mixin.py:190} INFO - [2025-01-01T21:48:44.260+0000] {override.py:1911} INFO - Created Permission View: can delete on DAG:read_dataset_event
[2025-01-01T21:48:44.269+0000] {logging_mixin.py:190} INFO - [2025-01-01T21:48:44.268+0000] {override.py:1911} INFO - Created Permission View: can read on DAG:read_dataset_event
[2025-01-01T21:48:44.277+0000] {logging_mixin.py:190} INFO - [2025-01-01T21:48:44.277+0000] {override.py:1911} INFO - Created Permission View: can delete on DAG Run:read_dataset_event
[2025-01-01T21:48:44.284+0000] {logging_mixin.py:190} INFO - [2025-01-01T21:48:44.284+0000] {override.py:1911} INFO - Created Permission View: can read on DAG Run:read_dataset_event
[2025-01-01T21:48:44.291+0000] {logging_mixin.py:190} INFO - [2025-01-01T21:48:44.290+0000] {override.py:1911} INFO - Created Permission View: can create on DAG Run:read_dataset_event
[2025-01-01T21:48:44.298+0000] {logging_mixin.py:190} INFO - [2025-01-01T21:48:44.298+0000] {override.py:1911} INFO - Created Permission View: menu access on DAG Run:read_dataset_event
[2025-01-01T21:48:44.311+0000] {logging_mixin.py:190} INFO - [2025-01-01T21:48:44.311+0000] {override.py:1911} INFO - Created Permission View: can edit on DAG:read_dataset_event_from_classic
[2025-01-01T21:48:44.319+0000] {logging_mixin.py:190} INFO - [2025-01-01T21:48:44.319+0000] {override.py:1911} INFO - Created Permission View: can delete on DAG:read_dataset_event_from_classic
[2025-01-01T21:48:44.326+0000] {logging_mixin.py:190} INFO - [2025-01-01T21:48:44.326+0000] {override.py:1911} INFO - Created Permission View: can read on DAG:read_dataset_event_from_classic
[2025-01-01T21:48:44.337+0000] {logging_mixin.py:190} INFO - [2025-01-01T21:48:44.336+0000] {override.py:1911} INFO - Created Permission View: can delete on DAG Run:read_dataset_event_from_classic
[2025-01-01T21:48:44.348+0000] {logging_mixin.py:190} INFO - [2025-01-01T21:48:44.348+0000] {override.py:1911} INFO - Created Permission View: can read on DAG Run:read_dataset_event_from_classic
[2025-01-01T21:48:44.359+0000] {logging_mixin.py:190} INFO - [2025-01-01T21:48:44.359+0000] {override.py:1911} INFO - Created Permission View: can create on DAG Run:read_dataset_event_from_classic
[2025-01-01T21:48:44.368+0000] {logging_mixin.py:190} INFO - [2025-01-01T21:48:44.368+0000] {override.py:1911} INFO - Created Permission View: menu access on DAG Run:read_dataset_event_from_classic
[2025-01-01T21:48:44.368+0000] {logging_mixin.py:190} INFO - [2025-01-01T21:48:44.368+0000] {dag.py:3239} INFO - Sync 2 DAGs
[2025-01-01T21:48:44.383+0000] {logging_mixin.py:190} INFO - [2025-01-01T21:48:44.382+0000] {dag.py:3262} INFO - Creating ORM DAG for read_dataset_event
[2025-01-01T21:48:44.384+0000] {logging_mixin.py:190} INFO - [2025-01-01T21:48:44.384+0000] {dag.py:3262} INFO - Creating ORM DAG for read_dataset_event_from_classic
[2025-01-01T21:48:44.397+0000] {logging_mixin.py:190} INFO - [2025-01-01T21:48:44.397+0000] {dag.py:4180} INFO - Setting next_dagrun for read_dataset_event to 2024-12-31 00:00:00+00:00, run_after=2025-01-01 00:00:00+00:00
[2025-01-01T21:48:44.400+0000] {logging_mixin.py:190} INFO - [2025-01-01T21:48:44.399+0000] {dag.py:4180} INFO - Setting next_dagrun for read_dataset_event_from_classic to 2024-12-31 00:00:00+00:00, run_after=2025-01-01 00:00:00+00:00
[2025-01-01T21:48:44.420+0000] {processor.py:208} INFO - Processing /home/airflow/.local/lib/python3.12/site-packages/airflow/example_dags/example_inlet_event_extra.py took 0.900 seconds
[2025-01-01T21:49:15.324+0000] {processor.py:186} INFO - Started process (PID=167) to work on /home/airflow/.local/lib/python3.12/site-packages/airflow/example_dags/example_inlet_event_extra.py
[2025-01-01T21:49:15.325+0000] {processor.py:914} INFO - Processing file /home/airflow/.local/lib/python3.12/site-packages/airflow/example_dags/example_inlet_event_extra.py for tasks to queue
[2025-01-01T21:49:15.326+0000] {logging_mixin.py:190} INFO - [2025-01-01T21:49:15.326+0000] {dagbag.py:588} INFO - Filling up the DagBag from /home/airflow/.local/lib/python3.12/site-packages/airflow/example_dags/example_inlet_event_extra.py
[2025-01-01T21:49:15.852+0000] {processor.py:925} INFO - DAG(s) 'read_dataset_event_from_classic', 'read_dataset_event' retrieved from /home/airflow/.local/lib/python3.12/site-packages/airflow/example_dags/example_inlet_event_extra.py
[2025-01-01T21:49:15.871+0000] {logging_mixin.py:190} INFO - [2025-01-01T21:49:15.871+0000] {dag.py:3239} INFO - Sync 2 DAGs
[2025-01-01T21:49:15.891+0000] {logging_mixin.py:190} INFO - [2025-01-01T21:49:15.891+0000] {dag.py:4180} INFO - Setting next_dagrun for read_dataset_event to 2024-12-31 00:00:00+00:00, run_after=2025-01-01 00:00:00+00:00
[2025-01-01T21:49:15.896+0000] {logging_mixin.py:190} INFO - [2025-01-01T21:49:15.896+0000] {dag.py:4180} INFO - Setting next_dagrun for read_dataset_event_from_classic to 2024-12-31 00:00:00+00:00, run_after=2025-01-01 00:00:00+00:00
[2025-01-01T21:49:15.913+0000] {processor.py:208} INFO - Processing /home/airflow/.local/lib/python3.12/site-packages/airflow/example_dags/example_inlet_event_extra.py took 0.595 seconds
[2025-01-01T21:49:46.773+0000] {processor.py:186} INFO - Started process (PID=230) to work on /home/airflow/.local/lib/python3.12/site-packages/airflow/example_dags/example_inlet_event_extra.py
[2025-01-01T21:49:46.774+0000] {processor.py:914} INFO - Processing file /home/airflow/.local/lib/python3.12/site-packages/airflow/example_dags/example_inlet_event_extra.py for tasks to queue
[2025-01-01T21:49:46.776+0000] {logging_mixin.py:190} INFO - [2025-01-01T21:49:46.775+0000] {dagbag.py:588} INFO - Filling up the DagBag from /home/airflow/.local/lib/python3.12/site-packages/airflow/example_dags/example_inlet_event_extra.py
[2025-01-01T21:49:47.296+0000] {processor.py:925} INFO - DAG(s) 'read_dataset_event_from_classic', 'read_dataset_event' retrieved from /home/airflow/.local/lib/python3.12/site-packages/airflow/example_dags/example_inlet_event_extra.py
[2025-01-01T21:49:47.316+0000] {logging_mixin.py:190} INFO - [2025-01-01T21:49:47.316+0000] {dag.py:3239} INFO - Sync 2 DAGs
[2025-01-01T21:49:47.341+0000] {logging_mixin.py:190} INFO - [2025-01-01T21:49:47.341+0000] {dag.py:4180} INFO - Setting next_dagrun for read_dataset_event to 2024-12-31 00:00:00+00:00, run_after=2025-01-01 00:00:00+00:00
[2025-01-01T21:49:47.346+0000] {logging_mixin.py:190} INFO - [2025-01-01T21:49:47.346+0000] {dag.py:4180} INFO - Setting next_dagrun for read_dataset_event_from_classic to 2024-12-31 00:00:00+00:00, run_after=2025-01-01 00:00:00+00:00
[2025-01-01T21:49:47.359+0000] {processor.py:208} INFO - Processing /home/airflow/.local/lib/python3.12/site-packages/airflow/example_dags/example_inlet_event_extra.py took 0.592 seconds
[2025-01-01T21:50:17.552+0000] {processor.py:186} INFO - Started process (PID=293) to work on /home/airflow/.local/lib/python3.12/site-packages/airflow/example_dags/example_inlet_event_extra.py
[2025-01-01T21:50:17.553+0000] {processor.py:914} INFO - Processing file /home/airflow/.local/lib/python3.12/site-packages/airflow/example_dags/example_inlet_event_extra.py for tasks to queue
[2025-01-01T21:50:17.555+0000] {logging_mixin.py:190} INFO - [2025-01-01T21:50:17.555+0000] {dagbag.py:588} INFO - Filling up the DagBag from /home/airflow/.local/lib/python3.12/site-packages/airflow/example_dags/example_inlet_event_extra.py
[2025-01-01T21:50:18.177+0000] {processor.py:925} INFO - DAG(s) 'read_dataset_event', 'read_dataset_event_from_classic' retrieved from /home/airflow/.local/lib/python3.12/site-packages/airflow/example_dags/example_inlet_event_extra.py
[2025-01-01T21:50:18.198+0000] {logging_mixin.py:190} INFO - [2025-01-01T21:50:18.198+0000] {dag.py:3239} INFO - Sync 2 DAGs
[2025-01-01T21:50:18.219+0000] {logging_mixin.py:190} INFO - [2025-01-01T21:50:18.219+0000] {dag.py:4180} INFO - Setting next_dagrun for read_dataset_event to 2024-12-31 00:00:00+00:00, run_after=2025-01-01 00:00:00+00:00
[2025-01-01T21:50:18.224+0000] {logging_mixin.py:190} INFO - [2025-01-01T21:50:18.224+0000] {dag.py:4180} INFO - Setting next_dagrun for read_dataset_event_from_classic to 2024-12-31 00:00:00+00:00, run_after=2025-01-01 00:00:00+00:00
[2025-01-01T21:50:18.241+0000] {processor.py:208} INFO - Processing /home/airflow/.local/lib/python3.12/site-packages/airflow/example_dags/example_inlet_event_extra.py took 0.694 seconds
[2025-01-01T21:50:48.726+0000] {processor.py:186} INFO - Started process (PID=358) to work on /home/airflow/.local/lib/python3.12/site-packages/airflow/example_dags/example_inlet_event_extra.py
[2025-01-01T21:50:48.727+0000] {processor.py:914} INFO - Processing file /home/airflow/.local/lib/python3.12/site-packages/airflow/example_dags/example_inlet_event_extra.py for tasks to queue
[2025-01-01T21:50:48.729+0000] {logging_mixin.py:190} INFO - [2025-01-01T21:50:48.729+0000] {dagbag.py:588} INFO - Filling up the DagBag from /home/airflow/.local/lib/python3.12/site-packages/airflow/example_dags/example_inlet_event_extra.py
[2025-01-01T21:50:49.239+0000] {processor.py:925} INFO - DAG(s) 'read_dataset_event_from_classic', 'read_dataset_event' retrieved from /home/airflow/.local/lib/python3.12/site-packages/airflow/example_dags/example_inlet_event_extra.py
[2025-01-01T21:50:49.260+0000] {logging_mixin.py:190} INFO - [2025-01-01T21:50:49.260+0000] {dag.py:3239} INFO - Sync 2 DAGs
[2025-01-01T21:50:49.290+0000] {logging_mixin.py:190} INFO - [2025-01-01T21:50:49.290+0000] {dag.py:4180} INFO - Setting next_dagrun for read_dataset_event to 2024-12-31 00:00:00+00:00, run_after=2025-01-01 00:00:00+00:00
[2025-01-01T21:50:49.294+0000] {logging_mixin.py:190} INFO - [2025-01-01T21:50:49.294+0000] {dag.py:4180} INFO - Setting next_dagrun for read_dataset_event_from_classic to 2024-12-31 00:00:00+00:00, run_after=2025-01-01 00:00:00+00:00
[2025-01-01T21:50:49.309+0000] {processor.py:208} INFO - Processing /home/airflow/.local/lib/python3.12/site-packages/airflow/example_dags/example_inlet_event_extra.py took 0.589 seconds
[2025-01-01T21:51:19.459+0000] {processor.py:186} INFO - Started process (PID=425) to work on /home/airflow/.local/lib/python3.12/site-packages/airflow/example_dags/example_inlet_event_extra.py
[2025-01-01T21:51:19.460+0000] {processor.py:914} INFO - Processing file /home/airflow/.local/lib/python3.12/site-packages/airflow/example_dags/example_inlet_event_extra.py for tasks to queue
[2025-01-01T21:51:19.462+0000] {logging_mixin.py:190} INFO - [2025-01-01T21:51:19.462+0000] {dagbag.py:588} INFO - Filling up the DagBag from /home/airflow/.local/lib/python3.12/site-packages/airflow/example_dags/example_inlet_event_extra.py
[2025-01-01T21:51:19.966+0000] {processor.py:925} INFO - DAG(s) 'read_dataset_event_from_classic', 'read_dataset_event' retrieved from /home/airflow/.local/lib/python3.12/site-packages/airflow/example_dags/example_inlet_event_extra.py
[2025-01-01T21:51:19.985+0000] {logging_mixin.py:190} INFO - [2025-01-01T21:51:19.984+0000] {dag.py:3239} INFO - Sync 2 DAGs
[2025-01-01T21:51:20.006+0000] {logging_mixin.py:190} INFO - [2025-01-01T21:51:20.006+0000] {dag.py:4180} INFO - Setting next_dagrun for read_dataset_event to 2024-12-31 00:00:00+00:00, run_after=2025-01-01 00:00:00+00:00
[2025-01-01T21:51:20.011+0000] {logging_mixin.py:190} INFO - [2025-01-01T21:51:20.011+0000] {dag.py:4180} INFO - Setting next_dagrun for read_dataset_event_from_classic to 2024-12-31 00:00:00+00:00, run_after=2025-01-01 00:00:00+00:00
[2025-01-01T21:51:20.025+0000] {processor.py:208} INFO - Processing /home/airflow/.local/lib/python3.12/site-packages/airflow/example_dags/example_inlet_event_extra.py took 0.571 seconds
[2025-01-01T21:51:50.511+0000] {processor.py:186} INFO - Started process (PID=487) to work on /home/airflow/.local/lib/python3.12/site-packages/airflow/example_dags/example_inlet_event_extra.py
[2025-01-01T21:51:50.512+0000] {processor.py:914} INFO - Processing file /home/airflow/.local/lib/python3.12/site-packages/airflow/example_dags/example_inlet_event_extra.py for tasks to queue
[2025-01-01T21:51:50.514+0000] {logging_mixin.py:190} INFO - [2025-01-01T21:51:50.514+0000] {dagbag.py:588} INFO - Filling up the DagBag from /home/airflow/.local/lib/python3.12/site-packages/airflow/example_dags/example_inlet_event_extra.py
[2025-01-01T21:51:51.026+0000] {processor.py:925} INFO - DAG(s) 'read_dataset_event', 'read_dataset_event_from_classic' retrieved from /home/airflow/.local/lib/python3.12/site-packages/airflow/example_dags/example_inlet_event_extra.py
[2025-01-01T21:51:51.050+0000] {logging_mixin.py:190} INFO - [2025-01-01T21:51:51.050+0000] {dag.py:3239} INFO - Sync 2 DAGs
[2025-01-01T21:51:51.072+0000] {logging_mixin.py:190} INFO - [2025-01-01T21:51:51.072+0000] {dag.py:4180} INFO - Setting next_dagrun for read_dataset_event to 2024-12-31 00:00:00+00:00, run_after=2025-01-01 00:00:00+00:00
[2025-01-01T21:51:51.077+0000] {logging_mixin.py:190} INFO - [2025-01-01T21:51:51.077+0000] {dag.py:4180} INFO - Setting next_dagrun for read_dataset_event_from_classic to 2024-12-31 00:00:00+00:00, run_after=2025-01-01 00:00:00+00:00
[2025-01-01T21:51:51.091+0000] {processor.py:208} INFO - Processing /home/airflow/.local/lib/python3.12/site-packages/airflow/example_dags/example_inlet_event_extra.py took 0.585 seconds
[2025-01-01T21:52:22.030+0000] {processor.py:186} INFO - Started process (PID=550) to work on /home/airflow/.local/lib/python3.12/site-packages/airflow/example_dags/example_inlet_event_extra.py
[2025-01-01T21:52:22.031+0000] {processor.py:914} INFO - Processing file /home/airflow/.local/lib/python3.12/site-packages/airflow/example_dags/example_inlet_event_extra.py for tasks to queue
[2025-01-01T21:52:22.033+0000] {logging_mixin.py:190} INFO - [2025-01-01T21:52:22.033+0000] {dagbag.py:588} INFO - Filling up the DagBag from /home/airflow/.local/lib/python3.12/site-packages/airflow/example_dags/example_inlet_event_extra.py
[2025-01-01T21:52:22.537+0000] {processor.py:925} INFO - DAG(s) 'read_dataset_event', 'read_dataset_event_from_classic' retrieved from /home/airflow/.local/lib/python3.12/site-packages/airflow/example_dags/example_inlet_event_extra.py
[2025-01-01T21:52:22.557+0000] {logging_mixin.py:190} INFO - [2025-01-01T21:52:22.556+0000] {dag.py:3239} INFO - Sync 2 DAGs
[2025-01-01T21:52:22.579+0000] {logging_mixin.py:190} INFO - [2025-01-01T21:52:22.579+0000] {dag.py:4180} INFO - Setting next_dagrun for read_dataset_event to 2024-12-31 00:00:00+00:00, run_after=2025-01-01 00:00:00+00:00
[2025-01-01T21:52:22.584+0000] {logging_mixin.py:190} INFO - [2025-01-01T21:52:22.583+0000] {dag.py:4180} INFO - Setting next_dagrun for read_dataset_event_from_classic to 2024-12-31 00:00:00+00:00, run_after=2025-01-01 00:00:00+00:00
[2025-01-01T21:52:22.598+0000] {processor.py:208} INFO - Processing /home/airflow/.local/lib/python3.12/site-packages/airflow/example_dags/example_inlet_event_extra.py took 0.574 seconds
[2025-01-01T21:52:52.688+0000] {processor.py:186} INFO - Started process (PID=613) to work on /home/airflow/.local/lib/python3.12/site-packages/airflow/example_dags/example_inlet_event_extra.py
[2025-01-01T21:52:52.689+0000] {processor.py:914} INFO - Processing file /home/airflow/.local/lib/python3.12/site-packages/airflow/example_dags/example_inlet_event_extra.py for tasks to queue
[2025-01-01T21:52:52.691+0000] {logging_mixin.py:190} INFO - [2025-01-01T21:52:52.691+0000] {dagbag.py:588} INFO - Filling up the DagBag from /home/airflow/.local/lib/python3.12/site-packages/airflow/example_dags/example_inlet_event_extra.py
[2025-01-01T21:52:53.218+0000] {processor.py:925} INFO - DAG(s) 'read_dataset_event_from_classic', 'read_dataset_event' retrieved from /home/airflow/.local/lib/python3.12/site-packages/airflow/example_dags/example_inlet_event_extra.py
[2025-01-01T21:52:53.240+0000] {logging_mixin.py:190} INFO - [2025-01-01T21:52:53.240+0000] {dag.py:3239} INFO - Sync 2 DAGs
[2025-01-01T21:52:53.265+0000] {logging_mixin.py:190} INFO - [2025-01-01T21:52:53.265+0000] {dag.py:4180} INFO - Setting next_dagrun for read_dataset_event to 2024-12-31 00:00:00+00:00, run_after=2025-01-01 00:00:00+00:00
[2025-01-01T21:52:53.271+0000] {logging_mixin.py:190} INFO - [2025-01-01T21:52:53.270+0000] {dag.py:4180} INFO - Setting next_dagrun for read_dataset_event_from_classic to 2024-12-31 00:00:00+00:00, run_after=2025-01-01 00:00:00+00:00
[2025-01-01T21:52:53.286+0000] {processor.py:208} INFO - Processing /home/airflow/.local/lib/python3.12/site-packages/airflow/example_dags/example_inlet_event_extra.py took 0.603 seconds
[2025-01-01T21:53:23.580+0000] {processor.py:186} INFO - Started process (PID=676) to work on /home/airflow/.local/lib/python3.12/site-packages/airflow/example_dags/example_inlet_event_extra.py
[2025-01-01T21:53:23.581+0000] {processor.py:914} INFO - Processing file /home/airflow/.local/lib/python3.12/site-packages/airflow/example_dags/example_inlet_event_extra.py for tasks to queue
[2025-01-01T21:53:23.583+0000] {logging_mixin.py:190} INFO - [2025-01-01T21:53:23.583+0000] {dagbag.py:588} INFO - Filling up the DagBag from /home/airflow/.local/lib/python3.12/site-packages/airflow/example_dags/example_inlet_event_extra.py
[2025-01-01T21:53:24.114+0000] {processor.py:925} INFO - DAG(s) 'read_dataset_event', 'read_dataset_event_from_classic' retrieved from /home/airflow/.local/lib/python3.12/site-packages/airflow/example_dags/example_inlet_event_extra.py
[2025-01-01T21:53:24.134+0000] {logging_mixin.py:190} INFO - [2025-01-01T21:53:24.134+0000] {dag.py:3239} INFO - Sync 2 DAGs
[2025-01-01T21:53:24.155+0000] {logging_mixin.py:190} INFO - [2025-01-01T21:53:24.154+0000] {dag.py:4180} INFO - Setting next_dagrun for read_dataset_event to 2024-12-31 00:00:00+00:00, run_after=2025-01-01 00:00:00+00:00
[2025-01-01T21:53:24.159+0000] {logging_mixin.py:190} INFO - [2025-01-01T21:53:24.159+0000] {dag.py:4180} INFO - Setting next_dagrun for read_dataset_event_from_classic to 2024-12-31 00:00:00+00:00, run_after=2025-01-01 00:00:00+00:00
[2025-01-01T21:53:24.174+0000] {processor.py:208} INFO - Processing /home/airflow/.local/lib/python3.12/site-packages/airflow/example_dags/example_inlet_event_extra.py took 0.598 seconds
[2025-01-01T21:53:54.812+0000] {processor.py:186} INFO - Started process (PID=739) to work on /home/airflow/.local/lib/python3.12/site-packages/airflow/example_dags/example_inlet_event_extra.py
[2025-01-01T21:53:54.813+0000] {processor.py:914} INFO - Processing file /home/airflow/.local/lib/python3.12/site-packages/airflow/example_dags/example_inlet_event_extra.py for tasks to queue
[2025-01-01T21:53:54.815+0000] {logging_mixin.py:190} INFO - [2025-01-01T21:53:54.815+0000] {dagbag.py:588} INFO - Filling up the DagBag from /home/airflow/.local/lib/python3.12/site-packages/airflow/example_dags/example_inlet_event_extra.py
[2025-01-01T21:53:55.329+0000] {processor.py:925} INFO - DAG(s) 'read_dataset_event', 'read_dataset_event_from_classic' retrieved from /home/airflow/.local/lib/python3.12/site-packages/airflow/example_dags/example_inlet_event_extra.py
[2025-01-01T21:53:55.348+0000] {logging_mixin.py:190} INFO - [2025-01-01T21:53:55.347+0000] {dag.py:3239} INFO - Sync 2 DAGs
[2025-01-01T21:53:55.367+0000] {logging_mixin.py:190} INFO - [2025-01-01T21:53:55.367+0000] {dag.py:4180} INFO - Setting next_dagrun for read_dataset_event to 2024-12-31 00:00:00+00:00, run_after=2025-01-01 00:00:00+00:00
[2025-01-01T21:53:55.371+0000] {logging_mixin.py:190} INFO - [2025-01-01T21:53:55.371+0000] {dag.py:4180} INFO - Setting next_dagrun for read_dataset_event_from_classic to 2024-12-31 00:00:00+00:00, run_after=2025-01-01 00:00:00+00:00
[2025-01-01T21:53:55.385+0000] {processor.py:208} INFO - Processing /home/airflow/.local/lib/python3.12/site-packages/airflow/example_dags/example_inlet_event_extra.py took 0.578 seconds
[2025-01-01T21:54:25.479+0000] {processor.py:186} INFO - Started process (PID=802) to work on /home/airflow/.local/lib/python3.12/site-packages/airflow/example_dags/example_inlet_event_extra.py
[2025-01-01T21:54:25.481+0000] {processor.py:914} INFO - Processing file /home/airflow/.local/lib/python3.12/site-packages/airflow/example_dags/example_inlet_event_extra.py for tasks to queue
[2025-01-01T21:54:25.483+0000] {logging_mixin.py:190} INFO - [2025-01-01T21:54:25.482+0000] {dagbag.py:588} INFO - Filling up the DagBag from /home/airflow/.local/lib/python3.12/site-packages/airflow/example_dags/example_inlet_event_extra.py
[2025-01-01T21:54:26.037+0000] {processor.py:925} INFO - DAG(s) 'read_dataset_event', 'read_dataset_event_from_classic' retrieved from /home/airflow/.local/lib/python3.12/site-packages/airflow/example_dags/example_inlet_event_extra.py
[2025-01-01T21:54:26.055+0000] {logging_mixin.py:190} INFO - [2025-01-01T21:54:26.054+0000] {dag.py:3239} INFO - Sync 2 DAGs
[2025-01-01T21:54:26.078+0000] {logging_mixin.py:190} INFO - [2025-01-01T21:54:26.078+0000] {dag.py:4180} INFO - Setting next_dagrun for read_dataset_event to 2024-12-31 00:00:00+00:00, run_after=2025-01-01 00:00:00+00:00
[2025-01-01T21:54:26.082+0000] {logging_mixin.py:190} INFO - [2025-01-01T21:54:26.082+0000] {dag.py:4180} INFO - Setting next_dagrun for read_dataset_event_from_classic to 2024-12-31 00:00:00+00:00, run_after=2025-01-01 00:00:00+00:00
[2025-01-01T21:54:26.097+0000] {processor.py:208} INFO - Processing /home/airflow/.local/lib/python3.12/site-packages/airflow/example_dags/example_inlet_event_extra.py took 0.622 seconds
[2025-01-01T21:54:56.823+0000] {processor.py:186} INFO - Started process (PID=865) to work on /home/airflow/.local/lib/python3.12/site-packages/airflow/example_dags/example_inlet_event_extra.py
[2025-01-01T21:54:56.824+0000] {processor.py:914} INFO - Processing file /home/airflow/.local/lib/python3.12/site-packages/airflow/example_dags/example_inlet_event_extra.py for tasks to queue
[2025-01-01T21:54:56.826+0000] {logging_mixin.py:190} INFO - [2025-01-01T21:54:56.826+0000] {dagbag.py:588} INFO - Filling up the DagBag from /home/airflow/.local/lib/python3.12/site-packages/airflow/example_dags/example_inlet_event_extra.py
[2025-01-01T21:54:57.366+0000] {processor.py:925} INFO - DAG(s) 'read_dataset_event_from_classic', 'read_dataset_event' retrieved from /home/airflow/.local/lib/python3.12/site-packages/airflow/example_dags/example_inlet_event_extra.py
[2025-01-01T21:54:57.383+0000] {logging_mixin.py:190} INFO - [2025-01-01T21:54:57.383+0000] {dag.py:3239} INFO - Sync 2 DAGs
[2025-01-01T21:54:57.404+0000] {logging_mixin.py:190} INFO - [2025-01-01T21:54:57.404+0000] {dag.py:4180} INFO - Setting next_dagrun for read_dataset_event to 2024-12-31 00:00:00+00:00, run_after=2025-01-01 00:00:00+00:00
[2025-01-01T21:54:57.408+0000] {logging_mixin.py:190} INFO - [2025-01-01T21:54:57.408+0000] {dag.py:4180} INFO - Setting next_dagrun for read_dataset_event_from_classic to 2024-12-31 00:00:00+00:00, run_after=2025-01-01 00:00:00+00:00
[2025-01-01T21:54:57.421+0000] {processor.py:208} INFO - Processing /home/airflow/.local/lib/python3.12/site-packages/airflow/example_dags/example_inlet_event_extra.py took 0.603 seconds
[2025-01-01T21:55:28.161+0000] {processor.py:186} INFO - Started process (PID=928) to work on /home/airflow/.local/lib/python3.12/site-packages/airflow/example_dags/example_inlet_event_extra.py
[2025-01-01T21:55:28.162+0000] {processor.py:914} INFO - Processing file /home/airflow/.local/lib/python3.12/site-packages/airflow/example_dags/example_inlet_event_extra.py for tasks to queue
[2025-01-01T21:55:28.164+0000] {logging_mixin.py:190} INFO - [2025-01-01T21:55:28.163+0000] {dagbag.py:588} INFO - Filling up the DagBag from /home/airflow/.local/lib/python3.12/site-packages/airflow/example_dags/example_inlet_event_extra.py
[2025-01-01T21:55:28.678+0000] {processor.py:925} INFO - DAG(s) 'read_dataset_event', 'read_dataset_event_from_classic' retrieved from /home/airflow/.local/lib/python3.12/site-packages/airflow/example_dags/example_inlet_event_extra.py
[2025-01-01T21:55:28.696+0000] {logging_mixin.py:190} INFO - [2025-01-01T21:55:28.696+0000] {dag.py:3239} INFO - Sync 2 DAGs
[2025-01-01T21:55:28.717+0000] {logging_mixin.py:190} INFO - [2025-01-01T21:55:28.716+0000] {dag.py:4180} INFO - Setting next_dagrun for read_dataset_event to 2024-12-31 00:00:00+00:00, run_after=2025-01-01 00:00:00+00:00
[2025-01-01T21:55:28.721+0000] {logging_mixin.py:190} INFO - [2025-01-01T21:55:28.721+0000] {dag.py:4180} INFO - Setting next_dagrun for read_dataset_event_from_classic to 2024-12-31 00:00:00+00:00, run_after=2025-01-01 00:00:00+00:00
[2025-01-01T21:55:28.735+0000] {processor.py:208} INFO - Processing /home/airflow/.local/lib/python3.12/site-packages/airflow/example_dags/example_inlet_event_extra.py took 0.579 seconds
[2025-01-01T21:55:59.188+0000] {processor.py:186} INFO - Started process (PID=991) to work on /home/airflow/.local/lib/python3.12/site-packages/airflow/example_dags/example_inlet_event_extra.py
[2025-01-01T21:55:59.189+0000] {processor.py:914} INFO - Processing file /home/airflow/.local/lib/python3.12/site-packages/airflow/example_dags/example_inlet_event_extra.py for tasks to queue
[2025-01-01T21:55:59.190+0000] {logging_mixin.py:190} INFO - [2025-01-01T21:55:59.190+0000] {dagbag.py:588} INFO - Filling up the DagBag from /home/airflow/.local/lib/python3.12/site-packages/airflow/example_dags/example_inlet_event_extra.py
[2025-01-01T21:55:59.693+0000] {processor.py:925} INFO - DAG(s) 'read_dataset_event', 'read_dataset_event_from_classic' retrieved from /home/airflow/.local/lib/python3.12/site-packages/airflow/example_dags/example_inlet_event_extra.py
[2025-01-01T21:55:59.712+0000] {logging_mixin.py:190} INFO - [2025-01-01T21:55:59.712+0000] {dag.py:3239} INFO - Sync 2 DAGs
[2025-01-01T21:55:59.732+0000] {logging_mixin.py:190} INFO - [2025-01-01T21:55:59.732+0000] {dag.py:4180} INFO - Setting next_dagrun for read_dataset_event to 2024-12-31 00:00:00+00:00, run_after=2025-01-01 00:00:00+00:00
[2025-01-01T21:55:59.736+0000] {logging_mixin.py:190} INFO - [2025-01-01T21:55:59.736+0000] {dag.py:4180} INFO - Setting next_dagrun for read_dataset_event_from_classic to 2024-12-31 00:00:00+00:00, run_after=2025-01-01 00:00:00+00:00
[2025-01-01T21:55:59.752+0000] {processor.py:208} INFO - Processing /home/airflow/.local/lib/python3.12/site-packages/airflow/example_dags/example_inlet_event_extra.py took 0.569 seconds
[2025-01-01T21:56:29.988+0000] {processor.py:186} INFO - Started process (PID=1054) to work on /home/airflow/.local/lib/python3.12/site-packages/airflow/example_dags/example_inlet_event_extra.py
[2025-01-01T21:56:29.989+0000] {processor.py:914} INFO - Processing file /home/airflow/.local/lib/python3.12/site-packages/airflow/example_dags/example_inlet_event_extra.py for tasks to queue
[2025-01-01T21:56:29.991+0000] {logging_mixin.py:190} INFO - [2025-01-01T21:56:29.990+0000] {dagbag.py:588} INFO - Filling up the DagBag from /home/airflow/.local/lib/python3.12/site-packages/airflow/example_dags/example_inlet_event_extra.py
[2025-01-01T21:56:30.514+0000] {processor.py:925} INFO - DAG(s) 'read_dataset_event', 'read_dataset_event_from_classic' retrieved from /home/airflow/.local/lib/python3.12/site-packages/airflow/example_dags/example_inlet_event_extra.py
[2025-01-01T21:56:30.532+0000] {logging_mixin.py:190} INFO - [2025-01-01T21:56:30.531+0000] {dag.py:3239} INFO - Sync 2 DAGs
[2025-01-01T21:56:30.552+0000] {logging_mixin.py:190} INFO - [2025-01-01T21:56:30.552+0000] {dag.py:4180} INFO - Setting next_dagrun for read_dataset_event to 2024-12-31 00:00:00+00:00, run_after=2025-01-01 00:00:00+00:00
[2025-01-01T21:56:30.557+0000] {logging_mixin.py:190} INFO - [2025-01-01T21:56:30.557+0000] {dag.py:4180} INFO - Setting next_dagrun for read_dataset_event_from_classic to 2024-12-31 00:00:00+00:00, run_after=2025-01-01 00:00:00+00:00
[2025-01-01T21:56:30.571+0000] {processor.py:208} INFO - Processing /home/airflow/.local/lib/python3.12/site-packages/airflow/example_dags/example_inlet_event_extra.py took 0.590 seconds
[2025-01-01T21:57:00.767+0000] {processor.py:186} INFO - Started process (PID=1117) to work on /home/airflow/.local/lib/python3.12/site-packages/airflow/example_dags/example_inlet_event_extra.py
[2025-01-01T21:57:00.768+0000] {processor.py:914} INFO - Processing file /home/airflow/.local/lib/python3.12/site-packages/airflow/example_dags/example_inlet_event_extra.py for tasks to queue
[2025-01-01T21:57:00.770+0000] {logging_mixin.py:190} INFO - [2025-01-01T21:57:00.770+0000] {dagbag.py:588} INFO - Filling up the DagBag from /home/airflow/.local/lib/python3.12/site-packages/airflow/example_dags/example_inlet_event_extra.py
[2025-01-01T21:57:01.361+0000] {processor.py:925} INFO - DAG(s) 'read_dataset_event', 'read_dataset_event_from_classic' retrieved from /home/airflow/.local/lib/python3.12/site-packages/airflow/example_dags/example_inlet_event_extra.py
[2025-01-01T21:57:01.380+0000] {logging_mixin.py:190} INFO - [2025-01-01T21:57:01.380+0000] {dag.py:3239} INFO - Sync 2 DAGs
[2025-01-01T21:57:01.401+0000] {logging_mixin.py:190} INFO - [2025-01-01T21:57:01.401+0000] {dag.py:4180} INFO - Setting next_dagrun for read_dataset_event to 2024-12-31 00:00:00+00:00, run_after=2025-01-01 00:00:00+00:00
[2025-01-01T21:57:01.406+0000] {logging_mixin.py:190} INFO - [2025-01-01T21:57:01.406+0000] {dag.py:4180} INFO - Setting next_dagrun for read_dataset_event_from_classic to 2024-12-31 00:00:00+00:00, run_after=2025-01-01 00:00:00+00:00
[2025-01-01T21:57:01.419+0000] {processor.py:208} INFO - Processing /home/airflow/.local/lib/python3.12/site-packages/airflow/example_dags/example_inlet_event_extra.py took 0.658 seconds
[2025-01-01T21:57:31.534+0000] {processor.py:186} INFO - Started process (PID=1180) to work on /home/airflow/.local/lib/python3.12/site-packages/airflow/example_dags/example_inlet_event_extra.py
[2025-01-01T21:57:31.535+0000] {processor.py:914} INFO - Processing file /home/airflow/.local/lib/python3.12/site-packages/airflow/example_dags/example_inlet_event_extra.py for tasks to queue
[2025-01-01T21:57:31.537+0000] {logging_mixin.py:190} INFO - [2025-01-01T21:57:31.537+0000] {dagbag.py:588} INFO - Filling up the DagBag from /home/airflow/.local/lib/python3.12/site-packages/airflow/example_dags/example_inlet_event_extra.py
[2025-01-01T21:57:32.051+0000] {processor.py:925} INFO - DAG(s) 'read_dataset_event_from_classic', 'read_dataset_event' retrieved from /home/airflow/.local/lib/python3.12/site-packages/airflow/example_dags/example_inlet_event_extra.py
[2025-01-01T21:57:32.070+0000] {logging_mixin.py:190} INFO - [2025-01-01T21:57:32.070+0000] {dag.py:3239} INFO - Sync 2 DAGs
[2025-01-01T21:57:32.098+0000] {logging_mixin.py:190} INFO - [2025-01-01T21:57:32.097+0000] {dag.py:4180} INFO - Setting next_dagrun for read_dataset_event to 2024-12-31 00:00:00+00:00, run_after=2025-01-01 00:00:00+00:00
[2025-01-01T21:57:32.106+0000] {logging_mixin.py:190} INFO - [2025-01-01T21:57:32.105+0000] {dag.py:4180} INFO - Setting next_dagrun for read_dataset_event_from_classic to 2024-12-31 00:00:00+00:00, run_after=2025-01-01 00:00:00+00:00
[2025-01-01T21:57:32.126+0000] {processor.py:208} INFO - Processing /home/airflow/.local/lib/python3.12/site-packages/airflow/example_dags/example_inlet_event_extra.py took 0.597 seconds
[2025-01-01T21:58:02.386+0000] {processor.py:186} INFO - Started process (PID=1243) to work on /home/airflow/.local/lib/python3.12/site-packages/airflow/example_dags/example_inlet_event_extra.py
[2025-01-01T21:58:02.386+0000] {processor.py:914} INFO - Processing file /home/airflow/.local/lib/python3.12/site-packages/airflow/example_dags/example_inlet_event_extra.py for tasks to queue
[2025-01-01T21:58:02.388+0000] {logging_mixin.py:190} INFO - [2025-01-01T21:58:02.388+0000] {dagbag.py:588} INFO - Filling up the DagBag from /home/airflow/.local/lib/python3.12/site-packages/airflow/example_dags/example_inlet_event_extra.py
[2025-01-01T21:58:02.861+0000] {processor.py:925} INFO - DAG(s) 'read_dataset_event_from_classic', 'read_dataset_event' retrieved from /home/airflow/.local/lib/python3.12/site-packages/airflow/example_dags/example_inlet_event_extra.py
[2025-01-01T21:58:02.883+0000] {logging_mixin.py:190} INFO - [2025-01-01T21:58:02.883+0000] {dag.py:3239} INFO - Sync 2 DAGs
[2025-01-01T21:58:02.905+0000] {logging_mixin.py:190} INFO - [2025-01-01T21:58:02.904+0000] {dag.py:4180} INFO - Setting next_dagrun for read_dataset_event to 2024-12-31 00:00:00+00:00, run_after=2025-01-01 00:00:00+00:00
[2025-01-01T21:58:02.908+0000] {logging_mixin.py:190} INFO - [2025-01-01T21:58:02.908+0000] {dag.py:4180} INFO - Setting next_dagrun for read_dataset_event_from_classic to 2024-12-31 00:00:00+00:00, run_after=2025-01-01 00:00:00+00:00
[2025-01-01T21:58:02.922+0000] {processor.py:208} INFO - Processing /home/airflow/.local/lib/python3.12/site-packages/airflow/example_dags/example_inlet_event_extra.py took 0.541 seconds
[2025-01-01T21:58:33.156+0000] {processor.py:186} INFO - Started process (PID=1306) to work on /home/airflow/.local/lib/python3.12/site-packages/airflow/example_dags/example_inlet_event_extra.py
[2025-01-01T21:58:33.157+0000] {processor.py:914} INFO - Processing file /home/airflow/.local/lib/python3.12/site-packages/airflow/example_dags/example_inlet_event_extra.py for tasks to queue
[2025-01-01T21:58:33.159+0000] {logging_mixin.py:190} INFO - [2025-01-01T21:58:33.159+0000] {dagbag.py:588} INFO - Filling up the DagBag from /home/airflow/.local/lib/python3.12/site-packages/airflow/example_dags/example_inlet_event_extra.py
[2025-01-01T21:58:33.677+0000] {processor.py:925} INFO - DAG(s) 'read_dataset_event_from_classic', 'read_dataset_event' retrieved from /home/airflow/.local/lib/python3.12/site-packages/airflow/example_dags/example_inlet_event_extra.py
[2025-01-01T21:58:33.695+0000] {logging_mixin.py:190} INFO - [2025-01-01T21:58:33.695+0000] {dag.py:3239} INFO - Sync 2 DAGs
[2025-01-01T21:58:33.715+0000] {logging_mixin.py:190} INFO - [2025-01-01T21:58:33.714+0000] {dag.py:4180} INFO - Setting next_dagrun for read_dataset_event to 2024-12-31 00:00:00+00:00, run_after=2025-01-01 00:00:00+00:00
[2025-01-01T21:58:33.719+0000] {logging_mixin.py:190} INFO - [2025-01-01T21:58:33.719+0000] {dag.py:4180} INFO - Setting next_dagrun for read_dataset_event_from_classic to 2024-12-31 00:00:00+00:00, run_after=2025-01-01 00:00:00+00:00
[2025-01-01T21:58:33.732+0000] {processor.py:208} INFO - Processing /home/airflow/.local/lib/python3.12/site-packages/airflow/example_dags/example_inlet_event_extra.py took 0.581 seconds
[2025-01-01T21:59:04.150+0000] {processor.py:186} INFO - Started process (PID=1369) to work on /home/airflow/.local/lib/python3.12/site-packages/airflow/example_dags/example_inlet_event_extra.py
[2025-01-01T21:59:04.151+0000] {processor.py:914} INFO - Processing file /home/airflow/.local/lib/python3.12/site-packages/airflow/example_dags/example_inlet_event_extra.py for tasks to queue
[2025-01-01T21:59:04.153+0000] {logging_mixin.py:190} INFO - [2025-01-01T21:59:04.152+0000] {dagbag.py:588} INFO - Filling up the DagBag from /home/airflow/.local/lib/python3.12/site-packages/airflow/example_dags/example_inlet_event_extra.py
[2025-01-01T21:59:04.663+0000] {processor.py:925} INFO - DAG(s) 'read_dataset_event_from_classic', 'read_dataset_event' retrieved from /home/airflow/.local/lib/python3.12/site-packages/airflow/example_dags/example_inlet_event_extra.py
[2025-01-01T21:59:04.687+0000] {logging_mixin.py:190} INFO - [2025-01-01T21:59:04.687+0000] {dag.py:3239} INFO - Sync 2 DAGs
[2025-01-01T21:59:04.712+0000] {logging_mixin.py:190} INFO - [2025-01-01T21:59:04.711+0000] {dag.py:4180} INFO - Setting next_dagrun for read_dataset_event to 2024-12-31 00:00:00+00:00, run_after=2025-01-01 00:00:00+00:00
[2025-01-01T21:59:04.718+0000] {logging_mixin.py:190} INFO - [2025-01-01T21:59:04.717+0000] {dag.py:4180} INFO - Setting next_dagrun for read_dataset_event_from_classic to 2024-12-31 00:00:00+00:00, run_after=2025-01-01 00:00:00+00:00
[2025-01-01T21:59:04.735+0000] {processor.py:208} INFO - Processing /home/airflow/.local/lib/python3.12/site-packages/airflow/example_dags/example_inlet_event_extra.py took 0.590 seconds
