[2025-01-01T21:48:44.108+0000] {processor.py:186} INFO - Started process (PID=105) to work on /home/airflow/.local/lib/python3.12/site-packages/airflow/example_dags/example_dataset_alias_with_no_taskflow.py
[2025-01-01T21:48:44.110+0000] {processor.py:914} INFO - Processing file /home/airflow/.local/lib/python3.12/site-packages/airflow/example_dags/example_dataset_alias_with_no_taskflow.py for tasks to queue
[2025-01-01T21:48:44.112+0000] {logging_mixin.py:190} INFO - [2025-01-01T21:48:44.112+0000] {dagbag.py:588} INFO - Filling up the DagBag from /home/airflow/.local/lib/python3.12/site-packages/airflow/example_dags/example_dataset_alias_with_no_taskflow.py
[2025-01-01T21:48:44.707+0000] {processor.py:925} INFO - DAG(s) 'dataset_alias_example_alias_consumer_with_no_taskflow', 'dataset_s3_bucket_consumer_with_no_taskflow', 'dataset_alias_example_alias_producer_with_no_taskflow', 'dataset_s3_bucket_producer_with_no_taskflow' retrieved from /home/airflow/.local/lib/python3.12/site-packages/airflow/example_dags/example_dataset_alias_with_no_taskflow.py
[2025-01-01T21:48:44.790+0000] {logging_mixin.py:190} INFO - [2025-01-01T21:48:44.789+0000] {override.py:1911} INFO - Created Permission View: can edit on DAG:dataset_alias_example_alias_consumer_with_no_taskflow
[2025-01-01T21:48:44.800+0000] {logging_mixin.py:190} INFO - [2025-01-01T21:48:44.799+0000] {override.py:1911} INFO - Created Permission View: can delete on DAG:dataset_alias_example_alias_consumer_with_no_taskflow
[2025-01-01T21:48:44.807+0000] {logging_mixin.py:190} INFO - [2025-01-01T21:48:44.806+0000] {override.py:1911} INFO - Created Permission View: can read on DAG:dataset_alias_example_alias_consumer_with_no_taskflow
[2025-01-01T21:48:44.815+0000] {logging_mixin.py:190} INFO - [2025-01-01T21:48:44.815+0000] {override.py:1911} INFO - Created Permission View: can delete on DAG Run:dataset_alias_example_alias_consumer_with_no_taskflow
[2025-01-01T21:48:44.822+0000] {logging_mixin.py:190} INFO - [2025-01-01T21:48:44.822+0000] {override.py:1911} INFO - Created Permission View: can read on DAG Run:dataset_alias_example_alias_consumer_with_no_taskflow
[2025-01-01T21:48:44.829+0000] {logging_mixin.py:190} INFO - [2025-01-01T21:48:44.829+0000] {override.py:1911} INFO - Created Permission View: can create on DAG Run:dataset_alias_example_alias_consumer_with_no_taskflow
[2025-01-01T21:48:44.837+0000] {logging_mixin.py:190} INFO - [2025-01-01T21:48:44.836+0000] {override.py:1911} INFO - Created Permission View: menu access on DAG Run:dataset_alias_example_alias_consumer_with_no_taskflow
[2025-01-01T21:48:44.850+0000] {logging_mixin.py:190} INFO - [2025-01-01T21:48:44.850+0000] {override.py:1911} INFO - Created Permission View: can edit on DAG:dataset_s3_bucket_consumer_with_no_taskflow
[2025-01-01T21:48:44.857+0000] {logging_mixin.py:190} INFO - [2025-01-01T21:48:44.857+0000] {override.py:1911} INFO - Created Permission View: can delete on DAG:dataset_s3_bucket_consumer_with_no_taskflow
[2025-01-01T21:48:44.865+0000] {logging_mixin.py:190} INFO - [2025-01-01T21:48:44.864+0000] {override.py:1911} INFO - Created Permission View: can read on DAG:dataset_s3_bucket_consumer_with_no_taskflow
[2025-01-01T21:48:44.873+0000] {logging_mixin.py:190} INFO - [2025-01-01T21:48:44.873+0000] {override.py:1911} INFO - Created Permission View: can delete on DAG Run:dataset_s3_bucket_consumer_with_no_taskflow
[2025-01-01T21:48:44.881+0000] {logging_mixin.py:190} INFO - [2025-01-01T21:48:44.880+0000] {override.py:1911} INFO - Created Permission View: can read on DAG Run:dataset_s3_bucket_consumer_with_no_taskflow
[2025-01-01T21:48:44.888+0000] {logging_mixin.py:190} INFO - [2025-01-01T21:48:44.887+0000] {override.py:1911} INFO - Created Permission View: can create on DAG Run:dataset_s3_bucket_consumer_with_no_taskflow
[2025-01-01T21:48:44.895+0000] {logging_mixin.py:190} INFO - [2025-01-01T21:48:44.894+0000] {override.py:1911} INFO - Created Permission View: menu access on DAG Run:dataset_s3_bucket_consumer_with_no_taskflow
[2025-01-01T21:48:44.910+0000] {logging_mixin.py:190} INFO - [2025-01-01T21:48:44.910+0000] {override.py:1911} INFO - Created Permission View: can edit on DAG:dataset_alias_example_alias_producer_with_no_taskflow
[2025-01-01T21:48:44.918+0000] {logging_mixin.py:190} INFO - [2025-01-01T21:48:44.918+0000] {override.py:1911} INFO - Created Permission View: can delete on DAG:dataset_alias_example_alias_producer_with_no_taskflow
[2025-01-01T21:48:44.925+0000] {logging_mixin.py:190} INFO - [2025-01-01T21:48:44.925+0000] {override.py:1911} INFO - Created Permission View: can read on DAG:dataset_alias_example_alias_producer_with_no_taskflow
[2025-01-01T21:48:44.934+0000] {logging_mixin.py:190} INFO - [2025-01-01T21:48:44.934+0000] {override.py:1911} INFO - Created Permission View: can delete on DAG Run:dataset_alias_example_alias_producer_with_no_taskflow
[2025-01-01T21:48:44.941+0000] {logging_mixin.py:190} INFO - [2025-01-01T21:48:44.940+0000] {override.py:1911} INFO - Created Permission View: can read on DAG Run:dataset_alias_example_alias_producer_with_no_taskflow
[2025-01-01T21:48:44.948+0000] {logging_mixin.py:190} INFO - [2025-01-01T21:48:44.948+0000] {override.py:1911} INFO - Created Permission View: can create on DAG Run:dataset_alias_example_alias_producer_with_no_taskflow
[2025-01-01T21:48:44.955+0000] {logging_mixin.py:190} INFO - [2025-01-01T21:48:44.955+0000] {override.py:1911} INFO - Created Permission View: menu access on DAG Run:dataset_alias_example_alias_producer_with_no_taskflow
[2025-01-01T21:48:44.969+0000] {logging_mixin.py:190} INFO - [2025-01-01T21:48:44.968+0000] {override.py:1911} INFO - Created Permission View: can edit on DAG:dataset_s3_bucket_producer_with_no_taskflow
[2025-01-01T21:48:44.976+0000] {logging_mixin.py:190} INFO - [2025-01-01T21:48:44.976+0000] {override.py:1911} INFO - Created Permission View: can delete on DAG:dataset_s3_bucket_producer_with_no_taskflow
[2025-01-01T21:48:44.983+0000] {logging_mixin.py:190} INFO - [2025-01-01T21:48:44.982+0000] {override.py:1911} INFO - Created Permission View: can read on DAG:dataset_s3_bucket_producer_with_no_taskflow
[2025-01-01T21:48:44.991+0000] {logging_mixin.py:190} INFO - [2025-01-01T21:48:44.990+0000] {override.py:1911} INFO - Created Permission View: can delete on DAG Run:dataset_s3_bucket_producer_with_no_taskflow
[2025-01-01T21:48:44.998+0000] {logging_mixin.py:190} INFO - [2025-01-01T21:48:44.998+0000] {override.py:1911} INFO - Created Permission View: can read on DAG Run:dataset_s3_bucket_producer_with_no_taskflow
[2025-01-01T21:48:45.005+0000] {logging_mixin.py:190} INFO - [2025-01-01T21:48:45.004+0000] {override.py:1911} INFO - Created Permission View: can create on DAG Run:dataset_s3_bucket_producer_with_no_taskflow
[2025-01-01T21:48:45.011+0000] {logging_mixin.py:190} INFO - [2025-01-01T21:48:45.011+0000] {override.py:1911} INFO - Created Permission View: menu access on DAG Run:dataset_s3_bucket_producer_with_no_taskflow
[2025-01-01T21:48:45.012+0000] {logging_mixin.py:190} INFO - [2025-01-01T21:48:45.012+0000] {dag.py:3239} INFO - Sync 4 DAGs
[2025-01-01T21:48:45.025+0000] {logging_mixin.py:190} INFO - [2025-01-01T21:48:45.024+0000] {dag.py:3262} INFO - Creating ORM DAG for dataset_s3_bucket_consumer_with_no_taskflow
[2025-01-01T21:48:45.026+0000] {logging_mixin.py:190} INFO - [2025-01-01T21:48:45.025+0000] {dag.py:3262} INFO - Creating ORM DAG for dataset_alias_example_alias_producer_with_no_taskflow
[2025-01-01T21:48:45.026+0000] {logging_mixin.py:190} INFO - [2025-01-01T21:48:45.026+0000] {dag.py:3262} INFO - Creating ORM DAG for dataset_s3_bucket_producer_with_no_taskflow
[2025-01-01T21:48:45.027+0000] {logging_mixin.py:190} INFO - [2025-01-01T21:48:45.027+0000] {dag.py:3262} INFO - Creating ORM DAG for dataset_alias_example_alias_consumer_with_no_taskflow
[2025-01-01T21:48:45.036+0000] {logging_mixin.py:190} INFO - [2025-01-01T21:48:45.036+0000] {dag.py:4180} INFO - Setting next_dagrun for dataset_alias_example_alias_consumer_with_no_taskflow to None, run_after=None
[2025-01-01T21:48:45.037+0000] {logging_mixin.py:190} INFO - [2025-01-01T21:48:45.037+0000] {dag.py:4180} INFO - Setting next_dagrun for dataset_alias_example_alias_producer_with_no_taskflow to None, run_after=None
[2025-01-01T21:48:45.037+0000] {logging_mixin.py:190} INFO - [2025-01-01T21:48:45.037+0000] {dag.py:4180} INFO - Setting next_dagrun for dataset_s3_bucket_consumer_with_no_taskflow to None, run_after=None
[2025-01-01T21:48:45.038+0000] {logging_mixin.py:190} INFO - [2025-01-01T21:48:45.038+0000] {dag.py:4180} INFO - Setting next_dagrun for dataset_s3_bucket_producer_with_no_taskflow to None, run_after=None
[2025-01-01T21:48:45.066+0000] {processor.py:208} INFO - Processing /home/airflow/.local/lib/python3.12/site-packages/airflow/example_dags/example_dataset_alias_with_no_taskflow.py took 0.963 seconds
[2025-01-01T21:49:15.326+0000] {processor.py:186} INFO - Started process (PID=168) to work on /home/airflow/.local/lib/python3.12/site-packages/airflow/example_dags/example_dataset_alias_with_no_taskflow.py
[2025-01-01T21:49:15.327+0000] {processor.py:914} INFO - Processing file /home/airflow/.local/lib/python3.12/site-packages/airflow/example_dags/example_dataset_alias_with_no_taskflow.py for tasks to queue
[2025-01-01T21:49:15.329+0000] {logging_mixin.py:190} INFO - [2025-01-01T21:49:15.329+0000] {dagbag.py:588} INFO - Filling up the DagBag from /home/airflow/.local/lib/python3.12/site-packages/airflow/example_dags/example_dataset_alias_with_no_taskflow.py
[2025-01-01T21:49:15.865+0000] {processor.py:925} INFO - DAG(s) 'dataset_alias_example_alias_producer_with_no_taskflow', 'dataset_s3_bucket_producer_with_no_taskflow', 'dataset_s3_bucket_consumer_with_no_taskflow', 'dataset_alias_example_alias_consumer_with_no_taskflow' retrieved from /home/airflow/.local/lib/python3.12/site-packages/airflow/example_dags/example_dataset_alias_with_no_taskflow.py
[2025-01-01T21:49:15.883+0000] {logging_mixin.py:190} INFO - [2025-01-01T21:49:15.883+0000] {dag.py:3239} INFO - Sync 4 DAGs
[2025-01-01T21:49:15.903+0000] {logging_mixin.py:190} INFO - [2025-01-01T21:49:15.902+0000] {dag.py:4180} INFO - Setting next_dagrun for dataset_alias_example_alias_consumer_with_no_taskflow to None, run_after=None
[2025-01-01T21:49:15.905+0000] {logging_mixin.py:190} INFO - [2025-01-01T21:49:15.905+0000] {dag.py:4180} INFO - Setting next_dagrun for dataset_alias_example_alias_producer_with_no_taskflow to None, run_after=None
[2025-01-01T21:49:15.906+0000] {logging_mixin.py:190} INFO - [2025-01-01T21:49:15.906+0000] {dag.py:4180} INFO - Setting next_dagrun for dataset_s3_bucket_consumer_with_no_taskflow to None, run_after=None
[2025-01-01T21:49:15.907+0000] {logging_mixin.py:190} INFO - [2025-01-01T21:49:15.907+0000] {dag.py:4180} INFO - Setting next_dagrun for dataset_s3_bucket_producer_with_no_taskflow to None, run_after=None
[2025-01-01T21:49:15.926+0000] {processor.py:208} INFO - Processing /home/airflow/.local/lib/python3.12/site-packages/airflow/example_dags/example_dataset_alias_with_no_taskflow.py took 0.605 seconds
[2025-01-01T21:49:46.775+0000] {processor.py:186} INFO - Started process (PID=231) to work on /home/airflow/.local/lib/python3.12/site-packages/airflow/example_dags/example_dataset_alias_with_no_taskflow.py
[2025-01-01T21:49:46.776+0000] {processor.py:914} INFO - Processing file /home/airflow/.local/lib/python3.12/site-packages/airflow/example_dags/example_dataset_alias_with_no_taskflow.py for tasks to queue
[2025-01-01T21:49:46.778+0000] {logging_mixin.py:190} INFO - [2025-01-01T21:49:46.777+0000] {dagbag.py:588} INFO - Filling up the DagBag from /home/airflow/.local/lib/python3.12/site-packages/airflow/example_dags/example_dataset_alias_with_no_taskflow.py
[2025-01-01T21:49:47.317+0000] {processor.py:925} INFO - DAG(s) 'dataset_alias_example_alias_producer_with_no_taskflow', 'dataset_alias_example_alias_consumer_with_no_taskflow', 'dataset_s3_bucket_consumer_with_no_taskflow', 'dataset_s3_bucket_producer_with_no_taskflow' retrieved from /home/airflow/.local/lib/python3.12/site-packages/airflow/example_dags/example_dataset_alias_with_no_taskflow.py
[2025-01-01T21:49:47.336+0000] {logging_mixin.py:190} INFO - [2025-01-01T21:49:47.335+0000] {dag.py:3239} INFO - Sync 4 DAGs
[2025-01-01T21:49:47.355+0000] {logging_mixin.py:190} INFO - [2025-01-01T21:49:47.355+0000] {dag.py:4180} INFO - Setting next_dagrun for dataset_alias_example_alias_consumer_with_no_taskflow to None, run_after=None
[2025-01-01T21:49:47.358+0000] {logging_mixin.py:190} INFO - [2025-01-01T21:49:47.358+0000] {dag.py:4180} INFO - Setting next_dagrun for dataset_alias_example_alias_producer_with_no_taskflow to None, run_after=None
[2025-01-01T21:49:47.360+0000] {logging_mixin.py:190} INFO - [2025-01-01T21:49:47.360+0000] {dag.py:4180} INFO - Setting next_dagrun for dataset_s3_bucket_consumer_with_no_taskflow to None, run_after=None
[2025-01-01T21:49:47.361+0000] {logging_mixin.py:190} INFO - [2025-01-01T21:49:47.361+0000] {dag.py:4180} INFO - Setting next_dagrun for dataset_s3_bucket_producer_with_no_taskflow to None, run_after=None
[2025-01-01T21:49:47.380+0000] {processor.py:208} INFO - Processing /home/airflow/.local/lib/python3.12/site-packages/airflow/example_dags/example_dataset_alias_with_no_taskflow.py took 0.610 seconds
[2025-01-01T21:50:17.553+0000] {processor.py:186} INFO - Started process (PID=294) to work on /home/airflow/.local/lib/python3.12/site-packages/airflow/example_dags/example_dataset_alias_with_no_taskflow.py
[2025-01-01T21:50:17.554+0000] {processor.py:914} INFO - Processing file /home/airflow/.local/lib/python3.12/site-packages/airflow/example_dags/example_dataset_alias_with_no_taskflow.py for tasks to queue
[2025-01-01T21:50:17.556+0000] {logging_mixin.py:190} INFO - [2025-01-01T21:50:17.556+0000] {dagbag.py:588} INFO - Filling up the DagBag from /home/airflow/.local/lib/python3.12/site-packages/airflow/example_dags/example_dataset_alias_with_no_taskflow.py
[2025-01-01T21:50:18.142+0000] {processor.py:925} INFO - DAG(s) 'dataset_s3_bucket_producer_with_no_taskflow', 'dataset_alias_example_alias_consumer_with_no_taskflow', 'dataset_alias_example_alias_producer_with_no_taskflow', 'dataset_s3_bucket_consumer_with_no_taskflow' retrieved from /home/airflow/.local/lib/python3.12/site-packages/airflow/example_dags/example_dataset_alias_with_no_taskflow.py
[2025-01-01T21:50:18.162+0000] {logging_mixin.py:190} INFO - [2025-01-01T21:50:18.162+0000] {dag.py:3239} INFO - Sync 4 DAGs
[2025-01-01T21:50:18.184+0000] {logging_mixin.py:190} INFO - [2025-01-01T21:50:18.184+0000] {dag.py:4180} INFO - Setting next_dagrun for dataset_alias_example_alias_consumer_with_no_taskflow to None, run_after=None
[2025-01-01T21:50:18.187+0000] {logging_mixin.py:190} INFO - [2025-01-01T21:50:18.187+0000] {dag.py:4180} INFO - Setting next_dagrun for dataset_alias_example_alias_producer_with_no_taskflow to None, run_after=None
[2025-01-01T21:50:18.189+0000] {logging_mixin.py:190} INFO - [2025-01-01T21:50:18.188+0000] {dag.py:4180} INFO - Setting next_dagrun for dataset_s3_bucket_consumer_with_no_taskflow to None, run_after=None
[2025-01-01T21:50:18.190+0000] {logging_mixin.py:190} INFO - [2025-01-01T21:50:18.190+0000] {dag.py:4180} INFO - Setting next_dagrun for dataset_s3_bucket_producer_with_no_taskflow to None, run_after=None
[2025-01-01T21:50:18.209+0000] {processor.py:208} INFO - Processing /home/airflow/.local/lib/python3.12/site-packages/airflow/example_dags/example_dataset_alias_with_no_taskflow.py took 0.660 seconds
[2025-01-01T21:50:48.256+0000] {processor.py:186} INFO - Started process (PID=357) to work on /home/airflow/.local/lib/python3.12/site-packages/airflow/example_dags/example_dataset_alias_with_no_taskflow.py
[2025-01-01T21:50:48.257+0000] {processor.py:914} INFO - Processing file /home/airflow/.local/lib/python3.12/site-packages/airflow/example_dags/example_dataset_alias_with_no_taskflow.py for tasks to queue
[2025-01-01T21:50:48.259+0000] {logging_mixin.py:190} INFO - [2025-01-01T21:50:48.258+0000] {dagbag.py:588} INFO - Filling up the DagBag from /home/airflow/.local/lib/python3.12/site-packages/airflow/example_dags/example_dataset_alias_with_no_taskflow.py
[2025-01-01T21:50:48.740+0000] {processor.py:925} INFO - DAG(s) 'dataset_alias_example_alias_consumer_with_no_taskflow', 'dataset_alias_example_alias_producer_with_no_taskflow', 'dataset_s3_bucket_producer_with_no_taskflow', 'dataset_s3_bucket_consumer_with_no_taskflow' retrieved from /home/airflow/.local/lib/python3.12/site-packages/airflow/example_dags/example_dataset_alias_with_no_taskflow.py
[2025-01-01T21:50:48.757+0000] {logging_mixin.py:190} INFO - [2025-01-01T21:50:48.757+0000] {dag.py:3239} INFO - Sync 4 DAGs
[2025-01-01T21:50:48.776+0000] {logging_mixin.py:190} INFO - [2025-01-01T21:50:48.775+0000] {dag.py:4180} INFO - Setting next_dagrun for dataset_alias_example_alias_consumer_with_no_taskflow to None, run_after=None
[2025-01-01T21:50:48.778+0000] {logging_mixin.py:190} INFO - [2025-01-01T21:50:48.778+0000] {dag.py:4180} INFO - Setting next_dagrun for dataset_alias_example_alias_producer_with_no_taskflow to None, run_after=None
[2025-01-01T21:50:48.779+0000] {logging_mixin.py:190} INFO - [2025-01-01T21:50:48.779+0000] {dag.py:4180} INFO - Setting next_dagrun for dataset_s3_bucket_consumer_with_no_taskflow to None, run_after=None
[2025-01-01T21:50:48.780+0000] {logging_mixin.py:190} INFO - [2025-01-01T21:50:48.780+0000] {dag.py:4180} INFO - Setting next_dagrun for dataset_s3_bucket_producer_with_no_taskflow to None, run_after=None
[2025-01-01T21:50:48.798+0000] {processor.py:208} INFO - Processing /home/airflow/.local/lib/python3.12/site-packages/airflow/example_dags/example_dataset_alias_with_no_taskflow.py took 0.547 seconds
[2025-01-01T21:51:19.058+0000] {processor.py:186} INFO - Started process (PID=420) to work on /home/airflow/.local/lib/python3.12/site-packages/airflow/example_dags/example_dataset_alias_with_no_taskflow.py
[2025-01-01T21:51:19.059+0000] {processor.py:914} INFO - Processing file /home/airflow/.local/lib/python3.12/site-packages/airflow/example_dags/example_dataset_alias_with_no_taskflow.py for tasks to queue
[2025-01-01T21:51:19.061+0000] {logging_mixin.py:190} INFO - [2025-01-01T21:51:19.061+0000] {dagbag.py:588} INFO - Filling up the DagBag from /home/airflow/.local/lib/python3.12/site-packages/airflow/example_dags/example_dataset_alias_with_no_taskflow.py
[2025-01-01T21:51:19.608+0000] {processor.py:925} INFO - DAG(s) 'dataset_s3_bucket_producer_with_no_taskflow', 'dataset_alias_example_alias_producer_with_no_taskflow', 'dataset_s3_bucket_consumer_with_no_taskflow', 'dataset_alias_example_alias_consumer_with_no_taskflow' retrieved from /home/airflow/.local/lib/python3.12/site-packages/airflow/example_dags/example_dataset_alias_with_no_taskflow.py
[2025-01-01T21:51:19.629+0000] {logging_mixin.py:190} INFO - [2025-01-01T21:51:19.628+0000] {dag.py:3239} INFO - Sync 4 DAGs
[2025-01-01T21:51:19.649+0000] {logging_mixin.py:190} INFO - [2025-01-01T21:51:19.648+0000] {dag.py:4180} INFO - Setting next_dagrun for dataset_alias_example_alias_consumer_with_no_taskflow to None, run_after=None
[2025-01-01T21:51:19.651+0000] {logging_mixin.py:190} INFO - [2025-01-01T21:51:19.651+0000] {dag.py:4180} INFO - Setting next_dagrun for dataset_alias_example_alias_producer_with_no_taskflow to None, run_after=None
[2025-01-01T21:51:19.652+0000] {logging_mixin.py:190} INFO - [2025-01-01T21:51:19.652+0000] {dag.py:4180} INFO - Setting next_dagrun for dataset_s3_bucket_consumer_with_no_taskflow to None, run_after=None
[2025-01-01T21:51:19.654+0000] {logging_mixin.py:190} INFO - [2025-01-01T21:51:19.654+0000] {dag.py:4180} INFO - Setting next_dagrun for dataset_s3_bucket_producer_with_no_taskflow to None, run_after=None
[2025-01-01T21:51:19.672+0000] {processor.py:208} INFO - Processing /home/airflow/.local/lib/python3.12/site-packages/airflow/example_dags/example_dataset_alias_with_no_taskflow.py took 0.618 seconds
[2025-01-01T21:51:50.512+0000] {processor.py:186} INFO - Started process (PID=488) to work on /home/airflow/.local/lib/python3.12/site-packages/airflow/example_dags/example_dataset_alias_with_no_taskflow.py
[2025-01-01T21:51:50.513+0000] {processor.py:914} INFO - Processing file /home/airflow/.local/lib/python3.12/site-packages/airflow/example_dags/example_dataset_alias_with_no_taskflow.py for tasks to queue
[2025-01-01T21:51:50.515+0000] {logging_mixin.py:190} INFO - [2025-01-01T21:51:50.515+0000] {dagbag.py:588} INFO - Filling up the DagBag from /home/airflow/.local/lib/python3.12/site-packages/airflow/example_dags/example_dataset_alias_with_no_taskflow.py
[2025-01-01T21:51:51.046+0000] {processor.py:925} INFO - DAG(s) 'dataset_alias_example_alias_consumer_with_no_taskflow', 'dataset_s3_bucket_producer_with_no_taskflow', 'dataset_alias_example_alias_producer_with_no_taskflow', 'dataset_s3_bucket_consumer_with_no_taskflow' retrieved from /home/airflow/.local/lib/python3.12/site-packages/airflow/example_dags/example_dataset_alias_with_no_taskflow.py
[2025-01-01T21:51:51.069+0000] {logging_mixin.py:190} INFO - [2025-01-01T21:51:51.068+0000] {dag.py:3239} INFO - Sync 4 DAGs
[2025-01-01T21:51:51.088+0000] {logging_mixin.py:190} INFO - [2025-01-01T21:51:51.088+0000] {dag.py:4180} INFO - Setting next_dagrun for dataset_alias_example_alias_consumer_with_no_taskflow to None, run_after=None
[2025-01-01T21:51:51.091+0000] {logging_mixin.py:190} INFO - [2025-01-01T21:51:51.091+0000] {dag.py:4180} INFO - Setting next_dagrun for dataset_alias_example_alias_producer_with_no_taskflow to None, run_after=None
[2025-01-01T21:51:51.092+0000] {logging_mixin.py:190} INFO - [2025-01-01T21:51:51.092+0000] {dag.py:4180} INFO - Setting next_dagrun for dataset_s3_bucket_consumer_with_no_taskflow to None, run_after=None
[2025-01-01T21:51:51.094+0000] {logging_mixin.py:190} INFO - [2025-01-01T21:51:51.093+0000] {dag.py:4180} INFO - Setting next_dagrun for dataset_s3_bucket_producer_with_no_taskflow to None, run_after=None
[2025-01-01T21:51:51.114+0000] {processor.py:208} INFO - Processing /home/airflow/.local/lib/python3.12/site-packages/airflow/example_dags/example_dataset_alias_with_no_taskflow.py took 0.608 seconds
[2025-01-01T21:52:22.031+0000] {processor.py:186} INFO - Started process (PID=551) to work on /home/airflow/.local/lib/python3.12/site-packages/airflow/example_dags/example_dataset_alias_with_no_taskflow.py
[2025-01-01T21:52:22.032+0000] {processor.py:914} INFO - Processing file /home/airflow/.local/lib/python3.12/site-packages/airflow/example_dags/example_dataset_alias_with_no_taskflow.py for tasks to queue
[2025-01-01T21:52:22.035+0000] {logging_mixin.py:190} INFO - [2025-01-01T21:52:22.034+0000] {dagbag.py:588} INFO - Filling up the DagBag from /home/airflow/.local/lib/python3.12/site-packages/airflow/example_dags/example_dataset_alias_with_no_taskflow.py
[2025-01-01T21:52:22.560+0000] {processor.py:925} INFO - DAG(s) 'dataset_s3_bucket_consumer_with_no_taskflow', 'dataset_alias_example_alias_producer_with_no_taskflow', 'dataset_s3_bucket_producer_with_no_taskflow', 'dataset_alias_example_alias_consumer_with_no_taskflow' retrieved from /home/airflow/.local/lib/python3.12/site-packages/airflow/example_dags/example_dataset_alias_with_no_taskflow.py
[2025-01-01T21:52:22.580+0000] {logging_mixin.py:190} INFO - [2025-01-01T21:52:22.579+0000] {dag.py:3239} INFO - Sync 4 DAGs
[2025-01-01T21:52:22.600+0000] {logging_mixin.py:190} INFO - [2025-01-01T21:52:22.600+0000] {dag.py:4180} INFO - Setting next_dagrun for dataset_alias_example_alias_consumer_with_no_taskflow to None, run_after=None
[2025-01-01T21:52:22.604+0000] {logging_mixin.py:190} INFO - [2025-01-01T21:52:22.603+0000] {dag.py:4180} INFO - Setting next_dagrun for dataset_alias_example_alias_producer_with_no_taskflow to None, run_after=None
[2025-01-01T21:52:22.605+0000] {logging_mixin.py:190} INFO - [2025-01-01T21:52:22.605+0000] {dag.py:4180} INFO - Setting next_dagrun for dataset_s3_bucket_consumer_with_no_taskflow to None, run_after=None
[2025-01-01T21:52:22.606+0000] {logging_mixin.py:190} INFO - [2025-01-01T21:52:22.606+0000] {dag.py:4180} INFO - Setting next_dagrun for dataset_s3_bucket_producer_with_no_taskflow to None, run_after=None
[2025-01-01T21:52:22.634+0000] {processor.py:208} INFO - Processing /home/airflow/.local/lib/python3.12/site-packages/airflow/example_dags/example_dataset_alias_with_no_taskflow.py took 0.607 seconds
[2025-01-01T21:52:52.689+0000] {processor.py:186} INFO - Started process (PID=614) to work on /home/airflow/.local/lib/python3.12/site-packages/airflow/example_dags/example_dataset_alias_with_no_taskflow.py
[2025-01-01T21:52:52.690+0000] {processor.py:914} INFO - Processing file /home/airflow/.local/lib/python3.12/site-packages/airflow/example_dags/example_dataset_alias_with_no_taskflow.py for tasks to queue
[2025-01-01T21:52:52.692+0000] {logging_mixin.py:190} INFO - [2025-01-01T21:52:52.692+0000] {dagbag.py:588} INFO - Filling up the DagBag from /home/airflow/.local/lib/python3.12/site-packages/airflow/example_dags/example_dataset_alias_with_no_taskflow.py
[2025-01-01T21:52:53.247+0000] {processor.py:925} INFO - DAG(s) 'dataset_alias_example_alias_consumer_with_no_taskflow', 'dataset_alias_example_alias_producer_with_no_taskflow', 'dataset_s3_bucket_producer_with_no_taskflow', 'dataset_s3_bucket_consumer_with_no_taskflow' retrieved from /home/airflow/.local/lib/python3.12/site-packages/airflow/example_dags/example_dataset_alias_with_no_taskflow.py
[2025-01-01T21:52:53.270+0000] {logging_mixin.py:190} INFO - [2025-01-01T21:52:53.269+0000] {dag.py:3239} INFO - Sync 4 DAGs
[2025-01-01T21:52:53.292+0000] {logging_mixin.py:190} INFO - [2025-01-01T21:52:53.292+0000] {dag.py:4180} INFO - Setting next_dagrun for dataset_alias_example_alias_consumer_with_no_taskflow to None, run_after=None
[2025-01-01T21:52:53.296+0000] {logging_mixin.py:190} INFO - [2025-01-01T21:52:53.295+0000] {dag.py:4180} INFO - Setting next_dagrun for dataset_alias_example_alias_producer_with_no_taskflow to None, run_after=None
[2025-01-01T21:52:53.297+0000] {logging_mixin.py:190} INFO - [2025-01-01T21:52:53.297+0000] {dag.py:4180} INFO - Setting next_dagrun for dataset_s3_bucket_consumer_with_no_taskflow to None, run_after=None
[2025-01-01T21:52:53.299+0000] {logging_mixin.py:190} INFO - [2025-01-01T21:52:53.299+0000] {dag.py:4180} INFO - Setting next_dagrun for dataset_s3_bucket_producer_with_no_taskflow to None, run_after=None
[2025-01-01T21:52:53.320+0000] {processor.py:208} INFO - Processing /home/airflow/.local/lib/python3.12/site-packages/airflow/example_dags/example_dataset_alias_with_no_taskflow.py took 0.635 seconds
[2025-01-01T21:53:23.580+0000] {processor.py:186} INFO - Started process (PID=677) to work on /home/airflow/.local/lib/python3.12/site-packages/airflow/example_dags/example_dataset_alias_with_no_taskflow.py
[2025-01-01T21:53:23.581+0000] {processor.py:914} INFO - Processing file /home/airflow/.local/lib/python3.12/site-packages/airflow/example_dags/example_dataset_alias_with_no_taskflow.py for tasks to queue
[2025-01-01T21:53:23.583+0000] {logging_mixin.py:190} INFO - [2025-01-01T21:53:23.583+0000] {dagbag.py:588} INFO - Filling up the DagBag from /home/airflow/.local/lib/python3.12/site-packages/airflow/example_dags/example_dataset_alias_with_no_taskflow.py
[2025-01-01T21:53:24.155+0000] {processor.py:925} INFO - DAG(s) 'dataset_s3_bucket_consumer_with_no_taskflow', 'dataset_s3_bucket_producer_with_no_taskflow', 'dataset_alias_example_alias_consumer_with_no_taskflow', 'dataset_alias_example_alias_producer_with_no_taskflow' retrieved from /home/airflow/.local/lib/python3.12/site-packages/airflow/example_dags/example_dataset_alias_with_no_taskflow.py
[2025-01-01T21:53:24.177+0000] {logging_mixin.py:190} INFO - [2025-01-01T21:53:24.177+0000] {dag.py:3239} INFO - Sync 4 DAGs
[2025-01-01T21:53:24.199+0000] {logging_mixin.py:190} INFO - [2025-01-01T21:53:24.198+0000] {dag.py:4180} INFO - Setting next_dagrun for dataset_alias_example_alias_consumer_with_no_taskflow to None, run_after=None
[2025-01-01T21:53:24.202+0000] {logging_mixin.py:190} INFO - [2025-01-01T21:53:24.201+0000] {dag.py:4180} INFO - Setting next_dagrun for dataset_alias_example_alias_producer_with_no_taskflow to None, run_after=None
[2025-01-01T21:53:24.203+0000] {logging_mixin.py:190} INFO - [2025-01-01T21:53:24.203+0000] {dag.py:4180} INFO - Setting next_dagrun for dataset_s3_bucket_consumer_with_no_taskflow to None, run_after=None
[2025-01-01T21:53:24.205+0000] {logging_mixin.py:190} INFO - [2025-01-01T21:53:24.205+0000] {dag.py:4180} INFO - Setting next_dagrun for dataset_s3_bucket_producer_with_no_taskflow to None, run_after=None
[2025-01-01T21:53:24.224+0000] {processor.py:208} INFO - Processing /home/airflow/.local/lib/python3.12/site-packages/airflow/example_dags/example_dataset_alias_with_no_taskflow.py took 0.648 seconds
[2025-01-01T21:53:54.812+0000] {processor.py:186} INFO - Started process (PID=740) to work on /home/airflow/.local/lib/python3.12/site-packages/airflow/example_dags/example_dataset_alias_with_no_taskflow.py
[2025-01-01T21:53:54.813+0000] {processor.py:914} INFO - Processing file /home/airflow/.local/lib/python3.12/site-packages/airflow/example_dags/example_dataset_alias_with_no_taskflow.py for tasks to queue
[2025-01-01T21:53:54.815+0000] {logging_mixin.py:190} INFO - [2025-01-01T21:53:54.815+0000] {dagbag.py:588} INFO - Filling up the DagBag from /home/airflow/.local/lib/python3.12/site-packages/airflow/example_dags/example_dataset_alias_with_no_taskflow.py
[2025-01-01T21:53:55.321+0000] {processor.py:925} INFO - DAG(s) 'dataset_alias_example_alias_producer_with_no_taskflow', 'dataset_s3_bucket_consumer_with_no_taskflow', 'dataset_s3_bucket_producer_with_no_taskflow', 'dataset_alias_example_alias_consumer_with_no_taskflow' retrieved from /home/airflow/.local/lib/python3.12/site-packages/airflow/example_dags/example_dataset_alias_with_no_taskflow.py
[2025-01-01T21:53:55.341+0000] {logging_mixin.py:190} INFO - [2025-01-01T21:53:55.341+0000] {dag.py:3239} INFO - Sync 4 DAGs
[2025-01-01T21:53:55.360+0000] {logging_mixin.py:190} INFO - [2025-01-01T21:53:55.359+0000] {dag.py:4180} INFO - Setting next_dagrun for dataset_alias_example_alias_consumer_with_no_taskflow to None, run_after=None
[2025-01-01T21:53:55.362+0000] {logging_mixin.py:190} INFO - [2025-01-01T21:53:55.362+0000] {dag.py:4180} INFO - Setting next_dagrun for dataset_alias_example_alias_producer_with_no_taskflow to None, run_after=None
[2025-01-01T21:53:55.364+0000] {logging_mixin.py:190} INFO - [2025-01-01T21:53:55.363+0000] {dag.py:4180} INFO - Setting next_dagrun for dataset_s3_bucket_consumer_with_no_taskflow to None, run_after=None
[2025-01-01T21:53:55.365+0000] {logging_mixin.py:190} INFO - [2025-01-01T21:53:55.365+0000] {dag.py:4180} INFO - Setting next_dagrun for dataset_s3_bucket_producer_with_no_taskflow to None, run_after=None
[2025-01-01T21:53:55.383+0000] {processor.py:208} INFO - Processing /home/airflow/.local/lib/python3.12/site-packages/airflow/example_dags/example_dataset_alias_with_no_taskflow.py took 0.576 seconds
[2025-01-01T21:54:25.481+0000] {processor.py:186} INFO - Started process (PID=803) to work on /home/airflow/.local/lib/python3.12/site-packages/airflow/example_dags/example_dataset_alias_with_no_taskflow.py
[2025-01-01T21:54:25.481+0000] {processor.py:914} INFO - Processing file /home/airflow/.local/lib/python3.12/site-packages/airflow/example_dags/example_dataset_alias_with_no_taskflow.py for tasks to queue
[2025-01-01T21:54:25.483+0000] {logging_mixin.py:190} INFO - [2025-01-01T21:54:25.483+0000] {dagbag.py:588} INFO - Filling up the DagBag from /home/airflow/.local/lib/python3.12/site-packages/airflow/example_dags/example_dataset_alias_with_no_taskflow.py
[2025-01-01T21:54:26.047+0000] {processor.py:925} INFO - DAG(s) 'dataset_s3_bucket_consumer_with_no_taskflow', 'dataset_s3_bucket_producer_with_no_taskflow', 'dataset_alias_example_alias_consumer_with_no_taskflow', 'dataset_alias_example_alias_producer_with_no_taskflow' retrieved from /home/airflow/.local/lib/python3.12/site-packages/airflow/example_dags/example_dataset_alias_with_no_taskflow.py
[2025-01-01T21:54:26.067+0000] {logging_mixin.py:190} INFO - [2025-01-01T21:54:26.067+0000] {dag.py:3239} INFO - Sync 4 DAGs
[2025-01-01T21:54:26.087+0000] {logging_mixin.py:190} INFO - [2025-01-01T21:54:26.087+0000] {dag.py:4180} INFO - Setting next_dagrun for dataset_alias_example_alias_consumer_with_no_taskflow to None, run_after=None
[2025-01-01T21:54:26.089+0000] {logging_mixin.py:190} INFO - [2025-01-01T21:54:26.089+0000] {dag.py:4180} INFO - Setting next_dagrun for dataset_alias_example_alias_producer_with_no_taskflow to None, run_after=None
[2025-01-01T21:54:26.091+0000] {logging_mixin.py:190} INFO - [2025-01-01T21:54:26.091+0000] {dag.py:4180} INFO - Setting next_dagrun for dataset_s3_bucket_consumer_with_no_taskflow to None, run_after=None
[2025-01-01T21:54:26.092+0000] {logging_mixin.py:190} INFO - [2025-01-01T21:54:26.092+0000] {dag.py:4180} INFO - Setting next_dagrun for dataset_s3_bucket_producer_with_no_taskflow to None, run_after=None
[2025-01-01T21:54:26.110+0000] {processor.py:208} INFO - Processing /home/airflow/.local/lib/python3.12/site-packages/airflow/example_dags/example_dataset_alias_with_no_taskflow.py took 0.635 seconds
[2025-01-01T21:54:56.824+0000] {processor.py:186} INFO - Started process (PID=866) to work on /home/airflow/.local/lib/python3.12/site-packages/airflow/example_dags/example_dataset_alias_with_no_taskflow.py
[2025-01-01T21:54:56.825+0000] {processor.py:914} INFO - Processing file /home/airflow/.local/lib/python3.12/site-packages/airflow/example_dags/example_dataset_alias_with_no_taskflow.py for tasks to queue
[2025-01-01T21:54:56.826+0000] {logging_mixin.py:190} INFO - [2025-01-01T21:54:56.826+0000] {dagbag.py:588} INFO - Filling up the DagBag from /home/airflow/.local/lib/python3.12/site-packages/airflow/example_dags/example_dataset_alias_with_no_taskflow.py
[2025-01-01T21:54:57.377+0000] {processor.py:925} INFO - DAG(s) 'dataset_s3_bucket_consumer_with_no_taskflow', 'dataset_s3_bucket_producer_with_no_taskflow', 'dataset_alias_example_alias_consumer_with_no_taskflow', 'dataset_alias_example_alias_producer_with_no_taskflow' retrieved from /home/airflow/.local/lib/python3.12/site-packages/airflow/example_dags/example_dataset_alias_with_no_taskflow.py
[2025-01-01T21:54:57.394+0000] {logging_mixin.py:190} INFO - [2025-01-01T21:54:57.394+0000] {dag.py:3239} INFO - Sync 4 DAGs
[2025-01-01T21:54:57.415+0000] {logging_mixin.py:190} INFO - [2025-01-01T21:54:57.415+0000] {dag.py:4180} INFO - Setting next_dagrun for dataset_alias_example_alias_consumer_with_no_taskflow to None, run_after=None
[2025-01-01T21:54:57.417+0000] {logging_mixin.py:190} INFO - [2025-01-01T21:54:57.417+0000] {dag.py:4180} INFO - Setting next_dagrun for dataset_alias_example_alias_producer_with_no_taskflow to None, run_after=None
[2025-01-01T21:54:57.418+0000] {logging_mixin.py:190} INFO - [2025-01-01T21:54:57.418+0000] {dag.py:4180} INFO - Setting next_dagrun for dataset_s3_bucket_consumer_with_no_taskflow to None, run_after=None
[2025-01-01T21:54:57.419+0000] {logging_mixin.py:190} INFO - [2025-01-01T21:54:57.419+0000] {dag.py:4180} INFO - Setting next_dagrun for dataset_s3_bucket_producer_with_no_taskflow to None, run_after=None
[2025-01-01T21:54:57.437+0000] {processor.py:208} INFO - Processing /home/airflow/.local/lib/python3.12/site-packages/airflow/example_dags/example_dataset_alias_with_no_taskflow.py took 0.618 seconds
[2025-01-01T21:55:28.161+0000] {processor.py:186} INFO - Started process (PID=929) to work on /home/airflow/.local/lib/python3.12/site-packages/airflow/example_dags/example_dataset_alias_with_no_taskflow.py
[2025-01-01T21:55:28.162+0000] {processor.py:914} INFO - Processing file /home/airflow/.local/lib/python3.12/site-packages/airflow/example_dags/example_dataset_alias_with_no_taskflow.py for tasks to queue
[2025-01-01T21:55:28.164+0000] {logging_mixin.py:190} INFO - [2025-01-01T21:55:28.163+0000] {dagbag.py:588} INFO - Filling up the DagBag from /home/airflow/.local/lib/python3.12/site-packages/airflow/example_dags/example_dataset_alias_with_no_taskflow.py
[2025-01-01T21:55:28.689+0000] {processor.py:925} INFO - DAG(s) 'dataset_s3_bucket_consumer_with_no_taskflow', 'dataset_s3_bucket_producer_with_no_taskflow', 'dataset_alias_example_alias_consumer_with_no_taskflow', 'dataset_alias_example_alias_producer_with_no_taskflow' retrieved from /home/airflow/.local/lib/python3.12/site-packages/airflow/example_dags/example_dataset_alias_with_no_taskflow.py
[2025-01-01T21:55:28.706+0000] {logging_mixin.py:190} INFO - [2025-01-01T21:55:28.706+0000] {dag.py:3239} INFO - Sync 4 DAGs
[2025-01-01T21:55:28.726+0000] {logging_mixin.py:190} INFO - [2025-01-01T21:55:28.726+0000] {dag.py:4180} INFO - Setting next_dagrun for dataset_alias_example_alias_consumer_with_no_taskflow to None, run_after=None
[2025-01-01T21:55:28.729+0000] {logging_mixin.py:190} INFO - [2025-01-01T21:55:28.728+0000] {dag.py:4180} INFO - Setting next_dagrun for dataset_alias_example_alias_producer_with_no_taskflow to None, run_after=None
[2025-01-01T21:55:28.730+0000] {logging_mixin.py:190} INFO - [2025-01-01T21:55:28.730+0000] {dag.py:4180} INFO - Setting next_dagrun for dataset_s3_bucket_consumer_with_no_taskflow to None, run_after=None
[2025-01-01T21:55:28.731+0000] {logging_mixin.py:190} INFO - [2025-01-01T21:55:28.731+0000] {dag.py:4180} INFO - Setting next_dagrun for dataset_s3_bucket_producer_with_no_taskflow to None, run_after=None
[2025-01-01T21:55:28.749+0000] {processor.py:208} INFO - Processing /home/airflow/.local/lib/python3.12/site-packages/airflow/example_dags/example_dataset_alias_with_no_taskflow.py took 0.592 seconds
[2025-01-01T21:55:59.188+0000] {processor.py:186} INFO - Started process (PID=992) to work on /home/airflow/.local/lib/python3.12/site-packages/airflow/example_dags/example_dataset_alias_with_no_taskflow.py
[2025-01-01T21:55:59.189+0000] {processor.py:914} INFO - Processing file /home/airflow/.local/lib/python3.12/site-packages/airflow/example_dags/example_dataset_alias_with_no_taskflow.py for tasks to queue
[2025-01-01T21:55:59.191+0000] {logging_mixin.py:190} INFO - [2025-01-01T21:55:59.190+0000] {dagbag.py:588} INFO - Filling up the DagBag from /home/airflow/.local/lib/python3.12/site-packages/airflow/example_dags/example_dataset_alias_with_no_taskflow.py
[2025-01-01T21:55:59.705+0000] {processor.py:925} INFO - DAG(s) 'dataset_s3_bucket_consumer_with_no_taskflow', 'dataset_alias_example_alias_consumer_with_no_taskflow', 'dataset_s3_bucket_producer_with_no_taskflow', 'dataset_alias_example_alias_producer_with_no_taskflow' retrieved from /home/airflow/.local/lib/python3.12/site-packages/airflow/example_dags/example_dataset_alias_with_no_taskflow.py
[2025-01-01T21:55:59.724+0000] {logging_mixin.py:190} INFO - [2025-01-01T21:55:59.723+0000] {dag.py:3239} INFO - Sync 4 DAGs
[2025-01-01T21:55:59.745+0000] {logging_mixin.py:190} INFO - [2025-01-01T21:55:59.745+0000] {dag.py:4180} INFO - Setting next_dagrun for dataset_alias_example_alias_consumer_with_no_taskflow to None, run_after=None
[2025-01-01T21:55:59.748+0000] {logging_mixin.py:190} INFO - [2025-01-01T21:55:59.748+0000] {dag.py:4180} INFO - Setting next_dagrun for dataset_alias_example_alias_producer_with_no_taskflow to None, run_after=None
[2025-01-01T21:55:59.749+0000] {logging_mixin.py:190} INFO - [2025-01-01T21:55:59.749+0000] {dag.py:4180} INFO - Setting next_dagrun for dataset_s3_bucket_consumer_with_no_taskflow to None, run_after=None
[2025-01-01T21:55:59.750+0000] {logging_mixin.py:190} INFO - [2025-01-01T21:55:59.750+0000] {dag.py:4180} INFO - Setting next_dagrun for dataset_s3_bucket_producer_with_no_taskflow to None, run_after=None
[2025-01-01T21:55:59.769+0000] {processor.py:208} INFO - Processing /home/airflow/.local/lib/python3.12/site-packages/airflow/example_dags/example_dataset_alias_with_no_taskflow.py took 0.585 seconds
[2025-01-01T21:56:29.988+0000] {processor.py:186} INFO - Started process (PID=1055) to work on /home/airflow/.local/lib/python3.12/site-packages/airflow/example_dags/example_dataset_alias_with_no_taskflow.py
[2025-01-01T21:56:29.989+0000] {processor.py:914} INFO - Processing file /home/airflow/.local/lib/python3.12/site-packages/airflow/example_dags/example_dataset_alias_with_no_taskflow.py for tasks to queue
[2025-01-01T21:56:29.991+0000] {logging_mixin.py:190} INFO - [2025-01-01T21:56:29.991+0000] {dagbag.py:588} INFO - Filling up the DagBag from /home/airflow/.local/lib/python3.12/site-packages/airflow/example_dags/example_dataset_alias_with_no_taskflow.py
[2025-01-01T21:56:30.526+0000] {processor.py:925} INFO - DAG(s) 'dataset_alias_example_alias_producer_with_no_taskflow', 'dataset_s3_bucket_consumer_with_no_taskflow', 'dataset_alias_example_alias_consumer_with_no_taskflow', 'dataset_s3_bucket_producer_with_no_taskflow' retrieved from /home/airflow/.local/lib/python3.12/site-packages/airflow/example_dags/example_dataset_alias_with_no_taskflow.py
[2025-01-01T21:56:30.544+0000] {logging_mixin.py:190} INFO - [2025-01-01T21:56:30.543+0000] {dag.py:3239} INFO - Sync 4 DAGs
[2025-01-01T21:56:30.563+0000] {logging_mixin.py:190} INFO - [2025-01-01T21:56:30.563+0000] {dag.py:4180} INFO - Setting next_dagrun for dataset_alias_example_alias_consumer_with_no_taskflow to None, run_after=None
[2025-01-01T21:56:30.565+0000] {logging_mixin.py:190} INFO - [2025-01-01T21:56:30.565+0000] {dag.py:4180} INFO - Setting next_dagrun for dataset_alias_example_alias_producer_with_no_taskflow to None, run_after=None
[2025-01-01T21:56:30.568+0000] {logging_mixin.py:190} INFO - [2025-01-01T21:56:30.568+0000] {dag.py:4180} INFO - Setting next_dagrun for dataset_s3_bucket_consumer_with_no_taskflow to None, run_after=None
[2025-01-01T21:56:30.569+0000] {logging_mixin.py:190} INFO - [2025-01-01T21:56:30.569+0000] {dag.py:4180} INFO - Setting next_dagrun for dataset_s3_bucket_producer_with_no_taskflow to None, run_after=None
[2025-01-01T21:56:30.589+0000] {processor.py:208} INFO - Processing /home/airflow/.local/lib/python3.12/site-packages/airflow/example_dags/example_dataset_alias_with_no_taskflow.py took 0.607 seconds
[2025-01-01T21:57:00.767+0000] {processor.py:186} INFO - Started process (PID=1118) to work on /home/airflow/.local/lib/python3.12/site-packages/airflow/example_dags/example_dataset_alias_with_no_taskflow.py
[2025-01-01T21:57:00.768+0000] {processor.py:914} INFO - Processing file /home/airflow/.local/lib/python3.12/site-packages/airflow/example_dags/example_dataset_alias_with_no_taskflow.py for tasks to queue
[2025-01-01T21:57:00.770+0000] {logging_mixin.py:190} INFO - [2025-01-01T21:57:00.770+0000] {dagbag.py:588} INFO - Filling up the DagBag from /home/airflow/.local/lib/python3.12/site-packages/airflow/example_dags/example_dataset_alias_with_no_taskflow.py
[2025-01-01T21:57:01.383+0000] {processor.py:925} INFO - DAG(s) 'dataset_s3_bucket_consumer_with_no_taskflow', 'dataset_alias_example_alias_producer_with_no_taskflow', 'dataset_alias_example_alias_consumer_with_no_taskflow', 'dataset_s3_bucket_producer_with_no_taskflow' retrieved from /home/airflow/.local/lib/python3.12/site-packages/airflow/example_dags/example_dataset_alias_with_no_taskflow.py
[2025-01-01T21:57:01.403+0000] {logging_mixin.py:190} INFO - [2025-01-01T21:57:01.402+0000] {dag.py:3239} INFO - Sync 4 DAGs
[2025-01-01T21:57:01.421+0000] {logging_mixin.py:190} INFO - [2025-01-01T21:57:01.421+0000] {dag.py:4180} INFO - Setting next_dagrun for dataset_alias_example_alias_consumer_with_no_taskflow to None, run_after=None
[2025-01-01T21:57:01.424+0000] {logging_mixin.py:190} INFO - [2025-01-01T21:57:01.424+0000] {dag.py:4180} INFO - Setting next_dagrun for dataset_alias_example_alias_producer_with_no_taskflow to None, run_after=None
[2025-01-01T21:57:01.425+0000] {logging_mixin.py:190} INFO - [2025-01-01T21:57:01.425+0000] {dag.py:4180} INFO - Setting next_dagrun for dataset_s3_bucket_consumer_with_no_taskflow to None, run_after=None
[2025-01-01T21:57:01.427+0000] {logging_mixin.py:190} INFO - [2025-01-01T21:57:01.427+0000] {dag.py:4180} INFO - Setting next_dagrun for dataset_s3_bucket_producer_with_no_taskflow to None, run_after=None
[2025-01-01T21:57:01.447+0000] {processor.py:208} INFO - Processing /home/airflow/.local/lib/python3.12/site-packages/airflow/example_dags/example_dataset_alias_with_no_taskflow.py took 0.685 seconds
[2025-01-01T21:57:31.536+0000] {processor.py:186} INFO - Started process (PID=1181) to work on /home/airflow/.local/lib/python3.12/site-packages/airflow/example_dags/example_dataset_alias_with_no_taskflow.py
[2025-01-01T21:57:31.537+0000] {processor.py:914} INFO - Processing file /home/airflow/.local/lib/python3.12/site-packages/airflow/example_dags/example_dataset_alias_with_no_taskflow.py for tasks to queue
[2025-01-01T21:57:31.539+0000] {logging_mixin.py:190} INFO - [2025-01-01T21:57:31.539+0000] {dagbag.py:588} INFO - Filling up the DagBag from /home/airflow/.local/lib/python3.12/site-packages/airflow/example_dags/example_dataset_alias_with_no_taskflow.py
[2025-01-01T21:57:32.067+0000] {processor.py:925} INFO - DAG(s) 'dataset_alias_example_alias_producer_with_no_taskflow', 'dataset_s3_bucket_consumer_with_no_taskflow', 'dataset_alias_example_alias_consumer_with_no_taskflow', 'dataset_s3_bucket_producer_with_no_taskflow' retrieved from /home/airflow/.local/lib/python3.12/site-packages/airflow/example_dags/example_dataset_alias_with_no_taskflow.py
[2025-01-01T21:57:32.100+0000] {logging_mixin.py:190} INFO - [2025-01-01T21:57:32.100+0000] {dag.py:3239} INFO - Sync 4 DAGs
[2025-01-01T21:57:32.130+0000] {logging_mixin.py:190} INFO - [2025-01-01T21:57:32.130+0000] {dag.py:4180} INFO - Setting next_dagrun for dataset_alias_example_alias_consumer_with_no_taskflow to None, run_after=None
[2025-01-01T21:57:32.134+0000] {logging_mixin.py:190} INFO - [2025-01-01T21:57:32.134+0000] {dag.py:4180} INFO - Setting next_dagrun for dataset_alias_example_alias_producer_with_no_taskflow to None, run_after=None
[2025-01-01T21:57:32.136+0000] {logging_mixin.py:190} INFO - [2025-01-01T21:57:32.136+0000] {dag.py:4180} INFO - Setting next_dagrun for dataset_s3_bucket_consumer_with_no_taskflow to None, run_after=None
[2025-01-01T21:57:32.137+0000] {logging_mixin.py:190} INFO - [2025-01-01T21:57:32.137+0000] {dag.py:4180} INFO - Setting next_dagrun for dataset_s3_bucket_producer_with_no_taskflow to None, run_after=None
[2025-01-01T21:57:32.171+0000] {processor.py:208} INFO - Processing /home/airflow/.local/lib/python3.12/site-packages/airflow/example_dags/example_dataset_alias_with_no_taskflow.py took 0.640 seconds
[2025-01-01T21:58:02.387+0000] {processor.py:186} INFO - Started process (PID=1244) to work on /home/airflow/.local/lib/python3.12/site-packages/airflow/example_dags/example_dataset_alias_with_no_taskflow.py
[2025-01-01T21:58:02.388+0000] {processor.py:914} INFO - Processing file /home/airflow/.local/lib/python3.12/site-packages/airflow/example_dags/example_dataset_alias_with_no_taskflow.py for tasks to queue
[2025-01-01T21:58:02.389+0000] {logging_mixin.py:190} INFO - [2025-01-01T21:58:02.389+0000] {dagbag.py:588} INFO - Filling up the DagBag from /home/airflow/.local/lib/python3.12/site-packages/airflow/example_dags/example_dataset_alias_with_no_taskflow.py
[2025-01-01T21:58:02.875+0000] {processor.py:925} INFO - DAG(s) 'dataset_alias_example_alias_consumer_with_no_taskflow', 'dataset_alias_example_alias_producer_with_no_taskflow', 'dataset_s3_bucket_consumer_with_no_taskflow', 'dataset_s3_bucket_producer_with_no_taskflow' retrieved from /home/airflow/.local/lib/python3.12/site-packages/airflow/example_dags/example_dataset_alias_with_no_taskflow.py
[2025-01-01T21:58:02.898+0000] {logging_mixin.py:190} INFO - [2025-01-01T21:58:02.898+0000] {dag.py:3239} INFO - Sync 4 DAGs
[2025-01-01T21:58:02.917+0000] {logging_mixin.py:190} INFO - [2025-01-01T21:58:02.917+0000] {dag.py:4180} INFO - Setting next_dagrun for dataset_alias_example_alias_consumer_with_no_taskflow to None, run_after=None
[2025-01-01T21:58:02.920+0000] {logging_mixin.py:190} INFO - [2025-01-01T21:58:02.920+0000] {dag.py:4180} INFO - Setting next_dagrun for dataset_alias_example_alias_producer_with_no_taskflow to None, run_after=None
[2025-01-01T21:58:02.921+0000] {logging_mixin.py:190} INFO - [2025-01-01T21:58:02.921+0000] {dag.py:4180} INFO - Setting next_dagrun for dataset_s3_bucket_consumer_with_no_taskflow to None, run_after=None
[2025-01-01T21:58:02.922+0000] {logging_mixin.py:190} INFO - [2025-01-01T21:58:02.922+0000] {dag.py:4180} INFO - Setting next_dagrun for dataset_s3_bucket_producer_with_no_taskflow to None, run_after=None
[2025-01-01T21:58:02.940+0000] {processor.py:208} INFO - Processing /home/airflow/.local/lib/python3.12/site-packages/airflow/example_dags/example_dataset_alias_with_no_taskflow.py took 0.558 seconds
[2025-01-01T21:58:33.157+0000] {processor.py:186} INFO - Started process (PID=1307) to work on /home/airflow/.local/lib/python3.12/site-packages/airflow/example_dags/example_dataset_alias_with_no_taskflow.py
[2025-01-01T21:58:33.157+0000] {processor.py:914} INFO - Processing file /home/airflow/.local/lib/python3.12/site-packages/airflow/example_dags/example_dataset_alias_with_no_taskflow.py for tasks to queue
[2025-01-01T21:58:33.159+0000] {logging_mixin.py:190} INFO - [2025-01-01T21:58:33.159+0000] {dagbag.py:588} INFO - Filling up the DagBag from /home/airflow/.local/lib/python3.12/site-packages/airflow/example_dags/example_dataset_alias_with_no_taskflow.py
[2025-01-01T21:58:33.677+0000] {processor.py:925} INFO - DAG(s) 'dataset_s3_bucket_consumer_with_no_taskflow', 'dataset_s3_bucket_producer_with_no_taskflow', 'dataset_alias_example_alias_consumer_with_no_taskflow', 'dataset_alias_example_alias_producer_with_no_taskflow' retrieved from /home/airflow/.local/lib/python3.12/site-packages/airflow/example_dags/example_dataset_alias_with_no_taskflow.py
[2025-01-01T21:58:33.696+0000] {logging_mixin.py:190} INFO - [2025-01-01T21:58:33.695+0000] {dag.py:3239} INFO - Sync 4 DAGs
[2025-01-01T21:58:33.714+0000] {logging_mixin.py:190} INFO - [2025-01-01T21:58:33.714+0000] {dag.py:4180} INFO - Setting next_dagrun for dataset_alias_example_alias_consumer_with_no_taskflow to None, run_after=None
[2025-01-01T21:58:33.716+0000] {logging_mixin.py:190} INFO - [2025-01-01T21:58:33.716+0000] {dag.py:4180} INFO - Setting next_dagrun for dataset_alias_example_alias_producer_with_no_taskflow to None, run_after=None
[2025-01-01T21:58:33.717+0000] {logging_mixin.py:190} INFO - [2025-01-01T21:58:33.717+0000] {dag.py:4180} INFO - Setting next_dagrun for dataset_s3_bucket_consumer_with_no_taskflow to None, run_after=None
[2025-01-01T21:58:33.718+0000] {logging_mixin.py:190} INFO - [2025-01-01T21:58:33.718+0000] {dag.py:4180} INFO - Setting next_dagrun for dataset_s3_bucket_producer_with_no_taskflow to None, run_after=None
[2025-01-01T21:58:33.735+0000] {processor.py:208} INFO - Processing /home/airflow/.local/lib/python3.12/site-packages/airflow/example_dags/example_dataset_alias_with_no_taskflow.py took 0.583 seconds
[2025-01-01T21:59:04.151+0000] {processor.py:186} INFO - Started process (PID=1370) to work on /home/airflow/.local/lib/python3.12/site-packages/airflow/example_dags/example_dataset_alias_with_no_taskflow.py
[2025-01-01T21:59:04.152+0000] {processor.py:914} INFO - Processing file /home/airflow/.local/lib/python3.12/site-packages/airflow/example_dags/example_dataset_alias_with_no_taskflow.py for tasks to queue
[2025-01-01T21:59:04.154+0000] {logging_mixin.py:190} INFO - [2025-01-01T21:59:04.154+0000] {dagbag.py:588} INFO - Filling up the DagBag from /home/airflow/.local/lib/python3.12/site-packages/airflow/example_dags/example_dataset_alias_with_no_taskflow.py
[2025-01-01T21:59:04.695+0000] {processor.py:925} INFO - DAG(s) 'dataset_alias_example_alias_consumer_with_no_taskflow', 'dataset_alias_example_alias_producer_with_no_taskflow', 'dataset_s3_bucket_consumer_with_no_taskflow', 'dataset_s3_bucket_producer_with_no_taskflow' retrieved from /home/airflow/.local/lib/python3.12/site-packages/airflow/example_dags/example_dataset_alias_with_no_taskflow.py
[2025-01-01T21:59:04.723+0000] {logging_mixin.py:190} INFO - [2025-01-01T21:59:04.722+0000] {dag.py:3239} INFO - Sync 4 DAGs
[2025-01-01T21:59:04.749+0000] {logging_mixin.py:190} INFO - [2025-01-01T21:59:04.748+0000] {dag.py:4180} INFO - Setting next_dagrun for dataset_alias_example_alias_consumer_with_no_taskflow to None, run_after=None
[2025-01-01T21:59:04.752+0000] {logging_mixin.py:190} INFO - [2025-01-01T21:59:04.751+0000] {dag.py:4180} INFO - Setting next_dagrun for dataset_alias_example_alias_producer_with_no_taskflow to None, run_after=None
[2025-01-01T21:59:04.754+0000] {logging_mixin.py:190} INFO - [2025-01-01T21:59:04.754+0000] {dag.py:4180} INFO - Setting next_dagrun for dataset_s3_bucket_consumer_with_no_taskflow to None, run_after=None
[2025-01-01T21:59:04.755+0000] {logging_mixin.py:190} INFO - [2025-01-01T21:59:04.755+0000] {dag.py:4180} INFO - Setting next_dagrun for dataset_s3_bucket_producer_with_no_taskflow to None, run_after=None
[2025-01-01T21:59:04.779+0000] {processor.py:208} INFO - Processing /home/airflow/.local/lib/python3.12/site-packages/airflow/example_dags/example_dataset_alias_with_no_taskflow.py took 0.633 seconds
