[2025-01-01T21:48:38.712+0000] {processor.py:186} INFO - Started process (PID=76) to work on /home/airflow/.local/lib/python3.12/site-packages/airflow/example_dags/example_datasets.py
[2025-01-01T21:48:38.713+0000] {processor.py:914} INFO - Processing file /home/airflow/.local/lib/python3.12/site-packages/airflow/example_dags/example_datasets.py for tasks to queue
[2025-01-01T21:48:38.715+0000] {logging_mixin.py:190} INFO - [2025-01-01T21:48:38.715+0000] {dagbag.py:588} INFO - Filling up the DagBag from /home/airflow/.local/lib/python3.12/site-packages/airflow/example_dags/example_datasets.py
[2025-01-01T21:48:40.388+0000] {processor.py:925} INFO - DAG(s) 'consume_1_or_2_with_dataset_expressions', 'consume_1_or_both_2_and_3_with_dataset_expressions', 'conditional_dataset_and_time_based_timetable', 'dataset_consumes_1_never_scheduled', 'dataset_produces_1', 'dataset_consumes_1', 'dataset_consumes_unknown_never_scheduled', 'dataset_produces_2', 'dataset_consumes_1_and_2', 'consume_1_and_2_with_dataset_expressions' retrieved from /home/airflow/.local/lib/python3.12/site-packages/airflow/example_dags/example_datasets.py
[2025-01-01T21:48:40.522+0000] {logging_mixin.py:190} INFO - [2025-01-01T21:48:40.521+0000] {override.py:1911} INFO - Created Permission View: can edit on DAG:consume_1_or_2_with_dataset_expressions
[2025-01-01T21:48:40.538+0000] {logging_mixin.py:190} INFO - [2025-01-01T21:48:40.537+0000] {override.py:1911} INFO - Created Permission View: can delete on DAG:consume_1_or_2_with_dataset_expressions
[2025-01-01T21:48:40.546+0000] {logging_mixin.py:190} INFO - [2025-01-01T21:48:40.545+0000] {override.py:1911} INFO - Created Permission View: can read on DAG:consume_1_or_2_with_dataset_expressions
[2025-01-01T21:48:40.561+0000] {logging_mixin.py:190} INFO - [2025-01-01T21:48:40.561+0000] {override.py:1911} INFO - Created Permission View: can delete on DAG Run:consume_1_or_2_with_dataset_expressions
[2025-01-01T21:48:40.572+0000] {logging_mixin.py:190} INFO - [2025-01-01T21:48:40.571+0000] {override.py:1911} INFO - Created Permission View: can read on DAG Run:consume_1_or_2_with_dataset_expressions
[2025-01-01T21:48:40.582+0000] {logging_mixin.py:190} INFO - [2025-01-01T21:48:40.581+0000] {override.py:1911} INFO - Created Permission View: can create on DAG Run:consume_1_or_2_with_dataset_expressions
[2025-01-01T21:48:40.592+0000] {logging_mixin.py:190} INFO - [2025-01-01T21:48:40.592+0000] {override.py:1911} INFO - Created Permission View: menu access on DAG Run:consume_1_or_2_with_dataset_expressions
[2025-01-01T21:48:40.618+0000] {logging_mixin.py:190} INFO - [2025-01-01T21:48:40.617+0000] {override.py:1911} INFO - Created Permission View: can edit on DAG:consume_1_or_both_2_and_3_with_dataset_expressions
[2025-01-01T21:48:40.634+0000] {logging_mixin.py:190} INFO - [2025-01-01T21:48:40.634+0000] {override.py:1911} INFO - Created Permission View: can delete on DAG:consume_1_or_both_2_and_3_with_dataset_expressions
[2025-01-01T21:48:40.647+0000] {logging_mixin.py:190} INFO - [2025-01-01T21:48:40.646+0000] {override.py:1911} INFO - Created Permission View: can read on DAG:consume_1_or_both_2_and_3_with_dataset_expressions
[2025-01-01T21:48:40.661+0000] {logging_mixin.py:190} INFO - [2025-01-01T21:48:40.661+0000] {override.py:1911} INFO - Created Permission View: can delete on DAG Run:consume_1_or_both_2_and_3_with_dataset_expressions
[2025-01-01T21:48:40.672+0000] {logging_mixin.py:190} INFO - [2025-01-01T21:48:40.672+0000] {override.py:1911} INFO - Created Permission View: can read on DAG Run:consume_1_or_both_2_and_3_with_dataset_expressions
[2025-01-01T21:48:40.690+0000] {logging_mixin.py:190} INFO - [2025-01-01T21:48:40.689+0000] {override.py:1911} INFO - Created Permission View: can create on DAG Run:consume_1_or_both_2_and_3_with_dataset_expressions
[2025-01-01T21:48:40.703+0000] {logging_mixin.py:190} INFO - [2025-01-01T21:48:40.702+0000] {override.py:1911} INFO - Created Permission View: menu access on DAG Run:consume_1_or_both_2_and_3_with_dataset_expressions
[2025-01-01T21:48:40.726+0000] {logging_mixin.py:190} INFO - [2025-01-01T21:48:40.726+0000] {override.py:1911} INFO - Created Permission View: can edit on DAG:conditional_dataset_and_time_based_timetable
[2025-01-01T21:48:40.736+0000] {logging_mixin.py:190} INFO - [2025-01-01T21:48:40.736+0000] {override.py:1911} INFO - Created Permission View: can delete on DAG:conditional_dataset_and_time_based_timetable
[2025-01-01T21:48:40.751+0000] {logging_mixin.py:190} INFO - [2025-01-01T21:48:40.750+0000] {override.py:1911} INFO - Created Permission View: can read on DAG:conditional_dataset_and_time_based_timetable
[2025-01-01T21:48:40.768+0000] {logging_mixin.py:190} INFO - [2025-01-01T21:48:40.767+0000] {override.py:1911} INFO - Created Permission View: can delete on DAG Run:conditional_dataset_and_time_based_timetable
[2025-01-01T21:48:40.779+0000] {logging_mixin.py:190} INFO - [2025-01-01T21:48:40.779+0000] {override.py:1911} INFO - Created Permission View: can read on DAG Run:conditional_dataset_and_time_based_timetable
[2025-01-01T21:48:40.789+0000] {logging_mixin.py:190} INFO - [2025-01-01T21:48:40.789+0000] {override.py:1911} INFO - Created Permission View: can create on DAG Run:conditional_dataset_and_time_based_timetable
[2025-01-01T21:48:40.799+0000] {logging_mixin.py:190} INFO - [2025-01-01T21:48:40.798+0000] {override.py:1911} INFO - Created Permission View: menu access on DAG Run:conditional_dataset_and_time_based_timetable
[2025-01-01T21:48:40.818+0000] {logging_mixin.py:190} INFO - [2025-01-01T21:48:40.818+0000] {override.py:1911} INFO - Created Permission View: can edit on DAG:dataset_consumes_1_never_scheduled
[2025-01-01T21:48:40.836+0000] {logging_mixin.py:190} INFO - [2025-01-01T21:48:40.836+0000] {override.py:1911} INFO - Created Permission View: can delete on DAG:dataset_consumes_1_never_scheduled
[2025-01-01T21:48:40.847+0000] {logging_mixin.py:190} INFO - [2025-01-01T21:48:40.846+0000] {override.py:1911} INFO - Created Permission View: can read on DAG:dataset_consumes_1_never_scheduled
[2025-01-01T21:48:40.856+0000] {logging_mixin.py:190} INFO - [2025-01-01T21:48:40.856+0000] {override.py:1911} INFO - Created Permission View: can delete on DAG Run:dataset_consumes_1_never_scheduled
[2025-01-01T21:48:40.866+0000] {logging_mixin.py:190} INFO - [2025-01-01T21:48:40.865+0000] {override.py:1911} INFO - Created Permission View: can read on DAG Run:dataset_consumes_1_never_scheduled
[2025-01-01T21:48:40.874+0000] {logging_mixin.py:190} INFO - [2025-01-01T21:48:40.874+0000] {override.py:1911} INFO - Created Permission View: can create on DAG Run:dataset_consumes_1_never_scheduled
[2025-01-01T21:48:40.883+0000] {logging_mixin.py:190} INFO - [2025-01-01T21:48:40.882+0000] {override.py:1911} INFO - Created Permission View: menu access on DAG Run:dataset_consumes_1_never_scheduled
[2025-01-01T21:48:40.899+0000] {logging_mixin.py:190} INFO - [2025-01-01T21:48:40.899+0000] {override.py:1911} INFO - Created Permission View: can edit on DAG:dataset_produces_1
[2025-01-01T21:48:40.906+0000] {logging_mixin.py:190} INFO - [2025-01-01T21:48:40.906+0000] {override.py:1911} INFO - Created Permission View: can delete on DAG:dataset_produces_1
[2025-01-01T21:48:40.914+0000] {logging_mixin.py:190} INFO - [2025-01-01T21:48:40.913+0000] {override.py:1911} INFO - Created Permission View: can read on DAG:dataset_produces_1
[2025-01-01T21:48:40.925+0000] {logging_mixin.py:190} INFO - [2025-01-01T21:48:40.925+0000] {override.py:1911} INFO - Created Permission View: can delete on DAG Run:dataset_produces_1
[2025-01-01T21:48:40.933+0000] {logging_mixin.py:190} INFO - [2025-01-01T21:48:40.933+0000] {override.py:1911} INFO - Created Permission View: can read on DAG Run:dataset_produces_1
[2025-01-01T21:48:40.945+0000] {logging_mixin.py:190} INFO - [2025-01-01T21:48:40.945+0000] {override.py:1911} INFO - Created Permission View: can create on DAG Run:dataset_produces_1
[2025-01-01T21:48:40.954+0000] {logging_mixin.py:190} INFO - [2025-01-01T21:48:40.954+0000] {override.py:1911} INFO - Created Permission View: menu access on DAG Run:dataset_produces_1
[2025-01-01T21:48:40.980+0000] {logging_mixin.py:190} INFO - [2025-01-01T21:48:40.979+0000] {override.py:1911} INFO - Created Permission View: can edit on DAG:dataset_consumes_1
[2025-01-01T21:48:40.999+0000] {logging_mixin.py:190} INFO - [2025-01-01T21:48:40.991+0000] {override.py:1911} INFO - Created Permission View: can delete on DAG:dataset_consumes_1
[2025-01-01T21:48:41.013+0000] {logging_mixin.py:190} INFO - [2025-01-01T21:48:41.013+0000] {override.py:1911} INFO - Created Permission View: can read on DAG:dataset_consumes_1
[2025-01-01T21:48:41.032+0000] {logging_mixin.py:190} INFO - [2025-01-01T21:48:41.031+0000] {override.py:1911} INFO - Created Permission View: can delete on DAG Run:dataset_consumes_1
[2025-01-01T21:48:41.049+0000] {logging_mixin.py:190} INFO - [2025-01-01T21:48:41.048+0000] {override.py:1911} INFO - Created Permission View: can read on DAG Run:dataset_consumes_1
[2025-01-01T21:48:41.069+0000] {logging_mixin.py:190} INFO - [2025-01-01T21:48:41.068+0000] {override.py:1911} INFO - Created Permission View: can create on DAG Run:dataset_consumes_1
[2025-01-01T21:48:41.087+0000] {logging_mixin.py:190} INFO - [2025-01-01T21:48:41.087+0000] {override.py:1911} INFO - Created Permission View: menu access on DAG Run:dataset_consumes_1
[2025-01-01T21:48:41.111+0000] {logging_mixin.py:190} INFO - [2025-01-01T21:48:41.111+0000] {override.py:1911} INFO - Created Permission View: can edit on DAG:dataset_consumes_unknown_never_scheduled
[2025-01-01T21:48:41.124+0000] {logging_mixin.py:190} INFO - [2025-01-01T21:48:41.123+0000] {override.py:1911} INFO - Created Permission View: can delete on DAG:dataset_consumes_unknown_never_scheduled
[2025-01-01T21:48:41.139+0000] {logging_mixin.py:190} INFO - [2025-01-01T21:48:41.138+0000] {override.py:1911} INFO - Created Permission View: can read on DAG:dataset_consumes_unknown_never_scheduled
[2025-01-01T21:48:41.152+0000] {logging_mixin.py:190} INFO - [2025-01-01T21:48:41.152+0000] {override.py:1911} INFO - Created Permission View: can delete on DAG Run:dataset_consumes_unknown_never_scheduled
[2025-01-01T21:48:41.168+0000] {logging_mixin.py:190} INFO - [2025-01-01T21:48:41.166+0000] {override.py:1911} INFO - Created Permission View: can read on DAG Run:dataset_consumes_unknown_never_scheduled
[2025-01-01T21:48:41.185+0000] {logging_mixin.py:190} INFO - [2025-01-01T21:48:41.184+0000] {override.py:1911} INFO - Created Permission View: can create on DAG Run:dataset_consumes_unknown_never_scheduled
[2025-01-01T21:48:41.200+0000] {logging_mixin.py:190} INFO - [2025-01-01T21:48:41.199+0000] {override.py:1911} INFO - Created Permission View: menu access on DAG Run:dataset_consumes_unknown_never_scheduled
[2025-01-01T21:48:41.235+0000] {logging_mixin.py:190} INFO - [2025-01-01T21:48:41.234+0000] {override.py:1911} INFO - Created Permission View: can edit on DAG:dataset_produces_2
[2025-01-01T21:48:41.249+0000] {logging_mixin.py:190} INFO - [2025-01-01T21:48:41.248+0000] {override.py:1911} INFO - Created Permission View: can delete on DAG:dataset_produces_2
[2025-01-01T21:48:41.260+0000] {logging_mixin.py:190} INFO - [2025-01-01T21:48:41.259+0000] {override.py:1911} INFO - Created Permission View: can read on DAG:dataset_produces_2
[2025-01-01T21:48:41.271+0000] {logging_mixin.py:190} INFO - [2025-01-01T21:48:41.270+0000] {override.py:1911} INFO - Created Permission View: can delete on DAG Run:dataset_produces_2
[2025-01-01T21:48:41.279+0000] {logging_mixin.py:190} INFO - [2025-01-01T21:48:41.279+0000] {override.py:1911} INFO - Created Permission View: can read on DAG Run:dataset_produces_2
[2025-01-01T21:48:41.288+0000] {logging_mixin.py:190} INFO - [2025-01-01T21:48:41.287+0000] {override.py:1911} INFO - Created Permission View: can create on DAG Run:dataset_produces_2
[2025-01-01T21:48:41.296+0000] {logging_mixin.py:190} INFO - [2025-01-01T21:48:41.295+0000] {override.py:1911} INFO - Created Permission View: menu access on DAG Run:dataset_produces_2
[2025-01-01T21:48:41.311+0000] {logging_mixin.py:190} INFO - [2025-01-01T21:48:41.311+0000] {override.py:1911} INFO - Created Permission View: can edit on DAG:dataset_consumes_1_and_2
[2025-01-01T21:48:41.318+0000] {logging_mixin.py:190} INFO - [2025-01-01T21:48:41.318+0000] {override.py:1911} INFO - Created Permission View: can delete on DAG:dataset_consumes_1_and_2
[2025-01-01T21:48:41.325+0000] {logging_mixin.py:190} INFO - [2025-01-01T21:48:41.325+0000] {override.py:1911} INFO - Created Permission View: can read on DAG:dataset_consumes_1_and_2
[2025-01-01T21:48:41.335+0000] {logging_mixin.py:190} INFO - [2025-01-01T21:48:41.334+0000] {override.py:1911} INFO - Created Permission View: can delete on DAG Run:dataset_consumes_1_and_2
[2025-01-01T21:48:41.345+0000] {logging_mixin.py:190} INFO - [2025-01-01T21:48:41.344+0000] {override.py:1911} INFO - Created Permission View: can read on DAG Run:dataset_consumes_1_and_2
[2025-01-01T21:48:41.353+0000] {logging_mixin.py:190} INFO - [2025-01-01T21:48:41.353+0000] {override.py:1911} INFO - Created Permission View: can create on DAG Run:dataset_consumes_1_and_2
[2025-01-01T21:48:41.361+0000] {logging_mixin.py:190} INFO - [2025-01-01T21:48:41.361+0000] {override.py:1911} INFO - Created Permission View: menu access on DAG Run:dataset_consumes_1_and_2
[2025-01-01T21:48:41.375+0000] {logging_mixin.py:190} INFO - [2025-01-01T21:48:41.374+0000] {override.py:1911} INFO - Created Permission View: can edit on DAG:consume_1_and_2_with_dataset_expressions
[2025-01-01T21:48:41.383+0000] {logging_mixin.py:190} INFO - [2025-01-01T21:48:41.382+0000] {override.py:1911} INFO - Created Permission View: can delete on DAG:consume_1_and_2_with_dataset_expressions
[2025-01-01T21:48:41.390+0000] {logging_mixin.py:190} INFO - [2025-01-01T21:48:41.390+0000] {override.py:1911} INFO - Created Permission View: can read on DAG:consume_1_and_2_with_dataset_expressions
[2025-01-01T21:48:41.400+0000] {logging_mixin.py:190} INFO - [2025-01-01T21:48:41.399+0000] {override.py:1911} INFO - Created Permission View: can delete on DAG Run:consume_1_and_2_with_dataset_expressions
[2025-01-01T21:48:41.406+0000] {logging_mixin.py:190} INFO - [2025-01-01T21:48:41.406+0000] {override.py:1911} INFO - Created Permission View: can read on DAG Run:consume_1_and_2_with_dataset_expressions
[2025-01-01T21:48:41.414+0000] {logging_mixin.py:190} INFO - [2025-01-01T21:48:41.413+0000] {override.py:1911} INFO - Created Permission View: can create on DAG Run:consume_1_and_2_with_dataset_expressions
[2025-01-01T21:48:41.420+0000] {logging_mixin.py:190} INFO - [2025-01-01T21:48:41.420+0000] {override.py:1911} INFO - Created Permission View: menu access on DAG Run:consume_1_and_2_with_dataset_expressions
[2025-01-01T21:48:41.421+0000] {logging_mixin.py:190} INFO - [2025-01-01T21:48:41.421+0000] {dag.py:3239} INFO - Sync 10 DAGs
[2025-01-01T21:48:41.434+0000] {logging_mixin.py:190} INFO - [2025-01-01T21:48:41.433+0000] {dag.py:3262} INFO - Creating ORM DAG for dataset_consumes_1_and_2
[2025-01-01T21:48:41.434+0000] {logging_mixin.py:190} INFO - [2025-01-01T21:48:41.434+0000] {dag.py:3262} INFO - Creating ORM DAG for consume_1_and_2_with_dataset_expressions
[2025-01-01T21:48:41.435+0000] {logging_mixin.py:190} INFO - [2025-01-01T21:48:41.435+0000] {dag.py:3262} INFO - Creating ORM DAG for dataset_consumes_unknown_never_scheduled
[2025-01-01T21:48:41.436+0000] {logging_mixin.py:190} INFO - [2025-01-01T21:48:41.435+0000] {dag.py:3262} INFO - Creating ORM DAG for dataset_consumes_1
[2025-01-01T21:48:41.437+0000] {logging_mixin.py:190} INFO - [2025-01-01T21:48:41.436+0000] {dag.py:3262} INFO - Creating ORM DAG for dataset_consumes_1_never_scheduled
[2025-01-01T21:48:41.438+0000] {logging_mixin.py:190} INFO - [2025-01-01T21:48:41.437+0000] {dag.py:3262} INFO - Creating ORM DAG for consume_1_or_both_2_and_3_with_dataset_expressions
[2025-01-01T21:48:41.438+0000] {logging_mixin.py:190} INFO - [2025-01-01T21:48:41.438+0000] {dag.py:3262} INFO - Creating ORM DAG for dataset_produces_2
[2025-01-01T21:48:41.439+0000] {logging_mixin.py:190} INFO - [2025-01-01T21:48:41.439+0000] {dag.py:3262} INFO - Creating ORM DAG for dataset_produces_1
[2025-01-01T21:48:41.439+0000] {logging_mixin.py:190} INFO - [2025-01-01T21:48:41.439+0000] {dag.py:3262} INFO - Creating ORM DAG for consume_1_or_2_with_dataset_expressions
[2025-01-01T21:48:41.440+0000] {logging_mixin.py:190} INFO - [2025-01-01T21:48:41.440+0000] {dag.py:3262} INFO - Creating ORM DAG for conditional_dataset_and_time_based_timetable
[2025-01-01T21:48:41.451+0000] {logging_mixin.py:190} INFO - [2025-01-01T21:48:41.451+0000] {dag.py:4180} INFO - Setting next_dagrun for conditional_dataset_and_time_based_timetable to 2025-01-01 01:00:00+00:00, run_after=2025-01-01 01:00:00+00:00
[2025-01-01T21:48:41.452+0000] {logging_mixin.py:190} INFO - [2025-01-01T21:48:41.452+0000] {dag.py:4180} INFO - Setting next_dagrun for consume_1_and_2_with_dataset_expressions to None, run_after=None
[2025-01-01T21:48:41.453+0000] {logging_mixin.py:190} INFO - [2025-01-01T21:48:41.453+0000] {dag.py:4180} INFO - Setting next_dagrun for consume_1_or_2_with_dataset_expressions to None, run_after=None
[2025-01-01T21:48:41.454+0000] {logging_mixin.py:190} INFO - [2025-01-01T21:48:41.454+0000] {dag.py:4180} INFO - Setting next_dagrun for consume_1_or_both_2_and_3_with_dataset_expressions to None, run_after=None
[2025-01-01T21:48:41.455+0000] {logging_mixin.py:190} INFO - [2025-01-01T21:48:41.455+0000] {dag.py:4180} INFO - Setting next_dagrun for dataset_consumes_1 to None, run_after=None
[2025-01-01T21:48:41.456+0000] {logging_mixin.py:190} INFO - [2025-01-01T21:48:41.456+0000] {dag.py:4180} INFO - Setting next_dagrun for dataset_consumes_1_and_2 to None, run_after=None
[2025-01-01T21:48:41.457+0000] {logging_mixin.py:190} INFO - [2025-01-01T21:48:41.457+0000] {dag.py:4180} INFO - Setting next_dagrun for dataset_consumes_1_never_scheduled to None, run_after=None
[2025-01-01T21:48:41.458+0000] {logging_mixin.py:190} INFO - [2025-01-01T21:48:41.458+0000] {dag.py:4180} INFO - Setting next_dagrun for dataset_consumes_unknown_never_scheduled to None, run_after=None
[2025-01-01T21:48:41.461+0000] {logging_mixin.py:190} INFO - [2025-01-01T21:48:41.460+0000] {dag.py:4180} INFO - Setting next_dagrun for dataset_produces_1 to 2024-12-31 00:00:00+00:00, run_after=2025-01-01 00:00:00+00:00
[2025-01-01T21:48:41.462+0000] {logging_mixin.py:190} INFO - [2025-01-01T21:48:41.462+0000] {dag.py:4180} INFO - Setting next_dagrun for dataset_produces_2 to None, run_after=None
[2025-01-01T21:48:41.510+0000] {processor.py:208} INFO - Processing /home/airflow/.local/lib/python3.12/site-packages/airflow/example_dags/example_datasets.py took 2.803 seconds
[2025-01-01T21:49:11.773+0000] {processor.py:186} INFO - Started process (PID=150) to work on /home/airflow/.local/lib/python3.12/site-packages/airflow/example_dags/example_datasets.py
[2025-01-01T21:49:11.774+0000] {processor.py:914} INFO - Processing file /home/airflow/.local/lib/python3.12/site-packages/airflow/example_dags/example_datasets.py for tasks to queue
[2025-01-01T21:49:11.777+0000] {logging_mixin.py:190} INFO - [2025-01-01T21:49:11.777+0000] {dagbag.py:588} INFO - Filling up the DagBag from /home/airflow/.local/lib/python3.12/site-packages/airflow/example_dags/example_datasets.py
[2025-01-01T21:49:12.323+0000] {processor.py:925} INFO - DAG(s) 'dataset_produces_1', 'dataset_consumes_unknown_never_scheduled', 'consume_1_or_both_2_and_3_with_dataset_expressions', 'consume_1_or_2_with_dataset_expressions', 'dataset_produces_2', 'consume_1_and_2_with_dataset_expressions', 'dataset_consumes_1', 'dataset_consumes_1_never_scheduled', 'conditional_dataset_and_time_based_timetable', 'dataset_consumes_1_and_2' retrieved from /home/airflow/.local/lib/python3.12/site-packages/airflow/example_dags/example_datasets.py
[2025-01-01T21:49:12.363+0000] {logging_mixin.py:190} INFO - [2025-01-01T21:49:12.363+0000] {dag.py:3239} INFO - Sync 10 DAGs
[2025-01-01T21:49:12.385+0000] {logging_mixin.py:190} INFO - [2025-01-01T21:49:12.385+0000] {dag.py:4180} INFO - Setting next_dagrun for conditional_dataset_and_time_based_timetable to 2025-01-01 01:00:00+00:00, run_after=2025-01-01 01:00:00+00:00
[2025-01-01T21:49:12.388+0000] {logging_mixin.py:190} INFO - [2025-01-01T21:49:12.388+0000] {dag.py:4180} INFO - Setting next_dagrun for consume_1_and_2_with_dataset_expressions to None, run_after=None
[2025-01-01T21:49:12.390+0000] {logging_mixin.py:190} INFO - [2025-01-01T21:49:12.389+0000] {dag.py:4180} INFO - Setting next_dagrun for consume_1_or_2_with_dataset_expressions to None, run_after=None
[2025-01-01T21:49:12.391+0000] {logging_mixin.py:190} INFO - [2025-01-01T21:49:12.391+0000] {dag.py:4180} INFO - Setting next_dagrun for consume_1_or_both_2_and_3_with_dataset_expressions to None, run_after=None
[2025-01-01T21:49:12.392+0000] {logging_mixin.py:190} INFO - [2025-01-01T21:49:12.392+0000] {dag.py:4180} INFO - Setting next_dagrun for dataset_consumes_1 to None, run_after=None
[2025-01-01T21:49:12.393+0000] {logging_mixin.py:190} INFO - [2025-01-01T21:49:12.393+0000] {dag.py:4180} INFO - Setting next_dagrun for dataset_consumes_1_and_2 to None, run_after=None
[2025-01-01T21:49:12.395+0000] {logging_mixin.py:190} INFO - [2025-01-01T21:49:12.394+0000] {dag.py:4180} INFO - Setting next_dagrun for dataset_consumes_1_never_scheduled to None, run_after=None
[2025-01-01T21:49:12.396+0000] {logging_mixin.py:190} INFO - [2025-01-01T21:49:12.395+0000] {dag.py:4180} INFO - Setting next_dagrun for dataset_consumes_unknown_never_scheduled to None, run_after=None
[2025-01-01T21:49:12.398+0000] {logging_mixin.py:190} INFO - [2025-01-01T21:49:12.398+0000] {dag.py:4180} INFO - Setting next_dagrun for dataset_produces_1 to 2024-12-31 00:00:00+00:00, run_after=2025-01-01 00:00:00+00:00
[2025-01-01T21:49:12.399+0000] {logging_mixin.py:190} INFO - [2025-01-01T21:49:12.399+0000] {dag.py:4180} INFO - Setting next_dagrun for dataset_produces_2 to None, run_after=None
[2025-01-01T21:49:12.429+0000] {processor.py:208} INFO - Processing /home/airflow/.local/lib/python3.12/site-packages/airflow/example_dags/example_datasets.py took 0.660 seconds
[2025-01-01T21:49:42.686+0000] {processor.py:186} INFO - Started process (PID=218) to work on /home/airflow/.local/lib/python3.12/site-packages/airflow/example_dags/example_datasets.py
[2025-01-01T21:49:42.687+0000] {processor.py:914} INFO - Processing file /home/airflow/.local/lib/python3.12/site-packages/airflow/example_dags/example_datasets.py for tasks to queue
[2025-01-01T21:49:42.689+0000] {logging_mixin.py:190} INFO - [2025-01-01T21:49:42.688+0000] {dagbag.py:588} INFO - Filling up the DagBag from /home/airflow/.local/lib/python3.12/site-packages/airflow/example_dags/example_datasets.py
[2025-01-01T21:49:43.212+0000] {processor.py:925} INFO - DAG(s) 'consume_1_or_2_with_dataset_expressions', 'dataset_consumes_1', 'dataset_produces_1', 'dataset_consumes_1_and_2', 'dataset_consumes_1_never_scheduled', 'consume_1_or_both_2_and_3_with_dataset_expressions', 'consume_1_and_2_with_dataset_expressions', 'conditional_dataset_and_time_based_timetable', 'dataset_consumes_unknown_never_scheduled', 'dataset_produces_2' retrieved from /home/airflow/.local/lib/python3.12/site-packages/airflow/example_dags/example_datasets.py
[2025-01-01T21:49:43.248+0000] {logging_mixin.py:190} INFO - [2025-01-01T21:49:43.248+0000] {dag.py:3239} INFO - Sync 10 DAGs
[2025-01-01T21:49:43.269+0000] {logging_mixin.py:190} INFO - [2025-01-01T21:49:43.269+0000] {dag.py:4180} INFO - Setting next_dagrun for conditional_dataset_and_time_based_timetable to 2025-01-01 01:00:00+00:00, run_after=2025-01-01 01:00:00+00:00
[2025-01-01T21:49:43.272+0000] {logging_mixin.py:190} INFO - [2025-01-01T21:49:43.272+0000] {dag.py:4180} INFO - Setting next_dagrun for consume_1_and_2_with_dataset_expressions to None, run_after=None
[2025-01-01T21:49:43.273+0000] {logging_mixin.py:190} INFO - [2025-01-01T21:49:43.273+0000] {dag.py:4180} INFO - Setting next_dagrun for consume_1_or_2_with_dataset_expressions to None, run_after=None
[2025-01-01T21:49:43.274+0000] {logging_mixin.py:190} INFO - [2025-01-01T21:49:43.274+0000] {dag.py:4180} INFO - Setting next_dagrun for consume_1_or_both_2_and_3_with_dataset_expressions to None, run_after=None
[2025-01-01T21:49:43.275+0000] {logging_mixin.py:190} INFO - [2025-01-01T21:49:43.275+0000] {dag.py:4180} INFO - Setting next_dagrun for dataset_consumes_1 to None, run_after=None
[2025-01-01T21:49:43.276+0000] {logging_mixin.py:190} INFO - [2025-01-01T21:49:43.276+0000] {dag.py:4180} INFO - Setting next_dagrun for dataset_consumes_1_and_2 to None, run_after=None
[2025-01-01T21:49:43.277+0000] {logging_mixin.py:190} INFO - [2025-01-01T21:49:43.277+0000] {dag.py:4180} INFO - Setting next_dagrun for dataset_consumes_1_never_scheduled to None, run_after=None
[2025-01-01T21:49:43.278+0000] {logging_mixin.py:190} INFO - [2025-01-01T21:49:43.278+0000] {dag.py:4180} INFO - Setting next_dagrun for dataset_consumes_unknown_never_scheduled to None, run_after=None
[2025-01-01T21:49:43.280+0000] {logging_mixin.py:190} INFO - [2025-01-01T21:49:43.280+0000] {dag.py:4180} INFO - Setting next_dagrun for dataset_produces_1 to 2024-12-31 00:00:00+00:00, run_after=2025-01-01 00:00:00+00:00
[2025-01-01T21:49:43.281+0000] {logging_mixin.py:190} INFO - [2025-01-01T21:49:43.281+0000] {dag.py:4180} INFO - Setting next_dagrun for dataset_produces_2 to None, run_after=None
[2025-01-01T21:49:43.309+0000] {processor.py:208} INFO - Processing /home/airflow/.local/lib/python3.12/site-packages/airflow/example_dags/example_datasets.py took 0.628 seconds
[2025-01-01T21:50:13.719+0000] {processor.py:186} INFO - Started process (PID=280) to work on /home/airflow/.local/lib/python3.12/site-packages/airflow/example_dags/example_datasets.py
[2025-01-01T21:50:13.720+0000] {processor.py:914} INFO - Processing file /home/airflow/.local/lib/python3.12/site-packages/airflow/example_dags/example_datasets.py for tasks to queue
[2025-01-01T21:50:13.722+0000] {logging_mixin.py:190} INFO - [2025-01-01T21:50:13.722+0000] {dagbag.py:588} INFO - Filling up the DagBag from /home/airflow/.local/lib/python3.12/site-packages/airflow/example_dags/example_datasets.py
[2025-01-01T21:50:14.230+0000] {processor.py:925} INFO - DAG(s) 'dataset_consumes_1_never_scheduled', 'dataset_produces_1', 'consume_1_and_2_with_dataset_expressions', 'dataset_produces_2', 'conditional_dataset_and_time_based_timetable', 'dataset_consumes_unknown_never_scheduled', 'dataset_consumes_1', 'consume_1_or_both_2_and_3_with_dataset_expressions', 'dataset_consumes_1_and_2', 'consume_1_or_2_with_dataset_expressions' retrieved from /home/airflow/.local/lib/python3.12/site-packages/airflow/example_dags/example_datasets.py
[2025-01-01T21:50:14.269+0000] {logging_mixin.py:190} INFO - [2025-01-01T21:50:14.268+0000] {dag.py:3239} INFO - Sync 10 DAGs
[2025-01-01T21:50:14.293+0000] {logging_mixin.py:190} INFO - [2025-01-01T21:50:14.293+0000] {dag.py:4180} INFO - Setting next_dagrun for conditional_dataset_and_time_based_timetable to 2025-01-01 01:00:00+00:00, run_after=2025-01-01 01:00:00+00:00
[2025-01-01T21:50:14.297+0000] {logging_mixin.py:190} INFO - [2025-01-01T21:50:14.297+0000] {dag.py:4180} INFO - Setting next_dagrun for consume_1_and_2_with_dataset_expressions to None, run_after=None
[2025-01-01T21:50:14.298+0000] {logging_mixin.py:190} INFO - [2025-01-01T21:50:14.298+0000] {dag.py:4180} INFO - Setting next_dagrun for consume_1_or_2_with_dataset_expressions to None, run_after=None
[2025-01-01T21:50:14.299+0000] {logging_mixin.py:190} INFO - [2025-01-01T21:50:14.299+0000] {dag.py:4180} INFO - Setting next_dagrun for consume_1_or_both_2_and_3_with_dataset_expressions to None, run_after=None
[2025-01-01T21:50:14.300+0000] {logging_mixin.py:190} INFO - [2025-01-01T21:50:14.300+0000] {dag.py:4180} INFO - Setting next_dagrun for dataset_consumes_1 to None, run_after=None
[2025-01-01T21:50:14.301+0000] {logging_mixin.py:190} INFO - [2025-01-01T21:50:14.301+0000] {dag.py:4180} INFO - Setting next_dagrun for dataset_consumes_1_and_2 to None, run_after=None
[2025-01-01T21:50:14.302+0000] {logging_mixin.py:190} INFO - [2025-01-01T21:50:14.302+0000] {dag.py:4180} INFO - Setting next_dagrun for dataset_consumes_1_never_scheduled to None, run_after=None
[2025-01-01T21:50:14.303+0000] {logging_mixin.py:190} INFO - [2025-01-01T21:50:14.303+0000] {dag.py:4180} INFO - Setting next_dagrun for dataset_consumes_unknown_never_scheduled to None, run_after=None
[2025-01-01T21:50:14.306+0000] {logging_mixin.py:190} INFO - [2025-01-01T21:50:14.306+0000] {dag.py:4180} INFO - Setting next_dagrun for dataset_produces_1 to 2024-12-31 00:00:00+00:00, run_after=2025-01-01 00:00:00+00:00
[2025-01-01T21:50:14.307+0000] {logging_mixin.py:190} INFO - [2025-01-01T21:50:14.307+0000] {dag.py:4180} INFO - Setting next_dagrun for dataset_produces_2 to None, run_after=None
[2025-01-01T21:50:14.340+0000] {processor.py:208} INFO - Processing /home/airflow/.local/lib/python3.12/site-packages/airflow/example_dags/example_datasets.py took 0.625 seconds
[2025-01-01T21:50:44.477+0000] {processor.py:186} INFO - Started process (PID=344) to work on /home/airflow/.local/lib/python3.12/site-packages/airflow/example_dags/example_datasets.py
[2025-01-01T21:50:44.478+0000] {processor.py:914} INFO - Processing file /home/airflow/.local/lib/python3.12/site-packages/airflow/example_dags/example_datasets.py for tasks to queue
[2025-01-01T21:50:44.480+0000] {logging_mixin.py:190} INFO - [2025-01-01T21:50:44.480+0000] {dagbag.py:588} INFO - Filling up the DagBag from /home/airflow/.local/lib/python3.12/site-packages/airflow/example_dags/example_datasets.py
[2025-01-01T21:50:45.008+0000] {processor.py:925} INFO - DAG(s) 'consume_1_or_both_2_and_3_with_dataset_expressions', 'dataset_consumes_unknown_never_scheduled', 'dataset_produces_2', 'consume_1_or_2_with_dataset_expressions', 'dataset_consumes_1_and_2', 'dataset_produces_1', 'consume_1_and_2_with_dataset_expressions', 'dataset_consumes_1', 'conditional_dataset_and_time_based_timetable', 'dataset_consumes_1_never_scheduled' retrieved from /home/airflow/.local/lib/python3.12/site-packages/airflow/example_dags/example_datasets.py
[2025-01-01T21:50:45.045+0000] {logging_mixin.py:190} INFO - [2025-01-01T21:50:45.045+0000] {dag.py:3239} INFO - Sync 10 DAGs
[2025-01-01T21:50:45.071+0000] {logging_mixin.py:190} INFO - [2025-01-01T21:50:45.070+0000] {dag.py:4180} INFO - Setting next_dagrun for conditional_dataset_and_time_based_timetable to 2025-01-01 01:00:00+00:00, run_after=2025-01-01 01:00:00+00:00
[2025-01-01T21:50:45.075+0000] {logging_mixin.py:190} INFO - [2025-01-01T21:50:45.075+0000] {dag.py:4180} INFO - Setting next_dagrun for consume_1_and_2_with_dataset_expressions to None, run_after=None
[2025-01-01T21:50:45.076+0000] {logging_mixin.py:190} INFO - [2025-01-01T21:50:45.076+0000] {dag.py:4180} INFO - Setting next_dagrun for consume_1_or_2_with_dataset_expressions to None, run_after=None
[2025-01-01T21:50:45.077+0000] {logging_mixin.py:190} INFO - [2025-01-01T21:50:45.077+0000] {dag.py:4180} INFO - Setting next_dagrun for consume_1_or_both_2_and_3_with_dataset_expressions to None, run_after=None
[2025-01-01T21:50:45.078+0000] {logging_mixin.py:190} INFO - [2025-01-01T21:50:45.078+0000] {dag.py:4180} INFO - Setting next_dagrun for dataset_consumes_1 to None, run_after=None
[2025-01-01T21:50:45.080+0000] {logging_mixin.py:190} INFO - [2025-01-01T21:50:45.079+0000] {dag.py:4180} INFO - Setting next_dagrun for dataset_consumes_1_and_2 to None, run_after=None
[2025-01-01T21:50:45.081+0000] {logging_mixin.py:190} INFO - [2025-01-01T21:50:45.081+0000] {dag.py:4180} INFO - Setting next_dagrun for dataset_consumes_1_never_scheduled to None, run_after=None
[2025-01-01T21:50:45.082+0000] {logging_mixin.py:190} INFO - [2025-01-01T21:50:45.082+0000] {dag.py:4180} INFO - Setting next_dagrun for dataset_consumes_unknown_never_scheduled to None, run_after=None
[2025-01-01T21:50:45.084+0000] {logging_mixin.py:190} INFO - [2025-01-01T21:50:45.084+0000] {dag.py:4180} INFO - Setting next_dagrun for dataset_produces_1 to 2024-12-31 00:00:00+00:00, run_after=2025-01-01 00:00:00+00:00
[2025-01-01T21:50:45.085+0000] {logging_mixin.py:190} INFO - [2025-01-01T21:50:45.085+0000] {dag.py:4180} INFO - Setting next_dagrun for dataset_produces_2 to None, run_after=None
[2025-01-01T21:50:45.113+0000] {processor.py:208} INFO - Processing /home/airflow/.local/lib/python3.12/site-packages/airflow/example_dags/example_datasets.py took 0.641 seconds
[2025-01-01T21:51:15.232+0000] {processor.py:186} INFO - Started process (PID=407) to work on /home/airflow/.local/lib/python3.12/site-packages/airflow/example_dags/example_datasets.py
[2025-01-01T21:51:15.233+0000] {processor.py:914} INFO - Processing file /home/airflow/.local/lib/python3.12/site-packages/airflow/example_dags/example_datasets.py for tasks to queue
[2025-01-01T21:51:15.235+0000] {logging_mixin.py:190} INFO - [2025-01-01T21:51:15.234+0000] {dagbag.py:588} INFO - Filling up the DagBag from /home/airflow/.local/lib/python3.12/site-packages/airflow/example_dags/example_datasets.py
[2025-01-01T21:51:15.734+0000] {processor.py:925} INFO - DAG(s) 'dataset_consumes_1_and_2', 'dataset_produces_2', 'dataset_consumes_1', 'dataset_consumes_unknown_never_scheduled', 'dataset_produces_1', 'consume_1_or_2_with_dataset_expressions', 'conditional_dataset_and_time_based_timetable', 'dataset_consumes_1_never_scheduled', 'consume_1_and_2_with_dataset_expressions', 'consume_1_or_both_2_and_3_with_dataset_expressions' retrieved from /home/airflow/.local/lib/python3.12/site-packages/airflow/example_dags/example_datasets.py
[2025-01-01T21:51:15.773+0000] {logging_mixin.py:190} INFO - [2025-01-01T21:51:15.773+0000] {dag.py:3239} INFO - Sync 10 DAGs
[2025-01-01T21:51:15.795+0000] {logging_mixin.py:190} INFO - [2025-01-01T21:51:15.795+0000] {dag.py:4180} INFO - Setting next_dagrun for conditional_dataset_and_time_based_timetable to 2025-01-01 01:00:00+00:00, run_after=2025-01-01 01:00:00+00:00
[2025-01-01T21:51:15.798+0000] {logging_mixin.py:190} INFO - [2025-01-01T21:51:15.798+0000] {dag.py:4180} INFO - Setting next_dagrun for consume_1_and_2_with_dataset_expressions to None, run_after=None
[2025-01-01T21:51:15.800+0000] {logging_mixin.py:190} INFO - [2025-01-01T21:51:15.800+0000] {dag.py:4180} INFO - Setting next_dagrun for consume_1_or_2_with_dataset_expressions to None, run_after=None
[2025-01-01T21:51:15.801+0000] {logging_mixin.py:190} INFO - [2025-01-01T21:51:15.801+0000] {dag.py:4180} INFO - Setting next_dagrun for consume_1_or_both_2_and_3_with_dataset_expressions to None, run_after=None
[2025-01-01T21:51:15.802+0000] {logging_mixin.py:190} INFO - [2025-01-01T21:51:15.802+0000] {dag.py:4180} INFO - Setting next_dagrun for dataset_consumes_1 to None, run_after=None
[2025-01-01T21:51:15.804+0000] {logging_mixin.py:190} INFO - [2025-01-01T21:51:15.804+0000] {dag.py:4180} INFO - Setting next_dagrun for dataset_consumes_1_and_2 to None, run_after=None
[2025-01-01T21:51:15.805+0000] {logging_mixin.py:190} INFO - [2025-01-01T21:51:15.805+0000] {dag.py:4180} INFO - Setting next_dagrun for dataset_consumes_1_never_scheduled to None, run_after=None
[2025-01-01T21:51:15.806+0000] {logging_mixin.py:190} INFO - [2025-01-01T21:51:15.806+0000] {dag.py:4180} INFO - Setting next_dagrun for dataset_consumes_unknown_never_scheduled to None, run_after=None
[2025-01-01T21:51:15.808+0000] {logging_mixin.py:190} INFO - [2025-01-01T21:51:15.808+0000] {dag.py:4180} INFO - Setting next_dagrun for dataset_produces_1 to 2024-12-31 00:00:00+00:00, run_after=2025-01-01 00:00:00+00:00
[2025-01-01T21:51:15.809+0000] {logging_mixin.py:190} INFO - [2025-01-01T21:51:15.809+0000] {dag.py:4180} INFO - Setting next_dagrun for dataset_produces_2 to None, run_after=None
[2025-01-01T21:51:15.841+0000] {processor.py:208} INFO - Processing /home/airflow/.local/lib/python3.12/site-packages/airflow/example_dags/example_datasets.py took 0.614 seconds
[2025-01-01T21:51:46.538+0000] {processor.py:186} INFO - Started process (PID=471) to work on /home/airflow/.local/lib/python3.12/site-packages/airflow/example_dags/example_datasets.py
[2025-01-01T21:51:46.539+0000] {processor.py:914} INFO - Processing file /home/airflow/.local/lib/python3.12/site-packages/airflow/example_dags/example_datasets.py for tasks to queue
[2025-01-01T21:51:46.541+0000] {logging_mixin.py:190} INFO - [2025-01-01T21:51:46.541+0000] {dagbag.py:588} INFO - Filling up the DagBag from /home/airflow/.local/lib/python3.12/site-packages/airflow/example_dags/example_datasets.py
[2025-01-01T21:51:47.133+0000] {processor.py:925} INFO - DAG(s) 'dataset_produces_2', 'consume_1_and_2_with_dataset_expressions', 'dataset_consumes_unknown_never_scheduled', 'dataset_consumes_1', 'conditional_dataset_and_time_based_timetable', 'consume_1_or_2_with_dataset_expressions', 'dataset_consumes_1_never_scheduled', 'dataset_consumes_1_and_2', 'consume_1_or_both_2_and_3_with_dataset_expressions', 'dataset_produces_1' retrieved from /home/airflow/.local/lib/python3.12/site-packages/airflow/example_dags/example_datasets.py
[2025-01-01T21:51:47.173+0000] {logging_mixin.py:190} INFO - [2025-01-01T21:51:47.173+0000] {dag.py:3239} INFO - Sync 10 DAGs
[2025-01-01T21:51:47.196+0000] {logging_mixin.py:190} INFO - [2025-01-01T21:51:47.196+0000] {dag.py:4180} INFO - Setting next_dagrun for conditional_dataset_and_time_based_timetable to 2025-01-01 01:00:00+00:00, run_after=2025-01-01 01:00:00+00:00
[2025-01-01T21:51:47.200+0000] {logging_mixin.py:190} INFO - [2025-01-01T21:51:47.200+0000] {dag.py:4180} INFO - Setting next_dagrun for consume_1_and_2_with_dataset_expressions to None, run_after=None
[2025-01-01T21:51:47.202+0000] {logging_mixin.py:190} INFO - [2025-01-01T21:51:47.202+0000] {dag.py:4180} INFO - Setting next_dagrun for consume_1_or_2_with_dataset_expressions to None, run_after=None
[2025-01-01T21:51:47.203+0000] {logging_mixin.py:190} INFO - [2025-01-01T21:51:47.203+0000] {dag.py:4180} INFO - Setting next_dagrun for consume_1_or_both_2_and_3_with_dataset_expressions to None, run_after=None
[2025-01-01T21:51:47.205+0000] {logging_mixin.py:190} INFO - [2025-01-01T21:51:47.204+0000] {dag.py:4180} INFO - Setting next_dagrun for dataset_consumes_1 to None, run_after=None
[2025-01-01T21:51:47.206+0000] {logging_mixin.py:190} INFO - [2025-01-01T21:51:47.205+0000] {dag.py:4180} INFO - Setting next_dagrun for dataset_consumes_1_and_2 to None, run_after=None
[2025-01-01T21:51:47.207+0000] {logging_mixin.py:190} INFO - [2025-01-01T21:51:47.206+0000] {dag.py:4180} INFO - Setting next_dagrun for dataset_consumes_1_never_scheduled to None, run_after=None
[2025-01-01T21:51:47.208+0000] {logging_mixin.py:190} INFO - [2025-01-01T21:51:47.208+0000] {dag.py:4180} INFO - Setting next_dagrun for dataset_consumes_unknown_never_scheduled to None, run_after=None
[2025-01-01T21:51:47.211+0000] {logging_mixin.py:190} INFO - [2025-01-01T21:51:47.210+0000] {dag.py:4180} INFO - Setting next_dagrun for dataset_produces_1 to 2024-12-31 00:00:00+00:00, run_after=2025-01-01 00:00:00+00:00
[2025-01-01T21:51:47.212+0000] {logging_mixin.py:190} INFO - [2025-01-01T21:51:47.212+0000] {dag.py:4180} INFO - Setting next_dagrun for dataset_produces_2 to None, run_after=None
[2025-01-01T21:51:47.243+0000] {processor.py:208} INFO - Processing /home/airflow/.local/lib/python3.12/site-packages/airflow/example_dags/example_datasets.py took 0.712 seconds
[2025-01-01T21:52:17.510+0000] {processor.py:186} INFO - Started process (PID=540) to work on /home/airflow/.local/lib/python3.12/site-packages/airflow/example_dags/example_datasets.py
[2025-01-01T21:52:17.511+0000] {processor.py:914} INFO - Processing file /home/airflow/.local/lib/python3.12/site-packages/airflow/example_dags/example_datasets.py for tasks to queue
[2025-01-01T21:52:17.513+0000] {logging_mixin.py:190} INFO - [2025-01-01T21:52:17.513+0000] {dagbag.py:588} INFO - Filling up the DagBag from /home/airflow/.local/lib/python3.12/site-packages/airflow/example_dags/example_datasets.py
[2025-01-01T21:52:18.068+0000] {processor.py:925} INFO - DAG(s) 'dataset_consumes_1_and_2', 'dataset_produces_2', 'dataset_consumes_unknown_never_scheduled', 'dataset_consumes_1_never_scheduled', 'conditional_dataset_and_time_based_timetable', 'dataset_consumes_1', 'consume_1_and_2_with_dataset_expressions', 'consume_1_or_both_2_and_3_with_dataset_expressions', 'dataset_produces_1', 'consume_1_or_2_with_dataset_expressions' retrieved from /home/airflow/.local/lib/python3.12/site-packages/airflow/example_dags/example_datasets.py
[2025-01-01T21:52:18.110+0000] {logging_mixin.py:190} INFO - [2025-01-01T21:52:18.110+0000] {dag.py:3239} INFO - Sync 10 DAGs
[2025-01-01T21:52:18.133+0000] {logging_mixin.py:190} INFO - [2025-01-01T21:52:18.133+0000] {dag.py:4180} INFO - Setting next_dagrun for conditional_dataset_and_time_based_timetable to 2025-01-01 01:00:00+00:00, run_after=2025-01-01 01:00:00+00:00
[2025-01-01T21:52:18.138+0000] {logging_mixin.py:190} INFO - [2025-01-01T21:52:18.137+0000] {dag.py:4180} INFO - Setting next_dagrun for consume_1_and_2_with_dataset_expressions to None, run_after=None
[2025-01-01T21:52:18.139+0000] {logging_mixin.py:190} INFO - [2025-01-01T21:52:18.139+0000] {dag.py:4180} INFO - Setting next_dagrun for consume_1_or_2_with_dataset_expressions to None, run_after=None
[2025-01-01T21:52:18.141+0000] {logging_mixin.py:190} INFO - [2025-01-01T21:52:18.141+0000] {dag.py:4180} INFO - Setting next_dagrun for consume_1_or_both_2_and_3_with_dataset_expressions to None, run_after=None
[2025-01-01T21:52:18.142+0000] {logging_mixin.py:190} INFO - [2025-01-01T21:52:18.142+0000] {dag.py:4180} INFO - Setting next_dagrun for dataset_consumes_1 to None, run_after=None
[2025-01-01T21:52:18.143+0000] {logging_mixin.py:190} INFO - [2025-01-01T21:52:18.143+0000] {dag.py:4180} INFO - Setting next_dagrun for dataset_consumes_1_and_2 to None, run_after=None
[2025-01-01T21:52:18.145+0000] {logging_mixin.py:190} INFO - [2025-01-01T21:52:18.144+0000] {dag.py:4180} INFO - Setting next_dagrun for dataset_consumes_1_never_scheduled to None, run_after=None
[2025-01-01T21:52:18.146+0000] {logging_mixin.py:190} INFO - [2025-01-01T21:52:18.146+0000] {dag.py:4180} INFO - Setting next_dagrun for dataset_consumes_unknown_never_scheduled to None, run_after=None
[2025-01-01T21:52:18.149+0000] {logging_mixin.py:190} INFO - [2025-01-01T21:52:18.148+0000] {dag.py:4180} INFO - Setting next_dagrun for dataset_produces_1 to 2024-12-31 00:00:00+00:00, run_after=2025-01-01 00:00:00+00:00
[2025-01-01T21:52:18.150+0000] {logging_mixin.py:190} INFO - [2025-01-01T21:52:18.150+0000] {dag.py:4180} INFO - Setting next_dagrun for dataset_produces_2 to None, run_after=None
[2025-01-01T21:52:18.186+0000] {processor.py:208} INFO - Processing /home/airflow/.local/lib/python3.12/site-packages/airflow/example_dags/example_datasets.py took 0.681 seconds
[2025-01-01T21:52:48.265+0000] {processor.py:186} INFO - Started process (PID=606) to work on /home/airflow/.local/lib/python3.12/site-packages/airflow/example_dags/example_datasets.py
[2025-01-01T21:52:48.266+0000] {processor.py:914} INFO - Processing file /home/airflow/.local/lib/python3.12/site-packages/airflow/example_dags/example_datasets.py for tasks to queue
[2025-01-01T21:52:48.268+0000] {logging_mixin.py:190} INFO - [2025-01-01T21:52:48.268+0000] {dagbag.py:588} INFO - Filling up the DagBag from /home/airflow/.local/lib/python3.12/site-packages/airflow/example_dags/example_datasets.py
[2025-01-01T21:52:48.790+0000] {processor.py:925} INFO - DAG(s) 'consume_1_or_both_2_and_3_with_dataset_expressions', 'conditional_dataset_and_time_based_timetable', 'dataset_produces_2', 'dataset_consumes_unknown_never_scheduled', 'dataset_consumes_1', 'dataset_consumes_1_never_scheduled', 'consume_1_or_2_with_dataset_expressions', 'dataset_produces_1', 'dataset_consumes_1_and_2', 'consume_1_and_2_with_dataset_expressions' retrieved from /home/airflow/.local/lib/python3.12/site-packages/airflow/example_dags/example_datasets.py
[2025-01-01T21:52:48.828+0000] {logging_mixin.py:190} INFO - [2025-01-01T21:52:48.827+0000] {dag.py:3239} INFO - Sync 10 DAGs
[2025-01-01T21:52:48.848+0000] {logging_mixin.py:190} INFO - [2025-01-01T21:52:48.848+0000] {dag.py:4180} INFO - Setting next_dagrun for conditional_dataset_and_time_based_timetable to 2025-01-01 01:00:00+00:00, run_after=2025-01-01 01:00:00+00:00
[2025-01-01T21:52:48.851+0000] {logging_mixin.py:190} INFO - [2025-01-01T21:52:48.851+0000] {dag.py:4180} INFO - Setting next_dagrun for consume_1_and_2_with_dataset_expressions to None, run_after=None
[2025-01-01T21:52:48.852+0000] {logging_mixin.py:190} INFO - [2025-01-01T21:52:48.852+0000] {dag.py:4180} INFO - Setting next_dagrun for consume_1_or_2_with_dataset_expressions to None, run_after=None
[2025-01-01T21:52:48.853+0000] {logging_mixin.py:190} INFO - [2025-01-01T21:52:48.853+0000] {dag.py:4180} INFO - Setting next_dagrun for consume_1_or_both_2_and_3_with_dataset_expressions to None, run_after=None
[2025-01-01T21:52:48.854+0000] {logging_mixin.py:190} INFO - [2025-01-01T21:52:48.854+0000] {dag.py:4180} INFO - Setting next_dagrun for dataset_consumes_1 to None, run_after=None
[2025-01-01T21:52:48.856+0000] {logging_mixin.py:190} INFO - [2025-01-01T21:52:48.855+0000] {dag.py:4180} INFO - Setting next_dagrun for dataset_consumes_1_and_2 to None, run_after=None
[2025-01-01T21:52:48.857+0000] {logging_mixin.py:190} INFO - [2025-01-01T21:52:48.856+0000] {dag.py:4180} INFO - Setting next_dagrun for dataset_consumes_1_never_scheduled to None, run_after=None
[2025-01-01T21:52:48.857+0000] {logging_mixin.py:190} INFO - [2025-01-01T21:52:48.857+0000] {dag.py:4180} INFO - Setting next_dagrun for dataset_consumes_unknown_never_scheduled to None, run_after=None
[2025-01-01T21:52:48.860+0000] {logging_mixin.py:190} INFO - [2025-01-01T21:52:48.859+0000] {dag.py:4180} INFO - Setting next_dagrun for dataset_produces_1 to 2024-12-31 00:00:00+00:00, run_after=2025-01-01 00:00:00+00:00
[2025-01-01T21:52:48.861+0000] {logging_mixin.py:190} INFO - [2025-01-01T21:52:48.860+0000] {dag.py:4180} INFO - Setting next_dagrun for dataset_produces_2 to None, run_after=None
[2025-01-01T21:52:48.886+0000] {processor.py:208} INFO - Processing /home/airflow/.local/lib/python3.12/site-packages/airflow/example_dags/example_datasets.py took 0.626 seconds
[2025-01-01T21:53:19.263+0000] {processor.py:186} INFO - Started process (PID=669) to work on /home/airflow/.local/lib/python3.12/site-packages/airflow/example_dags/example_datasets.py
[2025-01-01T21:53:19.264+0000] {processor.py:914} INFO - Processing file /home/airflow/.local/lib/python3.12/site-packages/airflow/example_dags/example_datasets.py for tasks to queue
[2025-01-01T21:53:19.266+0000] {logging_mixin.py:190} INFO - [2025-01-01T21:53:19.266+0000] {dagbag.py:588} INFO - Filling up the DagBag from /home/airflow/.local/lib/python3.12/site-packages/airflow/example_dags/example_datasets.py
[2025-01-01T21:53:19.752+0000] {processor.py:925} INFO - DAG(s) 'dataset_produces_2', 'consume_1_and_2_with_dataset_expressions', 'dataset_consumes_1_and_2', 'conditional_dataset_and_time_based_timetable', 'dataset_consumes_unknown_never_scheduled', 'dataset_consumes_1_never_scheduled', 'dataset_consumes_1', 'dataset_produces_1', 'consume_1_or_both_2_and_3_with_dataset_expressions', 'consume_1_or_2_with_dataset_expressions' retrieved from /home/airflow/.local/lib/python3.12/site-packages/airflow/example_dags/example_datasets.py
[2025-01-01T21:53:19.786+0000] {logging_mixin.py:190} INFO - [2025-01-01T21:53:19.786+0000] {dag.py:3239} INFO - Sync 10 DAGs
[2025-01-01T21:53:19.808+0000] {logging_mixin.py:190} INFO - [2025-01-01T21:53:19.808+0000] {dag.py:4180} INFO - Setting next_dagrun for conditional_dataset_and_time_based_timetable to 2025-01-01 01:00:00+00:00, run_after=2025-01-01 01:00:00+00:00
[2025-01-01T21:53:19.811+0000] {logging_mixin.py:190} INFO - [2025-01-01T21:53:19.811+0000] {dag.py:4180} INFO - Setting next_dagrun for consume_1_and_2_with_dataset_expressions to None, run_after=None
[2025-01-01T21:53:19.812+0000] {logging_mixin.py:190} INFO - [2025-01-01T21:53:19.812+0000] {dag.py:4180} INFO - Setting next_dagrun for consume_1_or_2_with_dataset_expressions to None, run_after=None
[2025-01-01T21:53:19.813+0000] {logging_mixin.py:190} INFO - [2025-01-01T21:53:19.813+0000] {dag.py:4180} INFO - Setting next_dagrun for consume_1_or_both_2_and_3_with_dataset_expressions to None, run_after=None
[2025-01-01T21:53:19.814+0000] {logging_mixin.py:190} INFO - [2025-01-01T21:53:19.814+0000] {dag.py:4180} INFO - Setting next_dagrun for dataset_consumes_1 to None, run_after=None
[2025-01-01T21:53:19.816+0000] {logging_mixin.py:190} INFO - [2025-01-01T21:53:19.815+0000] {dag.py:4180} INFO - Setting next_dagrun for dataset_consumes_1_and_2 to None, run_after=None
[2025-01-01T21:53:19.817+0000] {logging_mixin.py:190} INFO - [2025-01-01T21:53:19.816+0000] {dag.py:4180} INFO - Setting next_dagrun for dataset_consumes_1_never_scheduled to None, run_after=None
[2025-01-01T21:53:19.818+0000] {logging_mixin.py:190} INFO - [2025-01-01T21:53:19.817+0000] {dag.py:4180} INFO - Setting next_dagrun for dataset_consumes_unknown_never_scheduled to None, run_after=None
[2025-01-01T21:53:19.820+0000] {logging_mixin.py:190} INFO - [2025-01-01T21:53:19.820+0000] {dag.py:4180} INFO - Setting next_dagrun for dataset_produces_1 to 2024-12-31 00:00:00+00:00, run_after=2025-01-01 00:00:00+00:00
[2025-01-01T21:53:19.821+0000] {logging_mixin.py:190} INFO - [2025-01-01T21:53:19.821+0000] {dag.py:4180} INFO - Setting next_dagrun for dataset_produces_2 to None, run_after=None
[2025-01-01T21:53:19.847+0000] {processor.py:208} INFO - Processing /home/airflow/.local/lib/python3.12/site-packages/airflow/example_dags/example_datasets.py took 0.589 seconds
[2025-01-01T21:53:49.941+0000] {processor.py:186} INFO - Started process (PID=731) to work on /home/airflow/.local/lib/python3.12/site-packages/airflow/example_dags/example_datasets.py
[2025-01-01T21:53:49.942+0000] {processor.py:914} INFO - Processing file /home/airflow/.local/lib/python3.12/site-packages/airflow/example_dags/example_datasets.py for tasks to queue
[2025-01-01T21:53:49.944+0000] {logging_mixin.py:190} INFO - [2025-01-01T21:53:49.944+0000] {dagbag.py:588} INFO - Filling up the DagBag from /home/airflow/.local/lib/python3.12/site-packages/airflow/example_dags/example_datasets.py
[2025-01-01T21:53:50.457+0000] {processor.py:925} INFO - DAG(s) 'dataset_produces_2', 'dataset_consumes_1_and_2', 'consume_1_or_2_with_dataset_expressions', 'conditional_dataset_and_time_based_timetable', 'consume_1_or_both_2_and_3_with_dataset_expressions', 'dataset_produces_1', 'consume_1_and_2_with_dataset_expressions', 'dataset_consumes_unknown_never_scheduled', 'dataset_consumes_1_never_scheduled', 'dataset_consumes_1' retrieved from /home/airflow/.local/lib/python3.12/site-packages/airflow/example_dags/example_datasets.py
[2025-01-01T21:53:50.493+0000] {logging_mixin.py:190} INFO - [2025-01-01T21:53:50.493+0000] {dag.py:3239} INFO - Sync 10 DAGs
[2025-01-01T21:53:50.517+0000] {logging_mixin.py:190} INFO - [2025-01-01T21:53:50.516+0000] {dag.py:4180} INFO - Setting next_dagrun for conditional_dataset_and_time_based_timetable to 2025-01-01 01:00:00+00:00, run_after=2025-01-01 01:00:00+00:00
[2025-01-01T21:53:50.521+0000] {logging_mixin.py:190} INFO - [2025-01-01T21:53:50.520+0000] {dag.py:4180} INFO - Setting next_dagrun for consume_1_and_2_with_dataset_expressions to None, run_after=None
[2025-01-01T21:53:50.522+0000] {logging_mixin.py:190} INFO - [2025-01-01T21:53:50.522+0000] {dag.py:4180} INFO - Setting next_dagrun for consume_1_or_2_with_dataset_expressions to None, run_after=None
[2025-01-01T21:53:50.524+0000] {logging_mixin.py:190} INFO - [2025-01-01T21:53:50.523+0000] {dag.py:4180} INFO - Setting next_dagrun for consume_1_or_both_2_and_3_with_dataset_expressions to None, run_after=None
[2025-01-01T21:53:50.525+0000] {logging_mixin.py:190} INFO - [2025-01-01T21:53:50.525+0000] {dag.py:4180} INFO - Setting next_dagrun for dataset_consumes_1 to None, run_after=None
[2025-01-01T21:53:50.526+0000] {logging_mixin.py:190} INFO - [2025-01-01T21:53:50.526+0000] {dag.py:4180} INFO - Setting next_dagrun for dataset_consumes_1_and_2 to None, run_after=None
[2025-01-01T21:53:50.527+0000] {logging_mixin.py:190} INFO - [2025-01-01T21:53:50.527+0000] {dag.py:4180} INFO - Setting next_dagrun for dataset_consumes_1_never_scheduled to None, run_after=None
[2025-01-01T21:53:50.529+0000] {logging_mixin.py:190} INFO - [2025-01-01T21:53:50.528+0000] {dag.py:4180} INFO - Setting next_dagrun for dataset_consumes_unknown_never_scheduled to None, run_after=None
[2025-01-01T21:53:50.531+0000] {logging_mixin.py:190} INFO - [2025-01-01T21:53:50.531+0000] {dag.py:4180} INFO - Setting next_dagrun for dataset_produces_1 to 2024-12-31 00:00:00+00:00, run_after=2025-01-01 00:00:00+00:00
[2025-01-01T21:53:50.534+0000] {logging_mixin.py:190} INFO - [2025-01-01T21:53:50.533+0000] {dag.py:4180} INFO - Setting next_dagrun for dataset_produces_2 to None, run_after=None
[2025-01-01T21:53:50.575+0000] {processor.py:208} INFO - Processing /home/airflow/.local/lib/python3.12/site-packages/airflow/example_dags/example_datasets.py took 0.638 seconds
[2025-01-01T21:54:21.096+0000] {processor.py:186} INFO - Started process (PID=794) to work on /home/airflow/.local/lib/python3.12/site-packages/airflow/example_dags/example_datasets.py
[2025-01-01T21:54:21.097+0000] {processor.py:914} INFO - Processing file /home/airflow/.local/lib/python3.12/site-packages/airflow/example_dags/example_datasets.py for tasks to queue
[2025-01-01T21:54:21.099+0000] {logging_mixin.py:190} INFO - [2025-01-01T21:54:21.099+0000] {dagbag.py:588} INFO - Filling up the DagBag from /home/airflow/.local/lib/python3.12/site-packages/airflow/example_dags/example_datasets.py
[2025-01-01T21:54:21.606+0000] {processor.py:925} INFO - DAG(s) 'dataset_consumes_1', 'dataset_consumes_1_and_2', 'dataset_consumes_1_never_scheduled', 'conditional_dataset_and_time_based_timetable', 'consume_1_or_both_2_and_3_with_dataset_expressions', 'consume_1_and_2_with_dataset_expressions', 'dataset_consumes_unknown_never_scheduled', 'dataset_produces_2', 'dataset_produces_1', 'consume_1_or_2_with_dataset_expressions' retrieved from /home/airflow/.local/lib/python3.12/site-packages/airflow/example_dags/example_datasets.py
[2025-01-01T21:54:21.642+0000] {logging_mixin.py:190} INFO - [2025-01-01T21:54:21.642+0000] {dag.py:3239} INFO - Sync 10 DAGs
[2025-01-01T21:54:21.671+0000] {logging_mixin.py:190} INFO - [2025-01-01T21:54:21.671+0000] {dag.py:4180} INFO - Setting next_dagrun for conditional_dataset_and_time_based_timetable to 2025-01-01 01:00:00+00:00, run_after=2025-01-01 01:00:00+00:00
[2025-01-01T21:54:21.674+0000] {logging_mixin.py:190} INFO - [2025-01-01T21:54:21.674+0000] {dag.py:4180} INFO - Setting next_dagrun for consume_1_and_2_with_dataset_expressions to None, run_after=None
[2025-01-01T21:54:21.675+0000] {logging_mixin.py:190} INFO - [2025-01-01T21:54:21.675+0000] {dag.py:4180} INFO - Setting next_dagrun for consume_1_or_2_with_dataset_expressions to None, run_after=None
[2025-01-01T21:54:21.676+0000] {logging_mixin.py:190} INFO - [2025-01-01T21:54:21.676+0000] {dag.py:4180} INFO - Setting next_dagrun for consume_1_or_both_2_and_3_with_dataset_expressions to None, run_after=None
[2025-01-01T21:54:21.677+0000] {logging_mixin.py:190} INFO - [2025-01-01T21:54:21.677+0000] {dag.py:4180} INFO - Setting next_dagrun for dataset_consumes_1 to None, run_after=None
[2025-01-01T21:54:21.678+0000] {logging_mixin.py:190} INFO - [2025-01-01T21:54:21.678+0000] {dag.py:4180} INFO - Setting next_dagrun for dataset_consumes_1_and_2 to None, run_after=None
[2025-01-01T21:54:21.679+0000] {logging_mixin.py:190} INFO - [2025-01-01T21:54:21.679+0000] {dag.py:4180} INFO - Setting next_dagrun for dataset_consumes_1_never_scheduled to None, run_after=None
[2025-01-01T21:54:21.681+0000] {logging_mixin.py:190} INFO - [2025-01-01T21:54:21.680+0000] {dag.py:4180} INFO - Setting next_dagrun for dataset_consumes_unknown_never_scheduled to None, run_after=None
[2025-01-01T21:54:21.683+0000] {logging_mixin.py:190} INFO - [2025-01-01T21:54:21.682+0000] {dag.py:4180} INFO - Setting next_dagrun for dataset_produces_1 to 2024-12-31 00:00:00+00:00, run_after=2025-01-01 00:00:00+00:00
[2025-01-01T21:54:21.684+0000] {logging_mixin.py:190} INFO - [2025-01-01T21:54:21.684+0000] {dag.py:4180} INFO - Setting next_dagrun for dataset_produces_2 to None, run_after=None
[2025-01-01T21:54:21.714+0000] {processor.py:208} INFO - Processing /home/airflow/.local/lib/python3.12/site-packages/airflow/example_dags/example_datasets.py took 0.622 seconds
[2025-01-01T21:54:52.617+0000] {processor.py:186} INFO - Started process (PID=857) to work on /home/airflow/.local/lib/python3.12/site-packages/airflow/example_dags/example_datasets.py
[2025-01-01T21:54:52.618+0000] {processor.py:914} INFO - Processing file /home/airflow/.local/lib/python3.12/site-packages/airflow/example_dags/example_datasets.py for tasks to queue
[2025-01-01T21:54:52.621+0000] {logging_mixin.py:190} INFO - [2025-01-01T21:54:52.620+0000] {dagbag.py:588} INFO - Filling up the DagBag from /home/airflow/.local/lib/python3.12/site-packages/airflow/example_dags/example_datasets.py
[2025-01-01T21:54:53.142+0000] {processor.py:925} INFO - DAG(s) 'consume_1_or_both_2_and_3_with_dataset_expressions', 'consume_1_and_2_with_dataset_expressions', 'dataset_consumes_unknown_never_scheduled', 'dataset_consumes_1_and_2', 'dataset_produces_1', 'consume_1_or_2_with_dataset_expressions', 'dataset_consumes_1', 'conditional_dataset_and_time_based_timetable', 'dataset_produces_2', 'dataset_consumes_1_never_scheduled' retrieved from /home/airflow/.local/lib/python3.12/site-packages/airflow/example_dags/example_datasets.py
[2025-01-01T21:54:53.180+0000] {logging_mixin.py:190} INFO - [2025-01-01T21:54:53.180+0000] {dag.py:3239} INFO - Sync 10 DAGs
[2025-01-01T21:54:53.202+0000] {logging_mixin.py:190} INFO - [2025-01-01T21:54:53.202+0000] {dag.py:4180} INFO - Setting next_dagrun for conditional_dataset_and_time_based_timetable to 2025-01-01 01:00:00+00:00, run_after=2025-01-01 01:00:00+00:00
[2025-01-01T21:54:53.205+0000] {logging_mixin.py:190} INFO - [2025-01-01T21:54:53.205+0000] {dag.py:4180} INFO - Setting next_dagrun for consume_1_and_2_with_dataset_expressions to None, run_after=None
[2025-01-01T21:54:53.206+0000] {logging_mixin.py:190} INFO - [2025-01-01T21:54:53.206+0000] {dag.py:4180} INFO - Setting next_dagrun for consume_1_or_2_with_dataset_expressions to None, run_after=None
[2025-01-01T21:54:53.208+0000] {logging_mixin.py:190} INFO - [2025-01-01T21:54:53.207+0000] {dag.py:4180} INFO - Setting next_dagrun for consume_1_or_both_2_and_3_with_dataset_expressions to None, run_after=None
[2025-01-01T21:54:53.209+0000] {logging_mixin.py:190} INFO - [2025-01-01T21:54:53.208+0000] {dag.py:4180} INFO - Setting next_dagrun for dataset_consumes_1 to None, run_after=None
[2025-01-01T21:54:53.210+0000] {logging_mixin.py:190} INFO - [2025-01-01T21:54:53.210+0000] {dag.py:4180} INFO - Setting next_dagrun for dataset_consumes_1_and_2 to None, run_after=None
[2025-01-01T21:54:53.211+0000] {logging_mixin.py:190} INFO - [2025-01-01T21:54:53.211+0000] {dag.py:4180} INFO - Setting next_dagrun for dataset_consumes_1_never_scheduled to None, run_after=None
[2025-01-01T21:54:53.213+0000] {logging_mixin.py:190} INFO - [2025-01-01T21:54:53.213+0000] {dag.py:4180} INFO - Setting next_dagrun for dataset_consumes_unknown_never_scheduled to None, run_after=None
[2025-01-01T21:54:53.216+0000] {logging_mixin.py:190} INFO - [2025-01-01T21:54:53.215+0000] {dag.py:4180} INFO - Setting next_dagrun for dataset_produces_1 to 2024-12-31 00:00:00+00:00, run_after=2025-01-01 00:00:00+00:00
[2025-01-01T21:54:53.217+0000] {logging_mixin.py:190} INFO - [2025-01-01T21:54:53.217+0000] {dag.py:4180} INFO - Setting next_dagrun for dataset_produces_2 to None, run_after=None
[2025-01-01T21:54:53.248+0000] {processor.py:208} INFO - Processing /home/airflow/.local/lib/python3.12/site-packages/airflow/example_dags/example_datasets.py took 0.635 seconds
[2025-01-01T21:55:23.921+0000] {processor.py:186} INFO - Started process (PID=920) to work on /home/airflow/.local/lib/python3.12/site-packages/airflow/example_dags/example_datasets.py
[2025-01-01T21:55:23.921+0000] {processor.py:914} INFO - Processing file /home/airflow/.local/lib/python3.12/site-packages/airflow/example_dags/example_datasets.py for tasks to queue
[2025-01-01T21:55:23.923+0000] {logging_mixin.py:190} INFO - [2025-01-01T21:55:23.923+0000] {dagbag.py:588} INFO - Filling up the DagBag from /home/airflow/.local/lib/python3.12/site-packages/airflow/example_dags/example_datasets.py
[2025-01-01T21:55:24.461+0000] {processor.py:925} INFO - DAG(s) 'dataset_produces_2', 'consume_1_or_both_2_and_3_with_dataset_expressions', 'dataset_consumes_unknown_never_scheduled', 'dataset_consumes_1', 'consume_1_or_2_with_dataset_expressions', 'dataset_consumes_1_never_scheduled', 'dataset_produces_1', 'conditional_dataset_and_time_based_timetable', 'consume_1_and_2_with_dataset_expressions', 'dataset_consumes_1_and_2' retrieved from /home/airflow/.local/lib/python3.12/site-packages/airflow/example_dags/example_datasets.py
[2025-01-01T21:55:24.501+0000] {logging_mixin.py:190} INFO - [2025-01-01T21:55:24.501+0000] {dag.py:3239} INFO - Sync 10 DAGs
[2025-01-01T21:55:24.528+0000] {logging_mixin.py:190} INFO - [2025-01-01T21:55:24.527+0000] {dag.py:4180} INFO - Setting next_dagrun for conditional_dataset_and_time_based_timetable to 2025-01-01 01:00:00+00:00, run_after=2025-01-01 01:00:00+00:00
[2025-01-01T21:55:24.532+0000] {logging_mixin.py:190} INFO - [2025-01-01T21:55:24.532+0000] {dag.py:4180} INFO - Setting next_dagrun for consume_1_and_2_with_dataset_expressions to None, run_after=None
[2025-01-01T21:55:24.535+0000] {logging_mixin.py:190} INFO - [2025-01-01T21:55:24.535+0000] {dag.py:4180} INFO - Setting next_dagrun for consume_1_or_2_with_dataset_expressions to None, run_after=None
[2025-01-01T21:55:24.536+0000] {logging_mixin.py:190} INFO - [2025-01-01T21:55:24.536+0000] {dag.py:4180} INFO - Setting next_dagrun for consume_1_or_both_2_and_3_with_dataset_expressions to None, run_after=None
[2025-01-01T21:55:24.537+0000] {logging_mixin.py:190} INFO - [2025-01-01T21:55:24.537+0000] {dag.py:4180} INFO - Setting next_dagrun for dataset_consumes_1 to None, run_after=None
[2025-01-01T21:55:24.539+0000] {logging_mixin.py:190} INFO - [2025-01-01T21:55:24.538+0000] {dag.py:4180} INFO - Setting next_dagrun for dataset_consumes_1_and_2 to None, run_after=None
[2025-01-01T21:55:24.540+0000] {logging_mixin.py:190} INFO - [2025-01-01T21:55:24.539+0000] {dag.py:4180} INFO - Setting next_dagrun for dataset_consumes_1_never_scheduled to None, run_after=None
[2025-01-01T21:55:24.541+0000] {logging_mixin.py:190} INFO - [2025-01-01T21:55:24.540+0000] {dag.py:4180} INFO - Setting next_dagrun for dataset_consumes_unknown_never_scheduled to None, run_after=None
[2025-01-01T21:55:24.543+0000] {logging_mixin.py:190} INFO - [2025-01-01T21:55:24.543+0000] {dag.py:4180} INFO - Setting next_dagrun for dataset_produces_1 to 2024-12-31 00:00:00+00:00, run_after=2025-01-01 00:00:00+00:00
[2025-01-01T21:55:24.545+0000] {logging_mixin.py:190} INFO - [2025-01-01T21:55:24.544+0000] {dag.py:4180} INFO - Setting next_dagrun for dataset_produces_2 to None, run_after=None
[2025-01-01T21:55:24.577+0000] {processor.py:208} INFO - Processing /home/airflow/.local/lib/python3.12/site-packages/airflow/example_dags/example_datasets.py took 0.661 seconds
[2025-01-01T21:55:55.086+0000] {processor.py:186} INFO - Started process (PID=983) to work on /home/airflow/.local/lib/python3.12/site-packages/airflow/example_dags/example_datasets.py
[2025-01-01T21:55:55.087+0000] {processor.py:914} INFO - Processing file /home/airflow/.local/lib/python3.12/site-packages/airflow/example_dags/example_datasets.py for tasks to queue
[2025-01-01T21:55:55.089+0000] {logging_mixin.py:190} INFO - [2025-01-01T21:55:55.089+0000] {dagbag.py:588} INFO - Filling up the DagBag from /home/airflow/.local/lib/python3.12/site-packages/airflow/example_dags/example_datasets.py
[2025-01-01T21:55:55.648+0000] {processor.py:925} INFO - DAG(s) 'dataset_produces_1', 'dataset_produces_2', 'consume_1_or_2_with_dataset_expressions', 'dataset_consumes_1_never_scheduled', 'dataset_consumes_1', 'consume_1_or_both_2_and_3_with_dataset_expressions', 'dataset_consumes_unknown_never_scheduled', 'conditional_dataset_and_time_based_timetable', 'dataset_consumes_1_and_2', 'consume_1_and_2_with_dataset_expressions' retrieved from /home/airflow/.local/lib/python3.12/site-packages/airflow/example_dags/example_datasets.py
[2025-01-01T21:55:55.687+0000] {logging_mixin.py:190} INFO - [2025-01-01T21:55:55.687+0000] {dag.py:3239} INFO - Sync 10 DAGs
[2025-01-01T21:55:55.712+0000] {logging_mixin.py:190} INFO - [2025-01-01T21:55:55.712+0000] {dag.py:4180} INFO - Setting next_dagrun for conditional_dataset_and_time_based_timetable to 2025-01-01 01:00:00+00:00, run_after=2025-01-01 01:00:00+00:00
[2025-01-01T21:55:55.716+0000] {logging_mixin.py:190} INFO - [2025-01-01T21:55:55.716+0000] {dag.py:4180} INFO - Setting next_dagrun for consume_1_and_2_with_dataset_expressions to None, run_after=None
[2025-01-01T21:55:55.717+0000] {logging_mixin.py:190} INFO - [2025-01-01T21:55:55.717+0000] {dag.py:4180} INFO - Setting next_dagrun for consume_1_or_2_with_dataset_expressions to None, run_after=None
[2025-01-01T21:55:55.719+0000] {logging_mixin.py:190} INFO - [2025-01-01T21:55:55.719+0000] {dag.py:4180} INFO - Setting next_dagrun for consume_1_or_both_2_and_3_with_dataset_expressions to None, run_after=None
[2025-01-01T21:55:55.720+0000] {logging_mixin.py:190} INFO - [2025-01-01T21:55:55.720+0000] {dag.py:4180} INFO - Setting next_dagrun for dataset_consumes_1 to None, run_after=None
[2025-01-01T21:55:55.721+0000] {logging_mixin.py:190} INFO - [2025-01-01T21:55:55.721+0000] {dag.py:4180} INFO - Setting next_dagrun for dataset_consumes_1_and_2 to None, run_after=None
[2025-01-01T21:55:55.723+0000] {logging_mixin.py:190} INFO - [2025-01-01T21:55:55.723+0000] {dag.py:4180} INFO - Setting next_dagrun for dataset_consumes_1_never_scheduled to None, run_after=None
[2025-01-01T21:55:55.724+0000] {logging_mixin.py:190} INFO - [2025-01-01T21:55:55.724+0000] {dag.py:4180} INFO - Setting next_dagrun for dataset_consumes_unknown_never_scheduled to None, run_after=None
[2025-01-01T21:55:55.727+0000] {logging_mixin.py:190} INFO - [2025-01-01T21:55:55.727+0000] {dag.py:4180} INFO - Setting next_dagrun for dataset_produces_1 to 2024-12-31 00:00:00+00:00, run_after=2025-01-01 00:00:00+00:00
[2025-01-01T21:55:55.729+0000] {logging_mixin.py:190} INFO - [2025-01-01T21:55:55.729+0000] {dag.py:4180} INFO - Setting next_dagrun for dataset_produces_2 to None, run_after=None
[2025-01-01T21:55:55.765+0000] {processor.py:208} INFO - Processing /home/airflow/.local/lib/python3.12/site-packages/airflow/example_dags/example_datasets.py took 0.684 seconds
[2025-01-01T21:56:26.413+0000] {processor.py:186} INFO - Started process (PID=1046) to work on /home/airflow/.local/lib/python3.12/site-packages/airflow/example_dags/example_datasets.py
[2025-01-01T21:56:26.414+0000] {processor.py:914} INFO - Processing file /home/airflow/.local/lib/python3.12/site-packages/airflow/example_dags/example_datasets.py for tasks to queue
[2025-01-01T21:56:26.416+0000] {logging_mixin.py:190} INFO - [2025-01-01T21:56:26.416+0000] {dagbag.py:588} INFO - Filling up the DagBag from /home/airflow/.local/lib/python3.12/site-packages/airflow/example_dags/example_datasets.py
[2025-01-01T21:56:26.943+0000] {processor.py:925} INFO - DAG(s) 'dataset_consumes_1_and_2', 'dataset_consumes_1', 'consume_1_or_both_2_and_3_with_dataset_expressions', 'dataset_produces_2', 'consume_1_and_2_with_dataset_expressions', 'conditional_dataset_and_time_based_timetable', 'dataset_consumes_1_never_scheduled', 'dataset_consumes_unknown_never_scheduled', 'consume_1_or_2_with_dataset_expressions', 'dataset_produces_1' retrieved from /home/airflow/.local/lib/python3.12/site-packages/airflow/example_dags/example_datasets.py
[2025-01-01T21:56:26.980+0000] {logging_mixin.py:190} INFO - [2025-01-01T21:56:26.980+0000] {dag.py:3239} INFO - Sync 10 DAGs
[2025-01-01T21:56:27.002+0000] {logging_mixin.py:190} INFO - [2025-01-01T21:56:27.001+0000] {dag.py:4180} INFO - Setting next_dagrun for conditional_dataset_and_time_based_timetable to 2025-01-01 01:00:00+00:00, run_after=2025-01-01 01:00:00+00:00
[2025-01-01T21:56:27.005+0000] {logging_mixin.py:190} INFO - [2025-01-01T21:56:27.005+0000] {dag.py:4180} INFO - Setting next_dagrun for consume_1_and_2_with_dataset_expressions to None, run_after=None
[2025-01-01T21:56:27.006+0000] {logging_mixin.py:190} INFO - [2025-01-01T21:56:27.006+0000] {dag.py:4180} INFO - Setting next_dagrun for consume_1_or_2_with_dataset_expressions to None, run_after=None
[2025-01-01T21:56:27.008+0000] {logging_mixin.py:190} INFO - [2025-01-01T21:56:27.007+0000] {dag.py:4180} INFO - Setting next_dagrun for consume_1_or_both_2_and_3_with_dataset_expressions to None, run_after=None
[2025-01-01T21:56:27.009+0000] {logging_mixin.py:190} INFO - [2025-01-01T21:56:27.009+0000] {dag.py:4180} INFO - Setting next_dagrun for dataset_consumes_1 to None, run_after=None
[2025-01-01T21:56:27.010+0000] {logging_mixin.py:190} INFO - [2025-01-01T21:56:27.010+0000] {dag.py:4180} INFO - Setting next_dagrun for dataset_consumes_1_and_2 to None, run_after=None
[2025-01-01T21:56:27.012+0000] {logging_mixin.py:190} INFO - [2025-01-01T21:56:27.012+0000] {dag.py:4180} INFO - Setting next_dagrun for dataset_consumes_1_never_scheduled to None, run_after=None
[2025-01-01T21:56:27.013+0000] {logging_mixin.py:190} INFO - [2025-01-01T21:56:27.013+0000] {dag.py:4180} INFO - Setting next_dagrun for dataset_consumes_unknown_never_scheduled to None, run_after=None
[2025-01-01T21:56:27.015+0000] {logging_mixin.py:190} INFO - [2025-01-01T21:56:27.015+0000] {dag.py:4180} INFO - Setting next_dagrun for dataset_produces_1 to 2024-12-31 00:00:00+00:00, run_after=2025-01-01 00:00:00+00:00
[2025-01-01T21:56:27.016+0000] {logging_mixin.py:190} INFO - [2025-01-01T21:56:27.016+0000] {dag.py:4180} INFO - Setting next_dagrun for dataset_produces_2 to None, run_after=None
[2025-01-01T21:56:27.048+0000] {processor.py:208} INFO - Processing /home/airflow/.local/lib/python3.12/site-packages/airflow/example_dags/example_datasets.py took 0.641 seconds
[2025-01-01T21:56:57.219+0000] {processor.py:186} INFO - Started process (PID=1109) to work on /home/airflow/.local/lib/python3.12/site-packages/airflow/example_dags/example_datasets.py
[2025-01-01T21:56:57.220+0000] {processor.py:914} INFO - Processing file /home/airflow/.local/lib/python3.12/site-packages/airflow/example_dags/example_datasets.py for tasks to queue
[2025-01-01T21:56:57.222+0000] {logging_mixin.py:190} INFO - [2025-01-01T21:56:57.222+0000] {dagbag.py:588} INFO - Filling up the DagBag from /home/airflow/.local/lib/python3.12/site-packages/airflow/example_dags/example_datasets.py
[2025-01-01T21:56:57.749+0000] {processor.py:925} INFO - DAG(s) 'consume_1_and_2_with_dataset_expressions', 'dataset_consumes_1', 'consume_1_or_2_with_dataset_expressions', 'dataset_produces_2', 'consume_1_or_both_2_and_3_with_dataset_expressions', 'dataset_consumes_1_and_2', 'dataset_consumes_unknown_never_scheduled', 'conditional_dataset_and_time_based_timetable', 'dataset_produces_1', 'dataset_consumes_1_never_scheduled' retrieved from /home/airflow/.local/lib/python3.12/site-packages/airflow/example_dags/example_datasets.py
[2025-01-01T21:56:57.786+0000] {logging_mixin.py:190} INFO - [2025-01-01T21:56:57.786+0000] {dag.py:3239} INFO - Sync 10 DAGs
[2025-01-01T21:56:57.808+0000] {logging_mixin.py:190} INFO - [2025-01-01T21:56:57.808+0000] {dag.py:4180} INFO - Setting next_dagrun for conditional_dataset_and_time_based_timetable to 2025-01-01 01:00:00+00:00, run_after=2025-01-01 01:00:00+00:00
[2025-01-01T21:56:57.812+0000] {logging_mixin.py:190} INFO - [2025-01-01T21:56:57.812+0000] {dag.py:4180} INFO - Setting next_dagrun for consume_1_and_2_with_dataset_expressions to None, run_after=None
[2025-01-01T21:56:57.815+0000] {logging_mixin.py:190} INFO - [2025-01-01T21:56:57.814+0000] {dag.py:4180} INFO - Setting next_dagrun for consume_1_or_2_with_dataset_expressions to None, run_after=None
[2025-01-01T21:56:57.816+0000] {logging_mixin.py:190} INFO - [2025-01-01T21:56:57.816+0000] {dag.py:4180} INFO - Setting next_dagrun for consume_1_or_both_2_and_3_with_dataset_expressions to None, run_after=None
[2025-01-01T21:56:57.817+0000] {logging_mixin.py:190} INFO - [2025-01-01T21:56:57.817+0000] {dag.py:4180} INFO - Setting next_dagrun for dataset_consumes_1 to None, run_after=None
[2025-01-01T21:56:57.819+0000] {logging_mixin.py:190} INFO - [2025-01-01T21:56:57.819+0000] {dag.py:4180} INFO - Setting next_dagrun for dataset_consumes_1_and_2 to None, run_after=None
[2025-01-01T21:56:57.820+0000] {logging_mixin.py:190} INFO - [2025-01-01T21:56:57.820+0000] {dag.py:4180} INFO - Setting next_dagrun for dataset_consumes_1_never_scheduled to None, run_after=None
[2025-01-01T21:56:57.821+0000] {logging_mixin.py:190} INFO - [2025-01-01T21:56:57.821+0000] {dag.py:4180} INFO - Setting next_dagrun for dataset_consumes_unknown_never_scheduled to None, run_after=None
[2025-01-01T21:56:57.824+0000] {logging_mixin.py:190} INFO - [2025-01-01T21:56:57.824+0000] {dag.py:4180} INFO - Setting next_dagrun for dataset_produces_1 to 2024-12-31 00:00:00+00:00, run_after=2025-01-01 00:00:00+00:00
[2025-01-01T21:56:57.826+0000] {logging_mixin.py:190} INFO - [2025-01-01T21:56:57.826+0000] {dag.py:4180} INFO - Setting next_dagrun for dataset_produces_2 to None, run_after=None
[2025-01-01T21:56:57.866+0000] {processor.py:208} INFO - Processing /home/airflow/.local/lib/python3.12/site-packages/airflow/example_dags/example_datasets.py took 0.652 seconds
[2025-01-01T21:57:28.103+0000] {processor.py:186} INFO - Started process (PID=1172) to work on /home/airflow/.local/lib/python3.12/site-packages/airflow/example_dags/example_datasets.py
[2025-01-01T21:57:28.104+0000] {processor.py:914} INFO - Processing file /home/airflow/.local/lib/python3.12/site-packages/airflow/example_dags/example_datasets.py for tasks to queue
[2025-01-01T21:57:28.106+0000] {logging_mixin.py:190} INFO - [2025-01-01T21:57:28.106+0000] {dagbag.py:588} INFO - Filling up the DagBag from /home/airflow/.local/lib/python3.12/site-packages/airflow/example_dags/example_datasets.py
[2025-01-01T21:57:28.612+0000] {processor.py:925} INFO - DAG(s) 'conditional_dataset_and_time_based_timetable', 'dataset_consumes_1_never_scheduled', 'consume_1_or_2_with_dataset_expressions', 'dataset_consumes_1', 'consume_1_or_both_2_and_3_with_dataset_expressions', 'dataset_consumes_unknown_never_scheduled', 'dataset_consumes_1_and_2', 'dataset_produces_2', 'consume_1_and_2_with_dataset_expressions', 'dataset_produces_1' retrieved from /home/airflow/.local/lib/python3.12/site-packages/airflow/example_dags/example_datasets.py
[2025-01-01T21:57:28.650+0000] {logging_mixin.py:190} INFO - [2025-01-01T21:57:28.649+0000] {dag.py:3239} INFO - Sync 10 DAGs
[2025-01-01T21:57:28.674+0000] {logging_mixin.py:190} INFO - [2025-01-01T21:57:28.674+0000] {dag.py:4180} INFO - Setting next_dagrun for conditional_dataset_and_time_based_timetable to 2025-01-01 01:00:00+00:00, run_after=2025-01-01 01:00:00+00:00
[2025-01-01T21:57:28.678+0000] {logging_mixin.py:190} INFO - [2025-01-01T21:57:28.678+0000] {dag.py:4180} INFO - Setting next_dagrun for consume_1_and_2_with_dataset_expressions to None, run_after=None
[2025-01-01T21:57:28.679+0000] {logging_mixin.py:190} INFO - [2025-01-01T21:57:28.679+0000] {dag.py:4180} INFO - Setting next_dagrun for consume_1_or_2_with_dataset_expressions to None, run_after=None
[2025-01-01T21:57:28.681+0000] {logging_mixin.py:190} INFO - [2025-01-01T21:57:28.680+0000] {dag.py:4180} INFO - Setting next_dagrun for consume_1_or_both_2_and_3_with_dataset_expressions to None, run_after=None
[2025-01-01T21:57:28.682+0000] {logging_mixin.py:190} INFO - [2025-01-01T21:57:28.682+0000] {dag.py:4180} INFO - Setting next_dagrun for dataset_consumes_1 to None, run_after=None
[2025-01-01T21:57:28.684+0000] {logging_mixin.py:190} INFO - [2025-01-01T21:57:28.684+0000] {dag.py:4180} INFO - Setting next_dagrun for dataset_consumes_1_and_2 to None, run_after=None
[2025-01-01T21:57:28.685+0000] {logging_mixin.py:190} INFO - [2025-01-01T21:57:28.685+0000] {dag.py:4180} INFO - Setting next_dagrun for dataset_consumes_1_never_scheduled to None, run_after=None
[2025-01-01T21:57:28.687+0000] {logging_mixin.py:190} INFO - [2025-01-01T21:57:28.686+0000] {dag.py:4180} INFO - Setting next_dagrun for dataset_consumes_unknown_never_scheduled to None, run_after=None
[2025-01-01T21:57:28.689+0000] {logging_mixin.py:190} INFO - [2025-01-01T21:57:28.689+0000] {dag.py:4180} INFO - Setting next_dagrun for dataset_produces_1 to 2024-12-31 00:00:00+00:00, run_after=2025-01-01 00:00:00+00:00
[2025-01-01T21:57:28.690+0000] {logging_mixin.py:190} INFO - [2025-01-01T21:57:28.690+0000] {dag.py:4180} INFO - Setting next_dagrun for dataset_produces_2 to None, run_after=None
[2025-01-01T21:57:28.723+0000] {processor.py:208} INFO - Processing /home/airflow/.local/lib/python3.12/site-packages/airflow/example_dags/example_datasets.py took 0.625 seconds
[2025-01-01T21:57:58.778+0000] {processor.py:186} INFO - Started process (PID=1236) to work on /home/airflow/.local/lib/python3.12/site-packages/airflow/example_dags/example_datasets.py
[2025-01-01T21:57:58.779+0000] {processor.py:914} INFO - Processing file /home/airflow/.local/lib/python3.12/site-packages/airflow/example_dags/example_datasets.py for tasks to queue
[2025-01-01T21:57:58.780+0000] {logging_mixin.py:190} INFO - [2025-01-01T21:57:58.780+0000] {dagbag.py:588} INFO - Filling up the DagBag from /home/airflow/.local/lib/python3.12/site-packages/airflow/example_dags/example_datasets.py
[2025-01-01T21:57:59.315+0000] {processor.py:925} INFO - DAG(s) 'consume_1_and_2_with_dataset_expressions', 'dataset_consumes_1_and_2', 'dataset_produces_1', 'conditional_dataset_and_time_based_timetable', 'dataset_consumes_unknown_never_scheduled', 'dataset_produces_2', 'dataset_consumes_1', 'dataset_consumes_1_never_scheduled', 'consume_1_or_2_with_dataset_expressions', 'consume_1_or_both_2_and_3_with_dataset_expressions' retrieved from /home/airflow/.local/lib/python3.12/site-packages/airflow/example_dags/example_datasets.py
[2025-01-01T21:57:59.354+0000] {logging_mixin.py:190} INFO - [2025-01-01T21:57:59.354+0000] {dag.py:3239} INFO - Sync 10 DAGs
[2025-01-01T21:57:59.376+0000] {logging_mixin.py:190} INFO - [2025-01-01T21:57:59.376+0000] {dag.py:4180} INFO - Setting next_dagrun for conditional_dataset_and_time_based_timetable to 2025-01-01 01:00:00+00:00, run_after=2025-01-01 01:00:00+00:00
[2025-01-01T21:57:59.380+0000] {logging_mixin.py:190} INFO - [2025-01-01T21:57:59.380+0000] {dag.py:4180} INFO - Setting next_dagrun for consume_1_and_2_with_dataset_expressions to None, run_after=None
[2025-01-01T21:57:59.381+0000] {logging_mixin.py:190} INFO - [2025-01-01T21:57:59.381+0000] {dag.py:4180} INFO - Setting next_dagrun for consume_1_or_2_with_dataset_expressions to None, run_after=None
[2025-01-01T21:57:59.383+0000] {logging_mixin.py:190} INFO - [2025-01-01T21:57:59.383+0000] {dag.py:4180} INFO - Setting next_dagrun for consume_1_or_both_2_and_3_with_dataset_expressions to None, run_after=None
[2025-01-01T21:57:59.384+0000] {logging_mixin.py:190} INFO - [2025-01-01T21:57:59.384+0000] {dag.py:4180} INFO - Setting next_dagrun for dataset_consumes_1 to None, run_after=None
[2025-01-01T21:57:59.385+0000] {logging_mixin.py:190} INFO - [2025-01-01T21:57:59.385+0000] {dag.py:4180} INFO - Setting next_dagrun for dataset_consumes_1_and_2 to None, run_after=None
[2025-01-01T21:57:59.386+0000] {logging_mixin.py:190} INFO - [2025-01-01T21:57:59.386+0000] {dag.py:4180} INFO - Setting next_dagrun for dataset_consumes_1_never_scheduled to None, run_after=None
[2025-01-01T21:57:59.388+0000] {logging_mixin.py:190} INFO - [2025-01-01T21:57:59.388+0000] {dag.py:4180} INFO - Setting next_dagrun for dataset_consumes_unknown_never_scheduled to None, run_after=None
[2025-01-01T21:57:59.390+0000] {logging_mixin.py:190} INFO - [2025-01-01T21:57:59.390+0000] {dag.py:4180} INFO - Setting next_dagrun for dataset_produces_1 to 2024-12-31 00:00:00+00:00, run_after=2025-01-01 00:00:00+00:00
[2025-01-01T21:57:59.392+0000] {logging_mixin.py:190} INFO - [2025-01-01T21:57:59.392+0000] {dag.py:4180} INFO - Setting next_dagrun for dataset_produces_2 to None, run_after=None
[2025-01-01T21:57:59.421+0000] {processor.py:208} INFO - Processing /home/airflow/.local/lib/python3.12/site-packages/airflow/example_dags/example_datasets.py took 0.647 seconds
[2025-01-01T21:58:30.215+0000] {processor.py:186} INFO - Started process (PID=1298) to work on /home/airflow/.local/lib/python3.12/site-packages/airflow/example_dags/example_datasets.py
[2025-01-01T21:58:30.215+0000] {processor.py:914} INFO - Processing file /home/airflow/.local/lib/python3.12/site-packages/airflow/example_dags/example_datasets.py for tasks to queue
[2025-01-01T21:58:30.217+0000] {logging_mixin.py:190} INFO - [2025-01-01T21:58:30.217+0000] {dagbag.py:588} INFO - Filling up the DagBag from /home/airflow/.local/lib/python3.12/site-packages/airflow/example_dags/example_datasets.py
[2025-01-01T21:58:30.724+0000] {processor.py:925} INFO - DAG(s) 'consume_1_and_2_with_dataset_expressions', 'dataset_produces_1', 'consume_1_or_both_2_and_3_with_dataset_expressions', 'consume_1_or_2_with_dataset_expressions', 'dataset_produces_2', 'dataset_consumes_1_never_scheduled', 'dataset_consumes_1', 'dataset_consumes_unknown_never_scheduled', 'dataset_consumes_1_and_2', 'conditional_dataset_and_time_based_timetable' retrieved from /home/airflow/.local/lib/python3.12/site-packages/airflow/example_dags/example_datasets.py
[2025-01-01T21:58:30.776+0000] {logging_mixin.py:190} INFO - [2025-01-01T21:58:30.776+0000] {dag.py:3239} INFO - Sync 10 DAGs
[2025-01-01T21:58:30.808+0000] {logging_mixin.py:190} INFO - [2025-01-01T21:58:30.808+0000] {dag.py:4180} INFO - Setting next_dagrun for conditional_dataset_and_time_based_timetable to 2025-01-01 01:00:00+00:00, run_after=2025-01-01 01:00:00+00:00
[2025-01-01T21:58:30.812+0000] {logging_mixin.py:190} INFO - [2025-01-01T21:58:30.812+0000] {dag.py:4180} INFO - Setting next_dagrun for consume_1_and_2_with_dataset_expressions to None, run_after=None
[2025-01-01T21:58:30.814+0000] {logging_mixin.py:190} INFO - [2025-01-01T21:58:30.814+0000] {dag.py:4180} INFO - Setting next_dagrun for consume_1_or_2_with_dataset_expressions to None, run_after=None
[2025-01-01T21:58:30.815+0000] {logging_mixin.py:190} INFO - [2025-01-01T21:58:30.815+0000] {dag.py:4180} INFO - Setting next_dagrun for consume_1_or_both_2_and_3_with_dataset_expressions to None, run_after=None
[2025-01-01T21:58:30.817+0000] {logging_mixin.py:190} INFO - [2025-01-01T21:58:30.817+0000] {dag.py:4180} INFO - Setting next_dagrun for dataset_consumes_1 to None, run_after=None
[2025-01-01T21:58:30.818+0000] {logging_mixin.py:190} INFO - [2025-01-01T21:58:30.818+0000] {dag.py:4180} INFO - Setting next_dagrun for dataset_consumes_1_and_2 to None, run_after=None
[2025-01-01T21:58:30.820+0000] {logging_mixin.py:190} INFO - [2025-01-01T21:58:30.820+0000] {dag.py:4180} INFO - Setting next_dagrun for dataset_consumes_1_never_scheduled to None, run_after=None
[2025-01-01T21:58:30.821+0000] {logging_mixin.py:190} INFO - [2025-01-01T21:58:30.821+0000] {dag.py:4180} INFO - Setting next_dagrun for dataset_consumes_unknown_never_scheduled to None, run_after=None
[2025-01-01T21:58:30.824+0000] {logging_mixin.py:190} INFO - [2025-01-01T21:58:30.824+0000] {dag.py:4180} INFO - Setting next_dagrun for dataset_produces_1 to 2024-12-31 00:00:00+00:00, run_after=2025-01-01 00:00:00+00:00
[2025-01-01T21:58:30.826+0000] {logging_mixin.py:190} INFO - [2025-01-01T21:58:30.825+0000] {dag.py:4180} INFO - Setting next_dagrun for dataset_produces_2 to None, run_after=None
[2025-01-01T21:58:30.865+0000] {processor.py:208} INFO - Processing /home/airflow/.local/lib/python3.12/site-packages/airflow/example_dags/example_datasets.py took 0.656 seconds
[2025-01-01T21:59:01.147+0000] {processor.py:186} INFO - Started process (PID=1361) to work on /home/airflow/.local/lib/python3.12/site-packages/airflow/example_dags/example_datasets.py
[2025-01-01T21:59:01.148+0000] {processor.py:914} INFO - Processing file /home/airflow/.local/lib/python3.12/site-packages/airflow/example_dags/example_datasets.py for tasks to queue
[2025-01-01T21:59:01.150+0000] {logging_mixin.py:190} INFO - [2025-01-01T21:59:01.150+0000] {dagbag.py:588} INFO - Filling up the DagBag from /home/airflow/.local/lib/python3.12/site-packages/airflow/example_dags/example_datasets.py
[2025-01-01T21:59:01.674+0000] {processor.py:925} INFO - DAG(s) 'consume_1_or_2_with_dataset_expressions', 'consume_1_or_both_2_and_3_with_dataset_expressions', 'consume_1_and_2_with_dataset_expressions', 'dataset_produces_2', 'dataset_consumes_1', 'dataset_consumes_1_and_2', 'dataset_produces_1', 'conditional_dataset_and_time_based_timetable', 'dataset_consumes_1_never_scheduled', 'dataset_consumes_unknown_never_scheduled' retrieved from /home/airflow/.local/lib/python3.12/site-packages/airflow/example_dags/example_datasets.py
[2025-01-01T21:59:01.710+0000] {logging_mixin.py:190} INFO - [2025-01-01T21:59:01.710+0000] {dag.py:3239} INFO - Sync 10 DAGs
[2025-01-01T21:59:01.732+0000] {logging_mixin.py:190} INFO - [2025-01-01T21:59:01.732+0000] {dag.py:4180} INFO - Setting next_dagrun for conditional_dataset_and_time_based_timetable to 2025-01-01 01:00:00+00:00, run_after=2025-01-01 01:00:00+00:00
[2025-01-01T21:59:01.736+0000] {logging_mixin.py:190} INFO - [2025-01-01T21:59:01.735+0000] {dag.py:4180} INFO - Setting next_dagrun for consume_1_and_2_with_dataset_expressions to None, run_after=None
[2025-01-01T21:59:01.737+0000] {logging_mixin.py:190} INFO - [2025-01-01T21:59:01.737+0000] {dag.py:4180} INFO - Setting next_dagrun for consume_1_or_2_with_dataset_expressions to None, run_after=None
[2025-01-01T21:59:01.738+0000] {logging_mixin.py:190} INFO - [2025-01-01T21:59:01.738+0000] {dag.py:4180} INFO - Setting next_dagrun for consume_1_or_both_2_and_3_with_dataset_expressions to None, run_after=None
[2025-01-01T21:59:01.739+0000] {logging_mixin.py:190} INFO - [2025-01-01T21:59:01.739+0000] {dag.py:4180} INFO - Setting next_dagrun for dataset_consumes_1 to None, run_after=None
[2025-01-01T21:59:01.740+0000] {logging_mixin.py:190} INFO - [2025-01-01T21:59:01.740+0000] {dag.py:4180} INFO - Setting next_dagrun for dataset_consumes_1_and_2 to None, run_after=None
[2025-01-01T21:59:01.741+0000] {logging_mixin.py:190} INFO - [2025-01-01T21:59:01.741+0000] {dag.py:4180} INFO - Setting next_dagrun for dataset_consumes_1_never_scheduled to None, run_after=None
[2025-01-01T21:59:01.742+0000] {logging_mixin.py:190} INFO - [2025-01-01T21:59:01.742+0000] {dag.py:4180} INFO - Setting next_dagrun for dataset_consumes_unknown_never_scheduled to None, run_after=None
[2025-01-01T21:59:01.744+0000] {logging_mixin.py:190} INFO - [2025-01-01T21:59:01.744+0000] {dag.py:4180} INFO - Setting next_dagrun for dataset_produces_1 to 2024-12-31 00:00:00+00:00, run_after=2025-01-01 00:00:00+00:00
[2025-01-01T21:59:01.746+0000] {logging_mixin.py:190} INFO - [2025-01-01T21:59:01.745+0000] {dag.py:4180} INFO - Setting next_dagrun for dataset_produces_2 to None, run_after=None
[2025-01-01T21:59:01.774+0000] {processor.py:208} INFO - Processing /home/airflow/.local/lib/python3.12/site-packages/airflow/example_dags/example_datasets.py took 0.632 seconds
