[2025-01-01T21:48:41.013+0000] {processor.py:186} INFO - Started process (PID=88) to work on /home/airflow/.local/lib/python3.12/site-packages/airflow/example_dags/example_latest_only_with_trigger.py
[2025-01-01T21:48:41.014+0000] {processor.py:914} INFO - Processing file /home/airflow/.local/lib/python3.12/site-packages/airflow/example_dags/example_latest_only_with_trigger.py for tasks to queue
[2025-01-01T21:48:41.021+0000] {logging_mixin.py:190} INFO - [2025-01-01T21:48:41.020+0000] {dagbag.py:588} INFO - Filling up the DagBag from /home/airflow/.local/lib/python3.12/site-packages/airflow/example_dags/example_latest_only_with_trigger.py
[2025-01-01T21:48:41.040+0000] {processor.py:925} INFO - DAG(s) 'latest_only_with_trigger' retrieved from /home/airflow/.local/lib/python3.12/site-packages/airflow/example_dags/example_latest_only_with_trigger.py
[2025-01-01T21:48:41.248+0000] {logging_mixin.py:190} INFO - [2025-01-01T21:48:41.247+0000] {override.py:1911} INFO - Created Permission View: can edit on DAG:latest_only_with_trigger
[2025-01-01T21:48:41.263+0000] {logging_mixin.py:190} INFO - [2025-01-01T21:48:41.262+0000] {override.py:1911} INFO - Created Permission View: can delete on DAG:latest_only_with_trigger
[2025-01-01T21:48:41.272+0000] {logging_mixin.py:190} INFO - [2025-01-01T21:48:41.271+0000] {override.py:1911} INFO - Created Permission View: can read on DAG:latest_only_with_trigger
[2025-01-01T21:48:41.281+0000] {logging_mixin.py:190} INFO - [2025-01-01T21:48:41.281+0000] {override.py:1911} INFO - Created Permission View: can delete on DAG Run:latest_only_with_trigger
[2025-01-01T21:48:41.290+0000] {logging_mixin.py:190} INFO - [2025-01-01T21:48:41.289+0000] {override.py:1911} INFO - Created Permission View: can read on DAG Run:latest_only_with_trigger
[2025-01-01T21:48:41.297+0000] {logging_mixin.py:190} INFO - [2025-01-01T21:48:41.297+0000] {override.py:1911} INFO - Created Permission View: can create on DAG Run:latest_only_with_trigger
[2025-01-01T21:48:41.305+0000] {logging_mixin.py:190} INFO - [2025-01-01T21:48:41.305+0000] {override.py:1911} INFO - Created Permission View: menu access on DAG Run:latest_only_with_trigger
[2025-01-01T21:48:41.306+0000] {logging_mixin.py:190} INFO - [2025-01-01T21:48:41.306+0000] {dag.py:3239} INFO - Sync 1 DAGs
[2025-01-01T21:48:41.318+0000] {logging_mixin.py:190} INFO - [2025-01-01T21:48:41.318+0000] {dag.py:3262} INFO - Creating ORM DAG for latest_only_with_trigger
[2025-01-01T21:48:41.327+0000] {logging_mixin.py:190} INFO - [2025-01-01T21:48:41.326+0000] {dag.py:4180} INFO - Setting next_dagrun for latest_only_with_trigger to 2025-01-01 16:00:00+00:00, run_after=2025-01-01 20:00:00+00:00
[2025-01-01T21:48:41.343+0000] {processor.py:208} INFO - Processing /home/airflow/.local/lib/python3.12/site-packages/airflow/example_dags/example_latest_only_with_trigger.py took 0.346 seconds
[2025-01-01T21:49:11.774+0000] {processor.py:186} INFO - Started process (PID=151) to work on /home/airflow/.local/lib/python3.12/site-packages/airflow/example_dags/example_latest_only_with_trigger.py
[2025-01-01T21:49:11.775+0000] {processor.py:914} INFO - Processing file /home/airflow/.local/lib/python3.12/site-packages/airflow/example_dags/example_latest_only_with_trigger.py for tasks to queue
[2025-01-01T21:49:11.777+0000] {logging_mixin.py:190} INFO - [2025-01-01T21:49:11.776+0000] {dagbag.py:588} INFO - Filling up the DagBag from /home/airflow/.local/lib/python3.12/site-packages/airflow/example_dags/example_latest_only_with_trigger.py
[2025-01-01T21:49:11.783+0000] {processor.py:925} INFO - DAG(s) 'latest_only_with_trigger' retrieved from /home/airflow/.local/lib/python3.12/site-packages/airflow/example_dags/example_latest_only_with_trigger.py
[2025-01-01T21:49:11.802+0000] {logging_mixin.py:190} INFO - [2025-01-01T21:49:11.802+0000] {dag.py:3239} INFO - Sync 1 DAGs
[2025-01-01T21:49:11.824+0000] {logging_mixin.py:190} INFO - [2025-01-01T21:49:11.823+0000] {dag.py:4180} INFO - Setting next_dagrun for latest_only_with_trigger to 2025-01-01 16:00:00+00:00, run_after=2025-01-01 20:00:00+00:00
[2025-01-01T21:49:11.839+0000] {processor.py:208} INFO - Processing /home/airflow/.local/lib/python3.12/site-packages/airflow/example_dags/example_latest_only_with_trigger.py took 0.070 seconds
[2025-01-01T21:49:42.181+0000] {processor.py:186} INFO - Started process (PID=213) to work on /home/airflow/.local/lib/python3.12/site-packages/airflow/example_dags/example_latest_only_with_trigger.py
[2025-01-01T21:49:42.181+0000] {processor.py:914} INFO - Processing file /home/airflow/.local/lib/python3.12/site-packages/airflow/example_dags/example_latest_only_with_trigger.py for tasks to queue
[2025-01-01T21:49:42.183+0000] {logging_mixin.py:190} INFO - [2025-01-01T21:49:42.183+0000] {dagbag.py:588} INFO - Filling up the DagBag from /home/airflow/.local/lib/python3.12/site-packages/airflow/example_dags/example_latest_only_with_trigger.py
[2025-01-01T21:49:42.189+0000] {processor.py:925} INFO - DAG(s) 'latest_only_with_trigger' retrieved from /home/airflow/.local/lib/python3.12/site-packages/airflow/example_dags/example_latest_only_with_trigger.py
[2025-01-01T21:49:42.207+0000] {logging_mixin.py:190} INFO - [2025-01-01T21:49:42.207+0000] {dag.py:3239} INFO - Sync 1 DAGs
[2025-01-01T21:49:42.226+0000] {logging_mixin.py:190} INFO - [2025-01-01T21:49:42.225+0000] {dag.py:4180} INFO - Setting next_dagrun for latest_only_with_trigger to 2025-01-01 16:00:00+00:00, run_after=2025-01-01 20:00:00+00:00
[2025-01-01T21:49:42.241+0000] {processor.py:208} INFO - Processing /home/airflow/.local/lib/python3.12/site-packages/airflow/example_dags/example_latest_only_with_trigger.py took 0.065 seconds
[2025-01-01T21:50:12.389+0000] {processor.py:186} INFO - Started process (PID=275) to work on /home/airflow/.local/lib/python3.12/site-packages/airflow/example_dags/example_latest_only_with_trigger.py
[2025-01-01T21:50:12.389+0000] {processor.py:914} INFO - Processing file /home/airflow/.local/lib/python3.12/site-packages/airflow/example_dags/example_latest_only_with_trigger.py for tasks to queue
[2025-01-01T21:50:12.391+0000] {logging_mixin.py:190} INFO - [2025-01-01T21:50:12.391+0000] {dagbag.py:588} INFO - Filling up the DagBag from /home/airflow/.local/lib/python3.12/site-packages/airflow/example_dags/example_latest_only_with_trigger.py
[2025-01-01T21:50:12.397+0000] {processor.py:925} INFO - DAG(s) 'latest_only_with_trigger' retrieved from /home/airflow/.local/lib/python3.12/site-packages/airflow/example_dags/example_latest_only_with_trigger.py
[2025-01-01T21:50:12.415+0000] {logging_mixin.py:190} INFO - [2025-01-01T21:50:12.415+0000] {dag.py:3239} INFO - Sync 1 DAGs
[2025-01-01T21:50:12.433+0000] {logging_mixin.py:190} INFO - [2025-01-01T21:50:12.433+0000] {dag.py:4180} INFO - Setting next_dagrun for latest_only_with_trigger to 2025-01-01 16:00:00+00:00, run_after=2025-01-01 20:00:00+00:00
[2025-01-01T21:50:12.448+0000] {processor.py:208} INFO - Processing /home/airflow/.local/lib/python3.12/site-packages/airflow/example_dags/example_latest_only_with_trigger.py took 0.064 seconds
[2025-01-01T21:50:43.171+0000] {processor.py:186} INFO - Started process (PID=339) to work on /home/airflow/.local/lib/python3.12/site-packages/airflow/example_dags/example_latest_only_with_trigger.py
[2025-01-01T21:50:43.171+0000] {processor.py:914} INFO - Processing file /home/airflow/.local/lib/python3.12/site-packages/airflow/example_dags/example_latest_only_with_trigger.py for tasks to queue
[2025-01-01T21:50:43.173+0000] {logging_mixin.py:190} INFO - [2025-01-01T21:50:43.173+0000] {dagbag.py:588} INFO - Filling up the DagBag from /home/airflow/.local/lib/python3.12/site-packages/airflow/example_dags/example_latest_only_with_trigger.py
[2025-01-01T21:50:43.180+0000] {processor.py:925} INFO - DAG(s) 'latest_only_with_trigger' retrieved from /home/airflow/.local/lib/python3.12/site-packages/airflow/example_dags/example_latest_only_with_trigger.py
[2025-01-01T21:50:43.198+0000] {logging_mixin.py:190} INFO - [2025-01-01T21:50:43.198+0000] {dag.py:3239} INFO - Sync 1 DAGs
[2025-01-01T21:50:43.216+0000] {logging_mixin.py:190} INFO - [2025-01-01T21:50:43.216+0000] {dag.py:4180} INFO - Setting next_dagrun for latest_only_with_trigger to 2025-01-01 16:00:00+00:00, run_after=2025-01-01 20:00:00+00:00
[2025-01-01T21:50:43.231+0000] {processor.py:208} INFO - Processing /home/airflow/.local/lib/python3.12/site-packages/airflow/example_dags/example_latest_only_with_trigger.py took 0.066 seconds
[2025-01-01T21:51:14.004+0000] {processor.py:186} INFO - Started process (PID=402) to work on /home/airflow/.local/lib/python3.12/site-packages/airflow/example_dags/example_latest_only_with_trigger.py
[2025-01-01T21:51:14.005+0000] {processor.py:914} INFO - Processing file /home/airflow/.local/lib/python3.12/site-packages/airflow/example_dags/example_latest_only_with_trigger.py for tasks to queue
[2025-01-01T21:51:14.007+0000] {logging_mixin.py:190} INFO - [2025-01-01T21:51:14.007+0000] {dagbag.py:588} INFO - Filling up the DagBag from /home/airflow/.local/lib/python3.12/site-packages/airflow/example_dags/example_latest_only_with_trigger.py
[2025-01-01T21:51:14.014+0000] {processor.py:925} INFO - DAG(s) 'latest_only_with_trigger' retrieved from /home/airflow/.local/lib/python3.12/site-packages/airflow/example_dags/example_latest_only_with_trigger.py
[2025-01-01T21:51:14.033+0000] {logging_mixin.py:190} INFO - [2025-01-01T21:51:14.032+0000] {dag.py:3239} INFO - Sync 1 DAGs
[2025-01-01T21:51:14.054+0000] {logging_mixin.py:190} INFO - [2025-01-01T21:51:14.053+0000] {dag.py:4180} INFO - Setting next_dagrun for latest_only_with_trigger to 2025-01-01 16:00:00+00:00, run_after=2025-01-01 20:00:00+00:00
[2025-01-01T21:51:14.072+0000] {processor.py:208} INFO - Processing /home/airflow/.local/lib/python3.12/site-packages/airflow/example_dags/example_latest_only_with_trigger.py took 0.072 seconds
[2025-01-01T21:51:44.529+0000] {processor.py:186} INFO - Started process (PID=465) to work on /home/airflow/.local/lib/python3.12/site-packages/airflow/example_dags/example_latest_only_with_trigger.py
[2025-01-01T21:51:44.530+0000] {processor.py:914} INFO - Processing file /home/airflow/.local/lib/python3.12/site-packages/airflow/example_dags/example_latest_only_with_trigger.py for tasks to queue
[2025-01-01T21:51:44.533+0000] {logging_mixin.py:190} INFO - [2025-01-01T21:51:44.533+0000] {dagbag.py:588} INFO - Filling up the DagBag from /home/airflow/.local/lib/python3.12/site-packages/airflow/example_dags/example_latest_only_with_trigger.py
[2025-01-01T21:51:44.540+0000] {processor.py:925} INFO - DAG(s) 'latest_only_with_trigger' retrieved from /home/airflow/.local/lib/python3.12/site-packages/airflow/example_dags/example_latest_only_with_trigger.py
[2025-01-01T21:51:44.562+0000] {logging_mixin.py:190} INFO - [2025-01-01T21:51:44.562+0000] {dag.py:3239} INFO - Sync 1 DAGs
[2025-01-01T21:51:44.583+0000] {logging_mixin.py:190} INFO - [2025-01-01T21:51:44.583+0000] {dag.py:4180} INFO - Setting next_dagrun for latest_only_with_trigger to 2025-01-01 16:00:00+00:00, run_after=2025-01-01 20:00:00+00:00
[2025-01-01T21:51:44.602+0000] {processor.py:208} INFO - Processing /home/airflow/.local/lib/python3.12/site-packages/airflow/example_dags/example_latest_only_with_trigger.py took 0.079 seconds
[2025-01-01T21:52:14.651+0000] {processor.py:186} INFO - Started process (PID=528) to work on /home/airflow/.local/lib/python3.12/site-packages/airflow/example_dags/example_latest_only_with_trigger.py
[2025-01-01T21:52:14.652+0000] {processor.py:914} INFO - Processing file /home/airflow/.local/lib/python3.12/site-packages/airflow/example_dags/example_latest_only_with_trigger.py for tasks to queue
[2025-01-01T21:52:14.654+0000] {logging_mixin.py:190} INFO - [2025-01-01T21:52:14.653+0000] {dagbag.py:588} INFO - Filling up the DagBag from /home/airflow/.local/lib/python3.12/site-packages/airflow/example_dags/example_latest_only_with_trigger.py
[2025-01-01T21:52:14.660+0000] {processor.py:925} INFO - DAG(s) 'latest_only_with_trigger' retrieved from /home/airflow/.local/lib/python3.12/site-packages/airflow/example_dags/example_latest_only_with_trigger.py
[2025-01-01T21:52:14.677+0000] {logging_mixin.py:190} INFO - [2025-01-01T21:52:14.677+0000] {dag.py:3239} INFO - Sync 1 DAGs
[2025-01-01T21:52:14.695+0000] {logging_mixin.py:190} INFO - [2025-01-01T21:52:14.695+0000] {dag.py:4180} INFO - Setting next_dagrun for latest_only_with_trigger to 2025-01-01 16:00:00+00:00, run_after=2025-01-01 20:00:00+00:00
[2025-01-01T21:52:14.710+0000] {processor.py:208} INFO - Processing /home/airflow/.local/lib/python3.12/site-packages/airflow/example_dags/example_latest_only_with_trigger.py took 0.064 seconds
[2025-01-01T21:52:45.261+0000] {processor.py:186} INFO - Started process (PID=591) to work on /home/airflow/.local/lib/python3.12/site-packages/airflow/example_dags/example_latest_only_with_trigger.py
[2025-01-01T21:52:45.262+0000] {processor.py:914} INFO - Processing file /home/airflow/.local/lib/python3.12/site-packages/airflow/example_dags/example_latest_only_with_trigger.py for tasks to queue
[2025-01-01T21:52:45.264+0000] {logging_mixin.py:190} INFO - [2025-01-01T21:52:45.263+0000] {dagbag.py:588} INFO - Filling up the DagBag from /home/airflow/.local/lib/python3.12/site-packages/airflow/example_dags/example_latest_only_with_trigger.py
[2025-01-01T21:52:45.270+0000] {processor.py:925} INFO - DAG(s) 'latest_only_with_trigger' retrieved from /home/airflow/.local/lib/python3.12/site-packages/airflow/example_dags/example_latest_only_with_trigger.py
[2025-01-01T21:52:45.288+0000] {logging_mixin.py:190} INFO - [2025-01-01T21:52:45.288+0000] {dag.py:3239} INFO - Sync 1 DAGs
[2025-01-01T21:52:45.307+0000] {logging_mixin.py:190} INFO - [2025-01-01T21:52:45.307+0000] {dag.py:4180} INFO - Setting next_dagrun for latest_only_with_trigger to 2025-01-01 16:00:00+00:00, run_after=2025-01-01 20:00:00+00:00
[2025-01-01T21:52:45.322+0000] {processor.py:208} INFO - Processing /home/airflow/.local/lib/python3.12/site-packages/airflow/example_dags/example_latest_only_with_trigger.py took 0.066 seconds
[2025-01-01T21:53:15.951+0000] {processor.py:186} INFO - Started process (PID=654) to work on /home/airflow/.local/lib/python3.12/site-packages/airflow/example_dags/example_latest_only_with_trigger.py
[2025-01-01T21:53:15.952+0000] {processor.py:914} INFO - Processing file /home/airflow/.local/lib/python3.12/site-packages/airflow/example_dags/example_latest_only_with_trigger.py for tasks to queue
[2025-01-01T21:53:15.954+0000] {logging_mixin.py:190} INFO - [2025-01-01T21:53:15.954+0000] {dagbag.py:588} INFO - Filling up the DagBag from /home/airflow/.local/lib/python3.12/site-packages/airflow/example_dags/example_latest_only_with_trigger.py
[2025-01-01T21:53:15.960+0000] {processor.py:925} INFO - DAG(s) 'latest_only_with_trigger' retrieved from /home/airflow/.local/lib/python3.12/site-packages/airflow/example_dags/example_latest_only_with_trigger.py
[2025-01-01T21:53:15.978+0000] {logging_mixin.py:190} INFO - [2025-01-01T21:53:15.977+0000] {dag.py:3239} INFO - Sync 1 DAGs
[2025-01-01T21:53:15.997+0000] {logging_mixin.py:190} INFO - [2025-01-01T21:53:15.997+0000] {dag.py:4180} INFO - Setting next_dagrun for latest_only_with_trigger to 2025-01-01 16:00:00+00:00, run_after=2025-01-01 20:00:00+00:00
[2025-01-01T21:53:16.012+0000] {processor.py:208} INFO - Processing /home/airflow/.local/lib/python3.12/site-packages/airflow/example_dags/example_latest_only_with_trigger.py took 0.066 seconds
[2025-01-01T21:53:46.090+0000] {processor.py:186} INFO - Started process (PID=717) to work on /home/airflow/.local/lib/python3.12/site-packages/airflow/example_dags/example_latest_only_with_trigger.py
[2025-01-01T21:53:46.091+0000] {processor.py:914} INFO - Processing file /home/airflow/.local/lib/python3.12/site-packages/airflow/example_dags/example_latest_only_with_trigger.py for tasks to queue
[2025-01-01T21:53:46.093+0000] {logging_mixin.py:190} INFO - [2025-01-01T21:53:46.093+0000] {dagbag.py:588} INFO - Filling up the DagBag from /home/airflow/.local/lib/python3.12/site-packages/airflow/example_dags/example_latest_only_with_trigger.py
[2025-01-01T21:53:46.099+0000] {processor.py:925} INFO - DAG(s) 'latest_only_with_trigger' retrieved from /home/airflow/.local/lib/python3.12/site-packages/airflow/example_dags/example_latest_only_with_trigger.py
[2025-01-01T21:53:46.118+0000] {logging_mixin.py:190} INFO - [2025-01-01T21:53:46.118+0000] {dag.py:3239} INFO - Sync 1 DAGs
[2025-01-01T21:53:46.136+0000] {logging_mixin.py:190} INFO - [2025-01-01T21:53:46.136+0000] {dag.py:4180} INFO - Setting next_dagrun for latest_only_with_trigger to 2025-01-01 16:00:00+00:00, run_after=2025-01-01 20:00:00+00:00
[2025-01-01T21:53:46.151+0000] {processor.py:208} INFO - Processing /home/airflow/.local/lib/python3.12/site-packages/airflow/example_dags/example_latest_only_with_trigger.py took 0.066 seconds
[2025-01-01T21:54:16.375+0000] {processor.py:186} INFO - Started process (PID=780) to work on /home/airflow/.local/lib/python3.12/site-packages/airflow/example_dags/example_latest_only_with_trigger.py
[2025-01-01T21:54:16.376+0000] {processor.py:914} INFO - Processing file /home/airflow/.local/lib/python3.12/site-packages/airflow/example_dags/example_latest_only_with_trigger.py for tasks to queue
[2025-01-01T21:54:16.378+0000] {logging_mixin.py:190} INFO - [2025-01-01T21:54:16.377+0000] {dagbag.py:588} INFO - Filling up the DagBag from /home/airflow/.local/lib/python3.12/site-packages/airflow/example_dags/example_latest_only_with_trigger.py
[2025-01-01T21:54:16.386+0000] {processor.py:925} INFO - DAG(s) 'latest_only_with_trigger' retrieved from /home/airflow/.local/lib/python3.12/site-packages/airflow/example_dags/example_latest_only_with_trigger.py
[2025-01-01T21:54:16.409+0000] {logging_mixin.py:190} INFO - [2025-01-01T21:54:16.408+0000] {dag.py:3239} INFO - Sync 1 DAGs
[2025-01-01T21:54:16.435+0000] {logging_mixin.py:190} INFO - [2025-01-01T21:54:16.434+0000] {dag.py:4180} INFO - Setting next_dagrun for latest_only_with_trigger to 2025-01-01 16:00:00+00:00, run_after=2025-01-01 20:00:00+00:00
[2025-01-01T21:54:16.454+0000] {processor.py:208} INFO - Processing /home/airflow/.local/lib/python3.12/site-packages/airflow/example_dags/example_latest_only_with_trigger.py took 0.085 seconds
[2025-01-01T21:54:46.909+0000] {processor.py:186} INFO - Started process (PID=843) to work on /home/airflow/.local/lib/python3.12/site-packages/airflow/example_dags/example_latest_only_with_trigger.py
[2025-01-01T21:54:46.910+0000] {processor.py:914} INFO - Processing file /home/airflow/.local/lib/python3.12/site-packages/airflow/example_dags/example_latest_only_with_trigger.py for tasks to queue
[2025-01-01T21:54:46.913+0000] {logging_mixin.py:190} INFO - [2025-01-01T21:54:46.913+0000] {dagbag.py:588} INFO - Filling up the DagBag from /home/airflow/.local/lib/python3.12/site-packages/airflow/example_dags/example_latest_only_with_trigger.py
[2025-01-01T21:54:46.919+0000] {processor.py:925} INFO - DAG(s) 'latest_only_with_trigger' retrieved from /home/airflow/.local/lib/python3.12/site-packages/airflow/example_dags/example_latest_only_with_trigger.py
[2025-01-01T21:54:46.937+0000] {logging_mixin.py:190} INFO - [2025-01-01T21:54:46.936+0000] {dag.py:3239} INFO - Sync 1 DAGs
[2025-01-01T21:54:46.957+0000] {logging_mixin.py:190} INFO - [2025-01-01T21:54:46.956+0000] {dag.py:4180} INFO - Setting next_dagrun for latest_only_with_trigger to 2025-01-01 16:00:00+00:00, run_after=2025-01-01 20:00:00+00:00
[2025-01-01T21:54:46.978+0000] {processor.py:208} INFO - Processing /home/airflow/.local/lib/python3.12/site-packages/airflow/example_dags/example_latest_only_with_trigger.py took 0.074 seconds
[2025-01-01T21:55:17.030+0000] {processor.py:186} INFO - Started process (PID=906) to work on /home/airflow/.local/lib/python3.12/site-packages/airflow/example_dags/example_latest_only_with_trigger.py
[2025-01-01T21:55:17.031+0000] {processor.py:914} INFO - Processing file /home/airflow/.local/lib/python3.12/site-packages/airflow/example_dags/example_latest_only_with_trigger.py for tasks to queue
[2025-01-01T21:55:17.033+0000] {logging_mixin.py:190} INFO - [2025-01-01T21:55:17.033+0000] {dagbag.py:588} INFO - Filling up the DagBag from /home/airflow/.local/lib/python3.12/site-packages/airflow/example_dags/example_latest_only_with_trigger.py
[2025-01-01T21:55:17.039+0000] {processor.py:925} INFO - DAG(s) 'latest_only_with_trigger' retrieved from /home/airflow/.local/lib/python3.12/site-packages/airflow/example_dags/example_latest_only_with_trigger.py
[2025-01-01T21:55:17.059+0000] {logging_mixin.py:190} INFO - [2025-01-01T21:55:17.058+0000] {dag.py:3239} INFO - Sync 1 DAGs
[2025-01-01T21:55:17.085+0000] {logging_mixin.py:190} INFO - [2025-01-01T21:55:17.085+0000] {dag.py:4180} INFO - Setting next_dagrun for latest_only_with_trigger to 2025-01-01 16:00:00+00:00, run_after=2025-01-01 20:00:00+00:00
[2025-01-01T21:55:17.105+0000] {processor.py:208} INFO - Processing /home/airflow/.local/lib/python3.12/site-packages/airflow/example_dags/example_latest_only_with_trigger.py took 0.081 seconds
[2025-01-01T21:55:47.378+0000] {processor.py:186} INFO - Started process (PID=969) to work on /home/airflow/.local/lib/python3.12/site-packages/airflow/example_dags/example_latest_only_with_trigger.py
[2025-01-01T21:55:47.380+0000] {processor.py:914} INFO - Processing file /home/airflow/.local/lib/python3.12/site-packages/airflow/example_dags/example_latest_only_with_trigger.py for tasks to queue
[2025-01-01T21:55:47.382+0000] {logging_mixin.py:190} INFO - [2025-01-01T21:55:47.382+0000] {dagbag.py:588} INFO - Filling up the DagBag from /home/airflow/.local/lib/python3.12/site-packages/airflow/example_dags/example_latest_only_with_trigger.py
[2025-01-01T21:55:47.389+0000] {processor.py:925} INFO - DAG(s) 'latest_only_with_trigger' retrieved from /home/airflow/.local/lib/python3.12/site-packages/airflow/example_dags/example_latest_only_with_trigger.py
[2025-01-01T21:55:47.408+0000] {logging_mixin.py:190} INFO - [2025-01-01T21:55:47.407+0000] {dag.py:3239} INFO - Sync 1 DAGs
[2025-01-01T21:55:47.431+0000] {logging_mixin.py:190} INFO - [2025-01-01T21:55:47.431+0000] {dag.py:4180} INFO - Setting next_dagrun for latest_only_with_trigger to 2025-01-01 16:00:00+00:00, run_after=2025-01-01 20:00:00+00:00
[2025-01-01T21:55:47.450+0000] {processor.py:208} INFO - Processing /home/airflow/.local/lib/python3.12/site-packages/airflow/example_dags/example_latest_only_with_trigger.py took 0.077 seconds
[2025-01-01T21:56:17.536+0000] {processor.py:186} INFO - Started process (PID=1032) to work on /home/airflow/.local/lib/python3.12/site-packages/airflow/example_dags/example_latest_only_with_trigger.py
[2025-01-01T21:56:17.537+0000] {processor.py:914} INFO - Processing file /home/airflow/.local/lib/python3.12/site-packages/airflow/example_dags/example_latest_only_with_trigger.py for tasks to queue
[2025-01-01T21:56:17.539+0000] {logging_mixin.py:190} INFO - [2025-01-01T21:56:17.539+0000] {dagbag.py:588} INFO - Filling up the DagBag from /home/airflow/.local/lib/python3.12/site-packages/airflow/example_dags/example_latest_only_with_trigger.py
[2025-01-01T21:56:17.546+0000] {processor.py:925} INFO - DAG(s) 'latest_only_with_trigger' retrieved from /home/airflow/.local/lib/python3.12/site-packages/airflow/example_dags/example_latest_only_with_trigger.py
[2025-01-01T21:56:17.568+0000] {logging_mixin.py:190} INFO - [2025-01-01T21:56:17.568+0000] {dag.py:3239} INFO - Sync 1 DAGs
[2025-01-01T21:56:17.588+0000] {logging_mixin.py:190} INFO - [2025-01-01T21:56:17.587+0000] {dag.py:4180} INFO - Setting next_dagrun for latest_only_with_trigger to 2025-01-01 16:00:00+00:00, run_after=2025-01-01 20:00:00+00:00
[2025-01-01T21:56:17.603+0000] {processor.py:208} INFO - Processing /home/airflow/.local/lib/python3.12/site-packages/airflow/example_dags/example_latest_only_with_trigger.py took 0.072 seconds
[2025-01-01T21:56:48.291+0000] {processor.py:186} INFO - Started process (PID=1095) to work on /home/airflow/.local/lib/python3.12/site-packages/airflow/example_dags/example_latest_only_with_trigger.py
[2025-01-01T21:56:48.292+0000] {processor.py:914} INFO - Processing file /home/airflow/.local/lib/python3.12/site-packages/airflow/example_dags/example_latest_only_with_trigger.py for tasks to queue
[2025-01-01T21:56:48.294+0000] {logging_mixin.py:190} INFO - [2025-01-01T21:56:48.294+0000] {dagbag.py:588} INFO - Filling up the DagBag from /home/airflow/.local/lib/python3.12/site-packages/airflow/example_dags/example_latest_only_with_trigger.py
[2025-01-01T21:56:48.301+0000] {processor.py:925} INFO - DAG(s) 'latest_only_with_trigger' retrieved from /home/airflow/.local/lib/python3.12/site-packages/airflow/example_dags/example_latest_only_with_trigger.py
[2025-01-01T21:56:48.320+0000] {logging_mixin.py:190} INFO - [2025-01-01T21:56:48.320+0000] {dag.py:3239} INFO - Sync 1 DAGs
[2025-01-01T21:56:48.341+0000] {logging_mixin.py:190} INFO - [2025-01-01T21:56:48.341+0000] {dag.py:4180} INFO - Setting next_dagrun for latest_only_with_trigger to 2025-01-01 16:00:00+00:00, run_after=2025-01-01 20:00:00+00:00
[2025-01-01T21:56:48.358+0000] {processor.py:208} INFO - Processing /home/airflow/.local/lib/python3.12/site-packages/airflow/example_dags/example_latest_only_with_trigger.py took 0.072 seconds
[2025-01-01T21:57:19.147+0000] {processor.py:186} INFO - Started process (PID=1158) to work on /home/airflow/.local/lib/python3.12/site-packages/airflow/example_dags/example_latest_only_with_trigger.py
[2025-01-01T21:57:19.147+0000] {processor.py:914} INFO - Processing file /home/airflow/.local/lib/python3.12/site-packages/airflow/example_dags/example_latest_only_with_trigger.py for tasks to queue
[2025-01-01T21:57:19.149+0000] {logging_mixin.py:190} INFO - [2025-01-01T21:57:19.149+0000] {dagbag.py:588} INFO - Filling up the DagBag from /home/airflow/.local/lib/python3.12/site-packages/airflow/example_dags/example_latest_only_with_trigger.py
[2025-01-01T21:57:19.156+0000] {processor.py:925} INFO - DAG(s) 'latest_only_with_trigger' retrieved from /home/airflow/.local/lib/python3.12/site-packages/airflow/example_dags/example_latest_only_with_trigger.py
[2025-01-01T21:57:19.174+0000] {logging_mixin.py:190} INFO - [2025-01-01T21:57:19.174+0000] {dag.py:3239} INFO - Sync 1 DAGs
[2025-01-01T21:57:19.194+0000] {logging_mixin.py:190} INFO - [2025-01-01T21:57:19.194+0000] {dag.py:4180} INFO - Setting next_dagrun for latest_only_with_trigger to 2025-01-01 16:00:00+00:00, run_after=2025-01-01 20:00:00+00:00
[2025-01-01T21:57:19.210+0000] {processor.py:208} INFO - Processing /home/airflow/.local/lib/python3.12/site-packages/airflow/example_dags/example_latest_only_with_trigger.py took 0.069 seconds
[2025-01-01T21:57:49.901+0000] {processor.py:186} INFO - Started process (PID=1221) to work on /home/airflow/.local/lib/python3.12/site-packages/airflow/example_dags/example_latest_only_with_trigger.py
[2025-01-01T21:57:49.902+0000] {processor.py:914} INFO - Processing file /home/airflow/.local/lib/python3.12/site-packages/airflow/example_dags/example_latest_only_with_trigger.py for tasks to queue
[2025-01-01T21:57:49.905+0000] {logging_mixin.py:190} INFO - [2025-01-01T21:57:49.904+0000] {dagbag.py:588} INFO - Filling up the DagBag from /home/airflow/.local/lib/python3.12/site-packages/airflow/example_dags/example_latest_only_with_trigger.py
[2025-01-01T21:57:49.914+0000] {processor.py:925} INFO - DAG(s) 'latest_only_with_trigger' retrieved from /home/airflow/.local/lib/python3.12/site-packages/airflow/example_dags/example_latest_only_with_trigger.py
[2025-01-01T21:57:49.937+0000] {logging_mixin.py:190} INFO - [2025-01-01T21:57:49.936+0000] {dag.py:3239} INFO - Sync 1 DAGs
[2025-01-01T21:57:49.964+0000] {logging_mixin.py:190} INFO - [2025-01-01T21:57:49.964+0000] {dag.py:4180} INFO - Setting next_dagrun for latest_only_with_trigger to 2025-01-01 16:00:00+00:00, run_after=2025-01-01 20:00:00+00:00
[2025-01-01T21:57:49.987+0000] {processor.py:208} INFO - Processing /home/airflow/.local/lib/python3.12/site-packages/airflow/example_dags/example_latest_only_with_trigger.py took 0.091 seconds
[2025-01-01T21:58:20.410+0000] {processor.py:186} INFO - Started process (PID=1284) to work on /home/airflow/.local/lib/python3.12/site-packages/airflow/example_dags/example_latest_only_with_trigger.py
[2025-01-01T21:58:20.411+0000] {processor.py:914} INFO - Processing file /home/airflow/.local/lib/python3.12/site-packages/airflow/example_dags/example_latest_only_with_trigger.py for tasks to queue
[2025-01-01T21:58:20.413+0000] {logging_mixin.py:190} INFO - [2025-01-01T21:58:20.412+0000] {dagbag.py:588} INFO - Filling up the DagBag from /home/airflow/.local/lib/python3.12/site-packages/airflow/example_dags/example_latest_only_with_trigger.py
[2025-01-01T21:58:20.419+0000] {processor.py:925} INFO - DAG(s) 'latest_only_with_trigger' retrieved from /home/airflow/.local/lib/python3.12/site-packages/airflow/example_dags/example_latest_only_with_trigger.py
[2025-01-01T21:58:20.437+0000] {logging_mixin.py:190} INFO - [2025-01-01T21:58:20.437+0000] {dag.py:3239} INFO - Sync 1 DAGs
[2025-01-01T21:58:20.456+0000] {logging_mixin.py:190} INFO - [2025-01-01T21:58:20.456+0000] {dag.py:4180} INFO - Setting next_dagrun for latest_only_with_trigger to 2025-01-01 16:00:00+00:00, run_after=2025-01-01 20:00:00+00:00
[2025-01-01T21:58:20.471+0000] {processor.py:208} INFO - Processing /home/airflow/.local/lib/python3.12/site-packages/airflow/example_dags/example_latest_only_with_trigger.py took 0.066 seconds
[2025-01-01T21:58:51.320+0000] {processor.py:186} INFO - Started process (PID=1347) to work on /home/airflow/.local/lib/python3.12/site-packages/airflow/example_dags/example_latest_only_with_trigger.py
[2025-01-01T21:58:51.321+0000] {processor.py:914} INFO - Processing file /home/airflow/.local/lib/python3.12/site-packages/airflow/example_dags/example_latest_only_with_trigger.py for tasks to queue
[2025-01-01T21:58:51.324+0000] {logging_mixin.py:190} INFO - [2025-01-01T21:58:51.323+0000] {dagbag.py:588} INFO - Filling up the DagBag from /home/airflow/.local/lib/python3.12/site-packages/airflow/example_dags/example_latest_only_with_trigger.py
[2025-01-01T21:58:51.330+0000] {processor.py:925} INFO - DAG(s) 'latest_only_with_trigger' retrieved from /home/airflow/.local/lib/python3.12/site-packages/airflow/example_dags/example_latest_only_with_trigger.py
[2025-01-01T21:58:51.350+0000] {logging_mixin.py:190} INFO - [2025-01-01T21:58:51.349+0000] {dag.py:3239} INFO - Sync 1 DAGs
[2025-01-01T21:58:51.369+0000] {logging_mixin.py:190} INFO - [2025-01-01T21:58:51.369+0000] {dag.py:4180} INFO - Setting next_dagrun for latest_only_with_trigger to 2025-01-01 16:00:00+00:00, run_after=2025-01-01 20:00:00+00:00
[2025-01-01T21:58:51.385+0000] {processor.py:208} INFO - Processing /home/airflow/.local/lib/python3.12/site-packages/airflow/example_dags/example_latest_only_with_trigger.py took 0.072 seconds
