[2025-01-01T21:48:42.191+0000] {processor.py:186} INFO - Started process (PID=94) to work on /home/airflow/.local/lib/python3.12/site-packages/airflow/example_dags/example_dag_decorator.py
[2025-01-01T21:48:42.192+0000] {processor.py:914} INFO - Processing file /home/airflow/.local/lib/python3.12/site-packages/airflow/example_dags/example_dag_decorator.py for tasks to queue
[2025-01-01T21:48:42.195+0000] {logging_mixin.py:190} INFO - [2025-01-01T21:48:42.195+0000] {dagbag.py:588} INFO - Filling up the DagBag from /home/airflow/.local/lib/python3.12/site-packages/airflow/example_dags/example_dag_decorator.py
[2025-01-01T21:48:42.208+0000] {processor.py:925} INFO - DAG(s) 'example_dag_decorator' retrieved from /home/airflow/.local/lib/python3.12/site-packages/airflow/example_dags/example_dag_decorator.py
[2025-01-01T21:48:42.321+0000] {logging_mixin.py:190} INFO - [2025-01-01T21:48:42.320+0000] {override.py:1911} INFO - Created Permission View: can edit on DAG:example_dag_decorator
[2025-01-01T21:48:42.335+0000] {logging_mixin.py:190} INFO - [2025-01-01T21:48:42.335+0000] {override.py:1911} INFO - Created Permission View: can delete on DAG:example_dag_decorator
[2025-01-01T21:48:42.346+0000] {logging_mixin.py:190} INFO - [2025-01-01T21:48:42.345+0000] {override.py:1911} INFO - Created Permission View: can read on DAG:example_dag_decorator
[2025-01-01T21:48:42.358+0000] {logging_mixin.py:190} INFO - [2025-01-01T21:48:42.358+0000] {override.py:1911} INFO - Created Permission View: can delete on DAG Run:example_dag_decorator
[2025-01-01T21:48:42.365+0000] {logging_mixin.py:190} INFO - [2025-01-01T21:48:42.365+0000] {override.py:1911} INFO - Created Permission View: can read on DAG Run:example_dag_decorator
[2025-01-01T21:48:42.372+0000] {logging_mixin.py:190} INFO - [2025-01-01T21:48:42.372+0000] {override.py:1911} INFO - Created Permission View: can create on DAG Run:example_dag_decorator
[2025-01-01T21:48:42.379+0000] {logging_mixin.py:190} INFO - [2025-01-01T21:48:42.379+0000] {override.py:1911} INFO - Created Permission View: menu access on DAG Run:example_dag_decorator
[2025-01-01T21:48:42.380+0000] {logging_mixin.py:190} INFO - [2025-01-01T21:48:42.380+0000] {dag.py:3239} INFO - Sync 1 DAGs
[2025-01-01T21:48:42.393+0000] {logging_mixin.py:190} INFO - [2025-01-01T21:48:42.393+0000] {dag.py:3262} INFO - Creating ORM DAG for example_dag_decorator
[2025-01-01T21:48:42.394+0000] {logging_mixin.py:190} INFO - [2025-01-01T21:48:42.394+0000] {dag.py:4180} INFO - Setting next_dagrun for example_dag_decorator to None, run_after=None
[2025-01-01T21:48:42.409+0000] {processor.py:208} INFO - Processing /home/airflow/.local/lib/python3.12/site-packages/airflow/example_dags/example_dag_decorator.py took 0.224 seconds
[2025-01-01T21:49:12.484+0000] {processor.py:186} INFO - Started process (PID=156) to work on /home/airflow/.local/lib/python3.12/site-packages/airflow/example_dags/example_dag_decorator.py
[2025-01-01T21:49:12.485+0000] {processor.py:914} INFO - Processing file /home/airflow/.local/lib/python3.12/site-packages/airflow/example_dags/example_dag_decorator.py for tasks to queue
[2025-01-01T21:49:12.487+0000] {logging_mixin.py:190} INFO - [2025-01-01T21:49:12.486+0000] {dagbag.py:588} INFO - Filling up the DagBag from /home/airflow/.local/lib/python3.12/site-packages/airflow/example_dags/example_dag_decorator.py
[2025-01-01T21:49:12.497+0000] {processor.py:925} INFO - DAG(s) 'example_dag_decorator' retrieved from /home/airflow/.local/lib/python3.12/site-packages/airflow/example_dags/example_dag_decorator.py
[2025-01-01T21:49:12.518+0000] {logging_mixin.py:190} INFO - [2025-01-01T21:49:12.518+0000] {dag.py:3239} INFO - Sync 1 DAGs
[2025-01-01T21:49:12.531+0000] {logging_mixin.py:190} INFO - [2025-01-01T21:49:12.531+0000] {dag.py:4180} INFO - Setting next_dagrun for example_dag_decorator to None, run_after=None
[2025-01-01T21:49:12.547+0000] {processor.py:208} INFO - Processing /home/airflow/.local/lib/python3.12/site-packages/airflow/example_dags/example_dag_decorator.py took 0.068 seconds
[2025-01-01T21:49:42.843+0000] {processor.py:186} INFO - Started process (PID=219) to work on /home/airflow/.local/lib/python3.12/site-packages/airflow/example_dags/example_dag_decorator.py
[2025-01-01T21:49:42.844+0000] {processor.py:914} INFO - Processing file /home/airflow/.local/lib/python3.12/site-packages/airflow/example_dags/example_dag_decorator.py for tasks to queue
[2025-01-01T21:49:42.846+0000] {logging_mixin.py:190} INFO - [2025-01-01T21:49:42.845+0000] {dagbag.py:588} INFO - Filling up the DagBag from /home/airflow/.local/lib/python3.12/site-packages/airflow/example_dags/example_dag_decorator.py
[2025-01-01T21:49:42.856+0000] {processor.py:925} INFO - DAG(s) 'example_dag_decorator' retrieved from /home/airflow/.local/lib/python3.12/site-packages/airflow/example_dags/example_dag_decorator.py
[2025-01-01T21:49:42.877+0000] {logging_mixin.py:190} INFO - [2025-01-01T21:49:42.877+0000] {dag.py:3239} INFO - Sync 1 DAGs
[2025-01-01T21:49:42.890+0000] {logging_mixin.py:190} INFO - [2025-01-01T21:49:42.889+0000] {dag.py:4180} INFO - Setting next_dagrun for example_dag_decorator to None, run_after=None
[2025-01-01T21:49:42.904+0000] {processor.py:208} INFO - Processing /home/airflow/.local/lib/python3.12/site-packages/airflow/example_dags/example_dag_decorator.py took 0.067 seconds
[2025-01-01T21:50:14.349+0000] {processor.py:186} INFO - Started process (PID=282) to work on /home/airflow/.local/lib/python3.12/site-packages/airflow/example_dags/example_dag_decorator.py
[2025-01-01T21:50:14.350+0000] {processor.py:914} INFO - Processing file /home/airflow/.local/lib/python3.12/site-packages/airflow/example_dags/example_dag_decorator.py for tasks to queue
[2025-01-01T21:50:14.352+0000] {logging_mixin.py:190} INFO - [2025-01-01T21:50:14.352+0000] {dagbag.py:588} INFO - Filling up the DagBag from /home/airflow/.local/lib/python3.12/site-packages/airflow/example_dags/example_dag_decorator.py
[2025-01-01T21:50:14.364+0000] {processor.py:925} INFO - DAG(s) 'example_dag_decorator' retrieved from /home/airflow/.local/lib/python3.12/site-packages/airflow/example_dags/example_dag_decorator.py
[2025-01-01T21:50:14.387+0000] {logging_mixin.py:190} INFO - [2025-01-01T21:50:14.387+0000] {dag.py:3239} INFO - Sync 1 DAGs
[2025-01-01T21:50:14.399+0000] {logging_mixin.py:190} INFO - [2025-01-01T21:50:14.398+0000] {dag.py:4180} INFO - Setting next_dagrun for example_dag_decorator to None, run_after=None
[2025-01-01T21:50:14.414+0000] {processor.py:208} INFO - Processing /home/airflow/.local/lib/python3.12/site-packages/airflow/example_dags/example_dag_decorator.py took 0.071 seconds
[2025-01-01T21:50:45.086+0000] {processor.py:186} INFO - Started process (PID=346) to work on /home/airflow/.local/lib/python3.12/site-packages/airflow/example_dags/example_dag_decorator.py
[2025-01-01T21:50:45.087+0000] {processor.py:914} INFO - Processing file /home/airflow/.local/lib/python3.12/site-packages/airflow/example_dags/example_dag_decorator.py for tasks to queue
[2025-01-01T21:50:45.089+0000] {logging_mixin.py:190} INFO - [2025-01-01T21:50:45.089+0000] {dagbag.py:588} INFO - Filling up the DagBag from /home/airflow/.local/lib/python3.12/site-packages/airflow/example_dags/example_dag_decorator.py
[2025-01-01T21:50:45.099+0000] {processor.py:925} INFO - DAG(s) 'example_dag_decorator' retrieved from /home/airflow/.local/lib/python3.12/site-packages/airflow/example_dags/example_dag_decorator.py
[2025-01-01T21:50:45.191+0000] {logging_mixin.py:190} INFO - [2025-01-01T21:50:45.190+0000] {dag.py:3239} INFO - Sync 1 DAGs
[2025-01-01T21:50:45.201+0000] {logging_mixin.py:190} INFO - [2025-01-01T21:50:45.201+0000] {dag.py:4180} INFO - Setting next_dagrun for example_dag_decorator to None, run_after=None
[2025-01-01T21:50:45.218+0000] {processor.py:208} INFO - Processing /home/airflow/.local/lib/python3.12/site-packages/airflow/example_dags/example_dag_decorator.py took 0.138 seconds
[2025-01-01T21:51:15.840+0000] {processor.py:186} INFO - Started process (PID=409) to work on /home/airflow/.local/lib/python3.12/site-packages/airflow/example_dags/example_dag_decorator.py
[2025-01-01T21:51:15.841+0000] {processor.py:914} INFO - Processing file /home/airflow/.local/lib/python3.12/site-packages/airflow/example_dags/example_dag_decorator.py for tasks to queue
[2025-01-01T21:51:15.843+0000] {logging_mixin.py:190} INFO - [2025-01-01T21:51:15.843+0000] {dagbag.py:588} INFO - Filling up the DagBag from /home/airflow/.local/lib/python3.12/site-packages/airflow/example_dags/example_dag_decorator.py
[2025-01-01T21:51:15.853+0000] {processor.py:925} INFO - DAG(s) 'example_dag_decorator' retrieved from /home/airflow/.local/lib/python3.12/site-packages/airflow/example_dags/example_dag_decorator.py
[2025-01-01T21:51:15.962+0000] {logging_mixin.py:190} INFO - [2025-01-01T21:51:15.962+0000] {dag.py:3239} INFO - Sync 1 DAGs
[2025-01-01T21:51:15.974+0000] {logging_mixin.py:190} INFO - [2025-01-01T21:51:15.974+0000] {dag.py:4180} INFO - Setting next_dagrun for example_dag_decorator to None, run_after=None
[2025-01-01T21:51:15.993+0000] {processor.py:208} INFO - Processing /home/airflow/.local/lib/python3.12/site-packages/airflow/example_dags/example_dag_decorator.py took 0.159 seconds
[2025-01-01T21:51:46.537+0000] {processor.py:186} INFO - Started process (PID=472) to work on /home/airflow/.local/lib/python3.12/site-packages/airflow/example_dags/example_dag_decorator.py
[2025-01-01T21:51:46.538+0000] {processor.py:914} INFO - Processing file /home/airflow/.local/lib/python3.12/site-packages/airflow/example_dags/example_dag_decorator.py for tasks to queue
[2025-01-01T21:51:46.540+0000] {logging_mixin.py:190} INFO - [2025-01-01T21:51:46.540+0000] {dagbag.py:588} INFO - Filling up the DagBag from /home/airflow/.local/lib/python3.12/site-packages/airflow/example_dags/example_dag_decorator.py
[2025-01-01T21:51:46.550+0000] {processor.py:925} INFO - DAG(s) 'example_dag_decorator' retrieved from /home/airflow/.local/lib/python3.12/site-packages/airflow/example_dags/example_dag_decorator.py
[2025-01-01T21:51:46.663+0000] {logging_mixin.py:190} INFO - [2025-01-01T21:51:46.662+0000] {dag.py:3239} INFO - Sync 1 DAGs
[2025-01-01T21:51:46.674+0000] {logging_mixin.py:190} INFO - [2025-01-01T21:51:46.673+0000] {dag.py:4180} INFO - Setting next_dagrun for example_dag_decorator to None, run_after=None
[2025-01-01T21:51:46.690+0000] {processor.py:208} INFO - Processing /home/airflow/.local/lib/python3.12/site-packages/airflow/example_dags/example_dag_decorator.py took 0.158 seconds
[2025-01-01T21:52:16.959+0000] {processor.py:186} INFO - Started process (PID=534) to work on /home/airflow/.local/lib/python3.12/site-packages/airflow/example_dags/example_dag_decorator.py
[2025-01-01T21:52:16.960+0000] {processor.py:914} INFO - Processing file /home/airflow/.local/lib/python3.12/site-packages/airflow/example_dags/example_dag_decorator.py for tasks to queue
[2025-01-01T21:52:16.961+0000] {logging_mixin.py:190} INFO - [2025-01-01T21:52:16.961+0000] {dagbag.py:588} INFO - Filling up the DagBag from /home/airflow/.local/lib/python3.12/site-packages/airflow/example_dags/example_dag_decorator.py
[2025-01-01T21:52:16.971+0000] {processor.py:925} INFO - DAG(s) 'example_dag_decorator' retrieved from /home/airflow/.local/lib/python3.12/site-packages/airflow/example_dags/example_dag_decorator.py
[2025-01-01T21:52:16.991+0000] {logging_mixin.py:190} INFO - [2025-01-01T21:52:16.991+0000] {dag.py:3239} INFO - Sync 1 DAGs
[2025-01-01T21:52:17.003+0000] {logging_mixin.py:190} INFO - [2025-01-01T21:52:17.003+0000] {dag.py:4180} INFO - Setting next_dagrun for example_dag_decorator to None, run_after=None
[2025-01-01T21:52:17.020+0000] {processor.py:208} INFO - Processing /home/airflow/.local/lib/python3.12/site-packages/airflow/example_dags/example_dag_decorator.py took 0.066 seconds
[2025-01-01T21:52:47.573+0000] {processor.py:186} INFO - Started process (PID=596) to work on /home/airflow/.local/lib/python3.12/site-packages/airflow/example_dags/example_dag_decorator.py
[2025-01-01T21:52:47.574+0000] {processor.py:914} INFO - Processing file /home/airflow/.local/lib/python3.12/site-packages/airflow/example_dags/example_dag_decorator.py for tasks to queue
[2025-01-01T21:52:47.575+0000] {logging_mixin.py:190} INFO - [2025-01-01T21:52:47.575+0000] {dagbag.py:588} INFO - Filling up the DagBag from /home/airflow/.local/lib/python3.12/site-packages/airflow/example_dags/example_dag_decorator.py
[2025-01-01T21:52:47.585+0000] {processor.py:925} INFO - DAG(s) 'example_dag_decorator' retrieved from /home/airflow/.local/lib/python3.12/site-packages/airflow/example_dags/example_dag_decorator.py
[2025-01-01T21:52:47.602+0000] {logging_mixin.py:190} INFO - [2025-01-01T21:52:47.602+0000] {dag.py:3239} INFO - Sync 1 DAGs
[2025-01-01T21:52:47.613+0000] {logging_mixin.py:190} INFO - [2025-01-01T21:52:47.613+0000] {dag.py:4180} INFO - Setting next_dagrun for example_dag_decorator to None, run_after=None
[2025-01-01T21:52:47.630+0000] {processor.py:208} INFO - Processing /home/airflow/.local/lib/python3.12/site-packages/airflow/example_dags/example_dag_decorator.py took 0.062 seconds
[2025-01-01T21:53:18.167+0000] {processor.py:186} INFO - Started process (PID=659) to work on /home/airflow/.local/lib/python3.12/site-packages/airflow/example_dags/example_dag_decorator.py
[2025-01-01T21:53:18.168+0000] {processor.py:914} INFO - Processing file /home/airflow/.local/lib/python3.12/site-packages/airflow/example_dags/example_dag_decorator.py for tasks to queue
[2025-01-01T21:53:18.170+0000] {logging_mixin.py:190} INFO - [2025-01-01T21:53:18.170+0000] {dagbag.py:588} INFO - Filling up the DagBag from /home/airflow/.local/lib/python3.12/site-packages/airflow/example_dags/example_dag_decorator.py
[2025-01-01T21:53:18.179+0000] {processor.py:925} INFO - DAG(s) 'example_dag_decorator' retrieved from /home/airflow/.local/lib/python3.12/site-packages/airflow/example_dags/example_dag_decorator.py
[2025-01-01T21:53:18.285+0000] {logging_mixin.py:190} INFO - [2025-01-01T21:53:18.284+0000] {dag.py:3239} INFO - Sync 1 DAGs
[2025-01-01T21:53:18.296+0000] {logging_mixin.py:190} INFO - [2025-01-01T21:53:18.296+0000] {dag.py:4180} INFO - Setting next_dagrun for example_dag_decorator to None, run_after=None
[2025-01-01T21:53:18.311+0000] {processor.py:208} INFO - Processing /home/airflow/.local/lib/python3.12/site-packages/airflow/example_dags/example_dag_decorator.py took 0.150 seconds
[2025-01-01T21:53:48.395+0000] {processor.py:186} INFO - Started process (PID=723) to work on /home/airflow/.local/lib/python3.12/site-packages/airflow/example_dags/example_dag_decorator.py
[2025-01-01T21:53:48.397+0000] {processor.py:914} INFO - Processing file /home/airflow/.local/lib/python3.12/site-packages/airflow/example_dags/example_dag_decorator.py for tasks to queue
[2025-01-01T21:53:48.399+0000] {logging_mixin.py:190} INFO - [2025-01-01T21:53:48.399+0000] {dagbag.py:588} INFO - Filling up the DagBag from /home/airflow/.local/lib/python3.12/site-packages/airflow/example_dags/example_dag_decorator.py
[2025-01-01T21:53:48.411+0000] {processor.py:925} INFO - DAG(s) 'example_dag_decorator' retrieved from /home/airflow/.local/lib/python3.12/site-packages/airflow/example_dags/example_dag_decorator.py
[2025-01-01T21:53:48.511+0000] {logging_mixin.py:190} INFO - [2025-01-01T21:53:48.511+0000] {dag.py:3239} INFO - Sync 1 DAGs
[2025-01-01T21:53:48.521+0000] {logging_mixin.py:190} INFO - [2025-01-01T21:53:48.521+0000] {dag.py:4180} INFO - Setting next_dagrun for example_dag_decorator to None, run_after=None
[2025-01-01T21:53:48.537+0000] {processor.py:208} INFO - Processing /home/airflow/.local/lib/python3.12/site-packages/airflow/example_dags/example_dag_decorator.py took 0.149 seconds
[2025-01-01T21:54:18.645+0000] {processor.py:186} INFO - Started process (PID=785) to work on /home/airflow/.local/lib/python3.12/site-packages/airflow/example_dags/example_dag_decorator.py
[2025-01-01T21:54:18.646+0000] {processor.py:914} INFO - Processing file /home/airflow/.local/lib/python3.12/site-packages/airflow/example_dags/example_dag_decorator.py for tasks to queue
[2025-01-01T21:54:18.648+0000] {logging_mixin.py:190} INFO - [2025-01-01T21:54:18.648+0000] {dagbag.py:588} INFO - Filling up the DagBag from /home/airflow/.local/lib/python3.12/site-packages/airflow/example_dags/example_dag_decorator.py
[2025-01-01T21:54:18.658+0000] {processor.py:925} INFO - DAG(s) 'example_dag_decorator' retrieved from /home/airflow/.local/lib/python3.12/site-packages/airflow/example_dags/example_dag_decorator.py
[2025-01-01T21:54:18.753+0000] {logging_mixin.py:190} INFO - [2025-01-01T21:54:18.753+0000] {dag.py:3239} INFO - Sync 1 DAGs
[2025-01-01T21:54:18.763+0000] {logging_mixin.py:190} INFO - [2025-01-01T21:54:18.762+0000] {dag.py:4180} INFO - Setting next_dagrun for example_dag_decorator to None, run_after=None
[2025-01-01T21:54:18.777+0000] {processor.py:208} INFO - Processing /home/airflow/.local/lib/python3.12/site-packages/airflow/example_dags/example_dag_decorator.py took 0.142 seconds
[2025-01-01T21:54:49.150+0000] {processor.py:186} INFO - Started process (PID=848) to work on /home/airflow/.local/lib/python3.12/site-packages/airflow/example_dags/example_dag_decorator.py
[2025-01-01T21:54:49.151+0000] {processor.py:914} INFO - Processing file /home/airflow/.local/lib/python3.12/site-packages/airflow/example_dags/example_dag_decorator.py for tasks to queue
[2025-01-01T21:54:49.153+0000] {logging_mixin.py:190} INFO - [2025-01-01T21:54:49.152+0000] {dagbag.py:588} INFO - Filling up the DagBag from /home/airflow/.local/lib/python3.12/site-packages/airflow/example_dags/example_dag_decorator.py
[2025-01-01T21:54:49.162+0000] {processor.py:925} INFO - DAG(s) 'example_dag_decorator' retrieved from /home/airflow/.local/lib/python3.12/site-packages/airflow/example_dags/example_dag_decorator.py
[2025-01-01T21:54:49.261+0000] {logging_mixin.py:190} INFO - [2025-01-01T21:54:49.261+0000] {dag.py:3239} INFO - Sync 1 DAGs
[2025-01-01T21:54:49.272+0000] {logging_mixin.py:190} INFO - [2025-01-01T21:54:49.272+0000] {dag.py:4180} INFO - Setting next_dagrun for example_dag_decorator to None, run_after=None
[2025-01-01T21:54:49.288+0000] {processor.py:208} INFO - Processing /home/airflow/.local/lib/python3.12/site-packages/airflow/example_dags/example_dag_decorator.py took 0.143 seconds
[2025-01-01T21:55:19.371+0000] {processor.py:186} INFO - Started process (PID=912) to work on /home/airflow/.local/lib/python3.12/site-packages/airflow/example_dags/example_dag_decorator.py
[2025-01-01T21:55:19.372+0000] {processor.py:914} INFO - Processing file /home/airflow/.local/lib/python3.12/site-packages/airflow/example_dags/example_dag_decorator.py for tasks to queue
[2025-01-01T21:55:19.374+0000] {logging_mixin.py:190} INFO - [2025-01-01T21:55:19.374+0000] {dagbag.py:588} INFO - Filling up the DagBag from /home/airflow/.local/lib/python3.12/site-packages/airflow/example_dags/example_dag_decorator.py
[2025-01-01T21:55:19.385+0000] {processor.py:925} INFO - DAG(s) 'example_dag_decorator' retrieved from /home/airflow/.local/lib/python3.12/site-packages/airflow/example_dags/example_dag_decorator.py
[2025-01-01T21:55:19.509+0000] {logging_mixin.py:190} INFO - [2025-01-01T21:55:19.509+0000] {dag.py:3239} INFO - Sync 1 DAGs
[2025-01-01T21:55:19.521+0000] {logging_mixin.py:190} INFO - [2025-01-01T21:55:19.521+0000] {dag.py:4180} INFO - Setting next_dagrun for example_dag_decorator to None, run_after=None
[2025-01-01T21:55:19.538+0000] {processor.py:208} INFO - Processing /home/airflow/.local/lib/python3.12/site-packages/airflow/example_dags/example_dag_decorator.py took 0.171 seconds
[2025-01-01T21:55:49.620+0000] {processor.py:186} INFO - Started process (PID=974) to work on /home/airflow/.local/lib/python3.12/site-packages/airflow/example_dags/example_dag_decorator.py
[2025-01-01T21:55:49.621+0000] {processor.py:914} INFO - Processing file /home/airflow/.local/lib/python3.12/site-packages/airflow/example_dags/example_dag_decorator.py for tasks to queue
[2025-01-01T21:55:49.623+0000] {logging_mixin.py:190} INFO - [2025-01-01T21:55:49.622+0000] {dagbag.py:588} INFO - Filling up the DagBag from /home/airflow/.local/lib/python3.12/site-packages/airflow/example_dags/example_dag_decorator.py
[2025-01-01T21:55:49.632+0000] {processor.py:925} INFO - DAG(s) 'example_dag_decorator' retrieved from /home/airflow/.local/lib/python3.12/site-packages/airflow/example_dags/example_dag_decorator.py
[2025-01-01T21:55:49.726+0000] {logging_mixin.py:190} INFO - [2025-01-01T21:55:49.726+0000] {dag.py:3239} INFO - Sync 1 DAGs
[2025-01-01T21:55:49.737+0000] {logging_mixin.py:190} INFO - [2025-01-01T21:55:49.736+0000] {dag.py:4180} INFO - Setting next_dagrun for example_dag_decorator to None, run_after=None
[2025-01-01T21:55:49.753+0000] {processor.py:208} INFO - Processing /home/airflow/.local/lib/python3.12/site-packages/airflow/example_dags/example_dag_decorator.py took 0.138 seconds
[2025-01-01T21:56:19.875+0000] {processor.py:186} INFO - Started process (PID=1037) to work on /home/airflow/.local/lib/python3.12/site-packages/airflow/example_dags/example_dag_decorator.py
[2025-01-01T21:56:19.876+0000] {processor.py:914} INFO - Processing file /home/airflow/.local/lib/python3.12/site-packages/airflow/example_dags/example_dag_decorator.py for tasks to queue
[2025-01-01T21:56:19.879+0000] {logging_mixin.py:190} INFO - [2025-01-01T21:56:19.879+0000] {dagbag.py:588} INFO - Filling up the DagBag from /home/airflow/.local/lib/python3.12/site-packages/airflow/example_dags/example_dag_decorator.py
[2025-01-01T21:56:19.894+0000] {processor.py:925} INFO - DAG(s) 'example_dag_decorator' retrieved from /home/airflow/.local/lib/python3.12/site-packages/airflow/example_dags/example_dag_decorator.py
[2025-01-01T21:56:20.015+0000] {logging_mixin.py:190} INFO - [2025-01-01T21:56:20.015+0000] {dag.py:3239} INFO - Sync 1 DAGs
[2025-01-01T21:56:20.031+0000] {logging_mixin.py:190} INFO - [2025-01-01T21:56:20.030+0000] {dag.py:4180} INFO - Setting next_dagrun for example_dag_decorator to None, run_after=None
[2025-01-01T21:56:20.052+0000] {processor.py:208} INFO - Processing /home/airflow/.local/lib/python3.12/site-packages/airflow/example_dags/example_dag_decorator.py took 0.183 seconds
[2025-01-01T21:56:50.629+0000] {processor.py:186} INFO - Started process (PID=1100) to work on /home/airflow/.local/lib/python3.12/site-packages/airflow/example_dags/example_dag_decorator.py
[2025-01-01T21:56:50.630+0000] {processor.py:914} INFO - Processing file /home/airflow/.local/lib/python3.12/site-packages/airflow/example_dags/example_dag_decorator.py for tasks to queue
[2025-01-01T21:56:50.632+0000] {logging_mixin.py:190} INFO - [2025-01-01T21:56:50.632+0000] {dagbag.py:588} INFO - Filling up the DagBag from /home/airflow/.local/lib/python3.12/site-packages/airflow/example_dags/example_dag_decorator.py
[2025-01-01T21:56:50.643+0000] {processor.py:925} INFO - DAG(s) 'example_dag_decorator' retrieved from /home/airflow/.local/lib/python3.12/site-packages/airflow/example_dags/example_dag_decorator.py
[2025-01-01T21:56:50.770+0000] {logging_mixin.py:190} INFO - [2025-01-01T21:56:50.769+0000] {dag.py:3239} INFO - Sync 1 DAGs
[2025-01-01T21:56:50.788+0000] {logging_mixin.py:190} INFO - [2025-01-01T21:56:50.788+0000] {dag.py:4180} INFO - Setting next_dagrun for example_dag_decorator to None, run_after=None
[2025-01-01T21:56:50.824+0000] {processor.py:208} INFO - Processing /home/airflow/.local/lib/python3.12/site-packages/airflow/example_dags/example_dag_decorator.py took 0.202 seconds
[2025-01-01T21:57:21.464+0000] {processor.py:186} INFO - Started process (PID=1163) to work on /home/airflow/.local/lib/python3.12/site-packages/airflow/example_dags/example_dag_decorator.py
[2025-01-01T21:57:21.465+0000] {processor.py:914} INFO - Processing file /home/airflow/.local/lib/python3.12/site-packages/airflow/example_dags/example_dag_decorator.py for tasks to queue
[2025-01-01T21:57:21.468+0000] {logging_mixin.py:190} INFO - [2025-01-01T21:57:21.467+0000] {dagbag.py:588} INFO - Filling up the DagBag from /home/airflow/.local/lib/python3.12/site-packages/airflow/example_dags/example_dag_decorator.py
[2025-01-01T21:57:21.477+0000] {processor.py:925} INFO - DAG(s) 'example_dag_decorator' retrieved from /home/airflow/.local/lib/python3.12/site-packages/airflow/example_dags/example_dag_decorator.py
[2025-01-01T21:57:21.576+0000] {logging_mixin.py:190} INFO - [2025-01-01T21:57:21.576+0000] {dag.py:3239} INFO - Sync 1 DAGs
[2025-01-01T21:57:21.588+0000] {logging_mixin.py:190} INFO - [2025-01-01T21:57:21.588+0000] {dag.py:4180} INFO - Setting next_dagrun for example_dag_decorator to None, run_after=None
[2025-01-01T21:57:21.615+0000] {processor.py:208} INFO - Processing /home/airflow/.local/lib/python3.12/site-packages/airflow/example_dags/example_dag_decorator.py took 0.155 seconds
[2025-01-01T21:57:52.217+0000] {processor.py:186} INFO - Started process (PID=1226) to work on /home/airflow/.local/lib/python3.12/site-packages/airflow/example_dags/example_dag_decorator.py
[2025-01-01T21:57:52.218+0000] {processor.py:914} INFO - Processing file /home/airflow/.local/lib/python3.12/site-packages/airflow/example_dags/example_dag_decorator.py for tasks to queue
[2025-01-01T21:57:52.220+0000] {logging_mixin.py:190} INFO - [2025-01-01T21:57:52.220+0000] {dagbag.py:588} INFO - Filling up the DagBag from /home/airflow/.local/lib/python3.12/site-packages/airflow/example_dags/example_dag_decorator.py
[2025-01-01T21:57:52.229+0000] {processor.py:925} INFO - DAG(s) 'example_dag_decorator' retrieved from /home/airflow/.local/lib/python3.12/site-packages/airflow/example_dags/example_dag_decorator.py
[2025-01-01T21:57:52.251+0000] {logging_mixin.py:190} INFO - [2025-01-01T21:57:52.251+0000] {dag.py:3239} INFO - Sync 1 DAGs
[2025-01-01T21:57:52.267+0000] {logging_mixin.py:190} INFO - [2025-01-01T21:57:52.266+0000] {dag.py:4180} INFO - Setting next_dagrun for example_dag_decorator to None, run_after=None
[2025-01-01T21:57:52.286+0000] {processor.py:208} INFO - Processing /home/airflow/.local/lib/python3.12/site-packages/airflow/example_dags/example_dag_decorator.py took 0.074 seconds
[2025-01-01T21:58:22.734+0000] {processor.py:186} INFO - Started process (PID=1289) to work on /home/airflow/.local/lib/python3.12/site-packages/airflow/example_dags/example_dag_decorator.py
[2025-01-01T21:58:22.735+0000] {processor.py:914} INFO - Processing file /home/airflow/.local/lib/python3.12/site-packages/airflow/example_dags/example_dag_decorator.py for tasks to queue
[2025-01-01T21:58:22.737+0000] {logging_mixin.py:190} INFO - [2025-01-01T21:58:22.736+0000] {dagbag.py:588} INFO - Filling up the DagBag from /home/airflow/.local/lib/python3.12/site-packages/airflow/example_dags/example_dag_decorator.py
[2025-01-01T21:58:22.746+0000] {processor.py:925} INFO - DAG(s) 'example_dag_decorator' retrieved from /home/airflow/.local/lib/python3.12/site-packages/airflow/example_dags/example_dag_decorator.py
[2025-01-01T21:58:22.838+0000] {logging_mixin.py:190} INFO - [2025-01-01T21:58:22.837+0000] {dag.py:3239} INFO - Sync 1 DAGs
[2025-01-01T21:58:22.847+0000] {logging_mixin.py:190} INFO - [2025-01-01T21:58:22.847+0000] {dag.py:4180} INFO - Setting next_dagrun for example_dag_decorator to None, run_after=None
[2025-01-01T21:58:22.862+0000] {processor.py:208} INFO - Processing /home/airflow/.local/lib/python3.12/site-packages/airflow/example_dags/example_dag_decorator.py took 0.133 seconds
[2025-01-01T21:58:53.632+0000] {processor.py:186} INFO - Started process (PID=1352) to work on /home/airflow/.local/lib/python3.12/site-packages/airflow/example_dags/example_dag_decorator.py
[2025-01-01T21:58:53.633+0000] {processor.py:914} INFO - Processing file /home/airflow/.local/lib/python3.12/site-packages/airflow/example_dags/example_dag_decorator.py for tasks to queue
[2025-01-01T21:58:53.635+0000] {logging_mixin.py:190} INFO - [2025-01-01T21:58:53.634+0000] {dagbag.py:588} INFO - Filling up the DagBag from /home/airflow/.local/lib/python3.12/site-packages/airflow/example_dags/example_dag_decorator.py
[2025-01-01T21:58:53.644+0000] {processor.py:925} INFO - DAG(s) 'example_dag_decorator' retrieved from /home/airflow/.local/lib/python3.12/site-packages/airflow/example_dags/example_dag_decorator.py
[2025-01-01T21:58:53.745+0000] {logging_mixin.py:190} INFO - [2025-01-01T21:58:53.745+0000] {dag.py:3239} INFO - Sync 1 DAGs
[2025-01-01T21:58:53.756+0000] {logging_mixin.py:190} INFO - [2025-01-01T21:58:53.756+0000] {dag.py:4180} INFO - Setting next_dagrun for example_dag_decorator to None, run_after=None
[2025-01-01T21:58:53.772+0000] {processor.py:208} INFO - Processing /home/airflow/.local/lib/python3.12/site-packages/airflow/example_dags/example_dag_decorator.py took 0.146 seconds
