[2025-01-01T21:48:46.457+0000] {processor.py:186} INFO - Started process (PID=120) to work on /home/airflow/.local/lib/python3.12/site-packages/airflow/example_dags/example_trigger_target_dag.py
[2025-01-01T21:48:46.458+0000] {processor.py:914} INFO - Processing file /home/airflow/.local/lib/python3.12/site-packages/airflow/example_dags/example_trigger_target_dag.py for tasks to queue
[2025-01-01T21:48:46.461+0000] {logging_mixin.py:190} INFO - [2025-01-01T21:48:46.461+0000] {dagbag.py:588} INFO - Filling up the DagBag from /home/airflow/.local/lib/python3.12/site-packages/airflow/example_dags/example_trigger_target_dag.py
[2025-01-01T21:48:46.470+0000] {processor.py:925} INFO - DAG(s) 'example_trigger_target_dag' retrieved from /home/airflow/.local/lib/python3.12/site-packages/airflow/example_dags/example_trigger_target_dag.py
[2025-01-01T21:48:46.586+0000] {logging_mixin.py:190} INFO - [2025-01-01T21:48:46.586+0000] {override.py:1911} INFO - Created Permission View: can edit on DAG:example_trigger_target_dag
[2025-01-01T21:48:46.597+0000] {logging_mixin.py:190} INFO - [2025-01-01T21:48:46.596+0000] {override.py:1911} INFO - Created Permission View: can delete on DAG:example_trigger_target_dag
[2025-01-01T21:48:46.603+0000] {logging_mixin.py:190} INFO - [2025-01-01T21:48:46.603+0000] {override.py:1911} INFO - Created Permission View: can read on DAG:example_trigger_target_dag
[2025-01-01T21:48:46.614+0000] {logging_mixin.py:190} INFO - [2025-01-01T21:48:46.613+0000] {override.py:1911} INFO - Created Permission View: can delete on DAG Run:example_trigger_target_dag
[2025-01-01T21:48:46.621+0000] {logging_mixin.py:190} INFO - [2025-01-01T21:48:46.621+0000] {override.py:1911} INFO - Created Permission View: can read on DAG Run:example_trigger_target_dag
[2025-01-01T21:48:46.631+0000] {logging_mixin.py:190} INFO - [2025-01-01T21:48:46.630+0000] {override.py:1911} INFO - Created Permission View: can create on DAG Run:example_trigger_target_dag
[2025-01-01T21:48:46.638+0000] {logging_mixin.py:190} INFO - [2025-01-01T21:48:46.637+0000] {override.py:1911} INFO - Created Permission View: menu access on DAG Run:example_trigger_target_dag
[2025-01-01T21:48:46.638+0000] {logging_mixin.py:190} INFO - [2025-01-01T21:48:46.638+0000] {dag.py:3239} INFO - Sync 1 DAGs
[2025-01-01T21:48:46.652+0000] {logging_mixin.py:190} INFO - [2025-01-01T21:48:46.651+0000] {dag.py:3262} INFO - Creating ORM DAG for example_trigger_target_dag
[2025-01-01T21:48:46.653+0000] {logging_mixin.py:190} INFO - [2025-01-01T21:48:46.652+0000] {dag.py:4180} INFO - Setting next_dagrun for example_trigger_target_dag to None, run_after=None
[2025-01-01T21:48:46.671+0000] {processor.py:208} INFO - Processing /home/airflow/.local/lib/python3.12/site-packages/airflow/example_dags/example_trigger_target_dag.py took 0.221 seconds
[2025-01-01T21:49:16.914+0000] {processor.py:186} INFO - Started process (PID=183) to work on /home/airflow/.local/lib/python3.12/site-packages/airflow/example_dags/example_trigger_target_dag.py
[2025-01-01T21:49:16.915+0000] {processor.py:914} INFO - Processing file /home/airflow/.local/lib/python3.12/site-packages/airflow/example_dags/example_trigger_target_dag.py for tasks to queue
[2025-01-01T21:49:16.917+0000] {logging_mixin.py:190} INFO - [2025-01-01T21:49:16.916+0000] {dagbag.py:588} INFO - Filling up the DagBag from /home/airflow/.local/lib/python3.12/site-packages/airflow/example_dags/example_trigger_target_dag.py
[2025-01-01T21:49:16.923+0000] {processor.py:925} INFO - DAG(s) 'example_trigger_target_dag' retrieved from /home/airflow/.local/lib/python3.12/site-packages/airflow/example_dags/example_trigger_target_dag.py
[2025-01-01T21:49:16.944+0000] {logging_mixin.py:190} INFO - [2025-01-01T21:49:16.944+0000] {dag.py:3239} INFO - Sync 1 DAGs
[2025-01-01T21:49:16.956+0000] {logging_mixin.py:190} INFO - [2025-01-01T21:49:16.955+0000] {dag.py:4180} INFO - Setting next_dagrun for example_trigger_target_dag to None, run_after=None
[2025-01-01T21:49:16.972+0000] {processor.py:208} INFO - Processing /home/airflow/.local/lib/python3.12/site-packages/airflow/example_dags/example_trigger_target_dag.py took 0.063 seconds
[2025-01-01T21:49:48.226+0000] {processor.py:186} INFO - Started process (PID=246) to work on /home/airflow/.local/lib/python3.12/site-packages/airflow/example_dags/example_trigger_target_dag.py
[2025-01-01T21:49:48.227+0000] {processor.py:914} INFO - Processing file /home/airflow/.local/lib/python3.12/site-packages/airflow/example_dags/example_trigger_target_dag.py for tasks to queue
[2025-01-01T21:49:48.229+0000] {logging_mixin.py:190} INFO - [2025-01-01T21:49:48.229+0000] {dagbag.py:588} INFO - Filling up the DagBag from /home/airflow/.local/lib/python3.12/site-packages/airflow/example_dags/example_trigger_target_dag.py
[2025-01-01T21:49:48.236+0000] {processor.py:925} INFO - DAG(s) 'example_trigger_target_dag' retrieved from /home/airflow/.local/lib/python3.12/site-packages/airflow/example_dags/example_trigger_target_dag.py
[2025-01-01T21:49:48.253+0000] {logging_mixin.py:190} INFO - [2025-01-01T21:49:48.253+0000] {dag.py:3239} INFO - Sync 1 DAGs
[2025-01-01T21:49:48.266+0000] {logging_mixin.py:190} INFO - [2025-01-01T21:49:48.266+0000] {dag.py:4180} INFO - Setting next_dagrun for example_trigger_target_dag to None, run_after=None
[2025-01-01T21:49:48.284+0000] {processor.py:208} INFO - Processing /home/airflow/.local/lib/python3.12/site-packages/airflow/example_dags/example_trigger_target_dag.py took 0.063 seconds
[2025-01-01T21:50:18.978+0000] {processor.py:186} INFO - Started process (PID=309) to work on /home/airflow/.local/lib/python3.12/site-packages/airflow/example_dags/example_trigger_target_dag.py
[2025-01-01T21:50:18.979+0000] {processor.py:914} INFO - Processing file /home/airflow/.local/lib/python3.12/site-packages/airflow/example_dags/example_trigger_target_dag.py for tasks to queue
[2025-01-01T21:50:18.982+0000] {logging_mixin.py:190} INFO - [2025-01-01T21:50:18.981+0000] {dagbag.py:588} INFO - Filling up the DagBag from /home/airflow/.local/lib/python3.12/site-packages/airflow/example_dags/example_trigger_target_dag.py
[2025-01-01T21:50:18.991+0000] {processor.py:925} INFO - DAG(s) 'example_trigger_target_dag' retrieved from /home/airflow/.local/lib/python3.12/site-packages/airflow/example_dags/example_trigger_target_dag.py
[2025-01-01T21:50:19.011+0000] {logging_mixin.py:190} INFO - [2025-01-01T21:50:19.011+0000] {dag.py:3239} INFO - Sync 1 DAGs
[2025-01-01T21:50:19.025+0000] {logging_mixin.py:190} INFO - [2025-01-01T21:50:19.025+0000] {dag.py:4180} INFO - Setting next_dagrun for example_trigger_target_dag to None, run_after=None
[2025-01-01T21:50:19.044+0000] {processor.py:208} INFO - Processing /home/airflow/.local/lib/python3.12/site-packages/airflow/example_dags/example_trigger_target_dag.py took 0.072 seconds
[2025-01-01T21:50:49.898+0000] {processor.py:186} INFO - Started process (PID=373) to work on /home/airflow/.local/lib/python3.12/site-packages/airflow/example_dags/example_trigger_target_dag.py
[2025-01-01T21:50:49.899+0000] {processor.py:914} INFO - Processing file /home/airflow/.local/lib/python3.12/site-packages/airflow/example_dags/example_trigger_target_dag.py for tasks to queue
[2025-01-01T21:50:49.901+0000] {logging_mixin.py:190} INFO - [2025-01-01T21:50:49.901+0000] {dagbag.py:588} INFO - Filling up the DagBag from /home/airflow/.local/lib/python3.12/site-packages/airflow/example_dags/example_trigger_target_dag.py
[2025-01-01T21:50:49.908+0000] {processor.py:925} INFO - DAG(s) 'example_trigger_target_dag' retrieved from /home/airflow/.local/lib/python3.12/site-packages/airflow/example_dags/example_trigger_target_dag.py
[2025-01-01T21:50:49.926+0000] {logging_mixin.py:190} INFO - [2025-01-01T21:50:49.926+0000] {dag.py:3239} INFO - Sync 1 DAGs
[2025-01-01T21:50:49.940+0000] {logging_mixin.py:190} INFO - [2025-01-01T21:50:49.939+0000] {dag.py:4180} INFO - Setting next_dagrun for example_trigger_target_dag to None, run_after=None
[2025-01-01T21:50:49.957+0000] {processor.py:208} INFO - Processing /home/airflow/.local/lib/python3.12/site-packages/airflow/example_dags/example_trigger_target_dag.py took 0.064 seconds
[2025-01-01T21:51:20.342+0000] {processor.py:186} INFO - Started process (PID=436) to work on /home/airflow/.local/lib/python3.12/site-packages/airflow/example_dags/example_trigger_target_dag.py
[2025-01-01T21:51:20.342+0000] {processor.py:914} INFO - Processing file /home/airflow/.local/lib/python3.12/site-packages/airflow/example_dags/example_trigger_target_dag.py for tasks to queue
[2025-01-01T21:51:20.344+0000] {logging_mixin.py:190} INFO - [2025-01-01T21:51:20.344+0000] {dagbag.py:588} INFO - Filling up the DagBag from /home/airflow/.local/lib/python3.12/site-packages/airflow/example_dags/example_trigger_target_dag.py
[2025-01-01T21:51:20.350+0000] {processor.py:925} INFO - DAG(s) 'example_trigger_target_dag' retrieved from /home/airflow/.local/lib/python3.12/site-packages/airflow/example_dags/example_trigger_target_dag.py
[2025-01-01T21:51:20.367+0000] {logging_mixin.py:190} INFO - [2025-01-01T21:51:20.367+0000] {dag.py:3239} INFO - Sync 1 DAGs
[2025-01-01T21:51:20.382+0000] {logging_mixin.py:190} INFO - [2025-01-01T21:51:20.381+0000] {dag.py:4180} INFO - Setting next_dagrun for example_trigger_target_dag to None, run_after=None
[2025-01-01T21:51:20.401+0000] {processor.py:208} INFO - Processing /home/airflow/.local/lib/python3.12/site-packages/airflow/example_dags/example_trigger_target_dag.py took 0.064 seconds
[2025-01-01T21:51:51.610+0000] {processor.py:186} INFO - Started process (PID=499) to work on /home/airflow/.local/lib/python3.12/site-packages/airflow/example_dags/example_trigger_target_dag.py
[2025-01-01T21:51:51.611+0000] {processor.py:914} INFO - Processing file /home/airflow/.local/lib/python3.12/site-packages/airflow/example_dags/example_trigger_target_dag.py for tasks to queue
[2025-01-01T21:51:51.612+0000] {logging_mixin.py:190} INFO - [2025-01-01T21:51:51.612+0000] {dagbag.py:588} INFO - Filling up the DagBag from /home/airflow/.local/lib/python3.12/site-packages/airflow/example_dags/example_trigger_target_dag.py
[2025-01-01T21:51:51.619+0000] {processor.py:925} INFO - DAG(s) 'example_trigger_target_dag' retrieved from /home/airflow/.local/lib/python3.12/site-packages/airflow/example_dags/example_trigger_target_dag.py
[2025-01-01T21:51:51.638+0000] {logging_mixin.py:190} INFO - [2025-01-01T21:51:51.638+0000] {dag.py:3239} INFO - Sync 1 DAGs
[2025-01-01T21:51:51.651+0000] {logging_mixin.py:190} INFO - [2025-01-01T21:51:51.651+0000] {dag.py:4180} INFO - Setting next_dagrun for example_trigger_target_dag to None, run_after=None
[2025-01-01T21:51:51.667+0000] {processor.py:208} INFO - Processing /home/airflow/.local/lib/python3.12/site-packages/airflow/example_dags/example_trigger_target_dag.py took 0.063 seconds
[2025-01-01T21:52:23.140+0000] {processor.py:186} INFO - Started process (PID=562) to work on /home/airflow/.local/lib/python3.12/site-packages/airflow/example_dags/example_trigger_target_dag.py
[2025-01-01T21:52:23.141+0000] {processor.py:914} INFO - Processing file /home/airflow/.local/lib/python3.12/site-packages/airflow/example_dags/example_trigger_target_dag.py for tasks to queue
[2025-01-01T21:52:23.143+0000] {logging_mixin.py:190} INFO - [2025-01-01T21:52:23.142+0000] {dagbag.py:588} INFO - Filling up the DagBag from /home/airflow/.local/lib/python3.12/site-packages/airflow/example_dags/example_trigger_target_dag.py
[2025-01-01T21:52:23.152+0000] {processor.py:925} INFO - DAG(s) 'example_trigger_target_dag' retrieved from /home/airflow/.local/lib/python3.12/site-packages/airflow/example_dags/example_trigger_target_dag.py
[2025-01-01T21:52:23.169+0000] {logging_mixin.py:190} INFO - [2025-01-01T21:52:23.169+0000] {dag.py:3239} INFO - Sync 1 DAGs
[2025-01-01T21:52:23.181+0000] {logging_mixin.py:190} INFO - [2025-01-01T21:52:23.181+0000] {dag.py:4180} INFO - Setting next_dagrun for example_trigger_target_dag to None, run_after=None
[2025-01-01T21:52:23.198+0000] {processor.py:208} INFO - Processing /home/airflow/.local/lib/python3.12/site-packages/airflow/example_dags/example_trigger_target_dag.py took 0.063 seconds
[2025-01-01T21:52:53.813+0000] {processor.py:186} INFO - Started process (PID=625) to work on /home/airflow/.local/lib/python3.12/site-packages/airflow/example_dags/example_trigger_target_dag.py
[2025-01-01T21:52:53.814+0000] {processor.py:914} INFO - Processing file /home/airflow/.local/lib/python3.12/site-packages/airflow/example_dags/example_trigger_target_dag.py for tasks to queue
[2025-01-01T21:52:53.816+0000] {logging_mixin.py:190} INFO - [2025-01-01T21:52:53.816+0000] {dagbag.py:588} INFO - Filling up the DagBag from /home/airflow/.local/lib/python3.12/site-packages/airflow/example_dags/example_trigger_target_dag.py
[2025-01-01T21:52:53.822+0000] {processor.py:925} INFO - DAG(s) 'example_trigger_target_dag' retrieved from /home/airflow/.local/lib/python3.12/site-packages/airflow/example_dags/example_trigger_target_dag.py
[2025-01-01T21:52:53.839+0000] {logging_mixin.py:190} INFO - [2025-01-01T21:52:53.839+0000] {dag.py:3239} INFO - Sync 1 DAGs
[2025-01-01T21:52:53.850+0000] {logging_mixin.py:190} INFO - [2025-01-01T21:52:53.850+0000] {dag.py:4180} INFO - Setting next_dagrun for example_trigger_target_dag to None, run_after=None
[2025-01-01T21:52:53.867+0000] {processor.py:208} INFO - Processing /home/airflow/.local/lib/python3.12/site-packages/airflow/example_dags/example_trigger_target_dag.py took 0.059 seconds
[2025-01-01T21:53:24.804+0000] {processor.py:186} INFO - Started process (PID=688) to work on /home/airflow/.local/lib/python3.12/site-packages/airflow/example_dags/example_trigger_target_dag.py
[2025-01-01T21:53:24.805+0000] {processor.py:914} INFO - Processing file /home/airflow/.local/lib/python3.12/site-packages/airflow/example_dags/example_trigger_target_dag.py for tasks to queue
[2025-01-01T21:53:24.807+0000] {logging_mixin.py:190} INFO - [2025-01-01T21:53:24.807+0000] {dagbag.py:588} INFO - Filling up the DagBag from /home/airflow/.local/lib/python3.12/site-packages/airflow/example_dags/example_trigger_target_dag.py
[2025-01-01T21:53:24.814+0000] {processor.py:925} INFO - DAG(s) 'example_trigger_target_dag' retrieved from /home/airflow/.local/lib/python3.12/site-packages/airflow/example_dags/example_trigger_target_dag.py
[2025-01-01T21:53:24.832+0000] {logging_mixin.py:190} INFO - [2025-01-01T21:53:24.831+0000] {dag.py:3239} INFO - Sync 1 DAGs
[2025-01-01T21:53:24.845+0000] {logging_mixin.py:190} INFO - [2025-01-01T21:53:24.844+0000] {dag.py:4180} INFO - Setting next_dagrun for example_trigger_target_dag to None, run_after=None
[2025-01-01T21:53:24.860+0000] {processor.py:208} INFO - Processing /home/airflow/.local/lib/python3.12/site-packages/airflow/example_dags/example_trigger_target_dag.py took 0.061 seconds
[2025-01-01T21:53:56.128+0000] {processor.py:186} INFO - Started process (PID=751) to work on /home/airflow/.local/lib/python3.12/site-packages/airflow/example_dags/example_trigger_target_dag.py
[2025-01-01T21:53:56.129+0000] {processor.py:914} INFO - Processing file /home/airflow/.local/lib/python3.12/site-packages/airflow/example_dags/example_trigger_target_dag.py for tasks to queue
[2025-01-01T21:53:56.131+0000] {logging_mixin.py:190} INFO - [2025-01-01T21:53:56.131+0000] {dagbag.py:588} INFO - Filling up the DagBag from /home/airflow/.local/lib/python3.12/site-packages/airflow/example_dags/example_trigger_target_dag.py
[2025-01-01T21:53:56.138+0000] {processor.py:925} INFO - DAG(s) 'example_trigger_target_dag' retrieved from /home/airflow/.local/lib/python3.12/site-packages/airflow/example_dags/example_trigger_target_dag.py
[2025-01-01T21:53:56.155+0000] {logging_mixin.py:190} INFO - [2025-01-01T21:53:56.155+0000] {dag.py:3239} INFO - Sync 1 DAGs
[2025-01-01T21:53:56.168+0000] {logging_mixin.py:190} INFO - [2025-01-01T21:53:56.167+0000] {dag.py:4180} INFO - Setting next_dagrun for example_trigger_target_dag to None, run_after=None
[2025-01-01T21:53:56.183+0000] {processor.py:208} INFO - Processing /home/airflow/.local/lib/python3.12/site-packages/airflow/example_dags/example_trigger_target_dag.py took 0.060 seconds
[2025-01-01T21:54:26.661+0000] {processor.py:186} INFO - Started process (PID=814) to work on /home/airflow/.local/lib/python3.12/site-packages/airflow/example_dags/example_trigger_target_dag.py
[2025-01-01T21:54:26.662+0000] {processor.py:914} INFO - Processing file /home/airflow/.local/lib/python3.12/site-packages/airflow/example_dags/example_trigger_target_dag.py for tasks to queue
[2025-01-01T21:54:26.664+0000] {logging_mixin.py:190} INFO - [2025-01-01T21:54:26.664+0000] {dagbag.py:588} INFO - Filling up the DagBag from /home/airflow/.local/lib/python3.12/site-packages/airflow/example_dags/example_trigger_target_dag.py
[2025-01-01T21:54:26.670+0000] {processor.py:925} INFO - DAG(s) 'example_trigger_target_dag' retrieved from /home/airflow/.local/lib/python3.12/site-packages/airflow/example_dags/example_trigger_target_dag.py
[2025-01-01T21:54:26.687+0000] {logging_mixin.py:190} INFO - [2025-01-01T21:54:26.687+0000] {dag.py:3239} INFO - Sync 1 DAGs
[2025-01-01T21:54:26.700+0000] {logging_mixin.py:190} INFO - [2025-01-01T21:54:26.700+0000] {dag.py:4180} INFO - Setting next_dagrun for example_trigger_target_dag to None, run_after=None
[2025-01-01T21:54:26.718+0000] {processor.py:208} INFO - Processing /home/airflow/.local/lib/python3.12/site-packages/airflow/example_dags/example_trigger_target_dag.py took 0.063 seconds
[2025-01-01T21:54:57.942+0000] {processor.py:186} INFO - Started process (PID=877) to work on /home/airflow/.local/lib/python3.12/site-packages/airflow/example_dags/example_trigger_target_dag.py
[2025-01-01T21:54:57.943+0000] {processor.py:914} INFO - Processing file /home/airflow/.local/lib/python3.12/site-packages/airflow/example_dags/example_trigger_target_dag.py for tasks to queue
[2025-01-01T21:54:57.945+0000] {logging_mixin.py:190} INFO - [2025-01-01T21:54:57.945+0000] {dagbag.py:588} INFO - Filling up the DagBag from /home/airflow/.local/lib/python3.12/site-packages/airflow/example_dags/example_trigger_target_dag.py
[2025-01-01T21:54:57.952+0000] {processor.py:925} INFO - DAG(s) 'example_trigger_target_dag' retrieved from /home/airflow/.local/lib/python3.12/site-packages/airflow/example_dags/example_trigger_target_dag.py
[2025-01-01T21:54:57.969+0000] {logging_mixin.py:190} INFO - [2025-01-01T21:54:57.969+0000] {dag.py:3239} INFO - Sync 1 DAGs
[2025-01-01T21:54:57.982+0000] {logging_mixin.py:190} INFO - [2025-01-01T21:54:57.982+0000] {dag.py:4180} INFO - Setting next_dagrun for example_trigger_target_dag to None, run_after=None
[2025-01-01T21:54:57.997+0000] {processor.py:208} INFO - Processing /home/airflow/.local/lib/python3.12/site-packages/airflow/example_dags/example_trigger_target_dag.py took 0.060 seconds
[2025-01-01T21:55:29.266+0000] {processor.py:186} INFO - Started process (PID=940) to work on /home/airflow/.local/lib/python3.12/site-packages/airflow/example_dags/example_trigger_target_dag.py
[2025-01-01T21:55:29.267+0000] {processor.py:914} INFO - Processing file /home/airflow/.local/lib/python3.12/site-packages/airflow/example_dags/example_trigger_target_dag.py for tasks to queue
[2025-01-01T21:55:29.269+0000] {logging_mixin.py:190} INFO - [2025-01-01T21:55:29.269+0000] {dagbag.py:588} INFO - Filling up the DagBag from /home/airflow/.local/lib/python3.12/site-packages/airflow/example_dags/example_trigger_target_dag.py
[2025-01-01T21:55:29.275+0000] {processor.py:925} INFO - DAG(s) 'example_trigger_target_dag' retrieved from /home/airflow/.local/lib/python3.12/site-packages/airflow/example_dags/example_trigger_target_dag.py
[2025-01-01T21:55:29.292+0000] {logging_mixin.py:190} INFO - [2025-01-01T21:55:29.292+0000] {dag.py:3239} INFO - Sync 1 DAGs
[2025-01-01T21:55:29.304+0000] {logging_mixin.py:190} INFO - [2025-01-01T21:55:29.304+0000] {dag.py:4180} INFO - Setting next_dagrun for example_trigger_target_dag to None, run_after=None
[2025-01-01T21:55:29.320+0000] {processor.py:208} INFO - Processing /home/airflow/.local/lib/python3.12/site-packages/airflow/example_dags/example_trigger_target_dag.py took 0.059 seconds
[2025-01-01T21:56:00.278+0000] {processor.py:186} INFO - Started process (PID=1003) to work on /home/airflow/.local/lib/python3.12/site-packages/airflow/example_dags/example_trigger_target_dag.py
[2025-01-01T21:56:00.279+0000] {processor.py:914} INFO - Processing file /home/airflow/.local/lib/python3.12/site-packages/airflow/example_dags/example_trigger_target_dag.py for tasks to queue
[2025-01-01T21:56:00.281+0000] {logging_mixin.py:190} INFO - [2025-01-01T21:56:00.281+0000] {dagbag.py:588} INFO - Filling up the DagBag from /home/airflow/.local/lib/python3.12/site-packages/airflow/example_dags/example_trigger_target_dag.py
[2025-01-01T21:56:00.288+0000] {processor.py:925} INFO - DAG(s) 'example_trigger_target_dag' retrieved from /home/airflow/.local/lib/python3.12/site-packages/airflow/example_dags/example_trigger_target_dag.py
[2025-01-01T21:56:00.305+0000] {logging_mixin.py:190} INFO - [2025-01-01T21:56:00.304+0000] {dag.py:3239} INFO - Sync 1 DAGs
[2025-01-01T21:56:00.320+0000] {logging_mixin.py:190} INFO - [2025-01-01T21:56:00.320+0000] {dag.py:4180} INFO - Setting next_dagrun for example_trigger_target_dag to None, run_after=None
[2025-01-01T21:56:00.336+0000] {processor.py:208} INFO - Processing /home/airflow/.local/lib/python3.12/site-packages/airflow/example_dags/example_trigger_target_dag.py took 0.065 seconds
[2025-01-01T21:56:31.202+0000] {processor.py:186} INFO - Started process (PID=1066) to work on /home/airflow/.local/lib/python3.12/site-packages/airflow/example_dags/example_trigger_target_dag.py
[2025-01-01T21:56:31.203+0000] {processor.py:914} INFO - Processing file /home/airflow/.local/lib/python3.12/site-packages/airflow/example_dags/example_trigger_target_dag.py for tasks to queue
[2025-01-01T21:56:31.205+0000] {logging_mixin.py:190} INFO - [2025-01-01T21:56:31.205+0000] {dagbag.py:588} INFO - Filling up the DagBag from /home/airflow/.local/lib/python3.12/site-packages/airflow/example_dags/example_trigger_target_dag.py
[2025-01-01T21:56:31.213+0000] {processor.py:925} INFO - DAG(s) 'example_trigger_target_dag' retrieved from /home/airflow/.local/lib/python3.12/site-packages/airflow/example_dags/example_trigger_target_dag.py
[2025-01-01T21:56:31.230+0000] {logging_mixin.py:190} INFO - [2025-01-01T21:56:31.229+0000] {dag.py:3239} INFO - Sync 1 DAGs
[2025-01-01T21:56:31.243+0000] {logging_mixin.py:190} INFO - [2025-01-01T21:56:31.242+0000] {dag.py:4180} INFO - Setting next_dagrun for example_trigger_target_dag to None, run_after=None
[2025-01-01T21:56:31.261+0000] {processor.py:208} INFO - Processing /home/airflow/.local/lib/python3.12/site-packages/airflow/example_dags/example_trigger_target_dag.py took 0.064 seconds
[2025-01-01T21:57:01.963+0000] {processor.py:186} INFO - Started process (PID=1129) to work on /home/airflow/.local/lib/python3.12/site-packages/airflow/example_dags/example_trigger_target_dag.py
[2025-01-01T21:57:01.965+0000] {processor.py:914} INFO - Processing file /home/airflow/.local/lib/python3.12/site-packages/airflow/example_dags/example_trigger_target_dag.py for tasks to queue
[2025-01-01T21:57:01.967+0000] {logging_mixin.py:190} INFO - [2025-01-01T21:57:01.967+0000] {dagbag.py:588} INFO - Filling up the DagBag from /home/airflow/.local/lib/python3.12/site-packages/airflow/example_dags/example_trigger_target_dag.py
[2025-01-01T21:57:01.977+0000] {processor.py:925} INFO - DAG(s) 'example_trigger_target_dag' retrieved from /home/airflow/.local/lib/python3.12/site-packages/airflow/example_dags/example_trigger_target_dag.py
[2025-01-01T21:57:02.000+0000] {logging_mixin.py:190} INFO - [2025-01-01T21:57:02.000+0000] {dag.py:3239} INFO - Sync 1 DAGs
[2025-01-01T21:57:02.017+0000] {logging_mixin.py:190} INFO - [2025-01-01T21:57:02.017+0000] {dag.py:4180} INFO - Setting next_dagrun for example_trigger_target_dag to None, run_after=None
[2025-01-01T21:57:02.041+0000] {processor.py:208} INFO - Processing /home/airflow/.local/lib/python3.12/site-packages/airflow/example_dags/example_trigger_target_dag.py took 0.085 seconds
[2025-01-01T21:57:32.766+0000] {processor.py:186} INFO - Started process (PID=1192) to work on /home/airflow/.local/lib/python3.12/site-packages/airflow/example_dags/example_trigger_target_dag.py
[2025-01-01T21:57:32.766+0000] {processor.py:914} INFO - Processing file /home/airflow/.local/lib/python3.12/site-packages/airflow/example_dags/example_trigger_target_dag.py for tasks to queue
[2025-01-01T21:57:32.768+0000] {logging_mixin.py:190} INFO - [2025-01-01T21:57:32.768+0000] {dagbag.py:588} INFO - Filling up the DagBag from /home/airflow/.local/lib/python3.12/site-packages/airflow/example_dags/example_trigger_target_dag.py
[2025-01-01T21:57:32.775+0000] {processor.py:925} INFO - DAG(s) 'example_trigger_target_dag' retrieved from /home/airflow/.local/lib/python3.12/site-packages/airflow/example_dags/example_trigger_target_dag.py
[2025-01-01T21:57:32.792+0000] {logging_mixin.py:190} INFO - [2025-01-01T21:57:32.792+0000] {dag.py:3239} INFO - Sync 1 DAGs
[2025-01-01T21:57:32.804+0000] {logging_mixin.py:190} INFO - [2025-01-01T21:57:32.804+0000] {dag.py:4180} INFO - Setting next_dagrun for example_trigger_target_dag to None, run_after=None
[2025-01-01T21:57:32.819+0000] {processor.py:208} INFO - Processing /home/airflow/.local/lib/python3.12/site-packages/airflow/example_dags/example_trigger_target_dag.py took 0.058 seconds
[2025-01-01T21:58:03.402+0000] {processor.py:186} INFO - Started process (PID=1255) to work on /home/airflow/.local/lib/python3.12/site-packages/airflow/example_dags/example_trigger_target_dag.py
[2025-01-01T21:58:03.403+0000] {processor.py:914} INFO - Processing file /home/airflow/.local/lib/python3.12/site-packages/airflow/example_dags/example_trigger_target_dag.py for tasks to queue
[2025-01-01T21:58:03.405+0000] {logging_mixin.py:190} INFO - [2025-01-01T21:58:03.405+0000] {dagbag.py:588} INFO - Filling up the DagBag from /home/airflow/.local/lib/python3.12/site-packages/airflow/example_dags/example_trigger_target_dag.py
[2025-01-01T21:58:03.411+0000] {processor.py:925} INFO - DAG(s) 'example_trigger_target_dag' retrieved from /home/airflow/.local/lib/python3.12/site-packages/airflow/example_dags/example_trigger_target_dag.py
[2025-01-01T21:58:03.428+0000] {logging_mixin.py:190} INFO - [2025-01-01T21:58:03.428+0000] {dag.py:3239} INFO - Sync 1 DAGs
[2025-01-01T21:58:03.440+0000] {logging_mixin.py:190} INFO - [2025-01-01T21:58:03.439+0000] {dag.py:4180} INFO - Setting next_dagrun for example_trigger_target_dag to None, run_after=None
[2025-01-01T21:58:03.456+0000] {processor.py:208} INFO - Processing /home/airflow/.local/lib/python3.12/site-packages/airflow/example_dags/example_trigger_target_dag.py took 0.058 seconds
[2025-01-01T21:58:34.278+0000] {processor.py:186} INFO - Started process (PID=1318) to work on /home/airflow/.local/lib/python3.12/site-packages/airflow/example_dags/example_trigger_target_dag.py
[2025-01-01T21:58:34.279+0000] {processor.py:914} INFO - Processing file /home/airflow/.local/lib/python3.12/site-packages/airflow/example_dags/example_trigger_target_dag.py for tasks to queue
[2025-01-01T21:58:34.281+0000] {logging_mixin.py:190} INFO - [2025-01-01T21:58:34.280+0000] {dagbag.py:588} INFO - Filling up the DagBag from /home/airflow/.local/lib/python3.12/site-packages/airflow/example_dags/example_trigger_target_dag.py
[2025-01-01T21:58:34.287+0000] {processor.py:925} INFO - DAG(s) 'example_trigger_target_dag' retrieved from /home/airflow/.local/lib/python3.12/site-packages/airflow/example_dags/example_trigger_target_dag.py
[2025-01-01T21:58:34.304+0000] {logging_mixin.py:190} INFO - [2025-01-01T21:58:34.304+0000] {dag.py:3239} INFO - Sync 1 DAGs
[2025-01-01T21:58:34.317+0000] {logging_mixin.py:190} INFO - [2025-01-01T21:58:34.316+0000] {dag.py:4180} INFO - Setting next_dagrun for example_trigger_target_dag to None, run_after=None
[2025-01-01T21:58:34.333+0000] {processor.py:208} INFO - Processing /home/airflow/.local/lib/python3.12/site-packages/airflow/example_dags/example_trigger_target_dag.py took 0.060 seconds
[2025-01-01T21:59:05.368+0000] {processor.py:186} INFO - Started process (PID=1381) to work on /home/airflow/.local/lib/python3.12/site-packages/airflow/example_dags/example_trigger_target_dag.py
[2025-01-01T21:59:05.369+0000] {processor.py:914} INFO - Processing file /home/airflow/.local/lib/python3.12/site-packages/airflow/example_dags/example_trigger_target_dag.py for tasks to queue
[2025-01-01T21:59:05.372+0000] {logging_mixin.py:190} INFO - [2025-01-01T21:59:05.371+0000] {dagbag.py:588} INFO - Filling up the DagBag from /home/airflow/.local/lib/python3.12/site-packages/airflow/example_dags/example_trigger_target_dag.py
[2025-01-01T21:59:05.379+0000] {processor.py:925} INFO - DAG(s) 'example_trigger_target_dag' retrieved from /home/airflow/.local/lib/python3.12/site-packages/airflow/example_dags/example_trigger_target_dag.py
[2025-01-01T21:59:05.398+0000] {logging_mixin.py:190} INFO - [2025-01-01T21:59:05.398+0000] {dag.py:3239} INFO - Sync 1 DAGs
[2025-01-01T21:59:05.412+0000] {logging_mixin.py:190} INFO - [2025-01-01T21:59:05.412+0000] {dag.py:4180} INFO - Setting next_dagrun for example_trigger_target_dag to None, run_after=None
[2025-01-01T21:59:05.432+0000] {processor.py:208} INFO - Processing /home/airflow/.local/lib/python3.12/site-packages/airflow/example_dags/example_trigger_target_dag.py took 0.069 seconds
