[2025-01-01T21:48:44.469+0000] {processor.py:186} INFO - Started process (PID=106) to work on /home/airflow/.local/lib/python3.12/site-packages/airflow/example_dags/example_branch_operator.py
[2025-01-01T21:48:44.470+0000] {processor.py:914} INFO - Processing file /home/airflow/.local/lib/python3.12/site-packages/airflow/example_dags/example_branch_operator.py for tasks to queue
[2025-01-01T21:48:44.472+0000] {logging_mixin.py:190} INFO - [2025-01-01T21:48:44.472+0000] {dagbag.py:588} INFO - Filling up the DagBag from /home/airflow/.local/lib/python3.12/site-packages/airflow/example_dags/example_branch_operator.py
[2025-01-01T21:48:44.490+0000] {processor.py:925} INFO - DAG(s) 'example_branch_operator' retrieved from /home/airflow/.local/lib/python3.12/site-packages/airflow/example_dags/example_branch_operator.py
[2025-01-01T21:48:44.592+0000] {logging_mixin.py:190} INFO - [2025-01-01T21:48:44.592+0000] {override.py:1911} INFO - Created Permission View: can edit on DAG:example_branch_operator
[2025-01-01T21:48:44.602+0000] {logging_mixin.py:190} INFO - [2025-01-01T21:48:44.602+0000] {override.py:1911} INFO - Created Permission View: can delete on DAG:example_branch_operator
[2025-01-01T21:48:44.609+0000] {logging_mixin.py:190} INFO - [2025-01-01T21:48:44.608+0000] {override.py:1911} INFO - Created Permission View: can read on DAG:example_branch_operator
[2025-01-01T21:48:44.617+0000] {logging_mixin.py:190} INFO - [2025-01-01T21:48:44.617+0000] {override.py:1911} INFO - Created Permission View: can delete on DAG Run:example_branch_operator
[2025-01-01T21:48:44.624+0000] {logging_mixin.py:190} INFO - [2025-01-01T21:48:44.624+0000] {override.py:1911} INFO - Created Permission View: can read on DAG Run:example_branch_operator
[2025-01-01T21:48:44.632+0000] {logging_mixin.py:190} INFO - [2025-01-01T21:48:44.632+0000] {override.py:1911} INFO - Created Permission View: can create on DAG Run:example_branch_operator
[2025-01-01T21:48:44.638+0000] {logging_mixin.py:190} INFO - [2025-01-01T21:48:44.638+0000] {override.py:1911} INFO - Created Permission View: menu access on DAG Run:example_branch_operator
[2025-01-01T21:48:44.639+0000] {logging_mixin.py:190} INFO - [2025-01-01T21:48:44.639+0000] {dag.py:3239} INFO - Sync 1 DAGs
[2025-01-01T21:48:44.651+0000] {logging_mixin.py:190} INFO - [2025-01-01T21:48:44.651+0000] {dag.py:3262} INFO - Creating ORM DAG for example_branch_operator
[2025-01-01T21:48:44.661+0000] {logging_mixin.py:190} INFO - [2025-01-01T21:48:44.660+0000] {dag.py:4180} INFO - Setting next_dagrun for example_branch_operator to 2024-12-31 00:00:00+00:00, run_after=2025-01-01 00:00:00+00:00
[2025-01-01T21:48:44.677+0000] {processor.py:208} INFO - Processing /home/airflow/.local/lib/python3.12/site-packages/airflow/example_dags/example_branch_operator.py took 0.213 seconds
[2025-01-01T21:49:15.953+0000] {processor.py:186} INFO - Started process (PID=169) to work on /home/airflow/.local/lib/python3.12/site-packages/airflow/example_dags/example_branch_operator.py
[2025-01-01T21:49:15.954+0000] {processor.py:914} INFO - Processing file /home/airflow/.local/lib/python3.12/site-packages/airflow/example_dags/example_branch_operator.py for tasks to queue
[2025-01-01T21:49:15.957+0000] {logging_mixin.py:190} INFO - [2025-01-01T21:49:15.956+0000] {dagbag.py:588} INFO - Filling up the DagBag from /home/airflow/.local/lib/python3.12/site-packages/airflow/example_dags/example_branch_operator.py
[2025-01-01T21:49:15.981+0000] {processor.py:925} INFO - DAG(s) 'example_branch_operator' retrieved from /home/airflow/.local/lib/python3.12/site-packages/airflow/example_dags/example_branch_operator.py
[2025-01-01T21:49:16.013+0000] {logging_mixin.py:190} INFO - [2025-01-01T21:49:16.013+0000] {dag.py:3239} INFO - Sync 1 DAGs
[2025-01-01T21:49:16.032+0000] {logging_mixin.py:190} INFO - [2025-01-01T21:49:16.032+0000] {dag.py:4180} INFO - Setting next_dagrun for example_branch_operator to 2024-12-31 00:00:00+00:00, run_after=2025-01-01 00:00:00+00:00
[2025-01-01T21:49:16.050+0000] {processor.py:208} INFO - Processing /home/airflow/.local/lib/python3.12/site-packages/airflow/example_dags/example_branch_operator.py took 0.102 seconds
[2025-01-01T21:49:47.399+0000] {processor.py:186} INFO - Started process (PID=232) to work on /home/airflow/.local/lib/python3.12/site-packages/airflow/example_dags/example_branch_operator.py
[2025-01-01T21:49:47.400+0000] {processor.py:914} INFO - Processing file /home/airflow/.local/lib/python3.12/site-packages/airflow/example_dags/example_branch_operator.py for tasks to queue
[2025-01-01T21:49:47.403+0000] {logging_mixin.py:190} INFO - [2025-01-01T21:49:47.402+0000] {dagbag.py:588} INFO - Filling up the DagBag from /home/airflow/.local/lib/python3.12/site-packages/airflow/example_dags/example_branch_operator.py
[2025-01-01T21:49:47.418+0000] {processor.py:925} INFO - DAG(s) 'example_branch_operator' retrieved from /home/airflow/.local/lib/python3.12/site-packages/airflow/example_dags/example_branch_operator.py
[2025-01-01T21:49:47.446+0000] {logging_mixin.py:190} INFO - [2025-01-01T21:49:47.445+0000] {dag.py:3239} INFO - Sync 1 DAGs
[2025-01-01T21:49:47.470+0000] {logging_mixin.py:190} INFO - [2025-01-01T21:49:47.470+0000] {dag.py:4180} INFO - Setting next_dagrun for example_branch_operator to 2024-12-31 00:00:00+00:00, run_after=2025-01-01 00:00:00+00:00
[2025-01-01T21:49:47.490+0000] {processor.py:208} INFO - Processing /home/airflow/.local/lib/python3.12/site-packages/airflow/example_dags/example_branch_operator.py took 0.095 seconds
[2025-01-01T21:50:18.251+0000] {processor.py:186} INFO - Started process (PID=295) to work on /home/airflow/.local/lib/python3.12/site-packages/airflow/example_dags/example_branch_operator.py
[2025-01-01T21:50:18.252+0000] {processor.py:914} INFO - Processing file /home/airflow/.local/lib/python3.12/site-packages/airflow/example_dags/example_branch_operator.py for tasks to queue
[2025-01-01T21:50:18.255+0000] {logging_mixin.py:190} INFO - [2025-01-01T21:50:18.254+0000] {dagbag.py:588} INFO - Filling up the DagBag from /home/airflow/.local/lib/python3.12/site-packages/airflow/example_dags/example_branch_operator.py
[2025-01-01T21:50:18.270+0000] {processor.py:925} INFO - DAG(s) 'example_branch_operator' retrieved from /home/airflow/.local/lib/python3.12/site-packages/airflow/example_dags/example_branch_operator.py
[2025-01-01T21:50:18.297+0000] {logging_mixin.py:190} INFO - [2025-01-01T21:50:18.297+0000] {dag.py:3239} INFO - Sync 1 DAGs
[2025-01-01T21:50:18.317+0000] {logging_mixin.py:190} INFO - [2025-01-01T21:50:18.317+0000] {dag.py:4180} INFO - Setting next_dagrun for example_branch_operator to 2024-12-31 00:00:00+00:00, run_after=2025-01-01 00:00:00+00:00
[2025-01-01T21:50:18.335+0000] {processor.py:208} INFO - Processing /home/airflow/.local/lib/python3.12/site-packages/airflow/example_dags/example_branch_operator.py took 0.089 seconds
[2025-01-01T21:50:48.836+0000] {processor.py:186} INFO - Started process (PID=359) to work on /home/airflow/.local/lib/python3.12/site-packages/airflow/example_dags/example_branch_operator.py
[2025-01-01T21:50:48.837+0000] {processor.py:914} INFO - Processing file /home/airflow/.local/lib/python3.12/site-packages/airflow/example_dags/example_branch_operator.py for tasks to queue
[2025-01-01T21:50:48.838+0000] {logging_mixin.py:190} INFO - [2025-01-01T21:50:48.838+0000] {dagbag.py:588} INFO - Filling up the DagBag from /home/airflow/.local/lib/python3.12/site-packages/airflow/example_dags/example_branch_operator.py
[2025-01-01T21:50:48.853+0000] {processor.py:925} INFO - DAG(s) 'example_branch_operator' retrieved from /home/airflow/.local/lib/python3.12/site-packages/airflow/example_dags/example_branch_operator.py
[2025-01-01T21:50:48.878+0000] {logging_mixin.py:190} INFO - [2025-01-01T21:50:48.878+0000] {dag.py:3239} INFO - Sync 1 DAGs
[2025-01-01T21:50:48.898+0000] {logging_mixin.py:190} INFO - [2025-01-01T21:50:48.898+0000] {dag.py:4180} INFO - Setting next_dagrun for example_branch_operator to 2024-12-31 00:00:00+00:00, run_after=2025-01-01 00:00:00+00:00
[2025-01-01T21:50:48.913+0000] {processor.py:208} INFO - Processing /home/airflow/.local/lib/python3.12/site-packages/airflow/example_dags/example_branch_operator.py took 0.082 seconds
[2025-01-01T21:51:19.061+0000] {processor.py:186} INFO - Started process (PID=421) to work on /home/airflow/.local/lib/python3.12/site-packages/airflow/example_dags/example_branch_operator.py
[2025-01-01T21:51:19.061+0000] {processor.py:914} INFO - Processing file /home/airflow/.local/lib/python3.12/site-packages/airflow/example_dags/example_branch_operator.py for tasks to queue
[2025-01-01T21:51:19.063+0000] {logging_mixin.py:190} INFO - [2025-01-01T21:51:19.063+0000] {dagbag.py:588} INFO - Filling up the DagBag from /home/airflow/.local/lib/python3.12/site-packages/airflow/example_dags/example_branch_operator.py
[2025-01-01T21:51:19.077+0000] {processor.py:925} INFO - DAG(s) 'example_branch_operator' retrieved from /home/airflow/.local/lib/python3.12/site-packages/airflow/example_dags/example_branch_operator.py
[2025-01-01T21:51:19.101+0000] {logging_mixin.py:190} INFO - [2025-01-01T21:51:19.101+0000] {dag.py:3239} INFO - Sync 1 DAGs
[2025-01-01T21:51:19.121+0000] {logging_mixin.py:190} INFO - [2025-01-01T21:51:19.121+0000] {dag.py:4180} INFO - Setting next_dagrun for example_branch_operator to 2024-12-31 00:00:00+00:00, run_after=2025-01-01 00:00:00+00:00
[2025-01-01T21:51:19.137+0000] {processor.py:208} INFO - Processing /home/airflow/.local/lib/python3.12/site-packages/airflow/example_dags/example_branch_operator.py took 0.082 seconds
[2025-01-01T21:51:49.173+0000] {processor.py:186} INFO - Started process (PID=483) to work on /home/airflow/.local/lib/python3.12/site-packages/airflow/example_dags/example_branch_operator.py
[2025-01-01T21:51:49.174+0000] {processor.py:914} INFO - Processing file /home/airflow/.local/lib/python3.12/site-packages/airflow/example_dags/example_branch_operator.py for tasks to queue
[2025-01-01T21:51:49.176+0000] {logging_mixin.py:190} INFO - [2025-01-01T21:51:49.176+0000] {dagbag.py:588} INFO - Filling up the DagBag from /home/airflow/.local/lib/python3.12/site-packages/airflow/example_dags/example_branch_operator.py
[2025-01-01T21:51:49.190+0000] {processor.py:925} INFO - DAG(s) 'example_branch_operator' retrieved from /home/airflow/.local/lib/python3.12/site-packages/airflow/example_dags/example_branch_operator.py
[2025-01-01T21:51:49.214+0000] {logging_mixin.py:190} INFO - [2025-01-01T21:51:49.213+0000] {dag.py:3239} INFO - Sync 1 DAGs
[2025-01-01T21:51:49.232+0000] {logging_mixin.py:190} INFO - [2025-01-01T21:51:49.232+0000] {dag.py:4180} INFO - Setting next_dagrun for example_branch_operator to 2024-12-31 00:00:00+00:00, run_after=2025-01-01 00:00:00+00:00
[2025-01-01T21:51:49.246+0000] {processor.py:208} INFO - Processing /home/airflow/.local/lib/python3.12/site-packages/airflow/example_dags/example_branch_operator.py took 0.077 seconds
[2025-01-01T21:52:19.883+0000] {processor.py:186} INFO - Started process (PID=546) to work on /home/airflow/.local/lib/python3.12/site-packages/airflow/example_dags/example_branch_operator.py
[2025-01-01T21:52:19.884+0000] {processor.py:914} INFO - Processing file /home/airflow/.local/lib/python3.12/site-packages/airflow/example_dags/example_branch_operator.py for tasks to queue
[2025-01-01T21:52:19.886+0000] {logging_mixin.py:190} INFO - [2025-01-01T21:52:19.886+0000] {dagbag.py:588} INFO - Filling up the DagBag from /home/airflow/.local/lib/python3.12/site-packages/airflow/example_dags/example_branch_operator.py
[2025-01-01T21:52:19.901+0000] {processor.py:925} INFO - DAG(s) 'example_branch_operator' retrieved from /home/airflow/.local/lib/python3.12/site-packages/airflow/example_dags/example_branch_operator.py
[2025-01-01T21:52:19.934+0000] {logging_mixin.py:190} INFO - [2025-01-01T21:52:19.933+0000] {dag.py:3239} INFO - Sync 1 DAGs
[2025-01-01T21:52:19.955+0000] {logging_mixin.py:190} INFO - [2025-01-01T21:52:19.955+0000] {dag.py:4180} INFO - Setting next_dagrun for example_branch_operator to 2024-12-31 00:00:00+00:00, run_after=2025-01-01 00:00:00+00:00
[2025-01-01T21:52:19.974+0000] {processor.py:208} INFO - Processing /home/airflow/.local/lib/python3.12/site-packages/airflow/example_dags/example_branch_operator.py took 0.096 seconds
[2025-01-01T21:52:50.532+0000] {processor.py:186} INFO - Started process (PID=609) to work on /home/airflow/.local/lib/python3.12/site-packages/airflow/example_dags/example_branch_operator.py
[2025-01-01T21:52:50.533+0000] {processor.py:914} INFO - Processing file /home/airflow/.local/lib/python3.12/site-packages/airflow/example_dags/example_branch_operator.py for tasks to queue
[2025-01-01T21:52:50.535+0000] {logging_mixin.py:190} INFO - [2025-01-01T21:52:50.535+0000] {dagbag.py:588} INFO - Filling up the DagBag from /home/airflow/.local/lib/python3.12/site-packages/airflow/example_dags/example_branch_operator.py
[2025-01-01T21:52:50.553+0000] {processor.py:925} INFO - DAG(s) 'example_branch_operator' retrieved from /home/airflow/.local/lib/python3.12/site-packages/airflow/example_dags/example_branch_operator.py
[2025-01-01T21:52:50.581+0000] {logging_mixin.py:190} INFO - [2025-01-01T21:52:50.581+0000] {dag.py:3239} INFO - Sync 1 DAGs
[2025-01-01T21:52:50.611+0000] {logging_mixin.py:190} INFO - [2025-01-01T21:52:50.611+0000] {dag.py:4180} INFO - Setting next_dagrun for example_branch_operator to 2024-12-31 00:00:00+00:00, run_after=2025-01-01 00:00:00+00:00
[2025-01-01T21:52:50.630+0000] {processor.py:208} INFO - Processing /home/airflow/.local/lib/python3.12/site-packages/airflow/example_dags/example_branch_operator.py took 0.104 seconds
[2025-01-01T21:53:21.369+0000] {processor.py:186} INFO - Started process (PID=672) to work on /home/airflow/.local/lib/python3.12/site-packages/airflow/example_dags/example_branch_operator.py
[2025-01-01T21:53:21.370+0000] {processor.py:914} INFO - Processing file /home/airflow/.local/lib/python3.12/site-packages/airflow/example_dags/example_branch_operator.py for tasks to queue
[2025-01-01T21:53:21.372+0000] {logging_mixin.py:190} INFO - [2025-01-01T21:53:21.372+0000] {dagbag.py:588} INFO - Filling up the DagBag from /home/airflow/.local/lib/python3.12/site-packages/airflow/example_dags/example_branch_operator.py
[2025-01-01T21:53:21.386+0000] {processor.py:925} INFO - DAG(s) 'example_branch_operator' retrieved from /home/airflow/.local/lib/python3.12/site-packages/airflow/example_dags/example_branch_operator.py
[2025-01-01T21:53:21.410+0000] {logging_mixin.py:190} INFO - [2025-01-01T21:53:21.410+0000] {dag.py:3239} INFO - Sync 1 DAGs
[2025-01-01T21:53:21.429+0000] {logging_mixin.py:190} INFO - [2025-01-01T21:53:21.429+0000] {dag.py:4180} INFO - Setting next_dagrun for example_branch_operator to 2024-12-31 00:00:00+00:00, run_after=2025-01-01 00:00:00+00:00
[2025-01-01T21:53:21.446+0000] {processor.py:208} INFO - Processing /home/airflow/.local/lib/python3.12/site-packages/airflow/example_dags/example_branch_operator.py took 0.082 seconds
[2025-01-01T21:53:51.672+0000] {processor.py:186} INFO - Started process (PID=735) to work on /home/airflow/.local/lib/python3.12/site-packages/airflow/example_dags/example_branch_operator.py
[2025-01-01T21:53:51.673+0000] {processor.py:914} INFO - Processing file /home/airflow/.local/lib/python3.12/site-packages/airflow/example_dags/example_branch_operator.py for tasks to queue
[2025-01-01T21:53:51.675+0000] {logging_mixin.py:190} INFO - [2025-01-01T21:53:51.674+0000] {dagbag.py:588} INFO - Filling up the DagBag from /home/airflow/.local/lib/python3.12/site-packages/airflow/example_dags/example_branch_operator.py
[2025-01-01T21:53:51.690+0000] {processor.py:925} INFO - DAG(s) 'example_branch_operator' retrieved from /home/airflow/.local/lib/python3.12/site-packages/airflow/example_dags/example_branch_operator.py
[2025-01-01T21:53:51.718+0000] {logging_mixin.py:190} INFO - [2025-01-01T21:53:51.718+0000] {dag.py:3239} INFO - Sync 1 DAGs
[2025-01-01T21:53:51.738+0000] {logging_mixin.py:190} INFO - [2025-01-01T21:53:51.738+0000] {dag.py:4180} INFO - Setting next_dagrun for example_branch_operator to 2024-12-31 00:00:00+00:00, run_after=2025-01-01 00:00:00+00:00
[2025-01-01T21:53:51.754+0000] {processor.py:208} INFO - Processing /home/airflow/.local/lib/python3.12/site-packages/airflow/example_dags/example_branch_operator.py took 0.087 seconds
[2025-01-01T21:54:21.842+0000] {processor.py:186} INFO - Started process (PID=798) to work on /home/airflow/.local/lib/python3.12/site-packages/airflow/example_dags/example_branch_operator.py
[2025-01-01T21:54:21.843+0000] {processor.py:914} INFO - Processing file /home/airflow/.local/lib/python3.12/site-packages/airflow/example_dags/example_branch_operator.py for tasks to queue
[2025-01-01T21:54:21.845+0000] {logging_mixin.py:190} INFO - [2025-01-01T21:54:21.844+0000] {dagbag.py:588} INFO - Filling up the DagBag from /home/airflow/.local/lib/python3.12/site-packages/airflow/example_dags/example_branch_operator.py
[2025-01-01T21:54:21.861+0000] {processor.py:925} INFO - DAG(s) 'example_branch_operator' retrieved from /home/airflow/.local/lib/python3.12/site-packages/airflow/example_dags/example_branch_operator.py
[2025-01-01T21:54:21.888+0000] {logging_mixin.py:190} INFO - [2025-01-01T21:54:21.888+0000] {dag.py:3239} INFO - Sync 1 DAGs
[2025-01-01T21:54:21.919+0000] {logging_mixin.py:190} INFO - [2025-01-01T21:54:21.919+0000] {dag.py:4180} INFO - Setting next_dagrun for example_branch_operator to 2024-12-31 00:00:00+00:00, run_after=2025-01-01 00:00:00+00:00
[2025-01-01T21:54:21.934+0000] {processor.py:208} INFO - Processing /home/airflow/.local/lib/python3.12/site-packages/airflow/example_dags/example_branch_operator.py took 0.098 seconds
[2025-01-01T21:54:53.381+0000] {processor.py:186} INFO - Started process (PID=861) to work on /home/airflow/.local/lib/python3.12/site-packages/airflow/example_dags/example_branch_operator.py
[2025-01-01T21:54:53.382+0000] {processor.py:914} INFO - Processing file /home/airflow/.local/lib/python3.12/site-packages/airflow/example_dags/example_branch_operator.py for tasks to queue
[2025-01-01T21:54:53.384+0000] {logging_mixin.py:190} INFO - [2025-01-01T21:54:53.384+0000] {dagbag.py:588} INFO - Filling up the DagBag from /home/airflow/.local/lib/python3.12/site-packages/airflow/example_dags/example_branch_operator.py
[2025-01-01T21:54:53.399+0000] {processor.py:925} INFO - DAG(s) 'example_branch_operator' retrieved from /home/airflow/.local/lib/python3.12/site-packages/airflow/example_dags/example_branch_operator.py
[2025-01-01T21:54:53.423+0000] {logging_mixin.py:190} INFO - [2025-01-01T21:54:53.423+0000] {dag.py:3239} INFO - Sync 1 DAGs
[2025-01-01T21:54:53.442+0000] {logging_mixin.py:190} INFO - [2025-01-01T21:54:53.442+0000] {dag.py:4180} INFO - Setting next_dagrun for example_branch_operator to 2024-12-31 00:00:00+00:00, run_after=2025-01-01 00:00:00+00:00
[2025-01-01T21:54:53.459+0000] {processor.py:208} INFO - Processing /home/airflow/.local/lib/python3.12/site-packages/airflow/example_dags/example_branch_operator.py took 0.084 seconds
[2025-01-01T21:55:24.717+0000] {processor.py:186} INFO - Started process (PID=924) to work on /home/airflow/.local/lib/python3.12/site-packages/airflow/example_dags/example_branch_operator.py
[2025-01-01T21:55:24.718+0000] {processor.py:914} INFO - Processing file /home/airflow/.local/lib/python3.12/site-packages/airflow/example_dags/example_branch_operator.py for tasks to queue
[2025-01-01T21:55:24.720+0000] {logging_mixin.py:190} INFO - [2025-01-01T21:55:24.720+0000] {dagbag.py:588} INFO - Filling up the DagBag from /home/airflow/.local/lib/python3.12/site-packages/airflow/example_dags/example_branch_operator.py
[2025-01-01T21:55:24.741+0000] {processor.py:925} INFO - DAG(s) 'example_branch_operator' retrieved from /home/airflow/.local/lib/python3.12/site-packages/airflow/example_dags/example_branch_operator.py
[2025-01-01T21:55:24.766+0000] {logging_mixin.py:190} INFO - [2025-01-01T21:55:24.766+0000] {dag.py:3239} INFO - Sync 1 DAGs
[2025-01-01T21:55:24.785+0000] {logging_mixin.py:190} INFO - [2025-01-01T21:55:24.785+0000] {dag.py:4180} INFO - Setting next_dagrun for example_branch_operator to 2024-12-31 00:00:00+00:00, run_after=2025-01-01 00:00:00+00:00
[2025-01-01T21:55:24.800+0000] {processor.py:208} INFO - Processing /home/airflow/.local/lib/python3.12/site-packages/airflow/example_dags/example_branch_operator.py took 0.088 seconds
[2025-01-01T21:55:55.830+0000] {processor.py:186} INFO - Started process (PID=986) to work on /home/airflow/.local/lib/python3.12/site-packages/airflow/example_dags/example_branch_operator.py
[2025-01-01T21:55:55.831+0000] {processor.py:914} INFO - Processing file /home/airflow/.local/lib/python3.12/site-packages/airflow/example_dags/example_branch_operator.py for tasks to queue
[2025-01-01T21:55:55.833+0000] {logging_mixin.py:190} INFO - [2025-01-01T21:55:55.833+0000] {dagbag.py:588} INFO - Filling up the DagBag from /home/airflow/.local/lib/python3.12/site-packages/airflow/example_dags/example_branch_operator.py
[2025-01-01T21:55:55.849+0000] {processor.py:925} INFO - DAG(s) 'example_branch_operator' retrieved from /home/airflow/.local/lib/python3.12/site-packages/airflow/example_dags/example_branch_operator.py
[2025-01-01T21:55:55.874+0000] {logging_mixin.py:190} INFO - [2025-01-01T21:55:55.874+0000] {dag.py:3239} INFO - Sync 1 DAGs
[2025-01-01T21:55:55.898+0000] {logging_mixin.py:190} INFO - [2025-01-01T21:55:55.898+0000] {dag.py:4180} INFO - Setting next_dagrun for example_branch_operator to 2024-12-31 00:00:00+00:00, run_after=2025-01-01 00:00:00+00:00
[2025-01-01T21:55:55.915+0000] {processor.py:208} INFO - Processing /home/airflow/.local/lib/python3.12/site-packages/airflow/example_dags/example_branch_operator.py took 0.090 seconds
[2025-01-01T21:56:27.091+0000] {processor.py:186} INFO - Started process (PID=1049) to work on /home/airflow/.local/lib/python3.12/site-packages/airflow/example_dags/example_branch_operator.py
[2025-01-01T21:56:27.092+0000] {processor.py:914} INFO - Processing file /home/airflow/.local/lib/python3.12/site-packages/airflow/example_dags/example_branch_operator.py for tasks to queue
[2025-01-01T21:56:27.094+0000] {logging_mixin.py:190} INFO - [2025-01-01T21:56:27.094+0000] {dagbag.py:588} INFO - Filling up the DagBag from /home/airflow/.local/lib/python3.12/site-packages/airflow/example_dags/example_branch_operator.py
[2025-01-01T21:56:27.110+0000] {processor.py:925} INFO - DAG(s) 'example_branch_operator' retrieved from /home/airflow/.local/lib/python3.12/site-packages/airflow/example_dags/example_branch_operator.py
[2025-01-01T21:56:27.137+0000] {logging_mixin.py:190} INFO - [2025-01-01T21:56:27.137+0000] {dag.py:3239} INFO - Sync 1 DAGs
[2025-01-01T21:56:27.160+0000] {logging_mixin.py:190} INFO - [2025-01-01T21:56:27.160+0000] {dag.py:4180} INFO - Setting next_dagrun for example_branch_operator to 2024-12-31 00:00:00+00:00, run_after=2025-01-01 00:00:00+00:00
[2025-01-01T21:56:27.176+0000] {processor.py:208} INFO - Processing /home/airflow/.local/lib/python3.12/site-packages/airflow/example_dags/example_branch_operator.py took 0.090 seconds
[2025-01-01T21:56:57.909+0000] {processor.py:186} INFO - Started process (PID=1112) to work on /home/airflow/.local/lib/python3.12/site-packages/airflow/example_dags/example_branch_operator.py
[2025-01-01T21:56:57.910+0000] {processor.py:914} INFO - Processing file /home/airflow/.local/lib/python3.12/site-packages/airflow/example_dags/example_branch_operator.py for tasks to queue
[2025-01-01T21:56:57.912+0000] {logging_mixin.py:190} INFO - [2025-01-01T21:56:57.912+0000] {dagbag.py:588} INFO - Filling up the DagBag from /home/airflow/.local/lib/python3.12/site-packages/airflow/example_dags/example_branch_operator.py
[2025-01-01T21:56:57.929+0000] {processor.py:925} INFO - DAG(s) 'example_branch_operator' retrieved from /home/airflow/.local/lib/python3.12/site-packages/airflow/example_dags/example_branch_operator.py
[2025-01-01T21:56:57.955+0000] {logging_mixin.py:190} INFO - [2025-01-01T21:56:57.954+0000] {dag.py:3239} INFO - Sync 1 DAGs
[2025-01-01T21:56:57.975+0000] {logging_mixin.py:190} INFO - [2025-01-01T21:56:57.975+0000] {dag.py:4180} INFO - Setting next_dagrun for example_branch_operator to 2024-12-31 00:00:00+00:00, run_after=2025-01-01 00:00:00+00:00
[2025-01-01T21:56:57.991+0000] {processor.py:208} INFO - Processing /home/airflow/.local/lib/python3.12/site-packages/airflow/example_dags/example_branch_operator.py took 0.088 seconds
[2025-01-01T21:57:28.765+0000] {processor.py:186} INFO - Started process (PID=1175) to work on /home/airflow/.local/lib/python3.12/site-packages/airflow/example_dags/example_branch_operator.py
[2025-01-01T21:57:28.766+0000] {processor.py:914} INFO - Processing file /home/airflow/.local/lib/python3.12/site-packages/airflow/example_dags/example_branch_operator.py for tasks to queue
[2025-01-01T21:57:28.768+0000] {logging_mixin.py:190} INFO - [2025-01-01T21:57:28.768+0000] {dagbag.py:588} INFO - Filling up the DagBag from /home/airflow/.local/lib/python3.12/site-packages/airflow/example_dags/example_branch_operator.py
[2025-01-01T21:57:28.783+0000] {processor.py:925} INFO - DAG(s) 'example_branch_operator' retrieved from /home/airflow/.local/lib/python3.12/site-packages/airflow/example_dags/example_branch_operator.py
[2025-01-01T21:57:28.809+0000] {logging_mixin.py:190} INFO - [2025-01-01T21:57:28.809+0000] {dag.py:3239} INFO - Sync 1 DAGs
[2025-01-01T21:57:28.830+0000] {logging_mixin.py:190} INFO - [2025-01-01T21:57:28.830+0000] {dag.py:4180} INFO - Setting next_dagrun for example_branch_operator to 2024-12-31 00:00:00+00:00, run_after=2025-01-01 00:00:00+00:00
[2025-01-01T21:57:28.846+0000] {processor.py:208} INFO - Processing /home/airflow/.local/lib/python3.12/site-packages/airflow/example_dags/example_branch_operator.py took 0.086 seconds
[2025-01-01T21:57:59.460+0000] {processor.py:186} INFO - Started process (PID=1238) to work on /home/airflow/.local/lib/python3.12/site-packages/airflow/example_dags/example_branch_operator.py
[2025-01-01T21:57:59.461+0000] {processor.py:914} INFO - Processing file /home/airflow/.local/lib/python3.12/site-packages/airflow/example_dags/example_branch_operator.py for tasks to queue
[2025-01-01T21:57:59.463+0000] {logging_mixin.py:190} INFO - [2025-01-01T21:57:59.463+0000] {dagbag.py:588} INFO - Filling up the DagBag from /home/airflow/.local/lib/python3.12/site-packages/airflow/example_dags/example_branch_operator.py
[2025-01-01T21:57:59.479+0000] {processor.py:925} INFO - DAG(s) 'example_branch_operator' retrieved from /home/airflow/.local/lib/python3.12/site-packages/airflow/example_dags/example_branch_operator.py
[2025-01-01T21:57:59.503+0000] {logging_mixin.py:190} INFO - [2025-01-01T21:57:59.503+0000] {dag.py:3239} INFO - Sync 1 DAGs
[2025-01-01T21:57:59.522+0000] {logging_mixin.py:190} INFO - [2025-01-01T21:57:59.522+0000] {dag.py:4180} INFO - Setting next_dagrun for example_branch_operator to 2024-12-31 00:00:00+00:00, run_after=2025-01-01 00:00:00+00:00
[2025-01-01T21:57:59.538+0000] {processor.py:208} INFO - Processing /home/airflow/.local/lib/python3.12/site-packages/airflow/example_dags/example_branch_operator.py took 0.083 seconds
[2025-01-01T21:58:30.916+0000] {processor.py:186} INFO - Started process (PID=1301) to work on /home/airflow/.local/lib/python3.12/site-packages/airflow/example_dags/example_branch_operator.py
[2025-01-01T21:58:30.917+0000] {processor.py:914} INFO - Processing file /home/airflow/.local/lib/python3.12/site-packages/airflow/example_dags/example_branch_operator.py for tasks to queue
[2025-01-01T21:58:30.920+0000] {logging_mixin.py:190} INFO - [2025-01-01T21:58:30.919+0000] {dagbag.py:588} INFO - Filling up the DagBag from /home/airflow/.local/lib/python3.12/site-packages/airflow/example_dags/example_branch_operator.py
[2025-01-01T21:58:30.936+0000] {processor.py:925} INFO - DAG(s) 'example_branch_operator' retrieved from /home/airflow/.local/lib/python3.12/site-packages/airflow/example_dags/example_branch_operator.py
[2025-01-01T21:58:30.961+0000] {logging_mixin.py:190} INFO - [2025-01-01T21:58:30.961+0000] {dag.py:3239} INFO - Sync 1 DAGs
[2025-01-01T21:58:30.982+0000] {logging_mixin.py:190} INFO - [2025-01-01T21:58:30.982+0000] {dag.py:4180} INFO - Setting next_dagrun for example_branch_operator to 2024-12-31 00:00:00+00:00, run_after=2025-01-01 00:00:00+00:00
[2025-01-01T21:58:30.998+0000] {processor.py:208} INFO - Processing /home/airflow/.local/lib/python3.12/site-packages/airflow/example_dags/example_branch_operator.py took 0.087 seconds
[2025-01-01T21:59:01.816+0000] {processor.py:186} INFO - Started process (PID=1364) to work on /home/airflow/.local/lib/python3.12/site-packages/airflow/example_dags/example_branch_operator.py
[2025-01-01T21:59:01.817+0000] {processor.py:914} INFO - Processing file /home/airflow/.local/lib/python3.12/site-packages/airflow/example_dags/example_branch_operator.py for tasks to queue
[2025-01-01T21:59:01.819+0000] {logging_mixin.py:190} INFO - [2025-01-01T21:59:01.818+0000] {dagbag.py:588} INFO - Filling up the DagBag from /home/airflow/.local/lib/python3.12/site-packages/airflow/example_dags/example_branch_operator.py
[2025-01-01T21:59:01.833+0000] {processor.py:925} INFO - DAG(s) 'example_branch_operator' retrieved from /home/airflow/.local/lib/python3.12/site-packages/airflow/example_dags/example_branch_operator.py
[2025-01-01T21:59:01.860+0000] {logging_mixin.py:190} INFO - [2025-01-01T21:59:01.860+0000] {dag.py:3239} INFO - Sync 1 DAGs
[2025-01-01T21:59:01.883+0000] {logging_mixin.py:190} INFO - [2025-01-01T21:59:01.883+0000] {dag.py:4180} INFO - Setting next_dagrun for example_branch_operator to 2024-12-31 00:00:00+00:00, run_after=2025-01-01 00:00:00+00:00
[2025-01-01T21:59:01.902+0000] {processor.py:208} INFO - Processing /home/airflow/.local/lib/python3.12/site-packages/airflow/example_dags/example_branch_operator.py took 0.091 seconds
