[2025-01-01T21:48:43.110+0000] {processor.py:186} INFO - Started process (PID=99) to work on /home/airflow/.local/lib/python3.12/site-packages/airflow/example_dags/tutorial_dag.py
[2025-01-01T21:48:43.111+0000] {processor.py:914} INFO - Processing file /home/airflow/.local/lib/python3.12/site-packages/airflow/example_dags/tutorial_dag.py for tasks to queue
[2025-01-01T21:48:43.114+0000] {logging_mixin.py:190} INFO - [2025-01-01T21:48:43.114+0000] {dagbag.py:588} INFO - Filling up the DagBag from /home/airflow/.local/lib/python3.12/site-packages/airflow/example_dags/tutorial_dag.py
[2025-01-01T21:48:43.126+0000] {processor.py:925} INFO - DAG(s) 'tutorial_dag' retrieved from /home/airflow/.local/lib/python3.12/site-packages/airflow/example_dags/tutorial_dag.py
[2025-01-01T21:48:43.224+0000] {logging_mixin.py:190} INFO - [2025-01-01T21:48:43.223+0000] {override.py:1911} INFO - Created Permission View: can edit on DAG:tutorial_dag
[2025-01-01T21:48:43.234+0000] {logging_mixin.py:190} INFO - [2025-01-01T21:48:43.233+0000] {override.py:1911} INFO - Created Permission View: can delete on DAG:tutorial_dag
[2025-01-01T21:48:43.241+0000] {logging_mixin.py:190} INFO - [2025-01-01T21:48:43.240+0000] {override.py:1911} INFO - Created Permission View: can read on DAG:tutorial_dag
[2025-01-01T21:48:43.250+0000] {logging_mixin.py:190} INFO - [2025-01-01T21:48:43.249+0000] {override.py:1911} INFO - Created Permission View: can delete on DAG Run:tutorial_dag
[2025-01-01T21:48:43.257+0000] {logging_mixin.py:190} INFO - [2025-01-01T21:48:43.256+0000] {override.py:1911} INFO - Created Permission View: can read on DAG Run:tutorial_dag
[2025-01-01T21:48:43.265+0000] {logging_mixin.py:190} INFO - [2025-01-01T21:48:43.265+0000] {override.py:1911} INFO - Created Permission View: can create on DAG Run:tutorial_dag
[2025-01-01T21:48:43.272+0000] {logging_mixin.py:190} INFO - [2025-01-01T21:48:43.272+0000] {override.py:1911} INFO - Created Permission View: menu access on DAG Run:tutorial_dag
[2025-01-01T21:48:43.273+0000] {logging_mixin.py:190} INFO - [2025-01-01T21:48:43.273+0000] {dag.py:3239} INFO - Sync 1 DAGs
[2025-01-01T21:48:43.284+0000] {logging_mixin.py:190} INFO - [2025-01-01T21:48:43.284+0000] {dag.py:3262} INFO - Creating ORM DAG for tutorial_dag
[2025-01-01T21:48:43.285+0000] {logging_mixin.py:190} INFO - [2025-01-01T21:48:43.285+0000] {dag.py:4180} INFO - Setting next_dagrun for tutorial_dag to None, run_after=None
[2025-01-01T21:48:43.302+0000] {processor.py:208} INFO - Processing /home/airflow/.local/lib/python3.12/site-packages/airflow/example_dags/tutorial_dag.py took 0.198 seconds
[2025-01-01T21:49:13.914+0000] {processor.py:186} INFO - Started process (PID=162) to work on /home/airflow/.local/lib/python3.12/site-packages/airflow/example_dags/tutorial_dag.py
[2025-01-01T21:49:13.915+0000] {processor.py:914} INFO - Processing file /home/airflow/.local/lib/python3.12/site-packages/airflow/example_dags/tutorial_dag.py for tasks to queue
[2025-01-01T21:49:13.918+0000] {logging_mixin.py:190} INFO - [2025-01-01T21:49:13.918+0000] {dagbag.py:588} INFO - Filling up the DagBag from /home/airflow/.local/lib/python3.12/site-packages/airflow/example_dags/tutorial_dag.py
[2025-01-01T21:49:13.927+0000] {processor.py:925} INFO - DAG(s) 'tutorial_dag' retrieved from /home/airflow/.local/lib/python3.12/site-packages/airflow/example_dags/tutorial_dag.py
[2025-01-01T21:49:13.946+0000] {logging_mixin.py:190} INFO - [2025-01-01T21:49:13.945+0000] {dag.py:3239} INFO - Sync 1 DAGs
[2025-01-01T21:49:13.958+0000] {logging_mixin.py:190} INFO - [2025-01-01T21:49:13.958+0000] {dag.py:4180} INFO - Setting next_dagrun for tutorial_dag to None, run_after=None
[2025-01-01T21:49:13.975+0000] {processor.py:208} INFO - Processing /home/airflow/.local/lib/python3.12/site-packages/airflow/example_dags/tutorial_dag.py took 0.067 seconds
[2025-01-01T21:49:44.278+0000] {processor.py:186} INFO - Started process (PID=225) to work on /home/airflow/.local/lib/python3.12/site-packages/airflow/example_dags/tutorial_dag.py
[2025-01-01T21:49:44.279+0000] {processor.py:914} INFO - Processing file /home/airflow/.local/lib/python3.12/site-packages/airflow/example_dags/tutorial_dag.py for tasks to queue
[2025-01-01T21:49:44.281+0000] {logging_mixin.py:190} INFO - [2025-01-01T21:49:44.280+0000] {dagbag.py:588} INFO - Filling up the DagBag from /home/airflow/.local/lib/python3.12/site-packages/airflow/example_dags/tutorial_dag.py
[2025-01-01T21:49:44.287+0000] {processor.py:925} INFO - DAG(s) 'tutorial_dag' retrieved from /home/airflow/.local/lib/python3.12/site-packages/airflow/example_dags/tutorial_dag.py
[2025-01-01T21:49:44.304+0000] {logging_mixin.py:190} INFO - [2025-01-01T21:49:44.304+0000] {dag.py:3239} INFO - Sync 1 DAGs
[2025-01-01T21:49:44.317+0000] {logging_mixin.py:190} INFO - [2025-01-01T21:49:44.316+0000] {dag.py:4180} INFO - Setting next_dagrun for tutorial_dag to None, run_after=None
[2025-01-01T21:49:44.332+0000] {processor.py:208} INFO - Processing /home/airflow/.local/lib/python3.12/site-packages/airflow/example_dags/tutorial_dag.py took 0.059 seconds
[2025-01-01T21:50:14.565+0000] {processor.py:186} INFO - Started process (PID=287) to work on /home/airflow/.local/lib/python3.12/site-packages/airflow/example_dags/tutorial_dag.py
[2025-01-01T21:50:14.566+0000] {processor.py:914} INFO - Processing file /home/airflow/.local/lib/python3.12/site-packages/airflow/example_dags/tutorial_dag.py for tasks to queue
[2025-01-01T21:50:14.568+0000] {logging_mixin.py:190} INFO - [2025-01-01T21:50:14.568+0000] {dagbag.py:588} INFO - Filling up the DagBag from /home/airflow/.local/lib/python3.12/site-packages/airflow/example_dags/tutorial_dag.py
[2025-01-01T21:50:14.574+0000] {processor.py:925} INFO - DAG(s) 'tutorial_dag' retrieved from /home/airflow/.local/lib/python3.12/site-packages/airflow/example_dags/tutorial_dag.py
[2025-01-01T21:50:14.591+0000] {logging_mixin.py:190} INFO - [2025-01-01T21:50:14.591+0000] {dag.py:3239} INFO - Sync 1 DAGs
[2025-01-01T21:50:14.603+0000] {logging_mixin.py:190} INFO - [2025-01-01T21:50:14.603+0000] {dag.py:4180} INFO - Setting next_dagrun for tutorial_dag to None, run_after=None
[2025-01-01T21:50:14.619+0000] {processor.py:208} INFO - Processing /home/airflow/.local/lib/python3.12/site-packages/airflow/example_dags/tutorial_dag.py took 0.059 seconds
[2025-01-01T21:50:45.341+0000] {processor.py:186} INFO - Started process (PID=351) to work on /home/airflow/.local/lib/python3.12/site-packages/airflow/example_dags/tutorial_dag.py
[2025-01-01T21:50:45.342+0000] {processor.py:914} INFO - Processing file /home/airflow/.local/lib/python3.12/site-packages/airflow/example_dags/tutorial_dag.py for tasks to queue
[2025-01-01T21:50:45.344+0000] {logging_mixin.py:190} INFO - [2025-01-01T21:50:45.344+0000] {dagbag.py:588} INFO - Filling up the DagBag from /home/airflow/.local/lib/python3.12/site-packages/airflow/example_dags/tutorial_dag.py
[2025-01-01T21:50:45.350+0000] {processor.py:925} INFO - DAG(s) 'tutorial_dag' retrieved from /home/airflow/.local/lib/python3.12/site-packages/airflow/example_dags/tutorial_dag.py
[2025-01-01T21:50:45.370+0000] {logging_mixin.py:190} INFO - [2025-01-01T21:50:45.369+0000] {dag.py:3239} INFO - Sync 1 DAGs
[2025-01-01T21:50:45.383+0000] {logging_mixin.py:190} INFO - [2025-01-01T21:50:45.382+0000] {dag.py:4180} INFO - Setting next_dagrun for tutorial_dag to None, run_after=None
[2025-01-01T21:50:45.400+0000] {processor.py:208} INFO - Processing /home/airflow/.local/lib/python3.12/site-packages/airflow/example_dags/tutorial_dag.py took 0.064 seconds
[2025-01-01T21:51:16.126+0000] {processor.py:186} INFO - Started process (PID=414) to work on /home/airflow/.local/lib/python3.12/site-packages/airflow/example_dags/tutorial_dag.py
[2025-01-01T21:51:16.127+0000] {processor.py:914} INFO - Processing file /home/airflow/.local/lib/python3.12/site-packages/airflow/example_dags/tutorial_dag.py for tasks to queue
[2025-01-01T21:51:16.129+0000] {logging_mixin.py:190} INFO - [2025-01-01T21:51:16.129+0000] {dagbag.py:588} INFO - Filling up the DagBag from /home/airflow/.local/lib/python3.12/site-packages/airflow/example_dags/tutorial_dag.py
[2025-01-01T21:51:16.135+0000] {processor.py:925} INFO - DAG(s) 'tutorial_dag' retrieved from /home/airflow/.local/lib/python3.12/site-packages/airflow/example_dags/tutorial_dag.py
[2025-01-01T21:51:16.152+0000] {logging_mixin.py:190} INFO - [2025-01-01T21:51:16.152+0000] {dag.py:3239} INFO - Sync 1 DAGs
[2025-01-01T21:51:16.165+0000] {logging_mixin.py:190} INFO - [2025-01-01T21:51:16.165+0000] {dag.py:4180} INFO - Setting next_dagrun for tutorial_dag to None, run_after=None
[2025-01-01T21:51:16.182+0000] {processor.py:208} INFO - Processing /home/airflow/.local/lib/python3.12/site-packages/airflow/example_dags/tutorial_dag.py took 0.061 seconds
[2025-01-01T21:51:47.133+0000] {processor.py:186} INFO - Started process (PID=477) to work on /home/airflow/.local/lib/python3.12/site-packages/airflow/example_dags/tutorial_dag.py
[2025-01-01T21:51:47.134+0000] {processor.py:914} INFO - Processing file /home/airflow/.local/lib/python3.12/site-packages/airflow/example_dags/tutorial_dag.py for tasks to queue
[2025-01-01T21:51:47.136+0000] {logging_mixin.py:190} INFO - [2025-01-01T21:51:47.136+0000] {dagbag.py:588} INFO - Filling up the DagBag from /home/airflow/.local/lib/python3.12/site-packages/airflow/example_dags/tutorial_dag.py
[2025-01-01T21:51:47.143+0000] {processor.py:925} INFO - DAG(s) 'tutorial_dag' retrieved from /home/airflow/.local/lib/python3.12/site-packages/airflow/example_dags/tutorial_dag.py
[2025-01-01T21:51:47.160+0000] {logging_mixin.py:190} INFO - [2025-01-01T21:51:47.160+0000] {dag.py:3239} INFO - Sync 1 DAGs
[2025-01-01T21:51:47.173+0000] {logging_mixin.py:190} INFO - [2025-01-01T21:51:47.173+0000] {dag.py:4180} INFO - Setting next_dagrun for tutorial_dag to None, run_after=None
[2025-01-01T21:51:47.189+0000] {processor.py:208} INFO - Processing /home/airflow/.local/lib/python3.12/site-packages/airflow/example_dags/tutorial_dag.py took 0.061 seconds
[2025-01-01T21:52:17.422+0000] {processor.py:186} INFO - Started process (PID=539) to work on /home/airflow/.local/lib/python3.12/site-packages/airflow/example_dags/tutorial_dag.py
[2025-01-01T21:52:17.423+0000] {processor.py:914} INFO - Processing file /home/airflow/.local/lib/python3.12/site-packages/airflow/example_dags/tutorial_dag.py for tasks to queue
[2025-01-01T21:52:17.425+0000] {logging_mixin.py:190} INFO - [2025-01-01T21:52:17.424+0000] {dagbag.py:588} INFO - Filling up the DagBag from /home/airflow/.local/lib/python3.12/site-packages/airflow/example_dags/tutorial_dag.py
[2025-01-01T21:52:17.431+0000] {processor.py:925} INFO - DAG(s) 'tutorial_dag' retrieved from /home/airflow/.local/lib/python3.12/site-packages/airflow/example_dags/tutorial_dag.py
[2025-01-01T21:52:17.448+0000] {logging_mixin.py:190} INFO - [2025-01-01T21:52:17.448+0000] {dag.py:3239} INFO - Sync 1 DAGs
[2025-01-01T21:52:17.461+0000] {logging_mixin.py:190} INFO - [2025-01-01T21:52:17.460+0000] {dag.py:4180} INFO - Setting next_dagrun for tutorial_dag to None, run_after=None
[2025-01-01T21:52:17.477+0000] {processor.py:208} INFO - Processing /home/airflow/.local/lib/python3.12/site-packages/airflow/example_dags/tutorial_dag.py took 0.061 seconds
[2025-01-01T21:52:47.856+0000] {processor.py:186} INFO - Started process (PID=601) to work on /home/airflow/.local/lib/python3.12/site-packages/airflow/example_dags/tutorial_dag.py
[2025-01-01T21:52:47.857+0000] {processor.py:914} INFO - Processing file /home/airflow/.local/lib/python3.12/site-packages/airflow/example_dags/tutorial_dag.py for tasks to queue
[2025-01-01T21:52:47.858+0000] {logging_mixin.py:190} INFO - [2025-01-01T21:52:47.858+0000] {dagbag.py:588} INFO - Filling up the DagBag from /home/airflow/.local/lib/python3.12/site-packages/airflow/example_dags/tutorial_dag.py
[2025-01-01T21:52:47.864+0000] {processor.py:925} INFO - DAG(s) 'tutorial_dag' retrieved from /home/airflow/.local/lib/python3.12/site-packages/airflow/example_dags/tutorial_dag.py
[2025-01-01T21:52:47.880+0000] {logging_mixin.py:190} INFO - [2025-01-01T21:52:47.880+0000] {dag.py:3239} INFO - Sync 1 DAGs
[2025-01-01T21:52:47.892+0000] {logging_mixin.py:190} INFO - [2025-01-01T21:52:47.892+0000] {dag.py:4180} INFO - Setting next_dagrun for tutorial_dag to None, run_after=None
[2025-01-01T21:52:47.906+0000] {processor.py:208} INFO - Processing /home/airflow/.local/lib/python3.12/site-packages/airflow/example_dags/tutorial_dag.py took 0.055 seconds
[2025-01-01T21:53:18.428+0000] {processor.py:186} INFO - Started process (PID=664) to work on /home/airflow/.local/lib/python3.12/site-packages/airflow/example_dags/tutorial_dag.py
[2025-01-01T21:53:18.429+0000] {processor.py:914} INFO - Processing file /home/airflow/.local/lib/python3.12/site-packages/airflow/example_dags/tutorial_dag.py for tasks to queue
[2025-01-01T21:53:18.431+0000] {logging_mixin.py:190} INFO - [2025-01-01T21:53:18.431+0000] {dagbag.py:588} INFO - Filling up the DagBag from /home/airflow/.local/lib/python3.12/site-packages/airflow/example_dags/tutorial_dag.py
[2025-01-01T21:53:18.437+0000] {processor.py:925} INFO - DAG(s) 'tutorial_dag' retrieved from /home/airflow/.local/lib/python3.12/site-packages/airflow/example_dags/tutorial_dag.py
[2025-01-01T21:53:18.456+0000] {logging_mixin.py:190} INFO - [2025-01-01T21:53:18.456+0000] {dag.py:3239} INFO - Sync 1 DAGs
[2025-01-01T21:53:18.470+0000] {logging_mixin.py:190} INFO - [2025-01-01T21:53:18.470+0000] {dag.py:4180} INFO - Setting next_dagrun for tutorial_dag to None, run_after=None
[2025-01-01T21:53:18.487+0000] {processor.py:208} INFO - Processing /home/airflow/.local/lib/python3.12/site-packages/airflow/example_dags/tutorial_dag.py took 0.064 seconds
[2025-01-01T21:53:48.756+0000] {processor.py:186} INFO - Started process (PID=727) to work on /home/airflow/.local/lib/python3.12/site-packages/airflow/example_dags/tutorial_dag.py
[2025-01-01T21:53:48.756+0000] {processor.py:914} INFO - Processing file /home/airflow/.local/lib/python3.12/site-packages/airflow/example_dags/tutorial_dag.py for tasks to queue
[2025-01-01T21:53:48.758+0000] {logging_mixin.py:190} INFO - [2025-01-01T21:53:48.758+0000] {dagbag.py:588} INFO - Filling up the DagBag from /home/airflow/.local/lib/python3.12/site-packages/airflow/example_dags/tutorial_dag.py
[2025-01-01T21:53:48.765+0000] {processor.py:925} INFO - DAG(s) 'tutorial_dag' retrieved from /home/airflow/.local/lib/python3.12/site-packages/airflow/example_dags/tutorial_dag.py
[2025-01-01T21:53:48.781+0000] {logging_mixin.py:190} INFO - [2025-01-01T21:53:48.781+0000] {dag.py:3239} INFO - Sync 1 DAGs
[2025-01-01T21:53:48.793+0000] {logging_mixin.py:190} INFO - [2025-01-01T21:53:48.793+0000] {dag.py:4180} INFO - Setting next_dagrun for tutorial_dag to None, run_after=None
[2025-01-01T21:53:48.808+0000] {processor.py:208} INFO - Processing /home/airflow/.local/lib/python3.12/site-packages/airflow/example_dags/tutorial_dag.py took 0.058 seconds
[2025-01-01T21:54:18.904+0000] {processor.py:186} INFO - Started process (PID=790) to work on /home/airflow/.local/lib/python3.12/site-packages/airflow/example_dags/tutorial_dag.py
[2025-01-01T21:54:18.905+0000] {processor.py:914} INFO - Processing file /home/airflow/.local/lib/python3.12/site-packages/airflow/example_dags/tutorial_dag.py for tasks to queue
[2025-01-01T21:54:18.907+0000] {logging_mixin.py:190} INFO - [2025-01-01T21:54:18.907+0000] {dagbag.py:588} INFO - Filling up the DagBag from /home/airflow/.local/lib/python3.12/site-packages/airflow/example_dags/tutorial_dag.py
[2025-01-01T21:54:18.913+0000] {processor.py:925} INFO - DAG(s) 'tutorial_dag' retrieved from /home/airflow/.local/lib/python3.12/site-packages/airflow/example_dags/tutorial_dag.py
[2025-01-01T21:54:18.931+0000] {logging_mixin.py:190} INFO - [2025-01-01T21:54:18.931+0000] {dag.py:3239} INFO - Sync 1 DAGs
[2025-01-01T21:54:18.944+0000] {logging_mixin.py:190} INFO - [2025-01-01T21:54:18.943+0000] {dag.py:4180} INFO - Setting next_dagrun for tutorial_dag to None, run_after=None
[2025-01-01T21:54:18.959+0000] {processor.py:208} INFO - Processing /home/airflow/.local/lib/python3.12/site-packages/airflow/example_dags/tutorial_dag.py took 0.061 seconds
[2025-01-01T21:54:49.406+0000] {processor.py:186} INFO - Started process (PID=853) to work on /home/airflow/.local/lib/python3.12/site-packages/airflow/example_dags/tutorial_dag.py
[2025-01-01T21:54:49.407+0000] {processor.py:914} INFO - Processing file /home/airflow/.local/lib/python3.12/site-packages/airflow/example_dags/tutorial_dag.py for tasks to queue
[2025-01-01T21:54:49.409+0000] {logging_mixin.py:190} INFO - [2025-01-01T21:54:49.409+0000] {dagbag.py:588} INFO - Filling up the DagBag from /home/airflow/.local/lib/python3.12/site-packages/airflow/example_dags/tutorial_dag.py
[2025-01-01T21:54:49.418+0000] {processor.py:925} INFO - DAG(s) 'tutorial_dag' retrieved from /home/airflow/.local/lib/python3.12/site-packages/airflow/example_dags/tutorial_dag.py
[2025-01-01T21:54:49.435+0000] {logging_mixin.py:190} INFO - [2025-01-01T21:54:49.435+0000] {dag.py:3239} INFO - Sync 1 DAGs
[2025-01-01T21:54:49.448+0000] {logging_mixin.py:190} INFO - [2025-01-01T21:54:49.448+0000] {dag.py:4180} INFO - Setting next_dagrun for tutorial_dag to None, run_after=None
[2025-01-01T21:54:49.464+0000] {processor.py:208} INFO - Processing /home/airflow/.local/lib/python3.12/site-packages/airflow/example_dags/tutorial_dag.py took 0.063 seconds
[2025-01-01T21:55:19.600+0000] {processor.py:186} INFO - Started process (PID=916) to work on /home/airflow/.local/lib/python3.12/site-packages/airflow/example_dags/tutorial_dag.py
[2025-01-01T21:55:19.600+0000] {processor.py:914} INFO - Processing file /home/airflow/.local/lib/python3.12/site-packages/airflow/example_dags/tutorial_dag.py for tasks to queue
[2025-01-01T21:55:19.603+0000] {logging_mixin.py:190} INFO - [2025-01-01T21:55:19.602+0000] {dagbag.py:588} INFO - Filling up the DagBag from /home/airflow/.local/lib/python3.12/site-packages/airflow/example_dags/tutorial_dag.py
[2025-01-01T21:55:19.609+0000] {processor.py:925} INFO - DAG(s) 'tutorial_dag' retrieved from /home/airflow/.local/lib/python3.12/site-packages/airflow/example_dags/tutorial_dag.py
[2025-01-01T21:55:19.627+0000] {logging_mixin.py:190} INFO - [2025-01-01T21:55:19.627+0000] {dag.py:3239} INFO - Sync 1 DAGs
[2025-01-01T21:55:19.640+0000] {logging_mixin.py:190} INFO - [2025-01-01T21:55:19.640+0000] {dag.py:4180} INFO - Setting next_dagrun for tutorial_dag to None, run_after=None
[2025-01-01T21:55:19.657+0000] {processor.py:208} INFO - Processing /home/airflow/.local/lib/python3.12/site-packages/airflow/example_dags/tutorial_dag.py took 0.063 seconds
[2025-01-01T21:55:49.874+0000] {processor.py:186} INFO - Started process (PID=979) to work on /home/airflow/.local/lib/python3.12/site-packages/airflow/example_dags/tutorial_dag.py
[2025-01-01T21:55:49.875+0000] {processor.py:914} INFO - Processing file /home/airflow/.local/lib/python3.12/site-packages/airflow/example_dags/tutorial_dag.py for tasks to queue
[2025-01-01T21:55:49.877+0000] {logging_mixin.py:190} INFO - [2025-01-01T21:55:49.877+0000] {dagbag.py:588} INFO - Filling up the DagBag from /home/airflow/.local/lib/python3.12/site-packages/airflow/example_dags/tutorial_dag.py
[2025-01-01T21:55:49.883+0000] {processor.py:925} INFO - DAG(s) 'tutorial_dag' retrieved from /home/airflow/.local/lib/python3.12/site-packages/airflow/example_dags/tutorial_dag.py
[2025-01-01T21:55:49.900+0000] {logging_mixin.py:190} INFO - [2025-01-01T21:55:49.900+0000] {dag.py:3239} INFO - Sync 1 DAGs
[2025-01-01T21:55:49.912+0000] {logging_mixin.py:190} INFO - [2025-01-01T21:55:49.912+0000] {dag.py:4180} INFO - Setting next_dagrun for tutorial_dag to None, run_after=None
[2025-01-01T21:55:49.928+0000] {processor.py:208} INFO - Processing /home/airflow/.local/lib/python3.12/site-packages/airflow/example_dags/tutorial_dag.py took 0.059 seconds
[2025-01-01T21:56:20.181+0000] {processor.py:186} INFO - Started process (PID=1042) to work on /home/airflow/.local/lib/python3.12/site-packages/airflow/example_dags/tutorial_dag.py
[2025-01-01T21:56:20.182+0000] {processor.py:914} INFO - Processing file /home/airflow/.local/lib/python3.12/site-packages/airflow/example_dags/tutorial_dag.py for tasks to queue
[2025-01-01T21:56:20.185+0000] {logging_mixin.py:190} INFO - [2025-01-01T21:56:20.184+0000] {dagbag.py:588} INFO - Filling up the DagBag from /home/airflow/.local/lib/python3.12/site-packages/airflow/example_dags/tutorial_dag.py
[2025-01-01T21:56:20.192+0000] {processor.py:925} INFO - DAG(s) 'tutorial_dag' retrieved from /home/airflow/.local/lib/python3.12/site-packages/airflow/example_dags/tutorial_dag.py
[2025-01-01T21:56:20.213+0000] {logging_mixin.py:190} INFO - [2025-01-01T21:56:20.213+0000] {dag.py:3239} INFO - Sync 1 DAGs
[2025-01-01T21:56:20.227+0000] {logging_mixin.py:190} INFO - [2025-01-01T21:56:20.227+0000] {dag.py:4180} INFO - Setting next_dagrun for tutorial_dag to None, run_after=None
[2025-01-01T21:56:20.245+0000] {processor.py:208} INFO - Processing /home/airflow/.local/lib/python3.12/site-packages/airflow/example_dags/tutorial_dag.py took 0.069 seconds
[2025-01-01T21:56:50.982+0000] {processor.py:186} INFO - Started process (PID=1105) to work on /home/airflow/.local/lib/python3.12/site-packages/airflow/example_dags/tutorial_dag.py
[2025-01-01T21:56:50.983+0000] {processor.py:914} INFO - Processing file /home/airflow/.local/lib/python3.12/site-packages/airflow/example_dags/tutorial_dag.py for tasks to queue
[2025-01-01T21:56:50.985+0000] {logging_mixin.py:190} INFO - [2025-01-01T21:56:50.985+0000] {dagbag.py:588} INFO - Filling up the DagBag from /home/airflow/.local/lib/python3.12/site-packages/airflow/example_dags/tutorial_dag.py
[2025-01-01T21:56:50.992+0000] {processor.py:925} INFO - DAG(s) 'tutorial_dag' retrieved from /home/airflow/.local/lib/python3.12/site-packages/airflow/example_dags/tutorial_dag.py
[2025-01-01T21:56:51.014+0000] {logging_mixin.py:190} INFO - [2025-01-01T21:56:51.013+0000] {dag.py:3239} INFO - Sync 1 DAGs
[2025-01-01T21:56:51.029+0000] {logging_mixin.py:190} INFO - [2025-01-01T21:56:51.028+0000] {dag.py:4180} INFO - Setting next_dagrun for tutorial_dag to None, run_after=None
[2025-01-01T21:56:51.046+0000] {processor.py:208} INFO - Processing /home/airflow/.local/lib/python3.12/site-packages/airflow/example_dags/tutorial_dag.py took 0.069 seconds
[2025-01-01T21:57:21.870+0000] {processor.py:186} INFO - Started process (PID=1168) to work on /home/airflow/.local/lib/python3.12/site-packages/airflow/example_dags/tutorial_dag.py
[2025-01-01T21:57:21.870+0000] {processor.py:914} INFO - Processing file /home/airflow/.local/lib/python3.12/site-packages/airflow/example_dags/tutorial_dag.py for tasks to queue
[2025-01-01T21:57:21.873+0000] {logging_mixin.py:190} INFO - [2025-01-01T21:57:21.872+0000] {dagbag.py:588} INFO - Filling up the DagBag from /home/airflow/.local/lib/python3.12/site-packages/airflow/example_dags/tutorial_dag.py
[2025-01-01T21:57:21.879+0000] {processor.py:925} INFO - DAG(s) 'tutorial_dag' retrieved from /home/airflow/.local/lib/python3.12/site-packages/airflow/example_dags/tutorial_dag.py
[2025-01-01T21:57:21.898+0000] {logging_mixin.py:190} INFO - [2025-01-01T21:57:21.898+0000] {dag.py:3239} INFO - Sync 1 DAGs
[2025-01-01T21:57:21.912+0000] {logging_mixin.py:190} INFO - [2025-01-01T21:57:21.911+0000] {dag.py:4180} INFO - Setting next_dagrun for tutorial_dag to None, run_after=None
[2025-01-01T21:57:21.929+0000] {processor.py:208} INFO - Processing /home/airflow/.local/lib/python3.12/site-packages/airflow/example_dags/tutorial_dag.py took 0.065 seconds
[2025-01-01T21:57:52.528+0000] {processor.py:186} INFO - Started process (PID=1231) to work on /home/airflow/.local/lib/python3.12/site-packages/airflow/example_dags/tutorial_dag.py
[2025-01-01T21:57:52.529+0000] {processor.py:914} INFO - Processing file /home/airflow/.local/lib/python3.12/site-packages/airflow/example_dags/tutorial_dag.py for tasks to queue
[2025-01-01T21:57:52.532+0000] {logging_mixin.py:190} INFO - [2025-01-01T21:57:52.531+0000] {dagbag.py:588} INFO - Filling up the DagBag from /home/airflow/.local/lib/python3.12/site-packages/airflow/example_dags/tutorial_dag.py
[2025-01-01T21:57:52.538+0000] {processor.py:925} INFO - DAG(s) 'tutorial_dag' retrieved from /home/airflow/.local/lib/python3.12/site-packages/airflow/example_dags/tutorial_dag.py
[2025-01-01T21:57:52.557+0000] {logging_mixin.py:190} INFO - [2025-01-01T21:57:52.557+0000] {dag.py:3239} INFO - Sync 1 DAGs
[2025-01-01T21:57:52.569+0000] {logging_mixin.py:190} INFO - [2025-01-01T21:57:52.569+0000] {dag.py:4180} INFO - Setting next_dagrun for tutorial_dag to None, run_after=None
[2025-01-01T21:57:52.586+0000] {processor.py:208} INFO - Processing /home/airflow/.local/lib/python3.12/site-packages/airflow/example_dags/tutorial_dag.py took 0.062 seconds
[2025-01-01T21:58:22.994+0000] {processor.py:186} INFO - Started process (PID=1294) to work on /home/airflow/.local/lib/python3.12/site-packages/airflow/example_dags/tutorial_dag.py
[2025-01-01T21:58:22.995+0000] {processor.py:914} INFO - Processing file /home/airflow/.local/lib/python3.12/site-packages/airflow/example_dags/tutorial_dag.py for tasks to queue
[2025-01-01T21:58:22.997+0000] {logging_mixin.py:190} INFO - [2025-01-01T21:58:22.997+0000] {dagbag.py:588} INFO - Filling up the DagBag from /home/airflow/.local/lib/python3.12/site-packages/airflow/example_dags/tutorial_dag.py
[2025-01-01T21:58:23.004+0000] {processor.py:925} INFO - DAG(s) 'tutorial_dag' retrieved from /home/airflow/.local/lib/python3.12/site-packages/airflow/example_dags/tutorial_dag.py
[2025-01-01T21:58:23.024+0000] {logging_mixin.py:190} INFO - [2025-01-01T21:58:23.024+0000] {dag.py:3239} INFO - Sync 1 DAGs
[2025-01-01T21:58:23.037+0000] {logging_mixin.py:190} INFO - [2025-01-01T21:58:23.037+0000] {dag.py:4180} INFO - Setting next_dagrun for tutorial_dag to None, run_after=None
[2025-01-01T21:58:23.053+0000] {processor.py:208} INFO - Processing /home/airflow/.local/lib/python3.12/site-packages/airflow/example_dags/tutorial_dag.py took 0.064 seconds
[2025-01-01T21:58:53.912+0000] {processor.py:186} INFO - Started process (PID=1357) to work on /home/airflow/.local/lib/python3.12/site-packages/airflow/example_dags/tutorial_dag.py
[2025-01-01T21:58:53.913+0000] {processor.py:914} INFO - Processing file /home/airflow/.local/lib/python3.12/site-packages/airflow/example_dags/tutorial_dag.py for tasks to queue
[2025-01-01T21:58:53.915+0000] {logging_mixin.py:190} INFO - [2025-01-01T21:58:53.915+0000] {dagbag.py:588} INFO - Filling up the DagBag from /home/airflow/.local/lib/python3.12/site-packages/airflow/example_dags/tutorial_dag.py
[2025-01-01T21:58:53.922+0000] {processor.py:925} INFO - DAG(s) 'tutorial_dag' retrieved from /home/airflow/.local/lib/python3.12/site-packages/airflow/example_dags/tutorial_dag.py
[2025-01-01T21:58:53.942+0000] {logging_mixin.py:190} INFO - [2025-01-01T21:58:53.942+0000] {dag.py:3239} INFO - Sync 1 DAGs
[2025-01-01T21:58:53.957+0000] {logging_mixin.py:190} INFO - [2025-01-01T21:58:53.957+0000] {dag.py:4180} INFO - Setting next_dagrun for tutorial_dag to None, run_after=None
[2025-01-01T21:58:53.978+0000] {processor.py:208} INFO - Processing /home/airflow/.local/lib/python3.12/site-packages/airflow/example_dags/tutorial_dag.py took 0.073 seconds
