[2025-01-01T21:48:42.838+0000] {processor.py:186} INFO - Started process (PID=97) to work on /home/airflow/.local/lib/python3.12/site-packages/airflow/example_dags/tutorial_taskflow_api.py
[2025-01-01T21:48:42.839+0000] {processor.py:914} INFO - Processing file /home/airflow/.local/lib/python3.12/site-packages/airflow/example_dags/tutorial_taskflow_api.py for tasks to queue
[2025-01-01T21:48:42.841+0000] {logging_mixin.py:190} INFO - [2025-01-01T21:48:42.840+0000] {dagbag.py:588} INFO - Filling up the DagBag from /home/airflow/.local/lib/python3.12/site-packages/airflow/example_dags/tutorial_taskflow_api.py
[2025-01-01T21:48:42.850+0000] {processor.py:925} INFO - DAG(s) 'tutorial_taskflow_api' retrieved from /home/airflow/.local/lib/python3.12/site-packages/airflow/example_dags/tutorial_taskflow_api.py
[2025-01-01T21:48:42.957+0000] {logging_mixin.py:190} INFO - [2025-01-01T21:48:42.956+0000] {override.py:1911} INFO - Created Permission View: can edit on DAG:tutorial_taskflow_api
[2025-01-01T21:48:42.970+0000] {logging_mixin.py:190} INFO - [2025-01-01T21:48:42.970+0000] {override.py:1911} INFO - Created Permission View: can delete on DAG:tutorial_taskflow_api
[2025-01-01T21:48:42.979+0000] {logging_mixin.py:190} INFO - [2025-01-01T21:48:42.979+0000] {override.py:1911} INFO - Created Permission View: can read on DAG:tutorial_taskflow_api
[2025-01-01T21:48:42.990+0000] {logging_mixin.py:190} INFO - [2025-01-01T21:48:42.990+0000] {override.py:1911} INFO - Created Permission View: can delete on DAG Run:tutorial_taskflow_api
[2025-01-01T21:48:43.006+0000] {logging_mixin.py:190} INFO - [2025-01-01T21:48:43.005+0000] {override.py:1911} INFO - Created Permission View: can read on DAG Run:tutorial_taskflow_api
[2025-01-01T21:48:43.015+0000] {logging_mixin.py:190} INFO - [2025-01-01T21:48:43.015+0000] {override.py:1911} INFO - Created Permission View: can create on DAG Run:tutorial_taskflow_api
[2025-01-01T21:48:43.024+0000] {logging_mixin.py:190} INFO - [2025-01-01T21:48:43.024+0000] {override.py:1911} INFO - Created Permission View: menu access on DAG Run:tutorial_taskflow_api
[2025-01-01T21:48:43.025+0000] {logging_mixin.py:190} INFO - [2025-01-01T21:48:43.024+0000] {dag.py:3239} INFO - Sync 1 DAGs
[2025-01-01T21:48:43.043+0000] {logging_mixin.py:190} INFO - [2025-01-01T21:48:43.043+0000] {dag.py:3262} INFO - Creating ORM DAG for tutorial_taskflow_api
[2025-01-01T21:48:43.044+0000] {logging_mixin.py:190} INFO - [2025-01-01T21:48:43.044+0000] {dag.py:4180} INFO - Setting next_dagrun for tutorial_taskflow_api to None, run_after=None
[2025-01-01T21:48:43.071+0000] {processor.py:208} INFO - Processing /home/airflow/.local/lib/python3.12/site-packages/airflow/example_dags/tutorial_taskflow_api.py took 0.239 seconds
[2025-01-01T21:49:13.683+0000] {processor.py:186} INFO - Started process (PID=160) to work on /home/airflow/.local/lib/python3.12/site-packages/airflow/example_dags/tutorial_taskflow_api.py
[2025-01-01T21:49:13.684+0000] {processor.py:914} INFO - Processing file /home/airflow/.local/lib/python3.12/site-packages/airflow/example_dags/tutorial_taskflow_api.py for tasks to queue
[2025-01-01T21:49:13.686+0000] {logging_mixin.py:190} INFO - [2025-01-01T21:49:13.686+0000] {dagbag.py:588} INFO - Filling up the DagBag from /home/airflow/.local/lib/python3.12/site-packages/airflow/example_dags/tutorial_taskflow_api.py
[2025-01-01T21:49:13.694+0000] {processor.py:925} INFO - DAG(s) 'tutorial_taskflow_api' retrieved from /home/airflow/.local/lib/python3.12/site-packages/airflow/example_dags/tutorial_taskflow_api.py
[2025-01-01T21:49:13.715+0000] {logging_mixin.py:190} INFO - [2025-01-01T21:49:13.715+0000] {dag.py:3239} INFO - Sync 1 DAGs
[2025-01-01T21:49:13.728+0000] {logging_mixin.py:190} INFO - [2025-01-01T21:49:13.728+0000] {dag.py:4180} INFO - Setting next_dagrun for tutorial_taskflow_api to None, run_after=None
[2025-01-01T21:49:13.746+0000] {processor.py:208} INFO - Processing /home/airflow/.local/lib/python3.12/site-packages/airflow/example_dags/tutorial_taskflow_api.py took 0.068 seconds
[2025-01-01T21:49:44.049+0000] {processor.py:186} INFO - Started process (PID=222) to work on /home/airflow/.local/lib/python3.12/site-packages/airflow/example_dags/tutorial_taskflow_api.py
[2025-01-01T21:49:44.050+0000] {processor.py:914} INFO - Processing file /home/airflow/.local/lib/python3.12/site-packages/airflow/example_dags/tutorial_taskflow_api.py for tasks to queue
[2025-01-01T21:49:44.052+0000] {logging_mixin.py:190} INFO - [2025-01-01T21:49:44.052+0000] {dagbag.py:588} INFO - Filling up the DagBag from /home/airflow/.local/lib/python3.12/site-packages/airflow/example_dags/tutorial_taskflow_api.py
[2025-01-01T21:49:44.060+0000] {processor.py:925} INFO - DAG(s) 'tutorial_taskflow_api' retrieved from /home/airflow/.local/lib/python3.12/site-packages/airflow/example_dags/tutorial_taskflow_api.py
[2025-01-01T21:49:44.078+0000] {logging_mixin.py:190} INFO - [2025-01-01T21:49:44.078+0000] {dag.py:3239} INFO - Sync 1 DAGs
[2025-01-01T21:49:44.091+0000] {logging_mixin.py:190} INFO - [2025-01-01T21:49:44.091+0000] {dag.py:4180} INFO - Setting next_dagrun for tutorial_taskflow_api to None, run_after=None
[2025-01-01T21:49:44.117+0000] {processor.py:208} INFO - Processing /home/airflow/.local/lib/python3.12/site-packages/airflow/example_dags/tutorial_taskflow_api.py took 0.073 seconds
[2025-01-01T21:50:14.474+0000] {processor.py:186} INFO - Started process (PID=285) to work on /home/airflow/.local/lib/python3.12/site-packages/airflow/example_dags/tutorial_taskflow_api.py
[2025-01-01T21:50:14.475+0000] {processor.py:914} INFO - Processing file /home/airflow/.local/lib/python3.12/site-packages/airflow/example_dags/tutorial_taskflow_api.py for tasks to queue
[2025-01-01T21:50:14.477+0000] {logging_mixin.py:190} INFO - [2025-01-01T21:50:14.477+0000] {dagbag.py:588} INFO - Filling up the DagBag from /home/airflow/.local/lib/python3.12/site-packages/airflow/example_dags/tutorial_taskflow_api.py
[2025-01-01T21:50:14.485+0000] {processor.py:925} INFO - DAG(s) 'tutorial_taskflow_api' retrieved from /home/airflow/.local/lib/python3.12/site-packages/airflow/example_dags/tutorial_taskflow_api.py
[2025-01-01T21:50:14.502+0000] {logging_mixin.py:190} INFO - [2025-01-01T21:50:14.502+0000] {dag.py:3239} INFO - Sync 1 DAGs
[2025-01-01T21:50:14.515+0000] {logging_mixin.py:190} INFO - [2025-01-01T21:50:14.515+0000] {dag.py:4180} INFO - Setting next_dagrun for tutorial_taskflow_api to None, run_after=None
[2025-01-01T21:50:14.532+0000] {processor.py:208} INFO - Processing /home/airflow/.local/lib/python3.12/site-packages/airflow/example_dags/tutorial_taskflow_api.py took 0.063 seconds
[2025-01-01T21:50:45.252+0000] {processor.py:186} INFO - Started process (PID=349) to work on /home/airflow/.local/lib/python3.12/site-packages/airflow/example_dags/tutorial_taskflow_api.py
[2025-01-01T21:50:45.253+0000] {processor.py:914} INFO - Processing file /home/airflow/.local/lib/python3.12/site-packages/airflow/example_dags/tutorial_taskflow_api.py for tasks to queue
[2025-01-01T21:50:45.255+0000] {logging_mixin.py:190} INFO - [2025-01-01T21:50:45.255+0000] {dagbag.py:588} INFO - Filling up the DagBag from /home/airflow/.local/lib/python3.12/site-packages/airflow/example_dags/tutorial_taskflow_api.py
[2025-01-01T21:50:45.262+0000] {processor.py:925} INFO - DAG(s) 'tutorial_taskflow_api' retrieved from /home/airflow/.local/lib/python3.12/site-packages/airflow/example_dags/tutorial_taskflow_api.py
[2025-01-01T21:50:45.279+0000] {logging_mixin.py:190} INFO - [2025-01-01T21:50:45.278+0000] {dag.py:3239} INFO - Sync 1 DAGs
[2025-01-01T21:50:45.290+0000] {logging_mixin.py:190} INFO - [2025-01-01T21:50:45.290+0000] {dag.py:4180} INFO - Setting next_dagrun for tutorial_taskflow_api to None, run_after=None
[2025-01-01T21:50:45.306+0000] {processor.py:208} INFO - Processing /home/airflow/.local/lib/python3.12/site-packages/airflow/example_dags/tutorial_taskflow_api.py took 0.059 seconds
[2025-01-01T21:51:16.030+0000] {processor.py:186} INFO - Started process (PID=412) to work on /home/airflow/.local/lib/python3.12/site-packages/airflow/example_dags/tutorial_taskflow_api.py
[2025-01-01T21:51:16.031+0000] {processor.py:914} INFO - Processing file /home/airflow/.local/lib/python3.12/site-packages/airflow/example_dags/tutorial_taskflow_api.py for tasks to queue
[2025-01-01T21:51:16.034+0000] {logging_mixin.py:190} INFO - [2025-01-01T21:51:16.033+0000] {dagbag.py:588} INFO - Filling up the DagBag from /home/airflow/.local/lib/python3.12/site-packages/airflow/example_dags/tutorial_taskflow_api.py
[2025-01-01T21:51:16.043+0000] {processor.py:925} INFO - DAG(s) 'tutorial_taskflow_api' retrieved from /home/airflow/.local/lib/python3.12/site-packages/airflow/example_dags/tutorial_taskflow_api.py
[2025-01-01T21:51:16.062+0000] {logging_mixin.py:190} INFO - [2025-01-01T21:51:16.062+0000] {dag.py:3239} INFO - Sync 1 DAGs
[2025-01-01T21:51:16.075+0000] {logging_mixin.py:190} INFO - [2025-01-01T21:51:16.075+0000] {dag.py:4180} INFO - Setting next_dagrun for tutorial_taskflow_api to None, run_after=None
[2025-01-01T21:51:16.091+0000] {processor.py:208} INFO - Processing /home/airflow/.local/lib/python3.12/site-packages/airflow/example_dags/tutorial_taskflow_api.py took 0.067 seconds
[2025-01-01T21:51:46.932+0000] {processor.py:186} INFO - Started process (PID=475) to work on /home/airflow/.local/lib/python3.12/site-packages/airflow/example_dags/tutorial_taskflow_api.py
[2025-01-01T21:51:46.933+0000] {processor.py:914} INFO - Processing file /home/airflow/.local/lib/python3.12/site-packages/airflow/example_dags/tutorial_taskflow_api.py for tasks to queue
[2025-01-01T21:51:46.935+0000] {logging_mixin.py:190} INFO - [2025-01-01T21:51:46.935+0000] {dagbag.py:588} INFO - Filling up the DagBag from /home/airflow/.local/lib/python3.12/site-packages/airflow/example_dags/tutorial_taskflow_api.py
[2025-01-01T21:51:46.944+0000] {processor.py:925} INFO - DAG(s) 'tutorial_taskflow_api' retrieved from /home/airflow/.local/lib/python3.12/site-packages/airflow/example_dags/tutorial_taskflow_api.py
[2025-01-01T21:51:46.964+0000] {logging_mixin.py:190} INFO - [2025-01-01T21:51:46.964+0000] {dag.py:3239} INFO - Sync 1 DAGs
[2025-01-01T21:51:46.978+0000] {logging_mixin.py:190} INFO - [2025-01-01T21:51:46.977+0000] {dag.py:4180} INFO - Setting next_dagrun for tutorial_taskflow_api to None, run_after=None
[2025-01-01T21:51:46.994+0000] {processor.py:208} INFO - Processing /home/airflow/.local/lib/python3.12/site-packages/airflow/example_dags/tutorial_taskflow_api.py took 0.068 seconds
[2025-01-01T21:52:17.228+0000] {processor.py:186} INFO - Started process (PID=537) to work on /home/airflow/.local/lib/python3.12/site-packages/airflow/example_dags/tutorial_taskflow_api.py
[2025-01-01T21:52:17.229+0000] {processor.py:914} INFO - Processing file /home/airflow/.local/lib/python3.12/site-packages/airflow/example_dags/tutorial_taskflow_api.py for tasks to queue
[2025-01-01T21:52:17.231+0000] {logging_mixin.py:190} INFO - [2025-01-01T21:52:17.231+0000] {dagbag.py:588} INFO - Filling up the DagBag from /home/airflow/.local/lib/python3.12/site-packages/airflow/example_dags/tutorial_taskflow_api.py
[2025-01-01T21:52:17.238+0000] {processor.py:925} INFO - DAG(s) 'tutorial_taskflow_api' retrieved from /home/airflow/.local/lib/python3.12/site-packages/airflow/example_dags/tutorial_taskflow_api.py
[2025-01-01T21:52:17.257+0000] {logging_mixin.py:190} INFO - [2025-01-01T21:52:17.257+0000] {dag.py:3239} INFO - Sync 1 DAGs
[2025-01-01T21:52:17.270+0000] {logging_mixin.py:190} INFO - [2025-01-01T21:52:17.270+0000] {dag.py:4180} INFO - Setting next_dagrun for tutorial_taskflow_api to None, run_after=None
[2025-01-01T21:52:17.288+0000] {processor.py:208} INFO - Processing /home/airflow/.local/lib/python3.12/site-packages/airflow/example_dags/tutorial_taskflow_api.py took 0.065 seconds
[2025-01-01T21:52:47.666+0000] {processor.py:186} INFO - Started process (PID=599) to work on /home/airflow/.local/lib/python3.12/site-packages/airflow/example_dags/tutorial_taskflow_api.py
[2025-01-01T21:52:47.667+0000] {processor.py:914} INFO - Processing file /home/airflow/.local/lib/python3.12/site-packages/airflow/example_dags/tutorial_taskflow_api.py for tasks to queue
[2025-01-01T21:52:47.669+0000] {logging_mixin.py:190} INFO - [2025-01-01T21:52:47.669+0000] {dagbag.py:588} INFO - Filling up the DagBag from /home/airflow/.local/lib/python3.12/site-packages/airflow/example_dags/tutorial_taskflow_api.py
[2025-01-01T21:52:47.676+0000] {processor.py:925} INFO - DAG(s) 'tutorial_taskflow_api' retrieved from /home/airflow/.local/lib/python3.12/site-packages/airflow/example_dags/tutorial_taskflow_api.py
[2025-01-01T21:52:47.693+0000] {logging_mixin.py:190} INFO - [2025-01-01T21:52:47.693+0000] {dag.py:3239} INFO - Sync 1 DAGs
[2025-01-01T21:52:47.705+0000] {logging_mixin.py:190} INFO - [2025-01-01T21:52:47.705+0000] {dag.py:4180} INFO - Setting next_dagrun for tutorial_taskflow_api to None, run_after=None
[2025-01-01T21:52:47.719+0000] {processor.py:208} INFO - Processing /home/airflow/.local/lib/python3.12/site-packages/airflow/example_dags/tutorial_taskflow_api.py took 0.057 seconds
[2025-01-01T21:53:18.343+0000] {processor.py:186} INFO - Started process (PID=662) to work on /home/airflow/.local/lib/python3.12/site-packages/airflow/example_dags/tutorial_taskflow_api.py
[2025-01-01T21:53:18.344+0000] {processor.py:914} INFO - Processing file /home/airflow/.local/lib/python3.12/site-packages/airflow/example_dags/tutorial_taskflow_api.py for tasks to queue
[2025-01-01T21:53:18.346+0000] {logging_mixin.py:190} INFO - [2025-01-01T21:53:18.346+0000] {dagbag.py:588} INFO - Filling up the DagBag from /home/airflow/.local/lib/python3.12/site-packages/airflow/example_dags/tutorial_taskflow_api.py
[2025-01-01T21:53:18.353+0000] {processor.py:925} INFO - DAG(s) 'tutorial_taskflow_api' retrieved from /home/airflow/.local/lib/python3.12/site-packages/airflow/example_dags/tutorial_taskflow_api.py
[2025-01-01T21:53:18.369+0000] {logging_mixin.py:190} INFO - [2025-01-01T21:53:18.369+0000] {dag.py:3239} INFO - Sync 1 DAGs
[2025-01-01T21:53:18.381+0000] {logging_mixin.py:190} INFO - [2025-01-01T21:53:18.381+0000] {dag.py:4180} INFO - Setting next_dagrun for tutorial_taskflow_api to None, run_after=None
[2025-01-01T21:53:18.396+0000] {processor.py:208} INFO - Processing /home/airflow/.local/lib/python3.12/site-packages/airflow/example_dags/tutorial_taskflow_api.py took 0.057 seconds
[2025-01-01T21:53:48.670+0000] {processor.py:186} INFO - Started process (PID=725) to work on /home/airflow/.local/lib/python3.12/site-packages/airflow/example_dags/tutorial_taskflow_api.py
[2025-01-01T21:53:48.671+0000] {processor.py:914} INFO - Processing file /home/airflow/.local/lib/python3.12/site-packages/airflow/example_dags/tutorial_taskflow_api.py for tasks to queue
[2025-01-01T21:53:48.673+0000] {logging_mixin.py:190} INFO - [2025-01-01T21:53:48.673+0000] {dagbag.py:588} INFO - Filling up the DagBag from /home/airflow/.local/lib/python3.12/site-packages/airflow/example_dags/tutorial_taskflow_api.py
[2025-01-01T21:53:48.679+0000] {processor.py:925} INFO - DAG(s) 'tutorial_taskflow_api' retrieved from /home/airflow/.local/lib/python3.12/site-packages/airflow/example_dags/tutorial_taskflow_api.py
[2025-01-01T21:53:48.696+0000] {logging_mixin.py:190} INFO - [2025-01-01T21:53:48.696+0000] {dag.py:3239} INFO - Sync 1 DAGs
[2025-01-01T21:53:48.709+0000] {logging_mixin.py:190} INFO - [2025-01-01T21:53:48.708+0000] {dag.py:4180} INFO - Setting next_dagrun for tutorial_taskflow_api to None, run_after=None
[2025-01-01T21:53:48.724+0000] {processor.py:208} INFO - Processing /home/airflow/.local/lib/python3.12/site-packages/airflow/example_dags/tutorial_taskflow_api.py took 0.058 seconds
[2025-01-01T21:54:18.813+0000] {processor.py:186} INFO - Started process (PID=788) to work on /home/airflow/.local/lib/python3.12/site-packages/airflow/example_dags/tutorial_taskflow_api.py
[2025-01-01T21:54:18.814+0000] {processor.py:914} INFO - Processing file /home/airflow/.local/lib/python3.12/site-packages/airflow/example_dags/tutorial_taskflow_api.py for tasks to queue
[2025-01-01T21:54:18.816+0000] {logging_mixin.py:190} INFO - [2025-01-01T21:54:18.816+0000] {dagbag.py:588} INFO - Filling up the DagBag from /home/airflow/.local/lib/python3.12/site-packages/airflow/example_dags/tutorial_taskflow_api.py
[2025-01-01T21:54:18.822+0000] {processor.py:925} INFO - DAG(s) 'tutorial_taskflow_api' retrieved from /home/airflow/.local/lib/python3.12/site-packages/airflow/example_dags/tutorial_taskflow_api.py
[2025-01-01T21:54:18.839+0000] {logging_mixin.py:190} INFO - [2025-01-01T21:54:18.838+0000] {dag.py:3239} INFO - Sync 1 DAGs
[2025-01-01T21:54:18.851+0000] {logging_mixin.py:190} INFO - [2025-01-01T21:54:18.850+0000] {dag.py:4180} INFO - Setting next_dagrun for tutorial_taskflow_api to None, run_after=None
[2025-01-01T21:54:18.866+0000] {processor.py:208} INFO - Processing /home/airflow/.local/lib/python3.12/site-packages/airflow/example_dags/tutorial_taskflow_api.py took 0.057 seconds
[2025-01-01T21:54:49.322+0000] {processor.py:186} INFO - Started process (PID=851) to work on /home/airflow/.local/lib/python3.12/site-packages/airflow/example_dags/tutorial_taskflow_api.py
[2025-01-01T21:54:49.323+0000] {processor.py:914} INFO - Processing file /home/airflow/.local/lib/python3.12/site-packages/airflow/example_dags/tutorial_taskflow_api.py for tasks to queue
[2025-01-01T21:54:49.325+0000] {logging_mixin.py:190} INFO - [2025-01-01T21:54:49.325+0000] {dagbag.py:588} INFO - Filling up the DagBag from /home/airflow/.local/lib/python3.12/site-packages/airflow/example_dags/tutorial_taskflow_api.py
[2025-01-01T21:54:49.332+0000] {processor.py:925} INFO - DAG(s) 'tutorial_taskflow_api' retrieved from /home/airflow/.local/lib/python3.12/site-packages/airflow/example_dags/tutorial_taskflow_api.py
[2025-01-01T21:54:49.348+0000] {logging_mixin.py:190} INFO - [2025-01-01T21:54:49.348+0000] {dag.py:3239} INFO - Sync 1 DAGs
[2025-01-01T21:54:49.360+0000] {logging_mixin.py:190} INFO - [2025-01-01T21:54:49.360+0000] {dag.py:4180} INFO - Setting next_dagrun for tutorial_taskflow_api to None, run_after=None
[2025-01-01T21:54:49.375+0000] {processor.py:208} INFO - Processing /home/airflow/.local/lib/python3.12/site-packages/airflow/example_dags/tutorial_taskflow_api.py took 0.058 seconds
[2025-01-01T21:55:19.502+0000] {processor.py:186} INFO - Started process (PID=914) to work on /home/airflow/.local/lib/python3.12/site-packages/airflow/example_dags/tutorial_taskflow_api.py
[2025-01-01T21:55:19.502+0000] {processor.py:914} INFO - Processing file /home/airflow/.local/lib/python3.12/site-packages/airflow/example_dags/tutorial_taskflow_api.py for tasks to queue
[2025-01-01T21:55:19.505+0000] {logging_mixin.py:190} INFO - [2025-01-01T21:55:19.504+0000] {dagbag.py:588} INFO - Filling up the DagBag from /home/airflow/.local/lib/python3.12/site-packages/airflow/example_dags/tutorial_taskflow_api.py
[2025-01-01T21:55:19.513+0000] {processor.py:925} INFO - DAG(s) 'tutorial_taskflow_api' retrieved from /home/airflow/.local/lib/python3.12/site-packages/airflow/example_dags/tutorial_taskflow_api.py
[2025-01-01T21:55:19.532+0000] {logging_mixin.py:190} INFO - [2025-01-01T21:55:19.531+0000] {dag.py:3239} INFO - Sync 1 DAGs
[2025-01-01T21:55:19.546+0000] {logging_mixin.py:190} INFO - [2025-01-01T21:55:19.546+0000] {dag.py:4180} INFO - Setting next_dagrun for tutorial_taskflow_api to None, run_after=None
[2025-01-01T21:55:19.565+0000] {processor.py:208} INFO - Processing /home/airflow/.local/lib/python3.12/site-packages/airflow/example_dags/tutorial_taskflow_api.py took 0.070 seconds
[2025-01-01T21:55:49.789+0000] {processor.py:186} INFO - Started process (PID=977) to work on /home/airflow/.local/lib/python3.12/site-packages/airflow/example_dags/tutorial_taskflow_api.py
[2025-01-01T21:55:49.790+0000] {processor.py:914} INFO - Processing file /home/airflow/.local/lib/python3.12/site-packages/airflow/example_dags/tutorial_taskflow_api.py for tasks to queue
[2025-01-01T21:55:49.792+0000] {logging_mixin.py:190} INFO - [2025-01-01T21:55:49.792+0000] {dagbag.py:588} INFO - Filling up the DagBag from /home/airflow/.local/lib/python3.12/site-packages/airflow/example_dags/tutorial_taskflow_api.py
[2025-01-01T21:55:49.800+0000] {processor.py:925} INFO - DAG(s) 'tutorial_taskflow_api' retrieved from /home/airflow/.local/lib/python3.12/site-packages/airflow/example_dags/tutorial_taskflow_api.py
[2025-01-01T21:55:49.816+0000] {logging_mixin.py:190} INFO - [2025-01-01T21:55:49.816+0000] {dag.py:3239} INFO - Sync 1 DAGs
[2025-01-01T21:55:49.828+0000] {logging_mixin.py:190} INFO - [2025-01-01T21:55:49.827+0000] {dag.py:4180} INFO - Setting next_dagrun for tutorial_taskflow_api to None, run_after=None
[2025-01-01T21:55:49.843+0000] {processor.py:208} INFO - Processing /home/airflow/.local/lib/python3.12/site-packages/airflow/example_dags/tutorial_taskflow_api.py took 0.058 seconds
[2025-01-01T21:56:20.087+0000] {processor.py:186} INFO - Started process (PID=1040) to work on /home/airflow/.local/lib/python3.12/site-packages/airflow/example_dags/tutorial_taskflow_api.py
[2025-01-01T21:56:20.088+0000] {processor.py:914} INFO - Processing file /home/airflow/.local/lib/python3.12/site-packages/airflow/example_dags/tutorial_taskflow_api.py for tasks to queue
[2025-01-01T21:56:20.091+0000] {logging_mixin.py:190} INFO - [2025-01-01T21:56:20.090+0000] {dagbag.py:588} INFO - Filling up the DagBag from /home/airflow/.local/lib/python3.12/site-packages/airflow/example_dags/tutorial_taskflow_api.py
[2025-01-01T21:56:20.099+0000] {processor.py:925} INFO - DAG(s) 'tutorial_taskflow_api' retrieved from /home/airflow/.local/lib/python3.12/site-packages/airflow/example_dags/tutorial_taskflow_api.py
[2025-01-01T21:56:20.117+0000] {logging_mixin.py:190} INFO - [2025-01-01T21:56:20.117+0000] {dag.py:3239} INFO - Sync 1 DAGs
[2025-01-01T21:56:20.130+0000] {logging_mixin.py:190} INFO - [2025-01-01T21:56:20.130+0000] {dag.py:4180} INFO - Setting next_dagrun for tutorial_taskflow_api to None, run_after=None
[2025-01-01T21:56:20.147+0000] {processor.py:208} INFO - Processing /home/airflow/.local/lib/python3.12/site-packages/airflow/example_dags/tutorial_taskflow_api.py took 0.064 seconds
[2025-01-01T21:56:50.879+0000] {processor.py:186} INFO - Started process (PID=1103) to work on /home/airflow/.local/lib/python3.12/site-packages/airflow/example_dags/tutorial_taskflow_api.py
[2025-01-01T21:56:50.880+0000] {processor.py:914} INFO - Processing file /home/airflow/.local/lib/python3.12/site-packages/airflow/example_dags/tutorial_taskflow_api.py for tasks to queue
[2025-01-01T21:56:50.883+0000] {logging_mixin.py:190} INFO - [2025-01-01T21:56:50.882+0000] {dagbag.py:588} INFO - Filling up the DagBag from /home/airflow/.local/lib/python3.12/site-packages/airflow/example_dags/tutorial_taskflow_api.py
[2025-01-01T21:56:50.891+0000] {processor.py:925} INFO - DAG(s) 'tutorial_taskflow_api' retrieved from /home/airflow/.local/lib/python3.12/site-packages/airflow/example_dags/tutorial_taskflow_api.py
[2025-01-01T21:56:50.913+0000] {logging_mixin.py:190} INFO - [2025-01-01T21:56:50.913+0000] {dag.py:3239} INFO - Sync 1 DAGs
[2025-01-01T21:56:50.928+0000] {logging_mixin.py:190} INFO - [2025-01-01T21:56:50.927+0000] {dag.py:4180} INFO - Setting next_dagrun for tutorial_taskflow_api to None, run_after=None
[2025-01-01T21:56:50.947+0000] {processor.py:208} INFO - Processing /home/airflow/.local/lib/python3.12/site-packages/airflow/example_dags/tutorial_taskflow_api.py took 0.074 seconds
[2025-01-01T21:57:21.659+0000] {processor.py:186} INFO - Started process (PID=1166) to work on /home/airflow/.local/lib/python3.12/site-packages/airflow/example_dags/tutorial_taskflow_api.py
[2025-01-01T21:57:21.660+0000] {processor.py:914} INFO - Processing file /home/airflow/.local/lib/python3.12/site-packages/airflow/example_dags/tutorial_taskflow_api.py for tasks to queue
[2025-01-01T21:57:21.662+0000] {logging_mixin.py:190} INFO - [2025-01-01T21:57:21.662+0000] {dagbag.py:588} INFO - Filling up the DagBag from /home/airflow/.local/lib/python3.12/site-packages/airflow/example_dags/tutorial_taskflow_api.py
[2025-01-01T21:57:21.669+0000] {processor.py:925} INFO - DAG(s) 'tutorial_taskflow_api' retrieved from /home/airflow/.local/lib/python3.12/site-packages/airflow/example_dags/tutorial_taskflow_api.py
[2025-01-01T21:57:21.689+0000] {logging_mixin.py:190} INFO - [2025-01-01T21:57:21.689+0000] {dag.py:3239} INFO - Sync 1 DAGs
[2025-01-01T21:57:21.703+0000] {logging_mixin.py:190} INFO - [2025-01-01T21:57:21.703+0000] {dag.py:4180} INFO - Setting next_dagrun for tutorial_taskflow_api to None, run_after=None
[2025-01-01T21:57:21.720+0000] {processor.py:208} INFO - Processing /home/airflow/.local/lib/python3.12/site-packages/airflow/example_dags/tutorial_taskflow_api.py took 0.066 seconds
[2025-01-01T21:57:52.420+0000] {processor.py:186} INFO - Started process (PID=1229) to work on /home/airflow/.local/lib/python3.12/site-packages/airflow/example_dags/tutorial_taskflow_api.py
[2025-01-01T21:57:52.421+0000] {processor.py:914} INFO - Processing file /home/airflow/.local/lib/python3.12/site-packages/airflow/example_dags/tutorial_taskflow_api.py for tasks to queue
[2025-01-01T21:57:52.423+0000] {logging_mixin.py:190} INFO - [2025-01-01T21:57:52.423+0000] {dagbag.py:588} INFO - Filling up the DagBag from /home/airflow/.local/lib/python3.12/site-packages/airflow/example_dags/tutorial_taskflow_api.py
[2025-01-01T21:57:52.430+0000] {processor.py:925} INFO - DAG(s) 'tutorial_taskflow_api' retrieved from /home/airflow/.local/lib/python3.12/site-packages/airflow/example_dags/tutorial_taskflow_api.py
[2025-01-01T21:57:52.456+0000] {logging_mixin.py:190} INFO - [2025-01-01T21:57:52.455+0000] {dag.py:3239} INFO - Sync 1 DAGs
[2025-01-01T21:57:52.471+0000] {logging_mixin.py:190} INFO - [2025-01-01T21:57:52.470+0000] {dag.py:4180} INFO - Setting next_dagrun for tutorial_taskflow_api to None, run_after=None
[2025-01-01T21:57:52.489+0000] {processor.py:208} INFO - Processing /home/airflow/.local/lib/python3.12/site-packages/airflow/example_dags/tutorial_taskflow_api.py took 0.074 seconds
[2025-01-01T21:58:22.898+0000] {processor.py:186} INFO - Started process (PID=1292) to work on /home/airflow/.local/lib/python3.12/site-packages/airflow/example_dags/tutorial_taskflow_api.py
[2025-01-01T21:58:22.899+0000] {processor.py:914} INFO - Processing file /home/airflow/.local/lib/python3.12/site-packages/airflow/example_dags/tutorial_taskflow_api.py for tasks to queue
[2025-01-01T21:58:22.901+0000] {logging_mixin.py:190} INFO - [2025-01-01T21:58:22.901+0000] {dagbag.py:588} INFO - Filling up the DagBag from /home/airflow/.local/lib/python3.12/site-packages/airflow/example_dags/tutorial_taskflow_api.py
[2025-01-01T21:58:22.908+0000] {processor.py:925} INFO - DAG(s) 'tutorial_taskflow_api' retrieved from /home/airflow/.local/lib/python3.12/site-packages/airflow/example_dags/tutorial_taskflow_api.py
[2025-01-01T21:58:22.924+0000] {logging_mixin.py:190} INFO - [2025-01-01T21:58:22.924+0000] {dag.py:3239} INFO - Sync 1 DAGs
[2025-01-01T21:58:22.936+0000] {logging_mixin.py:190} INFO - [2025-01-01T21:58:22.936+0000] {dag.py:4180} INFO - Setting next_dagrun for tutorial_taskflow_api to None, run_after=None
[2025-01-01T21:58:22.955+0000] {processor.py:208} INFO - Processing /home/airflow/.local/lib/python3.12/site-packages/airflow/example_dags/tutorial_taskflow_api.py took 0.062 seconds
[2025-01-01T21:58:53.808+0000] {processor.py:186} INFO - Started process (PID=1355) to work on /home/airflow/.local/lib/python3.12/site-packages/airflow/example_dags/tutorial_taskflow_api.py
[2025-01-01T21:58:53.809+0000] {processor.py:914} INFO - Processing file /home/airflow/.local/lib/python3.12/site-packages/airflow/example_dags/tutorial_taskflow_api.py for tasks to queue
[2025-01-01T21:58:53.812+0000] {logging_mixin.py:190} INFO - [2025-01-01T21:58:53.811+0000] {dagbag.py:588} INFO - Filling up the DagBag from /home/airflow/.local/lib/python3.12/site-packages/airflow/example_dags/tutorial_taskflow_api.py
[2025-01-01T21:58:53.820+0000] {processor.py:925} INFO - DAG(s) 'tutorial_taskflow_api' retrieved from /home/airflow/.local/lib/python3.12/site-packages/airflow/example_dags/tutorial_taskflow_api.py
[2025-01-01T21:58:53.838+0000] {logging_mixin.py:190} INFO - [2025-01-01T21:58:53.837+0000] {dag.py:3239} INFO - Sync 1 DAGs
[2025-01-01T21:58:53.850+0000] {logging_mixin.py:190} INFO - [2025-01-01T21:58:53.850+0000] {dag.py:4180} INFO - Setting next_dagrun for tutorial_taskflow_api to None, run_after=None
[2025-01-01T21:58:53.870+0000] {processor.py:208} INFO - Processing /home/airflow/.local/lib/python3.12/site-packages/airflow/example_dags/tutorial_taskflow_api.py took 0.067 seconds
