[2025-01-01T21:48:45.933+0000] {processor.py:186} INFO - Started process (PID=116) to work on /home/airflow/.local/lib/python3.12/site-packages/airflow/example_dags/tutorial.py
[2025-01-01T21:48:45.934+0000] {processor.py:914} INFO - Processing file /home/airflow/.local/lib/python3.12/site-packages/airflow/example_dags/tutorial.py for tasks to queue
[2025-01-01T21:48:45.936+0000] {logging_mixin.py:190} INFO - [2025-01-01T21:48:45.936+0000] {dagbag.py:588} INFO - Filling up the DagBag from /home/airflow/.local/lib/python3.12/site-packages/airflow/example_dags/tutorial.py
[2025-01-01T21:48:45.944+0000] {processor.py:925} INFO - DAG(s) 'tutorial' retrieved from /home/airflow/.local/lib/python3.12/site-packages/airflow/example_dags/tutorial.py
[2025-01-01T21:48:46.041+0000] {logging_mixin.py:190} INFO - [2025-01-01T21:48:46.041+0000] {override.py:1911} INFO - Created Permission View: can edit on DAG:tutorial
[2025-01-01T21:48:46.051+0000] {logging_mixin.py:190} INFO - [2025-01-01T21:48:46.051+0000] {override.py:1911} INFO - Created Permission View: can delete on DAG:tutorial
[2025-01-01T21:48:46.058+0000] {logging_mixin.py:190} INFO - [2025-01-01T21:48:46.058+0000] {override.py:1911} INFO - Created Permission View: can read on DAG:tutorial
[2025-01-01T21:48:46.067+0000] {logging_mixin.py:190} INFO - [2025-01-01T21:48:46.067+0000] {override.py:1911} INFO - Created Permission View: can delete on DAG Run:tutorial
[2025-01-01T21:48:46.073+0000] {logging_mixin.py:190} INFO - [2025-01-01T21:48:46.073+0000] {override.py:1911} INFO - Created Permission View: can read on DAG Run:tutorial
[2025-01-01T21:48:46.081+0000] {logging_mixin.py:190} INFO - [2025-01-01T21:48:46.081+0000] {override.py:1911} INFO - Created Permission View: can create on DAG Run:tutorial
[2025-01-01T21:48:46.088+0000] {logging_mixin.py:190} INFO - [2025-01-01T21:48:46.088+0000] {override.py:1911} INFO - Created Permission View: menu access on DAG Run:tutorial
[2025-01-01T21:48:46.089+0000] {logging_mixin.py:190} INFO - [2025-01-01T21:48:46.088+0000] {dag.py:3239} INFO - Sync 1 DAGs
[2025-01-01T21:48:46.102+0000] {logging_mixin.py:190} INFO - [2025-01-01T21:48:46.102+0000] {dag.py:3262} INFO - Creating ORM DAG for tutorial
[2025-01-01T21:48:46.110+0000] {logging_mixin.py:190} INFO - [2025-01-01T21:48:46.110+0000] {dag.py:4180} INFO - Setting next_dagrun for tutorial to 2024-12-31 00:00:00+00:00, run_after=2025-01-01 00:00:00+00:00
[2025-01-01T21:48:46.124+0000] {processor.py:208} INFO - Processing /home/airflow/.local/lib/python3.12/site-packages/airflow/example_dags/tutorial.py took 0.197 seconds
[2025-01-01T21:49:16.610+0000] {processor.py:186} INFO - Started process (PID=179) to work on /home/airflow/.local/lib/python3.12/site-packages/airflow/example_dags/tutorial.py
[2025-01-01T21:49:16.611+0000] {processor.py:914} INFO - Processing file /home/airflow/.local/lib/python3.12/site-packages/airflow/example_dags/tutorial.py for tasks to queue
[2025-01-01T21:49:16.613+0000] {logging_mixin.py:190} INFO - [2025-01-01T21:49:16.612+0000] {dagbag.py:588} INFO - Filling up the DagBag from /home/airflow/.local/lib/python3.12/site-packages/airflow/example_dags/tutorial.py
[2025-01-01T21:49:16.619+0000] {processor.py:925} INFO - DAG(s) 'tutorial' retrieved from /home/airflow/.local/lib/python3.12/site-packages/airflow/example_dags/tutorial.py
[2025-01-01T21:49:16.637+0000] {logging_mixin.py:190} INFO - [2025-01-01T21:49:16.637+0000] {dag.py:3239} INFO - Sync 1 DAGs
[2025-01-01T21:49:16.657+0000] {logging_mixin.py:190} INFO - [2025-01-01T21:49:16.657+0000] {dag.py:4180} INFO - Setting next_dagrun for tutorial to 2024-12-31 00:00:00+00:00, run_after=2025-01-01 00:00:00+00:00
[2025-01-01T21:49:16.672+0000] {processor.py:208} INFO - Processing /home/airflow/.local/lib/python3.12/site-packages/airflow/example_dags/tutorial.py took 0.068 seconds
[2025-01-01T21:49:48.023+0000] {processor.py:186} INFO - Started process (PID=242) to work on /home/airflow/.local/lib/python3.12/site-packages/airflow/example_dags/tutorial.py
[2025-01-01T21:49:48.024+0000] {processor.py:914} INFO - Processing file /home/airflow/.local/lib/python3.12/site-packages/airflow/example_dags/tutorial.py for tasks to queue
[2025-01-01T21:49:48.027+0000] {logging_mixin.py:190} INFO - [2025-01-01T21:49:48.027+0000] {dagbag.py:588} INFO - Filling up the DagBag from /home/airflow/.local/lib/python3.12/site-packages/airflow/example_dags/tutorial.py
[2025-01-01T21:49:48.036+0000] {processor.py:925} INFO - DAG(s) 'tutorial' retrieved from /home/airflow/.local/lib/python3.12/site-packages/airflow/example_dags/tutorial.py
[2025-01-01T21:49:48.060+0000] {logging_mixin.py:190} INFO - [2025-01-01T21:49:48.060+0000] {dag.py:3239} INFO - Sync 1 DAGs
[2025-01-01T21:49:48.083+0000] {logging_mixin.py:190} INFO - [2025-01-01T21:49:48.083+0000] {dag.py:4180} INFO - Setting next_dagrun for tutorial to 2024-12-31 00:00:00+00:00, run_after=2025-01-01 00:00:00+00:00
[2025-01-01T21:49:48.101+0000] {processor.py:208} INFO - Processing /home/airflow/.local/lib/python3.12/site-packages/airflow/example_dags/tutorial.py took 0.085 seconds
[2025-01-01T21:50:18.773+0000] {processor.py:186} INFO - Started process (PID=305) to work on /home/airflow/.local/lib/python3.12/site-packages/airflow/example_dags/tutorial.py
[2025-01-01T21:50:18.774+0000] {processor.py:914} INFO - Processing file /home/airflow/.local/lib/python3.12/site-packages/airflow/example_dags/tutorial.py for tasks to queue
[2025-01-01T21:50:18.777+0000] {logging_mixin.py:190} INFO - [2025-01-01T21:50:18.776+0000] {dagbag.py:588} INFO - Filling up the DagBag from /home/airflow/.local/lib/python3.12/site-packages/airflow/example_dags/tutorial.py
[2025-01-01T21:50:18.783+0000] {processor.py:925} INFO - DAG(s) 'tutorial' retrieved from /home/airflow/.local/lib/python3.12/site-packages/airflow/example_dags/tutorial.py
[2025-01-01T21:50:18.801+0000] {logging_mixin.py:190} INFO - [2025-01-01T21:50:18.801+0000] {dag.py:3239} INFO - Sync 1 DAGs
[2025-01-01T21:50:18.821+0000] {logging_mixin.py:190} INFO - [2025-01-01T21:50:18.821+0000] {dag.py:4180} INFO - Setting next_dagrun for tutorial to 2024-12-31 00:00:00+00:00, run_after=2025-01-01 00:00:00+00:00
[2025-01-01T21:50:18.837+0000] {processor.py:208} INFO - Processing /home/airflow/.local/lib/python3.12/site-packages/airflow/example_dags/tutorial.py took 0.068 seconds
[2025-01-01T21:50:49.698+0000] {processor.py:186} INFO - Started process (PID=369) to work on /home/airflow/.local/lib/python3.12/site-packages/airflow/example_dags/tutorial.py
[2025-01-01T21:50:49.699+0000] {processor.py:914} INFO - Processing file /home/airflow/.local/lib/python3.12/site-packages/airflow/example_dags/tutorial.py for tasks to queue
[2025-01-01T21:50:49.701+0000] {logging_mixin.py:190} INFO - [2025-01-01T21:50:49.701+0000] {dagbag.py:588} INFO - Filling up the DagBag from /home/airflow/.local/lib/python3.12/site-packages/airflow/example_dags/tutorial.py
[2025-01-01T21:50:49.709+0000] {processor.py:925} INFO - DAG(s) 'tutorial' retrieved from /home/airflow/.local/lib/python3.12/site-packages/airflow/example_dags/tutorial.py
[2025-01-01T21:50:49.732+0000] {logging_mixin.py:190} INFO - [2025-01-01T21:50:49.731+0000] {dag.py:3239} INFO - Sync 1 DAGs
[2025-01-01T21:50:49.755+0000] {logging_mixin.py:190} INFO - [2025-01-01T21:50:49.755+0000] {dag.py:4180} INFO - Setting next_dagrun for tutorial to 2024-12-31 00:00:00+00:00, run_after=2025-01-01 00:00:00+00:00
[2025-01-01T21:50:49.772+0000] {processor.py:208} INFO - Processing /home/airflow/.local/lib/python3.12/site-packages/airflow/example_dags/tutorial.py took 0.079 seconds
[2025-01-01T21:51:20.154+0000] {processor.py:186} INFO - Started process (PID=432) to work on /home/airflow/.local/lib/python3.12/site-packages/airflow/example_dags/tutorial.py
[2025-01-01T21:51:20.154+0000] {processor.py:914} INFO - Processing file /home/airflow/.local/lib/python3.12/site-packages/airflow/example_dags/tutorial.py for tasks to queue
[2025-01-01T21:51:20.157+0000] {logging_mixin.py:190} INFO - [2025-01-01T21:51:20.156+0000] {dagbag.py:588} INFO - Filling up the DagBag from /home/airflow/.local/lib/python3.12/site-packages/airflow/example_dags/tutorial.py
[2025-01-01T21:51:20.163+0000] {processor.py:925} INFO - DAG(s) 'tutorial' retrieved from /home/airflow/.local/lib/python3.12/site-packages/airflow/example_dags/tutorial.py
[2025-01-01T21:51:20.181+0000] {logging_mixin.py:190} INFO - [2025-01-01T21:51:20.181+0000] {dag.py:3239} INFO - Sync 1 DAGs
[2025-01-01T21:51:20.200+0000] {logging_mixin.py:190} INFO - [2025-01-01T21:51:20.200+0000] {dag.py:4180} INFO - Setting next_dagrun for tutorial to 2024-12-31 00:00:00+00:00, run_after=2025-01-01 00:00:00+00:00
[2025-01-01T21:51:20.217+0000] {processor.py:208} INFO - Processing /home/airflow/.local/lib/python3.12/site-packages/airflow/example_dags/tutorial.py took 0.069 seconds
[2025-01-01T21:51:51.415+0000] {processor.py:186} INFO - Started process (PID=495) to work on /home/airflow/.local/lib/python3.12/site-packages/airflow/example_dags/tutorial.py
[2025-01-01T21:51:51.416+0000] {processor.py:914} INFO - Processing file /home/airflow/.local/lib/python3.12/site-packages/airflow/example_dags/tutorial.py for tasks to queue
[2025-01-01T21:51:51.418+0000] {logging_mixin.py:190} INFO - [2025-01-01T21:51:51.418+0000] {dagbag.py:588} INFO - Filling up the DagBag from /home/airflow/.local/lib/python3.12/site-packages/airflow/example_dags/tutorial.py
[2025-01-01T21:51:51.425+0000] {processor.py:925} INFO - DAG(s) 'tutorial' retrieved from /home/airflow/.local/lib/python3.12/site-packages/airflow/example_dags/tutorial.py
[2025-01-01T21:51:51.443+0000] {logging_mixin.py:190} INFO - [2025-01-01T21:51:51.442+0000] {dag.py:3239} INFO - Sync 1 DAGs
[2025-01-01T21:51:51.464+0000] {logging_mixin.py:190} INFO - [2025-01-01T21:51:51.464+0000] {dag.py:4180} INFO - Setting next_dagrun for tutorial to 2024-12-31 00:00:00+00:00, run_after=2025-01-01 00:00:00+00:00
[2025-01-01T21:51:51.480+0000] {processor.py:208} INFO - Processing /home/airflow/.local/lib/python3.12/site-packages/airflow/example_dags/tutorial.py took 0.069 seconds
[2025-01-01T21:52:22.938+0000] {processor.py:186} INFO - Started process (PID=558) to work on /home/airflow/.local/lib/python3.12/site-packages/airflow/example_dags/tutorial.py
[2025-01-01T21:52:22.939+0000] {processor.py:914} INFO - Processing file /home/airflow/.local/lib/python3.12/site-packages/airflow/example_dags/tutorial.py for tasks to queue
[2025-01-01T21:52:22.942+0000] {logging_mixin.py:190} INFO - [2025-01-01T21:52:22.941+0000] {dagbag.py:588} INFO - Filling up the DagBag from /home/airflow/.local/lib/python3.12/site-packages/airflow/example_dags/tutorial.py
[2025-01-01T21:52:22.948+0000] {processor.py:925} INFO - DAG(s) 'tutorial' retrieved from /home/airflow/.local/lib/python3.12/site-packages/airflow/example_dags/tutorial.py
[2025-01-01T21:52:22.965+0000] {logging_mixin.py:190} INFO - [2025-01-01T21:52:22.965+0000] {dag.py:3239} INFO - Sync 1 DAGs
[2025-01-01T21:52:22.986+0000] {logging_mixin.py:190} INFO - [2025-01-01T21:52:22.986+0000] {dag.py:4180} INFO - Setting next_dagrun for tutorial to 2024-12-31 00:00:00+00:00, run_after=2025-01-01 00:00:00+00:00
[2025-01-01T21:52:23.007+0000] {processor.py:208} INFO - Processing /home/airflow/.local/lib/python3.12/site-packages/airflow/example_dags/tutorial.py took 0.075 seconds
[2025-01-01T21:52:53.618+0000] {processor.py:186} INFO - Started process (PID=621) to work on /home/airflow/.local/lib/python3.12/site-packages/airflow/example_dags/tutorial.py
[2025-01-01T21:52:53.619+0000] {processor.py:914} INFO - Processing file /home/airflow/.local/lib/python3.12/site-packages/airflow/example_dags/tutorial.py for tasks to queue
[2025-01-01T21:52:53.622+0000] {logging_mixin.py:190} INFO - [2025-01-01T21:52:53.622+0000] {dagbag.py:588} INFO - Filling up the DagBag from /home/airflow/.local/lib/python3.12/site-packages/airflow/example_dags/tutorial.py
[2025-01-01T21:52:53.629+0000] {processor.py:925} INFO - DAG(s) 'tutorial' retrieved from /home/airflow/.local/lib/python3.12/site-packages/airflow/example_dags/tutorial.py
[2025-01-01T21:52:53.646+0000] {logging_mixin.py:190} INFO - [2025-01-01T21:52:53.646+0000] {dag.py:3239} INFO - Sync 1 DAGs
[2025-01-01T21:52:53.667+0000] {logging_mixin.py:190} INFO - [2025-01-01T21:52:53.666+0000] {dag.py:4180} INFO - Setting next_dagrun for tutorial to 2024-12-31 00:00:00+00:00, run_after=2025-01-01 00:00:00+00:00
[2025-01-01T21:52:53.686+0000] {processor.py:208} INFO - Processing /home/airflow/.local/lib/python3.12/site-packages/airflow/example_dags/tutorial.py took 0.074 seconds
[2025-01-01T21:53:24.590+0000] {processor.py:186} INFO - Started process (PID=684) to work on /home/airflow/.local/lib/python3.12/site-packages/airflow/example_dags/tutorial.py
[2025-01-01T21:53:24.591+0000] {processor.py:914} INFO - Processing file /home/airflow/.local/lib/python3.12/site-packages/airflow/example_dags/tutorial.py for tasks to queue
[2025-01-01T21:53:24.593+0000] {logging_mixin.py:190} INFO - [2025-01-01T21:53:24.593+0000] {dagbag.py:588} INFO - Filling up the DagBag from /home/airflow/.local/lib/python3.12/site-packages/airflow/example_dags/tutorial.py
[2025-01-01T21:53:24.601+0000] {processor.py:925} INFO - DAG(s) 'tutorial' retrieved from /home/airflow/.local/lib/python3.12/site-packages/airflow/example_dags/tutorial.py
[2025-01-01T21:53:24.621+0000] {logging_mixin.py:190} INFO - [2025-01-01T21:53:24.621+0000] {dag.py:3239} INFO - Sync 1 DAGs
[2025-01-01T21:53:24.641+0000] {logging_mixin.py:190} INFO - [2025-01-01T21:53:24.641+0000] {dag.py:4180} INFO - Setting next_dagrun for tutorial to 2024-12-31 00:00:00+00:00, run_after=2025-01-01 00:00:00+00:00
[2025-01-01T21:53:24.658+0000] {processor.py:208} INFO - Processing /home/airflow/.local/lib/python3.12/site-packages/airflow/example_dags/tutorial.py took 0.073 seconds
[2025-01-01T21:53:55.842+0000] {processor.py:186} INFO - Started process (PID=747) to work on /home/airflow/.local/lib/python3.12/site-packages/airflow/example_dags/tutorial.py
[2025-01-01T21:53:55.843+0000] {processor.py:914} INFO - Processing file /home/airflow/.local/lib/python3.12/site-packages/airflow/example_dags/tutorial.py for tasks to queue
[2025-01-01T21:53:55.845+0000] {logging_mixin.py:190} INFO - [2025-01-01T21:53:55.844+0000] {dagbag.py:588} INFO - Filling up the DagBag from /home/airflow/.local/lib/python3.12/site-packages/airflow/example_dags/tutorial.py
[2025-01-01T21:53:55.851+0000] {processor.py:925} INFO - DAG(s) 'tutorial' retrieved from /home/airflow/.local/lib/python3.12/site-packages/airflow/example_dags/tutorial.py
[2025-01-01T21:53:55.868+0000] {logging_mixin.py:190} INFO - [2025-01-01T21:53:55.868+0000] {dag.py:3239} INFO - Sync 1 DAGs
[2025-01-01T21:53:55.886+0000] {logging_mixin.py:190} INFO - [2025-01-01T21:53:55.886+0000] {dag.py:4180} INFO - Setting next_dagrun for tutorial to 2024-12-31 00:00:00+00:00, run_after=2025-01-01 00:00:00+00:00
[2025-01-01T21:53:55.900+0000] {processor.py:208} INFO - Processing /home/airflow/.local/lib/python3.12/site-packages/airflow/example_dags/tutorial.py took 0.063 seconds
[2025-01-01T21:54:26.438+0000] {processor.py:186} INFO - Started process (PID=810) to work on /home/airflow/.local/lib/python3.12/site-packages/airflow/example_dags/tutorial.py
[2025-01-01T21:54:26.439+0000] {processor.py:914} INFO - Processing file /home/airflow/.local/lib/python3.12/site-packages/airflow/example_dags/tutorial.py for tasks to queue
[2025-01-01T21:54:26.441+0000] {logging_mixin.py:190} INFO - [2025-01-01T21:54:26.441+0000] {dagbag.py:588} INFO - Filling up the DagBag from /home/airflow/.local/lib/python3.12/site-packages/airflow/example_dags/tutorial.py
[2025-01-01T21:54:26.448+0000] {processor.py:925} INFO - DAG(s) 'tutorial' retrieved from /home/airflow/.local/lib/python3.12/site-packages/airflow/example_dags/tutorial.py
[2025-01-01T21:54:26.467+0000] {logging_mixin.py:190} INFO - [2025-01-01T21:54:26.467+0000] {dag.py:3239} INFO - Sync 1 DAGs
[2025-01-01T21:54:26.488+0000] {logging_mixin.py:190} INFO - [2025-01-01T21:54:26.488+0000] {dag.py:4180} INFO - Setting next_dagrun for tutorial to 2024-12-31 00:00:00+00:00, run_after=2025-01-01 00:00:00+00:00
[2025-01-01T21:54:26.507+0000] {processor.py:208} INFO - Processing /home/airflow/.local/lib/python3.12/site-packages/airflow/example_dags/tutorial.py took 0.074 seconds
[2025-01-01T21:54:57.741+0000] {processor.py:186} INFO - Started process (PID=873) to work on /home/airflow/.local/lib/python3.12/site-packages/airflow/example_dags/tutorial.py
[2025-01-01T21:54:57.742+0000] {processor.py:914} INFO - Processing file /home/airflow/.local/lib/python3.12/site-packages/airflow/example_dags/tutorial.py for tasks to queue
[2025-01-01T21:54:57.744+0000] {logging_mixin.py:190} INFO - [2025-01-01T21:54:57.744+0000] {dagbag.py:588} INFO - Filling up the DagBag from /home/airflow/.local/lib/python3.12/site-packages/airflow/example_dags/tutorial.py
[2025-01-01T21:54:57.753+0000] {processor.py:925} INFO - DAG(s) 'tutorial' retrieved from /home/airflow/.local/lib/python3.12/site-packages/airflow/example_dags/tutorial.py
[2025-01-01T21:54:57.771+0000] {logging_mixin.py:190} INFO - [2025-01-01T21:54:57.770+0000] {dag.py:3239} INFO - Sync 1 DAGs
[2025-01-01T21:54:57.792+0000] {logging_mixin.py:190} INFO - [2025-01-01T21:54:57.792+0000] {dag.py:4180} INFO - Setting next_dagrun for tutorial to 2024-12-31 00:00:00+00:00, run_after=2025-01-01 00:00:00+00:00
[2025-01-01T21:54:57.810+0000] {processor.py:208} INFO - Processing /home/airflow/.local/lib/python3.12/site-packages/airflow/example_dags/tutorial.py took 0.073 seconds
[2025-01-01T21:55:29.073+0000] {processor.py:186} INFO - Started process (PID=936) to work on /home/airflow/.local/lib/python3.12/site-packages/airflow/example_dags/tutorial.py
[2025-01-01T21:55:29.074+0000] {processor.py:914} INFO - Processing file /home/airflow/.local/lib/python3.12/site-packages/airflow/example_dags/tutorial.py for tasks to queue
[2025-01-01T21:55:29.077+0000] {logging_mixin.py:190} INFO - [2025-01-01T21:55:29.076+0000] {dagbag.py:588} INFO - Filling up the DagBag from /home/airflow/.local/lib/python3.12/site-packages/airflow/example_dags/tutorial.py
[2025-01-01T21:55:29.084+0000] {processor.py:925} INFO - DAG(s) 'tutorial' retrieved from /home/airflow/.local/lib/python3.12/site-packages/airflow/example_dags/tutorial.py
[2025-01-01T21:55:29.101+0000] {logging_mixin.py:190} INFO - [2025-01-01T21:55:29.101+0000] {dag.py:3239} INFO - Sync 1 DAGs
[2025-01-01T21:55:29.123+0000] {logging_mixin.py:190} INFO - [2025-01-01T21:55:29.123+0000] {dag.py:4180} INFO - Setting next_dagrun for tutorial to 2024-12-31 00:00:00+00:00, run_after=2025-01-01 00:00:00+00:00
[2025-01-01T21:55:29.145+0000] {processor.py:208} INFO - Processing /home/airflow/.local/lib/python3.12/site-packages/airflow/example_dags/tutorial.py took 0.076 seconds
[2025-01-01T21:56:00.083+0000] {processor.py:186} INFO - Started process (PID=999) to work on /home/airflow/.local/lib/python3.12/site-packages/airflow/example_dags/tutorial.py
[2025-01-01T21:56:00.084+0000] {processor.py:914} INFO - Processing file /home/airflow/.local/lib/python3.12/site-packages/airflow/example_dags/tutorial.py for tasks to queue
[2025-01-01T21:56:00.086+0000] {logging_mixin.py:190} INFO - [2025-01-01T21:56:00.086+0000] {dagbag.py:588} INFO - Filling up the DagBag from /home/airflow/.local/lib/python3.12/site-packages/airflow/example_dags/tutorial.py
[2025-01-01T21:56:00.093+0000] {processor.py:925} INFO - DAG(s) 'tutorial' retrieved from /home/airflow/.local/lib/python3.12/site-packages/airflow/example_dags/tutorial.py
[2025-01-01T21:56:00.112+0000] {logging_mixin.py:190} INFO - [2025-01-01T21:56:00.111+0000] {dag.py:3239} INFO - Sync 1 DAGs
[2025-01-01T21:56:00.134+0000] {logging_mixin.py:190} INFO - [2025-01-01T21:56:00.134+0000] {dag.py:4180} INFO - Setting next_dagrun for tutorial to 2024-12-31 00:00:00+00:00, run_after=2025-01-01 00:00:00+00:00
[2025-01-01T21:56:00.150+0000] {processor.py:208} INFO - Processing /home/airflow/.local/lib/python3.12/site-packages/airflow/example_dags/tutorial.py took 0.072 seconds
[2025-01-01T21:56:30.993+0000] {processor.py:186} INFO - Started process (PID=1062) to work on /home/airflow/.local/lib/python3.12/site-packages/airflow/example_dags/tutorial.py
[2025-01-01T21:56:30.994+0000] {processor.py:914} INFO - Processing file /home/airflow/.local/lib/python3.12/site-packages/airflow/example_dags/tutorial.py for tasks to queue
[2025-01-01T21:56:30.997+0000] {logging_mixin.py:190} INFO - [2025-01-01T21:56:30.996+0000] {dagbag.py:588} INFO - Filling up the DagBag from /home/airflow/.local/lib/python3.12/site-packages/airflow/example_dags/tutorial.py
[2025-01-01T21:56:31.004+0000] {processor.py:925} INFO - DAG(s) 'tutorial' retrieved from /home/airflow/.local/lib/python3.12/site-packages/airflow/example_dags/tutorial.py
[2025-01-01T21:56:31.026+0000] {logging_mixin.py:190} INFO - [2025-01-01T21:56:31.025+0000] {dag.py:3239} INFO - Sync 1 DAGs
[2025-01-01T21:56:31.054+0000] {logging_mixin.py:190} INFO - [2025-01-01T21:56:31.053+0000] {dag.py:4180} INFO - Setting next_dagrun for tutorial to 2024-12-31 00:00:00+00:00, run_after=2025-01-01 00:00:00+00:00
[2025-01-01T21:56:31.071+0000] {processor.py:208} INFO - Processing /home/airflow/.local/lib/python3.12/site-packages/airflow/example_dags/tutorial.py took 0.084 seconds
[2025-01-01T21:57:01.760+0000] {processor.py:186} INFO - Started process (PID=1125) to work on /home/airflow/.local/lib/python3.12/site-packages/airflow/example_dags/tutorial.py
[2025-01-01T21:57:01.760+0000] {processor.py:914} INFO - Processing file /home/airflow/.local/lib/python3.12/site-packages/airflow/example_dags/tutorial.py for tasks to queue
[2025-01-01T21:57:01.763+0000] {logging_mixin.py:190} INFO - [2025-01-01T21:57:01.762+0000] {dagbag.py:588} INFO - Filling up the DagBag from /home/airflow/.local/lib/python3.12/site-packages/airflow/example_dags/tutorial.py
[2025-01-01T21:57:01.769+0000] {processor.py:925} INFO - DAG(s) 'tutorial' retrieved from /home/airflow/.local/lib/python3.12/site-packages/airflow/example_dags/tutorial.py
[2025-01-01T21:57:01.787+0000] {logging_mixin.py:190} INFO - [2025-01-01T21:57:01.786+0000] {dag.py:3239} INFO - Sync 1 DAGs
[2025-01-01T21:57:01.811+0000] {logging_mixin.py:190} INFO - [2025-01-01T21:57:01.811+0000] {dag.py:4180} INFO - Setting next_dagrun for tutorial to 2024-12-31 00:00:00+00:00, run_after=2025-01-01 00:00:00+00:00
[2025-01-01T21:57:01.829+0000] {processor.py:208} INFO - Processing /home/airflow/.local/lib/python3.12/site-packages/airflow/example_dags/tutorial.py took 0.075 seconds
[2025-01-01T21:57:32.472+0000] {processor.py:186} INFO - Started process (PID=1188) to work on /home/airflow/.local/lib/python3.12/site-packages/airflow/example_dags/tutorial.py
[2025-01-01T21:57:32.472+0000] {processor.py:914} INFO - Processing file /home/airflow/.local/lib/python3.12/site-packages/airflow/example_dags/tutorial.py for tasks to queue
[2025-01-01T21:57:32.475+0000] {logging_mixin.py:190} INFO - [2025-01-01T21:57:32.475+0000] {dagbag.py:588} INFO - Filling up the DagBag from /home/airflow/.local/lib/python3.12/site-packages/airflow/example_dags/tutorial.py
[2025-01-01T21:57:32.482+0000] {processor.py:925} INFO - DAG(s) 'tutorial' retrieved from /home/airflow/.local/lib/python3.12/site-packages/airflow/example_dags/tutorial.py
[2025-01-01T21:57:32.498+0000] {logging_mixin.py:190} INFO - [2025-01-01T21:57:32.498+0000] {dag.py:3239} INFO - Sync 1 DAGs
[2025-01-01T21:57:32.517+0000] {logging_mixin.py:190} INFO - [2025-01-01T21:57:32.517+0000] {dag.py:4180} INFO - Setting next_dagrun for tutorial to 2024-12-31 00:00:00+00:00, run_after=2025-01-01 00:00:00+00:00
[2025-01-01T21:57:32.534+0000] {processor.py:208} INFO - Processing /home/airflow/.local/lib/python3.12/site-packages/airflow/example_dags/tutorial.py took 0.068 seconds
[2025-01-01T21:58:03.223+0000] {processor.py:186} INFO - Started process (PID=1251) to work on /home/airflow/.local/lib/python3.12/site-packages/airflow/example_dags/tutorial.py
[2025-01-01T21:58:03.224+0000] {processor.py:914} INFO - Processing file /home/airflow/.local/lib/python3.12/site-packages/airflow/example_dags/tutorial.py for tasks to queue
[2025-01-01T21:58:03.226+0000] {logging_mixin.py:190} INFO - [2025-01-01T21:58:03.226+0000] {dagbag.py:588} INFO - Filling up the DagBag from /home/airflow/.local/lib/python3.12/site-packages/airflow/example_dags/tutorial.py
[2025-01-01T21:58:03.232+0000] {processor.py:925} INFO - DAG(s) 'tutorial' retrieved from /home/airflow/.local/lib/python3.12/site-packages/airflow/example_dags/tutorial.py
[2025-01-01T21:58:03.249+0000] {logging_mixin.py:190} INFO - [2025-01-01T21:58:03.249+0000] {dag.py:3239} INFO - Sync 1 DAGs
[2025-01-01T21:58:03.268+0000] {logging_mixin.py:190} INFO - [2025-01-01T21:58:03.268+0000] {dag.py:4180} INFO - Setting next_dagrun for tutorial to 2024-12-31 00:00:00+00:00, run_after=2025-01-01 00:00:00+00:00
[2025-01-01T21:58:03.283+0000] {processor.py:208} INFO - Processing /home/airflow/.local/lib/python3.12/site-packages/airflow/example_dags/tutorial.py took 0.066 seconds
[2025-01-01T21:58:34.087+0000] {processor.py:186} INFO - Started process (PID=1314) to work on /home/airflow/.local/lib/python3.12/site-packages/airflow/example_dags/tutorial.py
[2025-01-01T21:58:34.088+0000] {processor.py:914} INFO - Processing file /home/airflow/.local/lib/python3.12/site-packages/airflow/example_dags/tutorial.py for tasks to queue
[2025-01-01T21:58:34.090+0000] {logging_mixin.py:190} INFO - [2025-01-01T21:58:34.090+0000] {dagbag.py:588} INFO - Filling up the DagBag from /home/airflow/.local/lib/python3.12/site-packages/airflow/example_dags/tutorial.py
[2025-01-01T21:58:34.097+0000] {processor.py:925} INFO - DAG(s) 'tutorial' retrieved from /home/airflow/.local/lib/python3.12/site-packages/airflow/example_dags/tutorial.py
[2025-01-01T21:58:34.114+0000] {logging_mixin.py:190} INFO - [2025-01-01T21:58:34.114+0000] {dag.py:3239} INFO - Sync 1 DAGs
[2025-01-01T21:58:34.133+0000] {logging_mixin.py:190} INFO - [2025-01-01T21:58:34.133+0000] {dag.py:4180} INFO - Setting next_dagrun for tutorial to 2024-12-31 00:00:00+00:00, run_after=2025-01-01 00:00:00+00:00
[2025-01-01T21:58:34.150+0000] {processor.py:208} INFO - Processing /home/airflow/.local/lib/python3.12/site-packages/airflow/example_dags/tutorial.py took 0.067 seconds
[2025-01-01T21:59:05.160+0000] {processor.py:186} INFO - Started process (PID=1377) to work on /home/airflow/.local/lib/python3.12/site-packages/airflow/example_dags/tutorial.py
[2025-01-01T21:59:05.161+0000] {processor.py:914} INFO - Processing file /home/airflow/.local/lib/python3.12/site-packages/airflow/example_dags/tutorial.py for tasks to queue
[2025-01-01T21:59:05.164+0000] {logging_mixin.py:190} INFO - [2025-01-01T21:59:05.164+0000] {dagbag.py:588} INFO - Filling up the DagBag from /home/airflow/.local/lib/python3.12/site-packages/airflow/example_dags/tutorial.py
[2025-01-01T21:59:05.171+0000] {processor.py:925} INFO - DAG(s) 'tutorial' retrieved from /home/airflow/.local/lib/python3.12/site-packages/airflow/example_dags/tutorial.py
[2025-01-01T21:59:05.190+0000] {logging_mixin.py:190} INFO - [2025-01-01T21:59:05.190+0000] {dag.py:3239} INFO - Sync 1 DAGs
[2025-01-01T21:59:05.212+0000] {logging_mixin.py:190} INFO - [2025-01-01T21:59:05.212+0000] {dag.py:4180} INFO - Setting next_dagrun for tutorial to 2024-12-31 00:00:00+00:00, run_after=2025-01-01 00:00:00+00:00
[2025-01-01T21:59:05.231+0000] {processor.py:208} INFO - Processing /home/airflow/.local/lib/python3.12/site-packages/airflow/example_dags/tutorial.py took 0.076 seconds
