[2025-01-01T21:48:43.832+0000] {processor.py:186} INFO - Started process (PID=104) to work on /home/airflow/.local/lib/python3.12/site-packages/airflow/example_dags/tutorial_objectstorage.py
[2025-01-01T21:48:43.833+0000] {processor.py:914} INFO - Processing file /home/airflow/.local/lib/python3.12/site-packages/airflow/example_dags/tutorial_objectstorage.py for tasks to queue
[2025-01-01T21:48:43.835+0000] {logging_mixin.py:190} INFO - [2025-01-01T21:48:43.835+0000] {dagbag.py:588} INFO - Filling up the DagBag from /home/airflow/.local/lib/python3.12/site-packages/airflow/example_dags/tutorial_objectstorage.py
[2025-01-01T21:48:43.850+0000] {processor.py:925} INFO - DAG(s) 'tutorial_objectstorage' retrieved from /home/airflow/.local/lib/python3.12/site-packages/airflow/example_dags/tutorial_objectstorage.py
[2025-01-01T21:48:43.979+0000] {logging_mixin.py:190} INFO - [2025-01-01T21:48:43.978+0000] {override.py:1911} INFO - Created Permission View: can edit on DAG:tutorial_objectstorage
[2025-01-01T21:48:43.995+0000] {logging_mixin.py:190} INFO - [2025-01-01T21:48:43.995+0000] {override.py:1911} INFO - Created Permission View: can delete on DAG:tutorial_objectstorage
[2025-01-01T21:48:44.004+0000] {logging_mixin.py:190} INFO - [2025-01-01T21:48:44.004+0000] {override.py:1911} INFO - Created Permission View: can read on DAG:tutorial_objectstorage
[2025-01-01T21:48:44.014+0000] {logging_mixin.py:190} INFO - [2025-01-01T21:48:44.014+0000] {override.py:1911} INFO - Created Permission View: can delete on DAG Run:tutorial_objectstorage
[2025-01-01T21:48:44.021+0000] {logging_mixin.py:190} INFO - [2025-01-01T21:48:44.021+0000] {override.py:1911} INFO - Created Permission View: can read on DAG Run:tutorial_objectstorage
[2025-01-01T21:48:44.033+0000] {logging_mixin.py:190} INFO - [2025-01-01T21:48:44.033+0000] {override.py:1911} INFO - Created Permission View: can create on DAG Run:tutorial_objectstorage
[2025-01-01T21:48:44.040+0000] {logging_mixin.py:190} INFO - [2025-01-01T21:48:44.040+0000] {override.py:1911} INFO - Created Permission View: menu access on DAG Run:tutorial_objectstorage
[2025-01-01T21:48:44.041+0000] {logging_mixin.py:190} INFO - [2025-01-01T21:48:44.041+0000] {dag.py:3239} INFO - Sync 1 DAGs
[2025-01-01T21:48:44.053+0000] {logging_mixin.py:190} INFO - [2025-01-01T21:48:44.052+0000] {dag.py:3262} INFO - Creating ORM DAG for tutorial_objectstorage
[2025-01-01T21:48:44.054+0000] {logging_mixin.py:190} INFO - [2025-01-01T21:48:44.053+0000] {dag.py:4180} INFO - Setting next_dagrun for tutorial_objectstorage to None, run_after=None
[2025-01-01T21:48:44.069+0000] {processor.py:208} INFO - Processing /home/airflow/.local/lib/python3.12/site-packages/airflow/example_dags/tutorial_objectstorage.py took 0.244 seconds
[2025-01-01T21:49:14.233+0000] {processor.py:186} INFO - Started process (PID=166) to work on /home/airflow/.local/lib/python3.12/site-packages/airflow/example_dags/tutorial_objectstorage.py
[2025-01-01T21:49:14.234+0000] {processor.py:914} INFO - Processing file /home/airflow/.local/lib/python3.12/site-packages/airflow/example_dags/tutorial_objectstorage.py for tasks to queue
[2025-01-01T21:49:14.236+0000] {logging_mixin.py:190} INFO - [2025-01-01T21:49:14.235+0000] {dagbag.py:588} INFO - Filling up the DagBag from /home/airflow/.local/lib/python3.12/site-packages/airflow/example_dags/tutorial_objectstorage.py
[2025-01-01T21:49:14.244+0000] {processor.py:925} INFO - DAG(s) 'tutorial_objectstorage' retrieved from /home/airflow/.local/lib/python3.12/site-packages/airflow/example_dags/tutorial_objectstorage.py
[2025-01-01T21:49:14.261+0000] {logging_mixin.py:190} INFO - [2025-01-01T21:49:14.260+0000] {dag.py:3239} INFO - Sync 1 DAGs
[2025-01-01T21:49:14.272+0000] {logging_mixin.py:190} INFO - [2025-01-01T21:49:14.272+0000] {dag.py:4180} INFO - Setting next_dagrun for tutorial_objectstorage to None, run_after=None
[2025-01-01T21:49:14.291+0000] {processor.py:208} INFO - Processing /home/airflow/.local/lib/python3.12/site-packages/airflow/example_dags/tutorial_objectstorage.py took 0.064 seconds
[2025-01-01T21:49:44.667+0000] {processor.py:186} INFO - Started process (PID=229) to work on /home/airflow/.local/lib/python3.12/site-packages/airflow/example_dags/tutorial_objectstorage.py
[2025-01-01T21:49:44.668+0000] {processor.py:914} INFO - Processing file /home/airflow/.local/lib/python3.12/site-packages/airflow/example_dags/tutorial_objectstorage.py for tasks to queue
[2025-01-01T21:49:44.670+0000] {logging_mixin.py:190} INFO - [2025-01-01T21:49:44.670+0000] {dagbag.py:588} INFO - Filling up the DagBag from /home/airflow/.local/lib/python3.12/site-packages/airflow/example_dags/tutorial_objectstorage.py
[2025-01-01T21:49:44.678+0000] {processor.py:925} INFO - DAG(s) 'tutorial_objectstorage' retrieved from /home/airflow/.local/lib/python3.12/site-packages/airflow/example_dags/tutorial_objectstorage.py
[2025-01-01T21:49:44.697+0000] {logging_mixin.py:190} INFO - [2025-01-01T21:49:44.697+0000] {dag.py:3239} INFO - Sync 1 DAGs
[2025-01-01T21:49:44.710+0000] {logging_mixin.py:190} INFO - [2025-01-01T21:49:44.710+0000] {dag.py:4180} INFO - Setting next_dagrun for tutorial_objectstorage to None, run_after=None
[2025-01-01T21:49:44.727+0000] {processor.py:208} INFO - Processing /home/airflow/.local/lib/python3.12/site-packages/airflow/example_dags/tutorial_objectstorage.py took 0.065 seconds
[2025-01-01T21:50:14.835+0000] {processor.py:186} INFO - Started process (PID=291) to work on /home/airflow/.local/lib/python3.12/site-packages/airflow/example_dags/tutorial_objectstorage.py
[2025-01-01T21:50:14.835+0000] {processor.py:914} INFO - Processing file /home/airflow/.local/lib/python3.12/site-packages/airflow/example_dags/tutorial_objectstorage.py for tasks to queue
[2025-01-01T21:50:14.837+0000] {logging_mixin.py:190} INFO - [2025-01-01T21:50:14.837+0000] {dagbag.py:588} INFO - Filling up the DagBag from /home/airflow/.local/lib/python3.12/site-packages/airflow/example_dags/tutorial_objectstorage.py
[2025-01-01T21:50:14.845+0000] {processor.py:925} INFO - DAG(s) 'tutorial_objectstorage' retrieved from /home/airflow/.local/lib/python3.12/site-packages/airflow/example_dags/tutorial_objectstorage.py
[2025-01-01T21:50:14.861+0000] {logging_mixin.py:190} INFO - [2025-01-01T21:50:14.861+0000] {dag.py:3239} INFO - Sync 1 DAGs
[2025-01-01T21:50:14.873+0000] {logging_mixin.py:190} INFO - [2025-01-01T21:50:14.873+0000] {dag.py:4180} INFO - Setting next_dagrun for tutorial_objectstorage to None, run_after=None
[2025-01-01T21:50:14.888+0000] {processor.py:208} INFO - Processing /home/airflow/.local/lib/python3.12/site-packages/airflow/example_dags/tutorial_objectstorage.py took 0.058 seconds
[2025-01-01T21:50:45.624+0000] {processor.py:186} INFO - Started process (PID=355) to work on /home/airflow/.local/lib/python3.12/site-packages/airflow/example_dags/tutorial_objectstorage.py
[2025-01-01T21:50:45.625+0000] {processor.py:914} INFO - Processing file /home/airflow/.local/lib/python3.12/site-packages/airflow/example_dags/tutorial_objectstorage.py for tasks to queue
[2025-01-01T21:50:45.627+0000] {logging_mixin.py:190} INFO - [2025-01-01T21:50:45.626+0000] {dagbag.py:588} INFO - Filling up the DagBag from /home/airflow/.local/lib/python3.12/site-packages/airflow/example_dags/tutorial_objectstorage.py
[2025-01-01T21:50:45.634+0000] {processor.py:925} INFO - DAG(s) 'tutorial_objectstorage' retrieved from /home/airflow/.local/lib/python3.12/site-packages/airflow/example_dags/tutorial_objectstorage.py
[2025-01-01T21:50:45.650+0000] {logging_mixin.py:190} INFO - [2025-01-01T21:50:45.649+0000] {dag.py:3239} INFO - Sync 1 DAGs
[2025-01-01T21:50:45.662+0000] {logging_mixin.py:190} INFO - [2025-01-01T21:50:45.662+0000] {dag.py:4180} INFO - Setting next_dagrun for tutorial_objectstorage to None, run_after=None
[2025-01-01T21:50:45.678+0000] {processor.py:208} INFO - Processing /home/airflow/.local/lib/python3.12/site-packages/airflow/example_dags/tutorial_objectstorage.py took 0.059 seconds
[2025-01-01T21:51:16.304+0000] {processor.py:186} INFO - Started process (PID=418) to work on /home/airflow/.local/lib/python3.12/site-packages/airflow/example_dags/tutorial_objectstorage.py
[2025-01-01T21:51:16.305+0000] {processor.py:914} INFO - Processing file /home/airflow/.local/lib/python3.12/site-packages/airflow/example_dags/tutorial_objectstorage.py for tasks to queue
[2025-01-01T21:51:16.307+0000] {logging_mixin.py:190} INFO - [2025-01-01T21:51:16.306+0000] {dagbag.py:588} INFO - Filling up the DagBag from /home/airflow/.local/lib/python3.12/site-packages/airflow/example_dags/tutorial_objectstorage.py
[2025-01-01T21:51:16.314+0000] {processor.py:925} INFO - DAG(s) 'tutorial_objectstorage' retrieved from /home/airflow/.local/lib/python3.12/site-packages/airflow/example_dags/tutorial_objectstorage.py
[2025-01-01T21:51:16.332+0000] {logging_mixin.py:190} INFO - [2025-01-01T21:51:16.332+0000] {dag.py:3239} INFO - Sync 1 DAGs
[2025-01-01T21:51:16.345+0000] {logging_mixin.py:190} INFO - [2025-01-01T21:51:16.344+0000] {dag.py:4180} INFO - Setting next_dagrun for tutorial_objectstorage to None, run_after=None
[2025-01-01T21:51:16.368+0000] {processor.py:208} INFO - Processing /home/airflow/.local/lib/python3.12/site-packages/airflow/example_dags/tutorial_objectstorage.py took 0.069 seconds
[2025-01-01T21:51:47.377+0000] {processor.py:186} INFO - Started process (PID=481) to work on /home/airflow/.local/lib/python3.12/site-packages/airflow/example_dags/tutorial_objectstorage.py
[2025-01-01T21:51:47.378+0000] {processor.py:914} INFO - Processing file /home/airflow/.local/lib/python3.12/site-packages/airflow/example_dags/tutorial_objectstorage.py for tasks to queue
[2025-01-01T21:51:47.380+0000] {logging_mixin.py:190} INFO - [2025-01-01T21:51:47.380+0000] {dagbag.py:588} INFO - Filling up the DagBag from /home/airflow/.local/lib/python3.12/site-packages/airflow/example_dags/tutorial_objectstorage.py
[2025-01-01T21:51:47.389+0000] {processor.py:925} INFO - DAG(s) 'tutorial_objectstorage' retrieved from /home/airflow/.local/lib/python3.12/site-packages/airflow/example_dags/tutorial_objectstorage.py
[2025-01-01T21:51:47.407+0000] {logging_mixin.py:190} INFO - [2025-01-01T21:51:47.407+0000] {dag.py:3239} INFO - Sync 1 DAGs
[2025-01-01T21:51:47.421+0000] {logging_mixin.py:190} INFO - [2025-01-01T21:51:47.421+0000] {dag.py:4180} INFO - Setting next_dagrun for tutorial_objectstorage to None, run_after=None
[2025-01-01T21:51:47.438+0000] {processor.py:208} INFO - Processing /home/airflow/.local/lib/python3.12/site-packages/airflow/example_dags/tutorial_objectstorage.py took 0.068 seconds
[2025-01-01T21:52:17.873+0000] {processor.py:186} INFO - Started process (PID=544) to work on /home/airflow/.local/lib/python3.12/site-packages/airflow/example_dags/tutorial_objectstorage.py
[2025-01-01T21:52:17.874+0000] {processor.py:914} INFO - Processing file /home/airflow/.local/lib/python3.12/site-packages/airflow/example_dags/tutorial_objectstorage.py for tasks to queue
[2025-01-01T21:52:17.878+0000] {logging_mixin.py:190} INFO - [2025-01-01T21:52:17.877+0000] {dagbag.py:588} INFO - Filling up the DagBag from /home/airflow/.local/lib/python3.12/site-packages/airflow/example_dags/tutorial_objectstorage.py
[2025-01-01T21:52:17.887+0000] {processor.py:925} INFO - DAG(s) 'tutorial_objectstorage' retrieved from /home/airflow/.local/lib/python3.12/site-packages/airflow/example_dags/tutorial_objectstorage.py
[2025-01-01T21:52:17.906+0000] {logging_mixin.py:190} INFO - [2025-01-01T21:52:17.905+0000] {dag.py:3239} INFO - Sync 1 DAGs
[2025-01-01T21:52:17.920+0000] {logging_mixin.py:190} INFO - [2025-01-01T21:52:17.919+0000] {dag.py:4180} INFO - Setting next_dagrun for tutorial_objectstorage to None, run_after=None
[2025-01-01T21:52:17.940+0000] {processor.py:208} INFO - Processing /home/airflow/.local/lib/python3.12/site-packages/airflow/example_dags/tutorial_objectstorage.py took 0.075 seconds
[2025-01-01T21:52:48.614+0000] {processor.py:186} INFO - Started process (PID=607) to work on /home/airflow/.local/lib/python3.12/site-packages/airflow/example_dags/tutorial_objectstorage.py
[2025-01-01T21:52:48.615+0000] {processor.py:914} INFO - Processing file /home/airflow/.local/lib/python3.12/site-packages/airflow/example_dags/tutorial_objectstorage.py for tasks to queue
[2025-01-01T21:52:48.617+0000] {logging_mixin.py:190} INFO - [2025-01-01T21:52:48.617+0000] {dagbag.py:588} INFO - Filling up the DagBag from /home/airflow/.local/lib/python3.12/site-packages/airflow/example_dags/tutorial_objectstorage.py
[2025-01-01T21:52:48.626+0000] {processor.py:925} INFO - DAG(s) 'tutorial_objectstorage' retrieved from /home/airflow/.local/lib/python3.12/site-packages/airflow/example_dags/tutorial_objectstorage.py
[2025-01-01T21:52:48.646+0000] {logging_mixin.py:190} INFO - [2025-01-01T21:52:48.646+0000] {dag.py:3239} INFO - Sync 1 DAGs
[2025-01-01T21:52:48.661+0000] {logging_mixin.py:190} INFO - [2025-01-01T21:52:48.661+0000] {dag.py:4180} INFO - Setting next_dagrun for tutorial_objectstorage to None, run_after=None
[2025-01-01T21:52:48.681+0000] {processor.py:208} INFO - Processing /home/airflow/.local/lib/python3.12/site-packages/airflow/example_dags/tutorial_objectstorage.py took 0.072 seconds
[2025-01-01T21:53:19.264+0000] {processor.py:186} INFO - Started process (PID=670) to work on /home/airflow/.local/lib/python3.12/site-packages/airflow/example_dags/tutorial_objectstorage.py
[2025-01-01T21:53:19.264+0000] {processor.py:914} INFO - Processing file /home/airflow/.local/lib/python3.12/site-packages/airflow/example_dags/tutorial_objectstorage.py for tasks to queue
[2025-01-01T21:53:19.266+0000] {logging_mixin.py:190} INFO - [2025-01-01T21:53:19.266+0000] {dagbag.py:588} INFO - Filling up the DagBag from /home/airflow/.local/lib/python3.12/site-packages/airflow/example_dags/tutorial_objectstorage.py
[2025-01-01T21:53:19.274+0000] {processor.py:925} INFO - DAG(s) 'tutorial_objectstorage' retrieved from /home/airflow/.local/lib/python3.12/site-packages/airflow/example_dags/tutorial_objectstorage.py
[2025-01-01T21:53:19.290+0000] {logging_mixin.py:190} INFO - [2025-01-01T21:53:19.290+0000] {dag.py:3239} INFO - Sync 1 DAGs
[2025-01-01T21:53:19.303+0000] {logging_mixin.py:190} INFO - [2025-01-01T21:53:19.303+0000] {dag.py:4180} INFO - Setting next_dagrun for tutorial_objectstorage to None, run_after=None
[2025-01-01T21:53:19.320+0000] {processor.py:208} INFO - Processing /home/airflow/.local/lib/python3.12/site-packages/airflow/example_dags/tutorial_objectstorage.py took 0.061 seconds
[2025-01-01T21:53:50.555+0000] {processor.py:186} INFO - Started process (PID=733) to work on /home/airflow/.local/lib/python3.12/site-packages/airflow/example_dags/tutorial_objectstorage.py
[2025-01-01T21:53:50.557+0000] {processor.py:914} INFO - Processing file /home/airflow/.local/lib/python3.12/site-packages/airflow/example_dags/tutorial_objectstorage.py for tasks to queue
[2025-01-01T21:53:50.559+0000] {logging_mixin.py:190} INFO - [2025-01-01T21:53:50.559+0000] {dagbag.py:588} INFO - Filling up the DagBag from /home/airflow/.local/lib/python3.12/site-packages/airflow/example_dags/tutorial_objectstorage.py
[2025-01-01T21:53:50.570+0000] {processor.py:925} INFO - DAG(s) 'tutorial_objectstorage' retrieved from /home/airflow/.local/lib/python3.12/site-packages/airflow/example_dags/tutorial_objectstorage.py
[2025-01-01T21:53:50.589+0000] {logging_mixin.py:190} INFO - [2025-01-01T21:53:50.589+0000] {dag.py:3239} INFO - Sync 1 DAGs
[2025-01-01T21:53:50.604+0000] {logging_mixin.py:190} INFO - [2025-01-01T21:53:50.604+0000] {dag.py:4180} INFO - Setting next_dagrun for tutorial_objectstorage to None, run_after=None
[2025-01-01T21:53:50.625+0000] {processor.py:208} INFO - Processing /home/airflow/.local/lib/python3.12/site-packages/airflow/example_dags/tutorial_objectstorage.py took 0.076 seconds
[2025-01-01T21:54:21.729+0000] {processor.py:186} INFO - Started process (PID=796) to work on /home/airflow/.local/lib/python3.12/site-packages/airflow/example_dags/tutorial_objectstorage.py
[2025-01-01T21:54:21.730+0000] {processor.py:914} INFO - Processing file /home/airflow/.local/lib/python3.12/site-packages/airflow/example_dags/tutorial_objectstorage.py for tasks to queue
[2025-01-01T21:54:21.732+0000] {logging_mixin.py:190} INFO - [2025-01-01T21:54:21.731+0000] {dagbag.py:588} INFO - Filling up the DagBag from /home/airflow/.local/lib/python3.12/site-packages/airflow/example_dags/tutorial_objectstorage.py
[2025-01-01T21:54:21.740+0000] {processor.py:925} INFO - DAG(s) 'tutorial_objectstorage' retrieved from /home/airflow/.local/lib/python3.12/site-packages/airflow/example_dags/tutorial_objectstorage.py
[2025-01-01T21:54:21.758+0000] {logging_mixin.py:190} INFO - [2025-01-01T21:54:21.758+0000] {dag.py:3239} INFO - Sync 1 DAGs
[2025-01-01T21:54:21.773+0000] {logging_mixin.py:190} INFO - [2025-01-01T21:54:21.773+0000] {dag.py:4180} INFO - Setting next_dagrun for tutorial_objectstorage to None, run_after=None
[2025-01-01T21:54:21.797+0000] {processor.py:208} INFO - Processing /home/airflow/.local/lib/python3.12/site-packages/airflow/example_dags/tutorial_objectstorage.py took 0.073 seconds
[2025-01-01T21:54:53.291+0000] {processor.py:186} INFO - Started process (PID=860) to work on /home/airflow/.local/lib/python3.12/site-packages/airflow/example_dags/tutorial_objectstorage.py
[2025-01-01T21:54:53.292+0000] {processor.py:914} INFO - Processing file /home/airflow/.local/lib/python3.12/site-packages/airflow/example_dags/tutorial_objectstorage.py for tasks to queue
[2025-01-01T21:54:53.294+0000] {logging_mixin.py:190} INFO - [2025-01-01T21:54:53.293+0000] {dagbag.py:588} INFO - Filling up the DagBag from /home/airflow/.local/lib/python3.12/site-packages/airflow/example_dags/tutorial_objectstorage.py
[2025-01-01T21:54:53.301+0000] {processor.py:925} INFO - DAG(s) 'tutorial_objectstorage' retrieved from /home/airflow/.local/lib/python3.12/site-packages/airflow/example_dags/tutorial_objectstorage.py
[2025-01-01T21:54:53.320+0000] {logging_mixin.py:190} INFO - [2025-01-01T21:54:53.319+0000] {dag.py:3239} INFO - Sync 1 DAGs
[2025-01-01T21:54:53.332+0000] {logging_mixin.py:190} INFO - [2025-01-01T21:54:53.332+0000] {dag.py:4180} INFO - Setting next_dagrun for tutorial_objectstorage to None, run_after=None
[2025-01-01T21:54:53.349+0000] {processor.py:208} INFO - Processing /home/airflow/.local/lib/python3.12/site-packages/airflow/example_dags/tutorial_objectstorage.py took 0.063 seconds
[2025-01-01T21:55:24.626+0000] {processor.py:186} INFO - Started process (PID=923) to work on /home/airflow/.local/lib/python3.12/site-packages/airflow/example_dags/tutorial_objectstorage.py
[2025-01-01T21:55:24.627+0000] {processor.py:914} INFO - Processing file /home/airflow/.local/lib/python3.12/site-packages/airflow/example_dags/tutorial_objectstorage.py for tasks to queue
[2025-01-01T21:55:24.629+0000] {logging_mixin.py:190} INFO - [2025-01-01T21:55:24.628+0000] {dagbag.py:588} INFO - Filling up the DagBag from /home/airflow/.local/lib/python3.12/site-packages/airflow/example_dags/tutorial_objectstorage.py
[2025-01-01T21:55:24.636+0000] {processor.py:925} INFO - DAG(s) 'tutorial_objectstorage' retrieved from /home/airflow/.local/lib/python3.12/site-packages/airflow/example_dags/tutorial_objectstorage.py
[2025-01-01T21:55:24.654+0000] {logging_mixin.py:190} INFO - [2025-01-01T21:55:24.654+0000] {dag.py:3239} INFO - Sync 1 DAGs
[2025-01-01T21:55:24.667+0000] {logging_mixin.py:190} INFO - [2025-01-01T21:55:24.667+0000] {dag.py:4180} INFO - Setting next_dagrun for tutorial_objectstorage to None, run_after=None
[2025-01-01T21:55:24.684+0000] {processor.py:208} INFO - Processing /home/airflow/.local/lib/python3.12/site-packages/airflow/example_dags/tutorial_objectstorage.py took 0.063 seconds
[2025-01-01T21:55:55.790+0000] {processor.py:186} INFO - Started process (PID=985) to work on /home/airflow/.local/lib/python3.12/site-packages/airflow/example_dags/tutorial_objectstorage.py
[2025-01-01T21:55:55.792+0000] {processor.py:914} INFO - Processing file /home/airflow/.local/lib/python3.12/site-packages/airflow/example_dags/tutorial_objectstorage.py for tasks to queue
[2025-01-01T21:55:55.798+0000] {logging_mixin.py:190} INFO - [2025-01-01T21:55:55.798+0000] {dagbag.py:588} INFO - Filling up the DagBag from /home/airflow/.local/lib/python3.12/site-packages/airflow/example_dags/tutorial_objectstorage.py
[2025-01-01T21:55:55.808+0000] {processor.py:925} INFO - DAG(s) 'tutorial_objectstorage' retrieved from /home/airflow/.local/lib/python3.12/site-packages/airflow/example_dags/tutorial_objectstorage.py
[2025-01-01T21:55:55.830+0000] {logging_mixin.py:190} INFO - [2025-01-01T21:55:55.830+0000] {dag.py:3239} INFO - Sync 1 DAGs
[2025-01-01T21:55:55.844+0000] {logging_mixin.py:190} INFO - [2025-01-01T21:55:55.844+0000] {dag.py:4180} INFO - Setting next_dagrun for tutorial_objectstorage to None, run_after=None
[2025-01-01T21:55:55.861+0000] {processor.py:208} INFO - Processing /home/airflow/.local/lib/python3.12/site-packages/airflow/example_dags/tutorial_objectstorage.py took 0.079 seconds
[2025-01-01T21:56:27.058+0000] {processor.py:186} INFO - Started process (PID=1048) to work on /home/airflow/.local/lib/python3.12/site-packages/airflow/example_dags/tutorial_objectstorage.py
[2025-01-01T21:56:27.059+0000] {processor.py:914} INFO - Processing file /home/airflow/.local/lib/python3.12/site-packages/airflow/example_dags/tutorial_objectstorage.py for tasks to queue
[2025-01-01T21:56:27.061+0000] {logging_mixin.py:190} INFO - [2025-01-01T21:56:27.061+0000] {dagbag.py:588} INFO - Filling up the DagBag from /home/airflow/.local/lib/python3.12/site-packages/airflow/example_dags/tutorial_objectstorage.py
[2025-01-01T21:56:27.069+0000] {processor.py:925} INFO - DAG(s) 'tutorial_objectstorage' retrieved from /home/airflow/.local/lib/python3.12/site-packages/airflow/example_dags/tutorial_objectstorage.py
[2025-01-01T21:56:27.086+0000] {logging_mixin.py:190} INFO - [2025-01-01T21:56:27.086+0000] {dag.py:3239} INFO - Sync 1 DAGs
[2025-01-01T21:56:27.098+0000] {logging_mixin.py:190} INFO - [2025-01-01T21:56:27.098+0000] {dag.py:4180} INFO - Setting next_dagrun for tutorial_objectstorage to None, run_after=None
[2025-01-01T21:56:27.114+0000] {processor.py:208} INFO - Processing /home/airflow/.local/lib/python3.12/site-packages/airflow/example_dags/tutorial_objectstorage.py took 0.061 seconds
[2025-01-01T21:56:57.851+0000] {processor.py:186} INFO - Started process (PID=1111) to work on /home/airflow/.local/lib/python3.12/site-packages/airflow/example_dags/tutorial_objectstorage.py
[2025-01-01T21:56:57.852+0000] {processor.py:914} INFO - Processing file /home/airflow/.local/lib/python3.12/site-packages/airflow/example_dags/tutorial_objectstorage.py for tasks to queue
[2025-01-01T21:56:57.854+0000] {logging_mixin.py:190} INFO - [2025-01-01T21:56:57.854+0000] {dagbag.py:588} INFO - Filling up the DagBag from /home/airflow/.local/lib/python3.12/site-packages/airflow/example_dags/tutorial_objectstorage.py
[2025-01-01T21:56:57.866+0000] {processor.py:925} INFO - DAG(s) 'tutorial_objectstorage' retrieved from /home/airflow/.local/lib/python3.12/site-packages/airflow/example_dags/tutorial_objectstorage.py
[2025-01-01T21:56:57.883+0000] {logging_mixin.py:190} INFO - [2025-01-01T21:56:57.883+0000] {dag.py:3239} INFO - Sync 1 DAGs
[2025-01-01T21:56:57.897+0000] {logging_mixin.py:190} INFO - [2025-01-01T21:56:57.896+0000] {dag.py:4180} INFO - Setting next_dagrun for tutorial_objectstorage to None, run_after=None
[2025-01-01T21:56:57.915+0000] {processor.py:208} INFO - Processing /home/airflow/.local/lib/python3.12/site-packages/airflow/example_dags/tutorial_objectstorage.py took 0.070 seconds
[2025-01-01T21:57:28.721+0000] {processor.py:186} INFO - Started process (PID=1174) to work on /home/airflow/.local/lib/python3.12/site-packages/airflow/example_dags/tutorial_objectstorage.py
[2025-01-01T21:57:28.722+0000] {processor.py:914} INFO - Processing file /home/airflow/.local/lib/python3.12/site-packages/airflow/example_dags/tutorial_objectstorage.py for tasks to queue
[2025-01-01T21:57:28.725+0000] {logging_mixin.py:190} INFO - [2025-01-01T21:57:28.725+0000] {dagbag.py:588} INFO - Filling up the DagBag from /home/airflow/.local/lib/python3.12/site-packages/airflow/example_dags/tutorial_objectstorage.py
[2025-01-01T21:57:28.733+0000] {processor.py:925} INFO - DAG(s) 'tutorial_objectstorage' retrieved from /home/airflow/.local/lib/python3.12/site-packages/airflow/example_dags/tutorial_objectstorage.py
[2025-01-01T21:57:28.752+0000] {logging_mixin.py:190} INFO - [2025-01-01T21:57:28.751+0000] {dag.py:3239} INFO - Sync 1 DAGs
[2025-01-01T21:57:28.765+0000] {logging_mixin.py:190} INFO - [2025-01-01T21:57:28.765+0000] {dag.py:4180} INFO - Setting next_dagrun for tutorial_objectstorage to None, run_after=None
[2025-01-01T21:57:28.781+0000] {processor.py:208} INFO - Processing /home/airflow/.local/lib/python3.12/site-packages/airflow/example_dags/tutorial_objectstorage.py took 0.065 seconds
[2025-01-01T21:57:59.405+0000] {processor.py:186} INFO - Started process (PID=1237) to work on /home/airflow/.local/lib/python3.12/site-packages/airflow/example_dags/tutorial_objectstorage.py
[2025-01-01T21:57:59.406+0000] {processor.py:914} INFO - Processing file /home/airflow/.local/lib/python3.12/site-packages/airflow/example_dags/tutorial_objectstorage.py for tasks to queue
[2025-01-01T21:57:59.408+0000] {logging_mixin.py:190} INFO - [2025-01-01T21:57:59.407+0000] {dagbag.py:588} INFO - Filling up the DagBag from /home/airflow/.local/lib/python3.12/site-packages/airflow/example_dags/tutorial_objectstorage.py
[2025-01-01T21:57:59.416+0000] {processor.py:925} INFO - DAG(s) 'tutorial_objectstorage' retrieved from /home/airflow/.local/lib/python3.12/site-packages/airflow/example_dags/tutorial_objectstorage.py
[2025-01-01T21:57:59.432+0000] {logging_mixin.py:190} INFO - [2025-01-01T21:57:59.432+0000] {dag.py:3239} INFO - Sync 1 DAGs
[2025-01-01T21:57:59.445+0000] {logging_mixin.py:190} INFO - [2025-01-01T21:57:59.445+0000] {dag.py:4180} INFO - Setting next_dagrun for tutorial_objectstorage to None, run_after=None
[2025-01-01T21:57:59.461+0000] {processor.py:208} INFO - Processing /home/airflow/.local/lib/python3.12/site-packages/airflow/example_dags/tutorial_objectstorage.py took 0.061 seconds
[2025-01-01T21:58:30.857+0000] {processor.py:186} INFO - Started process (PID=1300) to work on /home/airflow/.local/lib/python3.12/site-packages/airflow/example_dags/tutorial_objectstorage.py
[2025-01-01T21:58:30.858+0000] {processor.py:914} INFO - Processing file /home/airflow/.local/lib/python3.12/site-packages/airflow/example_dags/tutorial_objectstorage.py for tasks to queue
[2025-01-01T21:58:30.860+0000] {logging_mixin.py:190} INFO - [2025-01-01T21:58:30.860+0000] {dagbag.py:588} INFO - Filling up the DagBag from /home/airflow/.local/lib/python3.12/site-packages/airflow/example_dags/tutorial_objectstorage.py
[2025-01-01T21:58:30.871+0000] {processor.py:925} INFO - DAG(s) 'tutorial_objectstorage' retrieved from /home/airflow/.local/lib/python3.12/site-packages/airflow/example_dags/tutorial_objectstorage.py
[2025-01-01T21:58:30.895+0000] {logging_mixin.py:190} INFO - [2025-01-01T21:58:30.895+0000] {dag.py:3239} INFO - Sync 1 DAGs
[2025-01-01T21:58:30.911+0000] {logging_mixin.py:190} INFO - [2025-01-01T21:58:30.911+0000] {dag.py:4180} INFO - Setting next_dagrun for tutorial_objectstorage to None, run_after=None
[2025-01-01T21:58:30.928+0000] {processor.py:208} INFO - Processing /home/airflow/.local/lib/python3.12/site-packages/airflow/example_dags/tutorial_objectstorage.py took 0.078 seconds
[2025-01-01T21:59:01.784+0000] {processor.py:186} INFO - Started process (PID=1363) to work on /home/airflow/.local/lib/python3.12/site-packages/airflow/example_dags/tutorial_objectstorage.py
[2025-01-01T21:59:01.784+0000] {processor.py:914} INFO - Processing file /home/airflow/.local/lib/python3.12/site-packages/airflow/example_dags/tutorial_objectstorage.py for tasks to queue
[2025-01-01T21:59:01.786+0000] {logging_mixin.py:190} INFO - [2025-01-01T21:59:01.786+0000] {dagbag.py:588} INFO - Filling up the DagBag from /home/airflow/.local/lib/python3.12/site-packages/airflow/example_dags/tutorial_objectstorage.py
[2025-01-01T21:59:01.794+0000] {processor.py:925} INFO - DAG(s) 'tutorial_objectstorage' retrieved from /home/airflow/.local/lib/python3.12/site-packages/airflow/example_dags/tutorial_objectstorage.py
[2025-01-01T21:59:01.811+0000] {logging_mixin.py:190} INFO - [2025-01-01T21:59:01.811+0000] {dag.py:3239} INFO - Sync 1 DAGs
[2025-01-01T21:59:01.825+0000] {logging_mixin.py:190} INFO - [2025-01-01T21:59:01.825+0000] {dag.py:4180} INFO - Setting next_dagrun for tutorial_objectstorage to None, run_after=None
[2025-01-01T21:59:01.842+0000] {processor.py:208} INFO - Processing /home/airflow/.local/lib/python3.12/site-packages/airflow/example_dags/tutorial_objectstorage.py took 0.064 seconds
