2024-10-23 18:44:15,540 - INFO - Database connection established successfully.
2024-10-23 18:44:16,225 - ERROR - Error during transaction: (psycopg.errors.UndefinedColumn) column "Workout1ID" does not exist
LINE 1: Select "Workout1ID" from lift."DimWorkouts" where "Workout1C...
               ^
HINT:  Perhaps you meant to reference the column "DimWorkouts.WorkoutID".
[SQL: Select "Workout1ID" from lift."DimWorkouts" where "Workout1Code" = %(codeValue)s]
[parameters: {'codeValue': 1}]
(Background on this error at: https://sqlalche.me/e/20/f405)
2024-10-23 18:51:36,394 - INFO - Database connection established successfully.
2024-10-23 18:51:36,998 - INFO - FK Values Set.
2024-10-23 18:51:37,054 - ERROR - Error during transaction: (psycopg.errors.UndefinedColumn) column "Workout1Code" does not exist
LINE 1: Select "WorkoutID" from lift."DimWorkouts" where "Workout1Co...
                                                         ^
HINT:  Perhaps you meant to reference the column "DimWorkouts.WorkoutCode".
[SQL: Select "WorkoutID" from lift."DimWorkouts" where "Workout1Code" = %(codeValue)s]
[parameters: {'codeValue': 1}]
(Background on this error at: https://sqlalche.me/e/20/f405)
2024-10-23 18:54:12,432 - INFO - Database connection established successfully.
2024-10-23 18:54:13,050 - INFO - FK Values Set.
2024-10-23 18:54:13,227 - ERROR - Error during transaction: (psycopg.errors.NumericValueOutOfRange) integer out of range
[SQL: INSERT INTO lift."DimWorkouts" ("WorkoutCode", "MovementID") VALUES (%(codeValue)s, %(MovementID)s) RETURNING "WorkoutID"]
[parameters: {'codeValue': nan, 'MovementID': 0}]
(Background on this error at: https://sqlalche.me/e/20/9h9h)
2024-10-23 18:58:08,286 - INFO - Database connection established successfully.
2024-10-23 18:58:08,876 - INFO - FK Values Set.
2024-10-23 18:58:09,057 - INFO - IDs created / retrieved.
2024-10-23 18:58:09,058 - INFO - Inserting data for index 0: {'workout1ID': 124, 'workout2ID': 123, 'workout3ID': 121, 'workout4ID': 125, 'workout5ID': 122, 'workout6ID': 0, 'workout7ID': 0, 'routineName': 'Full Body 1.1', 'startdate': datetime.date(2024, 6, 9), 'enddate': datetime.date(2024, 6, 19)}
2024-10-23 18:58:09,121 - ERROR - Error during transaction: (psycopg.errors.SyntaxError) syntax error at or near ","
LINE 2:                                 SET "RoutineName" = ,
                                                            ^
[SQL: UPDATE lift."DimRoutines" 
                                SET "RoutineName" = ,
                                "Workout1ID" = %(workout1ID)s,
                                "Workout2ID" = %(workout2ID)s,
                                "Workout3ID" = %(workout3ID)s,
                                "Workout4ID" = %(workout4ID)s,
                                "Workout5ID" = %(workout5ID)s,
                                "Workout6ID" = %(workout6ID)s,
                                "Workout7ID" = %(workout7ID)s,
                                "StartDate" = %(startdate)s,
                                "EndDate" = %(enddate)s
                                WHERE "RoutineCode" = row['RoutineCode']
            ]
[parameters: {'workout1ID': 124, 'workout2ID': 123, 'workout3ID': 121, 'workout4ID': 125, 'workout5ID': 122, 'workout6ID': 0, 'workout7ID': 0, 'startdate': datetime.date(2024, 6, 9), 'enddate': datetime.date(2024, 6, 19)}]
(Background on this error at: https://sqlalche.me/e/20/f405)
2024-10-23 18:59:20,089 - INFO - Database connection established successfully.
2024-10-23 18:59:20,711 - INFO - FK Values Set.
2024-10-23 18:59:20,883 - INFO - IDs created / retrieved.
2024-10-23 18:59:20,883 - INFO - Inserting data for index 0: {'workout1ID': 124, 'workout2ID': 123, 'workout3ID': 121, 'workout4ID': 125, 'workout5ID': 122, 'workout6ID': 0, 'workout7ID': 0, 'routineName': 'Full Body 1.1', 'startdate': datetime.date(2024, 6, 9), 'enddate': datetime.date(2024, 6, 19)}
2024-10-23 18:59:20,940 - ERROR - Error during transaction: (psycopg.errors.UndefinedColumn) column "row" does not exist
LINE 12: ...                            WHERE "RoutineCode" = row['Routi...
                                                              ^
[SQL: UPDATE lift."DimRoutines" 
                                SET "RoutineName" = %(routineName)s,
                                "Workout1ID" = %(workout1ID)s,
                                "Workout2ID" = %(workout2ID)s,
                                "Workout3ID" = %(workout3ID)s,
                                "Workout4ID" = %(workout4ID)s,
                                "Workout5ID" = %(workout5ID)s,
                                "Workout6ID" = %(workout6ID)s,
                                "Workout7ID" = %(workout7ID)s,
                                "StartDate" = %(startdate)s,
                                "EndDate" = %(enddate)s
                                WHERE "RoutineCode" = row['RoutineCode']
            ]
[parameters: {'routineName': 'Full Body 1.1', 'workout1ID': 124, 'workout2ID': 123, 'workout3ID': 121, 'workout4ID': 125, 'workout5ID': 122, 'workout6ID': 0, 'workout7ID': 0, 'startdate': datetime.date(2024, 6, 9), 'enddate': datetime.date(2024, 6, 19)}]
(Background on this error at: https://sqlalche.me/e/20/f405)
2024-10-23 19:04:16,391 - INFO - Database connection established successfully.
2024-10-23 19:04:16,973 - INFO - FK Values Set.
2024-10-23 19:04:17,136 - INFO - IDs created / retrieved.
2024-10-23 19:04:17,137 - INFO - Inserting data for index 0: {'workout1ID': 124, 'workout2ID': 123, 'workout3ID': 121, 'workout4ID': 125, 'workout5ID': 122, 'workout6ID': 0, 'workout7ID': 0, 'routineName': 'Full Body 1.1', 'startdate': datetime.date(2024, 6, 9), 'enddate': datetime.date(2024, 6, 19), 'routineCode': 1}
2024-10-23 19:04:17,159 - INFO - FK Values Set.
2024-10-23 19:04:17,289 - INFO - IDs created / retrieved.
2024-10-23 19:04:17,290 - INFO - Inserting data for index 1: {'workout1ID': 124, 'workout2ID': 123, 'workout3ID': 121, 'workout4ID': 129, 'workout5ID': 122, 'workout6ID': 0, 'workout7ID': 0, 'routineName': 'Full Body 1.2', 'startdate': datetime.date(2024, 6, 20), 'enddate': datetime.date(2024, 6, 20), 'routineCode': 2}
2024-10-23 19:04:17,311 - INFO - FK Values Set.
2024-10-23 19:04:17,437 - INFO - IDs created / retrieved.
2024-10-23 19:04:17,437 - INFO - Inserting data for index 2: {'workout1ID': 124, 'workout2ID': 123, 'workout3ID': 121, 'workout4ID': 129, 'workout5ID': 126, 'workout6ID': 0, 'workout7ID': 0, 'routineName': 'Full Body 1.3', 'startdate': datetime.date(2024, 6, 21), 'enddate': datetime.date(2024, 7, 14), 'routineCode': 3}
2024-10-23 19:04:17,455 - INFO - FK Values Set.
2024-10-23 19:04:17,585 - INFO - IDs created / retrieved.
2024-10-23 19:04:17,585 - INFO - Inserting data for index 3: {'workout1ID': 128, 'workout2ID': 123, 'workout3ID': 121, 'workout4ID': 129, 'workout5ID': 126, 'workout6ID': 0, 'workout7ID': 0, 'routineName': 'Full Body 1.4', 'startdate': datetime.date(2024, 7, 15), 'enddate': datetime.date(2024, 7, 24), 'routineCode': 4}
2024-10-23 19:04:17,604 - INFO - FK Values Set.
2024-10-23 19:04:17,733 - INFO - IDs created / retrieved.
2024-10-23 19:04:17,733 - INFO - Inserting data for index 4: {'workout1ID': 128, 'workout2ID': 130, 'workout3ID': 121, 'workout4ID': 129, 'workout5ID': 126, 'workout6ID': 0, 'workout7ID': 0, 'routineName': 'Full Body 1.5', 'startdate': datetime.date(2024, 7, 25), 'enddate': datetime.date(2024, 8, 15), 'routineCode': 5}
2024-10-23 19:04:17,752 - INFO - FK Values Set.
2024-10-23 19:04:17,883 - INFO - IDs created / retrieved.
2024-10-23 19:04:17,883 - INFO - Inserting data for index 5: {'workout1ID': 128, 'workout2ID': 130, 'workout3ID': 127, 'workout4ID': 129, 'workout5ID': 126, 'workout6ID': 0, 'workout7ID': 0, 'routineName': 'Full Body 1.6', 'startdate': datetime.date(2024, 8, 16), 'enddate': datetime.date(1900, 1, 1), 'routineCode': 6}
2024-10-28 19:31:26,230 - INFO - Database connection established successfully.
2024-10-28 19:31:26,846 - INFO - FK Values Set.
2024-10-28 19:31:27,011 - INFO - IDs created / retrieved.
2024-10-28 19:31:27,011 - INFO - Inserting data for index 0: {'workout1ID': 148, 'workout2ID': 144, 'workout3ID': 132, 'workout4ID': 154, 'workout5ID': 139, 'workout6ID': 131, 'workout7ID': 131, 'routineName': 'Full Body 1.1', 'startdate': datetime.date(2024, 6, 9), 'enddate': datetime.date(2024, 6, 19), 'routineCode': 1}
2024-10-28 19:31:27,032 - INFO - FK Values Set.
2024-10-28 19:31:27,159 - INFO - IDs created / retrieved.
2024-10-28 19:31:27,160 - INFO - Inserting data for index 1: {'workout1ID': 148, 'workout2ID': 144, 'workout3ID': 132, 'workout4ID': 182, 'workout5ID': 139, 'workout6ID': 131, 'workout7ID': 131, 'routineName': 'Full Body 1.2', 'startdate': datetime.date(2024, 6, 20), 'enddate': datetime.date(2024, 6, 20), 'routineCode': 2}
2024-10-28 19:31:27,178 - INFO - FK Values Set.
2024-10-28 19:31:27,307 - INFO - IDs created / retrieved.
2024-10-28 19:31:27,307 - INFO - Inserting data for index 2: {'workout1ID': 148, 'workout2ID': 144, 'workout3ID': 132, 'workout4ID': 182, 'workout5ID': 162, 'workout6ID': 131, 'workout7ID': 131, 'routineName': 'Full Body 1.3', 'startdate': datetime.date(2024, 6, 21), 'enddate': datetime.date(2024, 7, 14), 'routineCode': 3}
2024-10-28 19:31:27,327 - INFO - FK Values Set.
2024-10-28 19:31:27,466 - INFO - IDs created / retrieved.
2024-10-28 19:31:27,466 - INFO - Inserting data for index 3: {'workout1ID': 175, 'workout2ID': 144, 'workout3ID': 132, 'workout4ID': 182, 'workout5ID': 162, 'workout6ID': 131, 'workout7ID': 131, 'routineName': 'Full Body 1.4', 'startdate': datetime.date(2024, 7, 15), 'enddate': datetime.date(2024, 7, 24), 'routineCode': 4}
2024-10-28 19:31:27,485 - INFO - FK Values Set.
2024-10-28 19:31:27,621 - INFO - IDs created / retrieved.
2024-10-28 19:31:27,621 - INFO - Inserting data for index 4: {'workout1ID': 175, 'workout2ID': 187, 'workout3ID': 132, 'workout4ID': 182, 'workout5ID': 162, 'workout6ID': 131, 'workout7ID': 131, 'routineName': 'Full Body 1.5', 'startdate': datetime.date(2024, 7, 25), 'enddate': datetime.date(2024, 8, 15), 'routineCode': 5}
2024-10-28 19:31:27,639 - INFO - FK Values Set.
2024-10-28 19:31:27,778 - INFO - IDs created / retrieved.
2024-10-28 19:31:27,779 - INFO - Inserting data for index 5: {'workout1ID': 175, 'workout2ID': 187, 'workout3ID': 167, 'workout4ID': 182, 'workout5ID': 162, 'workout6ID': 131, 'workout7ID': 131, 'routineName': 'Full Body 1.6', 'startdate': datetime.date(2024, 8, 16), 'enddate': datetime.date(1900, 1, 1), 'routineCode': 6}
