2024-10-23 19:10:44,778 - INFO - Database connection established successfully.
2024-10-23 19:10:45,361 - INFO - Inserting data for index 0: {'WorkoutName': 'Placeholder - Chest 1.1', 'MovementName': 'Placeholder', 'MovementSequence': 999, 'IsSuperSet': False, 'StartDate': datetime.date(1900, 1, 1), 'EndDate': datetime.date(1900, 1, 1), 'WorkoutCode': 1}
2024-10-23 19:10:45,361 - INFO - Inserting data for index 1: {'WorkoutName': 'Chest 1.1', 'MovementName': 'Bench Press', 'MovementSequence': 1, 'IsSuperSet': False, 'StartDate': datetime.date(2024, 6, 9), 'EndDate': datetime.date(2024, 7, 15), 'WorkoutCode': 1}
2024-10-23 19:10:45,362 - INFO - Inserting data for index 2: {'WorkoutName': 'Chest 1.1', 'MovementName': 'Pec dec', 'MovementSequence': 2, 'IsSuperSet': False, 'StartDate': datetime.date(2024, 6, 9), 'EndDate': datetime.date(2024, 7, 15), 'WorkoutCode': 1}
2024-10-23 19:10:45,362 - INFO - Inserting data for index 3: {'WorkoutName': 'Chest 1.1', 'MovementName': 'DB RDLs', 'MovementSequence': 3, 'IsSuperSet': False, 'StartDate': datetime.date(2024, 6, 9), 'EndDate': datetime.date(2024, 7, 15), 'WorkoutCode': 1}
2024-10-23 19:10:45,362 - INFO - Inserting data for index 4: {'WorkoutName': 'Chest 1.1', 'MovementName': 'Lat Pulldowns', 'MovementSequence': 4, 'IsSuperSet': False, 'StartDate': datetime.date(2024, 6, 9), 'EndDate': datetime.date(2024, 7, 15), 'WorkoutCode': 1}
2024-10-23 19:10:45,362 - INFO - Inserting data for index 5: {'WorkoutName': 'Chest 1.1', 'MovementName': 'Tricep Pushdown Cable', 'MovementSequence': 5, 'IsSuperSet': False, 'StartDate': datetime.date(2024, 6, 9), 'EndDate': datetime.date(2024, 7, 15), 'WorkoutCode': 1}
2024-10-23 19:10:45,362 - INFO - Inserting data for index 6: {'WorkoutName': 'Chest 1.1', 'MovementName': 'Barbell Shrugs', 'MovementSequence': 6, 'IsSuperSet': False, 'StartDate': datetime.date(2024, 6, 9), 'EndDate': datetime.date(2024, 7, 15), 'WorkoutCode': 1}
2024-10-23 19:10:45,363 - INFO - Inserting data for index 7: {'WorkoutName': 'Chest 1.2', 'MovementName': 'Bench Press', 'MovementSequence': 1, 'IsSuperSet': False, 'StartDate': datetime.date(2024, 7, 22), 'EndDate': datetime.date(1900, 1, 1), 'WorkoutCode': 2}
2024-10-23 19:10:45,363 - INFO - Inserting data for index 8: {'WorkoutName': 'Chest 1.2', 'MovementName': 'Pec dec', 'MovementSequence': 2, 'IsSuperSet': False, 'StartDate': datetime.date(2024, 7, 22), 'EndDate': datetime.date(1900, 1, 1), 'WorkoutCode': 2}
2024-10-23 19:10:45,363 - INFO - Inserting data for index 9: {'WorkoutName': 'Chest 1.2', 'MovementName': 'DB RDLs', 'MovementSequence': 3, 'IsSuperSet': False, 'StartDate': datetime.date(2024, 7, 22), 'EndDate': datetime.date(1900, 1, 1), 'WorkoutCode': 2}
2024-10-23 19:10:45,363 - INFO - Inserting data for index 10: {'WorkoutName': 'Chest 1.2', 'MovementName': 'Lat Pulldowns', 'MovementSequence': 4, 'IsSuperSet': False, 'StartDate': datetime.date(2024, 7, 22), 'EndDate': datetime.date(1900, 1, 1), 'WorkoutCode': 2}
2024-10-23 19:10:45,363 - INFO - Inserting data for index 11: {'WorkoutName': 'Chest 1.2', 'MovementName': 'Tricep Pushdown Cable', 'MovementSequence': 5, 'IsSuperSet': False, 'StartDate': datetime.date(2024, 7, 22), 'EndDate': datetime.date(1900, 1, 1), 'WorkoutCode': 2}
2024-10-23 19:10:45,363 - INFO - Inserting data for index 12: {'WorkoutName': 'Chest 1.2', 'MovementName': 'DB Shrugs', 'MovementSequence': 6, 'IsSuperSet': False, 'StartDate': datetime.date(2024, 7, 22), 'EndDate': datetime.date(1900, 1, 1), 'WorkoutCode': 2}
2024-10-23 19:10:45,364 - INFO - Inserting data for index 13: {'WorkoutName': 'Chest 2.1', 'MovementName': 'Bench Press', 'MovementSequence': 1, 'IsSuperSet': False, 'StartDate': datetime.date(2024, 6, 9), 'EndDate': datetime.date(1900, 1, 1), 'WorkoutCode': 3}
2024-10-23 19:10:45,364 - INFO - Inserting data for index 14: {'WorkoutName': 'Chest 2.1', 'MovementName': 'Low to High Cable Flies', 'MovementSequence': 2, 'IsSuperSet': False, 'StartDate': datetime.date(2024, 6, 9), 'EndDate': datetime.date(2024, 8, 15), 'WorkoutCode': 3}
2024-10-23 19:10:45,364 - INFO - Inserting data for index 15: {'WorkoutName': 'Chest 2.1', 'MovementName': 'Leg Extension ', 'MovementSequence': 3, 'IsSuperSet': False, 'StartDate': datetime.date(2024, 6, 9), 'EndDate': datetime.date(2024, 8, 15), 'WorkoutCode': 3}
2024-10-23 19:10:45,364 - INFO - Inserting data for index 16: {'WorkoutName': 'Chest 2.1', 'MovementName': 'Close grip lat rows', 'MovementSequence': 4, 'IsSuperSet': False, 'StartDate': datetime.date(2024, 6, 9), 'EndDate': datetime.date(2024, 8, 15), 'WorkoutCode': 3}
2024-10-23 19:10:45,364 - INFO - Inserting data for index 17: {'WorkoutName': 'Chest 2.1', 'MovementName': 'Face pull', 'MovementSequence': 5, 'IsSuperSet': True, 'StartDate': datetime.date(2024, 6, 9), 'EndDate': datetime.date(2024, 8, 15), 'WorkoutCode': 3}
2024-10-23 19:10:45,364 - INFO - Inserting data for index 18: {'WorkoutName': 'Chest 2.1', 'MovementName': 'overhead tricep extension', 'MovementSequence': 6, 'IsSuperSet': True, 'StartDate': datetime.date(2024, 6, 9), 'EndDate': datetime.date(2024, 8, 15), 'WorkoutCode': 3}
2024-10-23 19:10:45,365 - INFO - Inserting data for index 19: {'WorkoutName': 'Chest 2.1', 'MovementName': 'egyptian lateral raise', 'MovementSequence': 7, 'IsSuperSet': False, 'StartDate': datetime.date(2024, 6, 9), 'EndDate': datetime.date(2024, 8, 15), 'WorkoutCode': 3}
2024-10-23 19:10:45,365 - INFO - Inserting data for index 20: {'WorkoutName': 'Chest 2.2', 'MovementName': 'Bench Press', 'MovementSequence': 1, 'IsSuperSet': False, 'StartDate': datetime.date(2024, 8, 16), 'EndDate': datetime.date(1900, 1, 1), 'WorkoutCode': 4}
2024-10-23 19:10:45,365 - INFO - Inserting data for index 21: {'WorkoutName': 'Chest 2.2', 'MovementName': 'Low to High Cable Flies', 'MovementSequence': 2, 'IsSuperSet': False, 'StartDate': datetime.date(2024, 8, 16), 'EndDate': datetime.date(1900, 1, 1), 'WorkoutCode': 4}
2024-10-23 19:10:45,365 - INFO - Inserting data for index 22: {'WorkoutName': 'Chest 2.2', 'MovementName': 'Leg Extension ', 'MovementSequence': 3, 'IsSuperSet': False, 'StartDate': datetime.date(2024, 8, 16), 'EndDate': datetime.date(1900, 1, 1), 'WorkoutCode': 4}
2024-10-23 19:10:45,365 - INFO - Inserting data for index 23: {'WorkoutName': 'Chest 2.2', 'MovementName': 'Close grip lat rows', 'MovementSequence': 4, 'IsSuperSet': False, 'StartDate': datetime.date(2024, 8, 16), 'EndDate': datetime.date(1900, 1, 1), 'WorkoutCode': 4}
2024-10-23 19:10:45,365 - INFO - Inserting data for index 24: {'WorkoutName': 'Chest 2.2', 'MovementName': 'Face pull', 'MovementSequence': 5, 'IsSuperSet': False, 'StartDate': datetime.date(2024, 8, 16), 'EndDate': datetime.date(1900, 1, 1), 'WorkoutCode': 4}
2024-10-23 19:10:45,365 - INFO - Inserting data for index 25: {'WorkoutName': 'Chest 2.2', 'MovementName': 'Tricep Rope Pushdown', 'MovementSequence': 6, 'IsSuperSet': False, 'StartDate': datetime.date(2024, 8, 16), 'EndDate': datetime.date(1900, 1, 1), 'WorkoutCode': 4}
2024-10-23 19:10:45,366 - INFO - Inserting data for index 26: {'WorkoutName': 'Chest 2.2', 'MovementName': 'egyptian lateral raise', 'MovementSequence': 7, 'IsSuperSet': False, 'StartDate': datetime.date(2024, 8, 16), 'EndDate': datetime.date(1900, 1, 1), 'WorkoutCode': 4}
2024-10-23 19:10:45,366 - INFO - Inserting data for index 27: {'WorkoutName': 'Chest 3.1', 'MovementName': 'Bench Press', 'MovementSequence': 1, 'IsSuperSet': False, 'StartDate': datetime.date(2024, 6, 9), 'EndDate': datetime.date(2024, 6, 20), 'WorkoutCode': 5}
2024-10-23 19:10:45,366 - INFO - Inserting data for index 28: {'WorkoutName': 'Chest 3.1', 'MovementName': 'DB OHP', 'MovementSequence': 2, 'IsSuperSet': False, 'StartDate': datetime.date(2024, 6, 9), 'EndDate': datetime.date(2024, 6, 20), 'WorkoutCode': 5}
2024-10-23 19:10:45,366 - INFO - Inserting data for index 29: {'WorkoutName': 'Chest 3.1', 'MovementName': 'DB Lat Raise', 'MovementSequence': 3, 'IsSuperSet': False, 'StartDate': datetime.date(2024, 6, 9), 'EndDate': datetime.date(2024, 6, 20), 'WorkoutCode': 5}
2024-10-23 19:10:45,366 - INFO - Inserting data for index 30: {'WorkoutName': 'Chest 3.1', 'MovementName': 'Seated Cable Row', 'MovementSequence': 4, 'IsSuperSet': False, 'StartDate': datetime.date(2024, 6, 9), 'EndDate': datetime.date(2024, 6, 20), 'WorkoutCode': 5}
2024-10-23 19:10:45,366 - INFO - Inserting data for index 31: {'WorkoutName': 'Chest 3.1', 'MovementName': 'Seated Ham Curl', 'MovementSequence': 5, 'IsSuperSet': False, 'StartDate': datetime.date(2024, 6, 9), 'EndDate': datetime.date(2024, 6, 20), 'WorkoutCode': 5}
2024-10-23 19:10:45,367 - INFO - Inserting data for index 32: {'WorkoutName': 'Chest 3.1', 'MovementName': 'Incline DB Curls', 'MovementSequence': 6, 'IsSuperSet': False, 'StartDate': datetime.date(2024, 6, 9), 'EndDate': datetime.date(2024, 6, 20), 'WorkoutCode': 5}
2024-10-23 19:10:45,367 - INFO - Inserting data for index 33: {'WorkoutName': 'Chest 3.1', 'MovementName': 'Cable Crunch', 'MovementSequence': 7, 'IsSuperSet': False, 'StartDate': datetime.date(2024, 6, 9), 'EndDate': datetime.date(2024, 6, 20), 'WorkoutCode': 5}
2024-10-23 19:10:45,367 - INFO - Inserting data for index 34: {'WorkoutName': 'Chest 3.2', 'MovementName': 'Bench Press', 'MovementSequence': 1, 'IsSuperSet': False, 'StartDate': datetime.date(2024, 6, 21), 'EndDate': datetime.date(1900, 1, 1), 'WorkoutCode': 6}
2024-10-23 19:10:45,367 - INFO - Inserting data for index 35: {'WorkoutName': 'Chest 3.2', 'MovementName': 'DB OHP', 'MovementSequence': 2, 'IsSuperSet': False, 'StartDate': datetime.date(2024, 6, 21), 'EndDate': datetime.date(1900, 1, 1), 'WorkoutCode': 6}
2024-10-23 19:10:45,367 - INFO - Inserting data for index 36: {'WorkoutName': 'Chest 3.2', 'MovementName': ' Seated med delt lat raise ', 'MovementSequence': 3, 'IsSuperSet': True, 'StartDate': datetime.date(2024, 6, 21), 'EndDate': datetime.date(1900, 1, 1), 'WorkoutCode': 6}
2024-10-23 19:10:45,367 - INFO - Inserting data for index 37: {'WorkoutName': 'Chest 3.2', 'MovementName': 'Seated front delt raise', 'MovementSequence': 4, 'IsSuperSet': False, 'StartDate': datetime.date(2024, 6, 21), 'EndDate': datetime.date(1900, 1, 1), 'WorkoutCode': 6}
2024-10-23 19:10:45,368 - INFO - Inserting data for index 38: {'WorkoutName': 'Chest 3.2', 'MovementName': 'Seated Ham Curl', 'MovementSequence': 5, 'IsSuperSet': False, 'StartDate': datetime.date(2024, 6, 21), 'EndDate': datetime.date(1900, 1, 1), 'WorkoutCode': 6}
2024-10-23 19:10:45,368 - INFO - Inserting data for index 39: {'WorkoutName': 'Chest 3.2', 'MovementName': 'Incline DB Curls', 'MovementSequence': 6, 'IsSuperSet': False, 'StartDate': datetime.date(2024, 6, 21), 'EndDate': datetime.date(1900, 1, 1), 'WorkoutCode': 6}
2024-10-23 19:10:45,368 - INFO - Inserting data for index 40: {'WorkoutName': 'Chest 3.2', 'MovementName': 'Cable Crunch', 'MovementSequence': 7, 'IsSuperSet': False, 'StartDate': datetime.date(2024, 6, 21), 'EndDate': datetime.date(1900, 1, 1), 'WorkoutCode': 6}
2024-10-23 19:10:45,368 - INFO - Inserting data for index 41: {'WorkoutName': 'Back 1.1', 'MovementName': 'Neutral Grip Pullup ', 'MovementSequence': 1, 'IsSuperSet': False, 'StartDate': datetime.date(2024, 6, 9), 'EndDate': datetime.date(2024, 7, 24), 'WorkoutCode': 7}
2024-10-23 19:10:45,368 - INFO - Inserting data for index 42: {'WorkoutName': 'Back 1.1', 'MovementName': 'Humble Row', 'MovementSequence': 2, 'IsSuperSet': False, 'StartDate': datetime.date(2024, 6, 9), 'EndDate': datetime.date(2024, 7, 24), 'WorkoutCode': 7}
2024-10-23 19:10:45,368 - INFO - Inserting data for index 43: {'WorkoutName': 'Back 1.1', 'MovementName': 'Leg Press', 'MovementSequence': 3, 'IsSuperSet': False, 'StartDate': datetime.date(2024, 6, 9), 'EndDate': datetime.date(2024, 7, 24), 'WorkoutCode': 7}
2024-10-23 19:10:45,369 - INFO - Inserting data for index 44: {'WorkoutName': 'Back 1.1', 'MovementName': 'Cable Upright Row', 'MovementSequence': 4, 'IsSuperSet': False, 'StartDate': datetime.date(2024, 6, 9), 'EndDate': datetime.date(2024, 7, 24), 'WorkoutCode': 7}
2024-10-23 19:10:45,369 - INFO - Inserting data for index 45: {'WorkoutName': 'Back 1.1', 'MovementName': 'Hammer Curl', 'MovementSequence': 5, 'IsSuperSet': False, 'StartDate': datetime.date(2024, 6, 9), 'EndDate': datetime.date(2024, 7, 24), 'WorkoutCode': 7}
2024-10-23 19:10:45,369 - INFO - Inserting data for index 46: {'WorkoutName': 'Back 1.2', 'MovementName': 'Neutral Grip Pullup ', 'MovementSequence': 1, 'IsSuperSet': False, 'StartDate': datetime.date(2024, 7, 25), 'EndDate': datetime.date(1900, 1, 1), 'WorkoutCode': 8}
2024-10-23 19:10:45,369 - INFO - Inserting data for index 47: {'WorkoutName': 'Back 1.2', 'MovementName': 'T Bar Row', 'MovementSequence': 2, 'IsSuperSet': False, 'StartDate': datetime.date(2024, 7, 25), 'EndDate': datetime.date(1900, 1, 1), 'WorkoutCode': 8}
2024-10-23 19:10:45,369 - INFO - Inserting data for index 48: {'WorkoutName': 'Back 1.2', 'MovementName': 'Leg Press', 'MovementSequence': 3, 'IsSuperSet': False, 'StartDate': datetime.date(2024, 7, 25), 'EndDate': datetime.date(1900, 1, 1), 'WorkoutCode': 8}
2024-10-23 19:10:45,370 - INFO - Inserting data for index 49: {'WorkoutName': 'Back 1.2', 'MovementName': 'Cable Upright Row', 'MovementSequence': 4, 'IsSuperSet': False, 'StartDate': datetime.date(2024, 7, 25), 'EndDate': datetime.date(1900, 1, 1), 'WorkoutCode': 8}
2024-10-23 19:10:45,370 - INFO - Inserting data for index 50: {'WorkoutName': 'Back 1.2', 'MovementName': 'Hammer Curl', 'MovementSequence': 5, 'IsSuperSet': False, 'StartDate': datetime.date(2024, 7, 25), 'EndDate': datetime.date(1900, 1, 1), 'WorkoutCode': 8}
2024-10-23 19:10:45,370 - INFO - Inserting data for index 51: {'WorkoutName': 'Legs 1.1', 'MovementName': 'Squat', 'MovementSequence': 1, 'IsSuperSet': False, 'StartDate': datetime.date(2024, 6, 9), 'EndDate': datetime.date(2024, 6, 19), 'WorkoutCode': 9}
2024-10-23 19:10:45,370 - INFO - Inserting data for index 52: {'WorkoutName': 'Legs 1.1', 'MovementName': 'DB Row', 'MovementSequence': 2, 'IsSuperSet': False, 'StartDate': datetime.date(2024, 6, 9), 'EndDate': datetime.date(2024, 6, 19), 'WorkoutCode': 9}
2024-10-23 19:10:45,370 - INFO - Inserting data for index 53: {'WorkoutName': 'Legs 1.1', 'MovementName': 'Arnold Press', 'MovementSequence': 3, 'IsSuperSet': False, 'StartDate': datetime.date(2024, 6, 9), 'EndDate': datetime.date(2024, 6, 19), 'WorkoutCode': 9}
2024-10-23 19:10:45,370 - INFO - Inserting data for index 54: {'WorkoutName': 'Legs 1.1', 'MovementName': 'Bicep Machine', 'MovementSequence': 4, 'IsSuperSet': False, 'StartDate': datetime.date(2024, 6, 9), 'EndDate': datetime.date(2024, 6, 19), 'WorkoutCode': 9}
2024-10-23 19:10:45,370 - INFO - Inserting data for index 55: {'WorkoutName': 'Legs 1.1', 'MovementName': 'Hanging Leg Raise', 'MovementSequence': 5, 'IsSuperSet': False, 'StartDate': datetime.date(2024, 6, 9), 'EndDate': datetime.date(2024, 6, 19), 'WorkoutCode': 9}
2024-10-23 19:10:45,371 - INFO - Inserting data for index 56: {'WorkoutName': 'Legs 1.2', 'MovementName': 'Squat', 'MovementSequence': 1, 'IsSuperSet': False, 'StartDate': datetime.date(2024, 6, 20), 'EndDate': datetime.date(1900, 1, 1), 'WorkoutCode': 10}
2024-10-23 19:10:45,371 - INFO - Inserting data for index 57: {'WorkoutName': 'Legs 1.2', 'MovementName': 'DB Row', 'MovementSequence': 2, 'IsSuperSet': False, 'StartDate': datetime.date(2024, 6, 20), 'EndDate': datetime.date(1900, 1, 1), 'WorkoutCode': 10}
2024-10-23 19:10:45,371 - INFO - Inserting data for index 58: {'WorkoutName': 'Legs 1.2', 'MovementName': 'Arnold Press', 'MovementSequence': 3, 'IsSuperSet': False, 'StartDate': datetime.date(2024, 6, 20), 'EndDate': datetime.date(1900, 1, 1), 'WorkoutCode': 10}
2024-10-23 19:10:45,371 - INFO - Inserting data for index 59: {'WorkoutName': 'Legs 1.2', 'MovementName': 'Ez-Bar Curl', 'MovementSequence': 4, 'IsSuperSet': False, 'StartDate': datetime.date(2024, 6, 20), 'EndDate': datetime.date(1900, 1, 1), 'WorkoutCode': 10}
2024-10-23 19:10:45,371 - INFO - Inserting data for index 60: {'WorkoutName': 'Legs 1.2', 'MovementName': 'Hanging Leg Raise', 'MovementSequence': 5, 'IsSuperSet': False, 'StartDate': datetime.date(2024, 6, 20), 'EndDate': datetime.date(1900, 1, 1), 'WorkoutCode': 10}
2024-10-23 19:10:45,371 - INFO - Inserting data for index 61: {'WorkoutName': 'Placeholder - Chest 1.2', 'MovementName': 'Placeholder - Chest 1.2', 'MovementSequence': 999, 'IsSuperSet': False, 'StartDate': datetime.date(1900, 1, 1), 'EndDate': datetime.date(1900, 1, 1), 'WorkoutCode': 2}
2024-10-23 19:10:45,372 - INFO - Inserting data for index 62: {'WorkoutName': 'Placeholder - Chest 2.1', 'MovementName': 'Placeholder - Chest 2.1', 'MovementSequence': 999, 'IsSuperSet': False, 'StartDate': datetime.date(1900, 1, 1), 'EndDate': datetime.date(1900, 1, 1), 'WorkoutCode': 3}
2024-10-23 19:10:45,372 - INFO - Inserting data for index 63: {'WorkoutName': 'Placeholder - Chest 2.2', 'MovementName': 'Placeholder - Chest 2.2', 'MovementSequence': 999, 'IsSuperSet': False, 'StartDate': datetime.date(1900, 1, 1), 'EndDate': datetime.date(1900, 1, 1), 'WorkoutCode': 4}
2024-10-23 19:10:45,372 - INFO - Inserting data for index 64: {'WorkoutName': 'Placeholder - Chest 3.1', 'MovementName': 'Placeholder - Chest 3.1', 'MovementSequence': 999, 'IsSuperSet': False, 'StartDate': datetime.date(1900, 1, 1), 'EndDate': datetime.date(1900, 1, 1), 'WorkoutCode': 5}
2024-10-23 19:10:45,372 - INFO - Inserting data for index 65: {'WorkoutName': 'Placeholder - Chest 3.2', 'MovementName': 'Placeholder - Chest 3.2', 'MovementSequence': 999, 'IsSuperSet': False, 'StartDate': datetime.date(1900, 1, 1), 'EndDate': datetime.date(1900, 1, 1), 'WorkoutCode': 6}
2024-10-23 19:10:45,372 - INFO - Inserting data for index 66: {'WorkoutName': 'Placeholder - Back 1.1', 'MovementName': 'Placeholder - Back 1.1', 'MovementSequence': 999, 'IsSuperSet': False, 'StartDate': datetime.date(1900, 1, 1), 'EndDate': datetime.date(1900, 1, 1), 'WorkoutCode': 7}
2024-10-23 19:10:45,373 - INFO - Inserting data for index 67: {'WorkoutName': 'Placeholder - Back 1.2', 'MovementName': 'Placeholder - Back 1.2', 'MovementSequence': 999, 'IsSuperSet': False, 'StartDate': datetime.date(1900, 1, 1), 'EndDate': datetime.date(1900, 1, 1), 'WorkoutCode': 8}
2024-10-23 19:10:45,373 - INFO - Inserting data for index 68: {'WorkoutName': 'Placeholder - Legs 1.1', 'MovementName': 'Placeholder - Legs 1.1', 'MovementSequence': 999, 'IsSuperSet': False, 'StartDate': datetime.date(1900, 1, 1), 'EndDate': datetime.date(1900, 1, 1), 'WorkoutCode': 9}
2024-10-23 19:10:45,373 - INFO - Inserting data for index 69: {'WorkoutName': 'Placeholder - Legs 1.2', 'MovementName': 'Placeholder - Legs 1.2', 'MovementSequence': 999, 'IsSuperSet': False, 'StartDate': datetime.date(1900, 1, 1), 'EndDate': datetime.date(1900, 1, 1), 'WorkoutCode': 10}
2024-10-23 19:10:45,373 - INFO - Inserting data for index 70: {'WorkoutName': 'Off Day', 'MovementName': 'Off Day', 'MovementSequence': 0, 'IsSuperSet': False, 'StartDate': datetime.date(1900, 1, 1), 'EndDate': datetime.date(1900, 1, 1), 'WorkoutCode': 11}
2024-10-23 19:12:35,659 - INFO - Database connection established successfully.
2024-10-23 19:12:36,277 - INFO - Inserting data for index 0: {'WorkoutName': 'Placeholder - Chest 1.1', 'MovementName': 'Placeholder', 'MovementSequence': 999, 'IsSuperSet': False, 'StartDate': datetime.date(1900, 1, 1), 'EndDate': datetime.date(1900, 1, 1), 'WorkoutCode': 1}
2024-10-23 19:12:36,277 - INFO - Inserting data for index 1: {'WorkoutName': 'Chest 1.1', 'MovementName': 'Bench Press', 'MovementSequence': 1, 'IsSuperSet': False, 'StartDate': datetime.date(2024, 6, 9), 'EndDate': datetime.date(2024, 7, 15), 'WorkoutCode': 1}
2024-10-23 19:12:36,277 - INFO - Inserting data for index 2: {'WorkoutName': 'Chest 1.1', 'MovementName': 'Pec dec', 'MovementSequence': 2, 'IsSuperSet': False, 'StartDate': datetime.date(2024, 6, 9), 'EndDate': datetime.date(2024, 7, 15), 'WorkoutCode': 1}
2024-10-23 19:12:36,277 - INFO - Inserting data for index 3: {'WorkoutName': 'Chest 1.1', 'MovementName': 'DB RDLs', 'MovementSequence': 3, 'IsSuperSet': False, 'StartDate': datetime.date(2024, 6, 9), 'EndDate': datetime.date(2024, 7, 15), 'WorkoutCode': 1}
2024-10-23 19:12:36,277 - INFO - Inserting data for index 4: {'WorkoutName': 'Chest 1.1', 'MovementName': 'Lat Pulldowns', 'MovementSequence': 4, 'IsSuperSet': False, 'StartDate': datetime.date(2024, 6, 9), 'EndDate': datetime.date(2024, 7, 15), 'WorkoutCode': 1}
2024-10-23 19:12:36,278 - INFO - Inserting data for index 5: {'WorkoutName': 'Chest 1.1', 'MovementName': 'Tricep Pushdown Cable', 'MovementSequence': 5, 'IsSuperSet': False, 'StartDate': datetime.date(2024, 6, 9), 'EndDate': datetime.date(2024, 7, 15), 'WorkoutCode': 1}
2024-10-23 19:12:36,278 - INFO - Inserting data for index 6: {'WorkoutName': 'Chest 1.1', 'MovementName': 'Barbell Shrugs', 'MovementSequence': 6, 'IsSuperSet': False, 'StartDate': datetime.date(2024, 6, 9), 'EndDate': datetime.date(2024, 7, 15), 'WorkoutCode': 1}
2024-10-23 19:12:36,278 - INFO - Inserting data for index 7: {'WorkoutName': 'Chest 1.2', 'MovementName': 'Bench Press', 'MovementSequence': 1, 'IsSuperSet': False, 'StartDate': datetime.date(2024, 7, 22), 'EndDate': datetime.date(1900, 1, 1), 'WorkoutCode': 2}
2024-10-23 19:12:36,278 - INFO - Inserting data for index 8: {'WorkoutName': 'Chest 1.2', 'MovementName': 'Pec dec', 'MovementSequence': 2, 'IsSuperSet': False, 'StartDate': datetime.date(2024, 7, 22), 'EndDate': datetime.date(1900, 1, 1), 'WorkoutCode': 2}
2024-10-23 19:12:36,278 - INFO - Inserting data for index 9: {'WorkoutName': 'Chest 1.2', 'MovementName': 'DB RDLs', 'MovementSequence': 3, 'IsSuperSet': False, 'StartDate': datetime.date(2024, 7, 22), 'EndDate': datetime.date(1900, 1, 1), 'WorkoutCode': 2}
2024-10-23 19:12:36,278 - INFO - Inserting data for index 10: {'WorkoutName': 'Chest 1.2', 'MovementName': 'Lat Pulldowns', 'MovementSequence': 4, 'IsSuperSet': False, 'StartDate': datetime.date(2024, 7, 22), 'EndDate': datetime.date(1900, 1, 1), 'WorkoutCode': 2}
2024-10-23 19:12:36,279 - INFO - Inserting data for index 11: {'WorkoutName': 'Chest 1.2', 'MovementName': 'Tricep Pushdown Cable', 'MovementSequence': 5, 'IsSuperSet': False, 'StartDate': datetime.date(2024, 7, 22), 'EndDate': datetime.date(1900, 1, 1), 'WorkoutCode': 2}
2024-10-23 19:12:36,279 - INFO - Inserting data for index 12: {'WorkoutName': 'Chest 1.2', 'MovementName': 'DB Shrugs', 'MovementSequence': 6, 'IsSuperSet': False, 'StartDate': datetime.date(2024, 7, 22), 'EndDate': datetime.date(1900, 1, 1), 'WorkoutCode': 2}
2024-10-23 19:12:36,279 - INFO - Inserting data for index 13: {'WorkoutName': 'Chest 2.1', 'MovementName': 'Bench Press', 'MovementSequence': 1, 'IsSuperSet': False, 'StartDate': datetime.date(2024, 6, 9), 'EndDate': datetime.date(1900, 1, 1), 'WorkoutCode': 3}
2024-10-23 19:12:36,279 - INFO - Inserting data for index 14: {'WorkoutName': 'Chest 2.1', 'MovementName': 'Low to High Cable Flies', 'MovementSequence': 2, 'IsSuperSet': False, 'StartDate': datetime.date(2024, 6, 9), 'EndDate': datetime.date(2024, 8, 15), 'WorkoutCode': 3}
2024-10-23 19:12:36,279 - INFO - Inserting data for index 15: {'WorkoutName': 'Chest 2.1', 'MovementName': 'Leg Extension ', 'MovementSequence': 3, 'IsSuperSet': False, 'StartDate': datetime.date(2024, 6, 9), 'EndDate': datetime.date(2024, 8, 15), 'WorkoutCode': 3}
2024-10-23 19:12:36,279 - INFO - Inserting data for index 16: {'WorkoutName': 'Chest 2.1', 'MovementName': 'Close grip lat rows', 'MovementSequence': 4, 'IsSuperSet': False, 'StartDate': datetime.date(2024, 6, 9), 'EndDate': datetime.date(2024, 8, 15), 'WorkoutCode': 3}
2024-10-23 19:12:36,279 - INFO - Inserting data for index 17: {'WorkoutName': 'Chest 2.1', 'MovementName': 'Face pull', 'MovementSequence': 5, 'IsSuperSet': True, 'StartDate': datetime.date(2024, 6, 9), 'EndDate': datetime.date(2024, 8, 15), 'WorkoutCode': 3}
2024-10-23 19:12:36,280 - INFO - Inserting data for index 18: {'WorkoutName': 'Chest 2.1', 'MovementName': 'overhead tricep extension', 'MovementSequence': 6, 'IsSuperSet': True, 'StartDate': datetime.date(2024, 6, 9), 'EndDate': datetime.date(2024, 8, 15), 'WorkoutCode': 3}
2024-10-23 19:12:36,280 - INFO - Inserting data for index 19: {'WorkoutName': 'Chest 2.1', 'MovementName': 'egyptian lateral raise', 'MovementSequence': 7, 'IsSuperSet': False, 'StartDate': datetime.date(2024, 6, 9), 'EndDate': datetime.date(2024, 8, 15), 'WorkoutCode': 3}
2024-10-23 19:12:36,280 - INFO - Inserting data for index 20: {'WorkoutName': 'Chest 2.2', 'MovementName': 'Bench Press', 'MovementSequence': 1, 'IsSuperSet': False, 'StartDate': datetime.date(2024, 8, 16), 'EndDate': datetime.date(1900, 1, 1), 'WorkoutCode': 4}
2024-10-23 19:12:36,280 - INFO - Inserting data for index 21: {'WorkoutName': 'Chest 2.2', 'MovementName': 'Low to High Cable Flies', 'MovementSequence': 2, 'IsSuperSet': False, 'StartDate': datetime.date(2024, 8, 16), 'EndDate': datetime.date(1900, 1, 1), 'WorkoutCode': 4}
2024-10-23 19:12:36,280 - INFO - Inserting data for index 22: {'WorkoutName': 'Chest 2.2', 'MovementName': 'Leg Extension ', 'MovementSequence': 3, 'IsSuperSet': False, 'StartDate': datetime.date(2024, 8, 16), 'EndDate': datetime.date(1900, 1, 1), 'WorkoutCode': 4}
2024-10-23 19:12:36,280 - INFO - Inserting data for index 23: {'WorkoutName': 'Chest 2.2', 'MovementName': 'Close grip lat rows', 'MovementSequence': 4, 'IsSuperSet': False, 'StartDate': datetime.date(2024, 8, 16), 'EndDate': datetime.date(1900, 1, 1), 'WorkoutCode': 4}
2024-10-23 19:12:36,280 - INFO - Inserting data for index 24: {'WorkoutName': 'Chest 2.2', 'MovementName': 'Face pull', 'MovementSequence': 5, 'IsSuperSet': False, 'StartDate': datetime.date(2024, 8, 16), 'EndDate': datetime.date(1900, 1, 1), 'WorkoutCode': 4}
2024-10-23 19:12:36,281 - INFO - Inserting data for index 25: {'WorkoutName': 'Chest 2.2', 'MovementName': 'Tricep Rope Pushdown', 'MovementSequence': 6, 'IsSuperSet': False, 'StartDate': datetime.date(2024, 8, 16), 'EndDate': datetime.date(1900, 1, 1), 'WorkoutCode': 4}
2024-10-23 19:12:36,281 - INFO - Inserting data for index 26: {'WorkoutName': 'Chest 2.2', 'MovementName': 'egyptian lateral raise', 'MovementSequence': 7, 'IsSuperSet': False, 'StartDate': datetime.date(2024, 8, 16), 'EndDate': datetime.date(1900, 1, 1), 'WorkoutCode': 4}
2024-10-23 19:12:36,281 - INFO - Inserting data for index 27: {'WorkoutName': 'Chest 3.1', 'MovementName': 'Bench Press', 'MovementSequence': 1, 'IsSuperSet': False, 'StartDate': datetime.date(2024, 6, 9), 'EndDate': datetime.date(2024, 6, 20), 'WorkoutCode': 5}
2024-10-23 19:12:36,281 - INFO - Inserting data for index 28: {'WorkoutName': 'Chest 3.1', 'MovementName': 'DB OHP', 'MovementSequence': 2, 'IsSuperSet': False, 'StartDate': datetime.date(2024, 6, 9), 'EndDate': datetime.date(2024, 6, 20), 'WorkoutCode': 5}
2024-10-23 19:12:36,281 - INFO - Inserting data for index 29: {'WorkoutName': 'Chest 3.1', 'MovementName': 'DB Lat Raise', 'MovementSequence': 3, 'IsSuperSet': False, 'StartDate': datetime.date(2024, 6, 9), 'EndDate': datetime.date(2024, 6, 20), 'WorkoutCode': 5}
2024-10-23 19:12:36,281 - INFO - Inserting data for index 30: {'WorkoutName': 'Chest 3.1', 'MovementName': 'Seated Cable Row', 'MovementSequence': 4, 'IsSuperSet': False, 'StartDate': datetime.date(2024, 6, 9), 'EndDate': datetime.date(2024, 6, 20), 'WorkoutCode': 5}
2024-10-23 19:12:36,281 - INFO - Inserting data for index 31: {'WorkoutName': 'Chest 3.1', 'MovementName': 'Seated Ham Curl', 'MovementSequence': 5, 'IsSuperSet': False, 'StartDate': datetime.date(2024, 6, 9), 'EndDate': datetime.date(2024, 6, 20), 'WorkoutCode': 5}
2024-10-23 19:12:36,282 - INFO - Inserting data for index 32: {'WorkoutName': 'Chest 3.1', 'MovementName': 'Incline DB Curls', 'MovementSequence': 6, 'IsSuperSet': False, 'StartDate': datetime.date(2024, 6, 9), 'EndDate': datetime.date(2024, 6, 20), 'WorkoutCode': 5}
2024-10-23 19:12:36,282 - INFO - Inserting data for index 33: {'WorkoutName': 'Chest 3.1', 'MovementName': 'Cable Crunch', 'MovementSequence': 7, 'IsSuperSet': False, 'StartDate': datetime.date(2024, 6, 9), 'EndDate': datetime.date(2024, 6, 20), 'WorkoutCode': 5}
2024-10-23 19:12:36,282 - INFO - Inserting data for index 34: {'WorkoutName': 'Chest 3.2', 'MovementName': 'Bench Press', 'MovementSequence': 1, 'IsSuperSet': False, 'StartDate': datetime.date(2024, 6, 21), 'EndDate': datetime.date(1900, 1, 1), 'WorkoutCode': 6}
2024-10-23 19:12:36,282 - INFO - Inserting data for index 35: {'WorkoutName': 'Chest 3.2', 'MovementName': 'DB OHP', 'MovementSequence': 2, 'IsSuperSet': False, 'StartDate': datetime.date(2024, 6, 21), 'EndDate': datetime.date(1900, 1, 1), 'WorkoutCode': 6}
2024-10-23 19:12:36,282 - INFO - Inserting data for index 36: {'WorkoutName': 'Chest 3.2', 'MovementName': ' Seated med delt lat raise ', 'MovementSequence': 3, 'IsSuperSet': True, 'StartDate': datetime.date(2024, 6, 21), 'EndDate': datetime.date(1900, 1, 1), 'WorkoutCode': 6}
2024-10-23 19:12:36,283 - INFO - Inserting data for index 37: {'WorkoutName': 'Chest 3.2', 'MovementName': 'Seated front delt raise', 'MovementSequence': 4, 'IsSuperSet': False, 'StartDate': datetime.date(2024, 6, 21), 'EndDate': datetime.date(1900, 1, 1), 'WorkoutCode': 6}
2024-10-23 19:12:36,283 - INFO - Inserting data for index 38: {'WorkoutName': 'Chest 3.2', 'MovementName': 'Seated Ham Curl', 'MovementSequence': 5, 'IsSuperSet': False, 'StartDate': datetime.date(2024, 6, 21), 'EndDate': datetime.date(1900, 1, 1), 'WorkoutCode': 6}
2024-10-23 19:12:36,283 - INFO - Inserting data for index 39: {'WorkoutName': 'Chest 3.2', 'MovementName': 'Incline DB Curls', 'MovementSequence': 6, 'IsSuperSet': False, 'StartDate': datetime.date(2024, 6, 21), 'EndDate': datetime.date(1900, 1, 1), 'WorkoutCode': 6}
2024-10-23 19:12:36,283 - INFO - Inserting data for index 40: {'WorkoutName': 'Chest 3.2', 'MovementName': 'Cable Crunch', 'MovementSequence': 7, 'IsSuperSet': False, 'StartDate': datetime.date(2024, 6, 21), 'EndDate': datetime.date(1900, 1, 1), 'WorkoutCode': 6}
2024-10-23 19:12:36,283 - INFO - Inserting data for index 41: {'WorkoutName': 'Back 1.1', 'MovementName': 'Neutral Grip Pullup ', 'MovementSequence': 1, 'IsSuperSet': False, 'StartDate': datetime.date(2024, 6, 9), 'EndDate': datetime.date(2024, 7, 24), 'WorkoutCode': 7}
2024-10-23 19:12:36,283 - INFO - Inserting data for index 42: {'WorkoutName': 'Back 1.1', 'MovementName': 'Humble Row', 'MovementSequence': 2, 'IsSuperSet': False, 'StartDate': datetime.date(2024, 6, 9), 'EndDate': datetime.date(2024, 7, 24), 'WorkoutCode': 7}
2024-10-23 19:12:36,283 - INFO - Inserting data for index 43: {'WorkoutName': 'Back 1.1', 'MovementName': 'Leg Press', 'MovementSequence': 3, 'IsSuperSet': False, 'StartDate': datetime.date(2024, 6, 9), 'EndDate': datetime.date(2024, 7, 24), 'WorkoutCode': 7}
2024-10-23 19:12:36,284 - INFO - Inserting data for index 44: {'WorkoutName': 'Back 1.1', 'MovementName': 'Cable Upright Row', 'MovementSequence': 4, 'IsSuperSet': False, 'StartDate': datetime.date(2024, 6, 9), 'EndDate': datetime.date(2024, 7, 24), 'WorkoutCode': 7}
2024-10-23 19:12:36,284 - INFO - Inserting data for index 45: {'WorkoutName': 'Back 1.1', 'MovementName': 'Hammer Curl', 'MovementSequence': 5, 'IsSuperSet': False, 'StartDate': datetime.date(2024, 6, 9), 'EndDate': datetime.date(2024, 7, 24), 'WorkoutCode': 7}
2024-10-23 19:12:36,284 - INFO - Inserting data for index 46: {'WorkoutName': 'Back 1.2', 'MovementName': 'Neutral Grip Pullup ', 'MovementSequence': 1, 'IsSuperSet': False, 'StartDate': datetime.date(2024, 7, 25), 'EndDate': datetime.date(1900, 1, 1), 'WorkoutCode': 8}
2024-10-23 19:12:36,284 - INFO - Inserting data for index 47: {'WorkoutName': 'Back 1.2', 'MovementName': 'T Bar Row', 'MovementSequence': 2, 'IsSuperSet': False, 'StartDate': datetime.date(2024, 7, 25), 'EndDate': datetime.date(1900, 1, 1), 'WorkoutCode': 8}
2024-10-23 19:12:36,284 - INFO - Inserting data for index 48: {'WorkoutName': 'Back 1.2', 'MovementName': 'Leg Press', 'MovementSequence': 3, 'IsSuperSet': False, 'StartDate': datetime.date(2024, 7, 25), 'EndDate': datetime.date(1900, 1, 1), 'WorkoutCode': 8}
2024-10-23 19:12:36,284 - INFO - Inserting data for index 49: {'WorkoutName': 'Back 1.2', 'MovementName': 'Cable Upright Row', 'MovementSequence': 4, 'IsSuperSet': False, 'StartDate': datetime.date(2024, 7, 25), 'EndDate': datetime.date(1900, 1, 1), 'WorkoutCode': 8}
2024-10-23 19:12:36,284 - INFO - Inserting data for index 50: {'WorkoutName': 'Back 1.2', 'MovementName': 'Hammer Curl', 'MovementSequence': 5, 'IsSuperSet': False, 'StartDate': datetime.date(2024, 7, 25), 'EndDate': datetime.date(1900, 1, 1), 'WorkoutCode': 8}
2024-10-23 19:12:36,285 - INFO - Inserting data for index 51: {'WorkoutName': 'Legs 1.1', 'MovementName': 'Squat', 'MovementSequence': 1, 'IsSuperSet': False, 'StartDate': datetime.date(2024, 6, 9), 'EndDate': datetime.date(2024, 6, 19), 'WorkoutCode': 9}
2024-10-23 19:12:36,285 - INFO - Inserting data for index 52: {'WorkoutName': 'Legs 1.1', 'MovementName': 'DB Row', 'MovementSequence': 2, 'IsSuperSet': False, 'StartDate': datetime.date(2024, 6, 9), 'EndDate': datetime.date(2024, 6, 19), 'WorkoutCode': 9}
2024-10-23 19:12:36,285 - INFO - Inserting data for index 53: {'WorkoutName': 'Legs 1.1', 'MovementName': 'Arnold Press', 'MovementSequence': 3, 'IsSuperSet': False, 'StartDate': datetime.date(2024, 6, 9), 'EndDate': datetime.date(2024, 6, 19), 'WorkoutCode': 9}
2024-10-23 19:12:36,285 - INFO - Inserting data for index 54: {'WorkoutName': 'Legs 1.1', 'MovementName': 'Bicep Machine', 'MovementSequence': 4, 'IsSuperSet': False, 'StartDate': datetime.date(2024, 6, 9), 'EndDate': datetime.date(2024, 6, 19), 'WorkoutCode': 9}
2024-10-23 19:12:36,285 - INFO - Inserting data for index 55: {'WorkoutName': 'Legs 1.1', 'MovementName': 'Hanging Leg Raise', 'MovementSequence': 5, 'IsSuperSet': False, 'StartDate': datetime.date(2024, 6, 9), 'EndDate': datetime.date(2024, 6, 19), 'WorkoutCode': 9}
2024-10-23 19:12:36,285 - INFO - Inserting data for index 56: {'WorkoutName': 'Legs 1.2', 'MovementName': 'Squat', 'MovementSequence': 1, 'IsSuperSet': False, 'StartDate': datetime.date(2024, 6, 20), 'EndDate': datetime.date(1900, 1, 1), 'WorkoutCode': 10}
2024-10-23 19:12:36,286 - INFO - Inserting data for index 57: {'WorkoutName': 'Legs 1.2', 'MovementName': 'DB Row', 'MovementSequence': 2, 'IsSuperSet': False, 'StartDate': datetime.date(2024, 6, 20), 'EndDate': datetime.date(1900, 1, 1), 'WorkoutCode': 10}
2024-10-23 19:12:36,286 - INFO - Inserting data for index 58: {'WorkoutName': 'Legs 1.2', 'MovementName': 'Arnold Press', 'MovementSequence': 3, 'IsSuperSet': False, 'StartDate': datetime.date(2024, 6, 20), 'EndDate': datetime.date(1900, 1, 1), 'WorkoutCode': 10}
2024-10-23 19:12:36,286 - INFO - Inserting data for index 59: {'WorkoutName': 'Legs 1.2', 'MovementName': 'Ez-Bar Curl', 'MovementSequence': 4, 'IsSuperSet': False, 'StartDate': datetime.date(2024, 6, 20), 'EndDate': datetime.date(1900, 1, 1), 'WorkoutCode': 10}
2024-10-23 19:12:36,286 - INFO - Inserting data for index 60: {'WorkoutName': 'Legs 1.2', 'MovementName': 'Hanging Leg Raise', 'MovementSequence': 5, 'IsSuperSet': False, 'StartDate': datetime.date(2024, 6, 20), 'EndDate': datetime.date(1900, 1, 1), 'WorkoutCode': 10}
2024-10-23 19:12:36,286 - INFO - Inserting data for index 61: {'WorkoutName': 'Placeholder - Chest 1.2', 'MovementName': 'Placeholder - Chest 1.2', 'MovementSequence': 999, 'IsSuperSet': False, 'StartDate': datetime.date(1900, 1, 1), 'EndDate': datetime.date(1900, 1, 1), 'WorkoutCode': 2}
2024-10-23 19:12:36,286 - INFO - Inserting data for index 62: {'WorkoutName': 'Placeholder - Chest 2.1', 'MovementName': 'Placeholder - Chest 2.1', 'MovementSequence': 999, 'IsSuperSet': False, 'StartDate': datetime.date(1900, 1, 1), 'EndDate': datetime.date(1900, 1, 1), 'WorkoutCode': 3}
2024-10-23 19:12:36,286 - INFO - Inserting data for index 63: {'WorkoutName': 'Placeholder - Chest 2.2', 'MovementName': 'Placeholder - Chest 2.2', 'MovementSequence': 999, 'IsSuperSet': False, 'StartDate': datetime.date(1900, 1, 1), 'EndDate': datetime.date(1900, 1, 1), 'WorkoutCode': 4}
2024-10-23 19:12:36,287 - INFO - Inserting data for index 64: {'WorkoutName': 'Placeholder - Chest 3.1', 'MovementName': 'Placeholder - Chest 3.1', 'MovementSequence': 999, 'IsSuperSet': False, 'StartDate': datetime.date(1900, 1, 1), 'EndDate': datetime.date(1900, 1, 1), 'WorkoutCode': 5}
2024-10-23 19:12:36,287 - INFO - Inserting data for index 65: {'WorkoutName': 'Placeholder - Chest 3.2', 'MovementName': 'Placeholder - Chest 3.2', 'MovementSequence': 999, 'IsSuperSet': False, 'StartDate': datetime.date(1900, 1, 1), 'EndDate': datetime.date(1900, 1, 1), 'WorkoutCode': 6}
2024-10-23 19:12:36,287 - INFO - Inserting data for index 66: {'WorkoutName': 'Placeholder - Back 1.1', 'MovementName': 'Placeholder - Back 1.1', 'MovementSequence': 999, 'IsSuperSet': False, 'StartDate': datetime.date(1900, 1, 1), 'EndDate': datetime.date(1900, 1, 1), 'WorkoutCode': 7}
2024-10-23 19:12:36,287 - INFO - Inserting data for index 67: {'WorkoutName': 'Placeholder - Back 1.2', 'MovementName': 'Placeholder - Back 1.2', 'MovementSequence': 999, 'IsSuperSet': False, 'StartDate': datetime.date(1900, 1, 1), 'EndDate': datetime.date(1900, 1, 1), 'WorkoutCode': 8}
2024-10-23 19:12:36,287 - INFO - Inserting data for index 68: {'WorkoutName': 'Placeholder - Legs 1.1', 'MovementName': 'Placeholder - Legs 1.1', 'MovementSequence': 999, 'IsSuperSet': False, 'StartDate': datetime.date(1900, 1, 1), 'EndDate': datetime.date(1900, 1, 1), 'WorkoutCode': 9}
2024-10-23 19:12:36,287 - INFO - Inserting data for index 69: {'WorkoutName': 'Placeholder - Legs 1.2', 'MovementName': 'Placeholder - Legs 1.2', 'MovementSequence': 999, 'IsSuperSet': False, 'StartDate': datetime.date(1900, 1, 1), 'EndDate': datetime.date(1900, 1, 1), 'WorkoutCode': 10}
2024-10-23 19:12:36,287 - INFO - Inserting data for index 70: {'WorkoutName': 'Off Day', 'MovementName': 'Off Day', 'MovementSequence': 0, 'IsSuperSet': False, 'StartDate': datetime.date(1900, 1, 1), 'EndDate': datetime.date(1900, 1, 1), 'WorkoutCode': 11}
2024-10-23 19:14:17,319 - INFO - Database connection established successfully.
2024-10-23 19:14:17,908 - INFO - Inserting data for index 0: {'WorkoutName': 'Placeholder - Chest 1.1', 'MovementName': 'Placeholder', 'MovementSequence': 999, 'IsSuperSet': False, 'StartDate': datetime.date(1900, 1, 1), 'EndDate': datetime.date(1900, 1, 1), 'WorkoutCode': 1}
2024-10-23 19:14:17,970 - ERROR - Error during transaction: (psycopg.errors.SyntaxError) unterminated quoted string at or near "'MovementName,
                                "MovementSequence" = $2,
                                "IsSuperSet" = $3,
                                "StartDate" = $4,
                                "EndDate" = $5,
                                WHERE "WorkoutCode" = $6
            "
LINE 3:                                 "MovementName" = 'MovementNa...
                                                         ^
[SQL: UPDATE lift."DimWorkouts"
                                SET "WorkoutName" = %(WorkoutName)s,
                                "MovementName" = 'MovementName,
                                "MovementSequence" = %(MovementSequence)s,
                                "IsSuperSet" = %(IsSuperSet)s,
                                "StartDate" = %(StartDate)s,
                                "EndDate" = %(EndDate)s,
                                WHERE "WorkoutCode" = %(WorkoutCode)s
            ]
[parameters: {'WorkoutName': 'Placeholder - Chest 1.1', 'MovementSequence': 999, 'IsSuperSet': False, 'StartDate': datetime.date(1900, 1, 1), 'EndDate': datetime.date(1900, 1, 1), 'WorkoutCode': 1}]
(Background on this error at: https://sqlalche.me/e/20/f405)
2024-10-23 19:15:07,323 - INFO - Database connection established successfully.
2024-10-23 19:15:07,920 - INFO - Inserting data for index 0: {'WorkoutName': 'Placeholder - Chest 1.1', 'MovementName': 'Placeholder', 'MovementSequence': 999, 'IsSuperSet': False, 'StartDate': datetime.date(1900, 1, 1), 'EndDate': datetime.date(1900, 1, 1), 'WorkoutCode': 1}
2024-10-23 19:15:07,973 - ERROR - Error during transaction: (psycopg.errors.SyntaxError) syntax error at or near "WHERE"
LINE 8:                                 WHERE "WorkoutCode" = $7
                                        ^
[SQL: UPDATE lift."DimWorkouts"
                                SET "WorkoutName" = %(WorkoutName)s,
                                "MovementName" = %(MovementName)s,
                                "MovementSequence" = %(MovementSequence)s,
                                "IsSuperSet" = %(IsSuperSet)s,
                                "StartDate" = %(StartDate)s,
                                "EndDate" = %(EndDate)s,
                                WHERE "WorkoutCode" = %(WorkoutCode)s
            ]
[parameters: {'WorkoutName': 'Placeholder - Chest 1.1', 'MovementName': 'Placeholder', 'MovementSequence': 999, 'IsSuperSet': False, 'StartDate': datetime.date(1900, 1, 1), 'EndDate': datetime.date(1900, 1, 1), 'WorkoutCode': 1}]
(Background on this error at: https://sqlalche.me/e/20/f405)
2024-10-23 19:15:56,829 - INFO - Database connection established successfully.
2024-10-23 19:15:57,417 - INFO - Inserting data for index 0: {'WorkoutName': 'Placeholder - Chest 1.1', 'MovementName': 'Placeholder', 'MovementSequence': 999, 'IsSuperSet': False, 'StartDate': datetime.date(1900, 1, 1), 'EndDate': datetime.date(1900, 1, 1), 'WorkoutCode': 1}
2024-10-23 19:15:57,473 - ERROR - Error during transaction: (psycopg.errors.UndefinedColumn) column "MovementName" of relation "DimWorkouts" does not exist
LINE 3:                                 "MovementName" = $2,
                                        ^
[SQL: UPDATE lift."DimWorkouts"
                                SET "WorkoutName" = %(WorkoutName)s,
                                "MovementName" = %(MovementName)s,
                                "MovementSequence" = %(MovementSequence)s,
                                "IsSuperSet" = %(IsSuperSet)s,
                                "StartDate" = %(StartDate)s,
                                "EndDate" = %(EndDate)s
                                WHERE "WorkoutCode" = %(WorkoutCode)s
            ]
[parameters: {'WorkoutName': 'Placeholder - Chest 1.1', 'MovementName': 'Placeholder', 'MovementSequence': 999, 'IsSuperSet': False, 'StartDate': datetime.date(1900, 1, 1), 'EndDate': datetime.date(1900, 1, 1), 'WorkoutCode': 1}]
(Background on this error at: https://sqlalche.me/e/20/f405)
